[0.155s] Invoking command in '/ws/src/build/ti_mmwave_ros2_interfaces': CMAKE_PREFIX_PATH=${CMAKE_PREFIX_PATH}:/opt/ros/galactic /usr/local/bin/cmake /ws/src/mmwave_ti_ros/ti_mmwave_ros2_interfaces -DCMAKE_INSTALL_PREFIX=/ws/src/install/ti_mmwave_ros2_interfaces
[0.340s] -- Found ament_cmake: 1.1.6 (/opt/ros/galactic/install/share/ament_cmake/cmake)
[0.356s] [33mCMake Warning (dev) at /opt/ros/galactic/install/share/ament_cmake_core/cmake/core/python.cmake:22 (find_package):
[0.356s]   Policy CMP0148 is not set: The FindPythonInterp and FindPythonLibs modules
[0.357s]   are removed.  Run "cmake --help-policy CMP0148" for policy details.  Use
[0.357s]   the cmake_policy command to set the policy and suppress this warning.
[0.357s] 
[0.357s] Call Stack (most recent call first):
[0.357s]   /opt/ros/galactic/install/share/ament_cmake_core/cmake/core/all.cmake:53 (include)
[0.357s]   /opt/ros/galactic/install/share/ament_cmake_core/cmake/ament_cmake_core-extras.cmake:17 (include)
[0.358s]   /opt/ros/galactic/install/share/ament_cmake_core/cmake/ament_cmake_coreConfig.cmake:41 (include)
[0.360s]   /opt/ros/galactic/install/share/ament_cmake/cmake/ament_cmake_export_dependencies-extras.cmake:15 (find_package)
[0.361s]   /opt/ros/galactic/install/share/ament_cmake/cmake/ament_cmakeConfig.cmake:41 (include)
[0.361s]   CMakeLists.txt:19 (find_package)
[0.361s] This warning is for project developers.  Use -Wno-dev to suppress it.
[0.361s] [0m
[0.431s] -- Found PythonInterp: /usr/bin/python3 (found suitable version "3.8.10", minimum required is "3") 
[0.432s] -- Using PYTHON_EXECUTABLE: /usr/bin/python3
[0.649s] -- Override CMake install command with custom implementation using symlinks instead of copying resources
[0.710s] -- Found rosidl_default_generators: 1.1.1 (/opt/ros/galactic/install/share/rosidl_default_generators/cmake)
[0.731s] -- Using all available rosidl_typesupport_c: rosidl_typesupport_introspection_c;rosidl_typesupport_fastrtps_c
[0.759s] -- Found rosidl_adapter: 2.2.3 (/opt/ros/galactic/install/share/rosidl_adapter/cmake)
[1.529s] -- Using all available rosidl_typesupport_cpp: rosidl_typesupport_introspection_cpp;rosidl_typesupport_fastrtps_cpp
[1.629s] -- Found std_msgs: 2.2.4 (/opt/ros/galactic/install/share/std_msgs/cmake)
[1.736s] -- Found ament_lint_auto: 0.10.7 (/opt/ros/galactic/install/share/ament_lint_auto/cmake)
[1.992s] [33mCMake Warning (dev) at /opt/ros/galactic/install/share/rosidl_adapter/cmake/rosidl_adapt_interfaces.cmake:40 (find_package):
[1.992s]   Policy CMP0148 is not set: The FindPythonInterp and FindPythonLibs modules
[1.993s]   are removed.  Run "cmake --help-policy CMP0148" for policy details.  Use
[1.993s]   the cmake_policy command to set the policy and suppress this warning.
[1.993s] 
[1.993s] Call Stack (most recent call first):
[1.994s]   /opt/ros/galactic/install/share/rosidl_cmake/cmake/rosidl_generate_interfaces.cmake:130 (rosidl_adapt_interfaces)
[1.994s]   CMakeLists.txt:39 (rosidl_generate_interfaces)
[1.994s] This warning is for project developers.  Use -Wno-dev to suppress it.
[1.994s] [0m
[2.064s] -- Found PythonInterp: /usr/bin/python3 (found version "3.8.10") 
[2.547s] -- Found ament_cmake_ros: 0.9.2 (/opt/ros/galactic/install/share/ament_cmake_ros/cmake)
[3.246s] -- Using all available rosidl_typesupport_c: rosidl_typesupport_introspection_c;rosidl_typesupport_fastrtps_c
[3.476s] -- Using all available rosidl_typesupport_cpp: rosidl_typesupport_introspection_cpp;rosidl_typesupport_fastrtps_cpp
[3.489s] [33mCMake Warning (dev) at /opt/ros/galactic/install/share/rosidl_generator_py/cmake/rosidl_generator_py_generate_interfaces.cmake:20 (find_package):
[3.489s]   Policy CMP0148 is not set: The FindPythonInterp and FindPythonLibs modules
[3.489s]   are removed.  Run "cmake --help-policy CMP0148" for policy details.  Use
[3.489s]   the cmake_policy command to set the policy and suppress this warning.
[3.490s] 
[3.490s] Call Stack (most recent call first):
[3.490s]   /opt/ros/galactic/install/share/ament_cmake_core/cmake/core/ament_execute_extensions.cmake:48 (include)
[3.490s]   /opt/ros/galactic/install/share/rosidl_cmake/cmake/rosidl_generate_interfaces.cmake:286 (ament_execute_extensions)
[3.490s]   CMakeLists.txt:39 (rosidl_generate_interfaces)
[3.491s] This warning is for project developers.  Use -Wno-dev to suppress it.
[3.491s] [0m
[3.577s] -- Found PythonInterp: /usr/bin/python3 (found suitable version "3.8.10", minimum required is "3.5") 
[3.579s] -- Found python_cmake_module: 0.8.1 (/opt/ros/galactic/install/share/python_cmake_module/cmake)
[3.582s] [33mCMake Warning (dev) at /opt/ros/galactic/install/share/python_cmake_module/cmake/Modules/FindPythonExtra.cmake:45 (find_package):
[3.582s]   Policy CMP0148 is not set: The FindPythonInterp and FindPythonLibs modules
[3.582s]   are removed.  Run "cmake --help-policy CMP0148" for policy details.  Use
[3.582s]   the cmake_policy command to set the policy and suppress this warning.
[3.583s] 
[3.583s] Call Stack (most recent call first):
[3.583s]   /opt/ros/galactic/install/share/rosidl_generator_py/cmake/rosidl_generator_py_generate_interfaces.cmake:23 (find_package)
[3.583s]   /opt/ros/galactic/install/share/ament_cmake_core/cmake/core/ament_execute_extensions.cmake:48 (include)
[3.583s]   /opt/ros/galactic/install/share/rosidl_cmake/cmake/rosidl_generate_interfaces.cmake:286 (ament_execute_extensions)
[3.584s]   CMakeLists.txt:39 (rosidl_generate_interfaces)
[3.584s] This warning is for project developers.  Use -Wno-dev to suppress it.
[3.584s] [0m
[3.654s] [33mCMake Warning (dev) at /opt/ros/galactic/install/share/python_cmake_module/cmake/Modules/FindPythonExtra.cmake:133 (find_package):
[3.655s]   Policy CMP0148 is not set: The FindPythonInterp and FindPythonLibs modules
[3.655s]   are removed.  Run "cmake --help-policy CMP0148" for policy details.  Use
[3.655s]   the cmake_policy command to set the policy and suppress this warning.
[3.655s] 
[3.655s] Call Stack (most recent call first):
[3.656s]   /opt/ros/galactic/install/share/rosidl_generator_py/cmake/rosidl_generator_py_generate_interfaces.cmake:23 (find_package)
[3.656s]   /opt/ros/galactic/install/share/ament_cmake_core/cmake/core/ament_execute_extensions.cmake:48 (include)
[3.656s]   /opt/ros/galactic/install/share/rosidl_cmake/cmake/rosidl_generate_interfaces.cmake:286 (ament_execute_extensions)
[3.656s]   CMakeLists.txt:39 (rosidl_generate_interfaces)
[3.656s] This warning is for project developers.  Use -Wno-dev to suppress it.
[3.657s] [0m
[3.673s] -- Using PYTHON_EXECUTABLE: /usr/bin/python3
[3.673s] -- Using PYTHON_INCLUDE_DIRS: /usr/include/python3.8
[3.674s] -- Using PYTHON_LIBRARIES: /usr/lib/aarch64-linux-gnu/libpython3.8.so
[3.841s] -- Added test 'copyright' to check source files copyright and LICENSE
[3.852s] -- Added test 'lint_cmake' to check CMake code style
[3.858s] -- Added test 'xmllint' to check XML markup files
[3.907s] -- Configuring done (3.6s)
[4.136s] -- Generating done (0.2s)
[4.148s] -- Build files have been written to: /ws/src/build/ti_mmwave_ros2_interfaces
[4.189s] Invoked command in '/ws/src/build/ti_mmwave_ros2_interfaces' returned '0': CMAKE_PREFIX_PATH=${CMAKE_PREFIX_PATH}:/opt/ros/galactic /usr/local/bin/cmake /ws/src/mmwave_ti_ros/ti_mmwave_ros2_interfaces -DCMAKE_INSTALL_PREFIX=/ws/src/install/ti_mmwave_ros2_interfaces
[4.193s] Invoking command in '/ws/src/build/ti_mmwave_ros2_interfaces': CMAKE_PREFIX_PATH=${CMAKE_PREFIX_PATH}:/opt/ros/galactic /usr/local/bin/cmake --build /ws/src/build/ti_mmwave_ros2_interfaces -- -j4 -l4
[4.371s] [  2%] Built target ti_mmwave_ros2_interfaces__cpp
[4.390s] [ 12%] Built target ti_mmwave_ros2_interfaces__rosidl_generator_c
[4.403s] [ 15%] [34m[1mGenerating C++ type support dispatch for ROS interfaces[0m
[4.452s] [ 25%] Built target ti_mmwave_ros2_interfaces__rosidl_typesupport_introspection_c
[4.452s] [ 35%] Built target ti_mmwave_ros2_interfaces__rosidl_typesupport_fastrtps_cpp
[4.481s] [ 38%] [34m[1mGenerating C type support dispatch for ROS interfaces[0m
[4.485s] [ 48%] Built target ti_mmwave_ros2_interfaces__rosidl_typesupport_introspection_cpp
[4.604s] [ 58%] Built target ti_mmwave_ros2_interfaces__rosidl_typesupport_fastrtps_c
[5.242s] [ 61%] [32mBuilding CXX object CMakeFiles/ti_mmwave_ros2_interfaces__rosidl_typesupport_cpp.dir/rosidl_typesupport_cpp/ti_mmwave_ros2_interfaces/srv/mm_wave_cli__type_support.cpp.o[0m
[5.243s] [ 64%] [32mBuilding CXX object CMakeFiles/ti_mmwave_ros2_interfaces__rosidl_typesupport_cpp.dir/rosidl_typesupport_cpp/ti_mmwave_ros2_interfaces/msg/radar_scan__type_support.cpp.o[0m
[5.282s] [ 66%] [32mBuilding CXX object CMakeFiles/ti_mmwave_ros2_interfaces__rosidl_typesupport_c.dir/rosidl_typesupport_c/ti_mmwave_ros2_interfaces/msg/radar_scan__type_support.cpp.o[0m
[5.288s] [ 69%] [32mBuilding CXX object CMakeFiles/ti_mmwave_ros2_interfaces__rosidl_typesupport_c.dir/rosidl_typesupport_c/ti_mmwave_ros2_interfaces/srv/mm_wave_cli__type_support.cpp.o[0m
[5.460s] [ 71%] [32m[1mLinking CXX shared library libti_mmwave_ros2_interfaces__rosidl_typesupport_c.so[0m
[5.632s] [ 71%] Built target ti_mmwave_ros2_interfaces__rosidl_typesupport_c
[6.337s] [ 74%] [32m[1mLinking CXX shared library libti_mmwave_ros2_interfaces__rosidl_typesupport_cpp.so[0m
[6.420s] [ 74%] Built target ti_mmwave_ros2_interfaces__rosidl_typesupport_cpp
[6.451s] [ 74%] Built target ti_mmwave_ros2_interfaces
[6.485s] [ 76%] Built target ti_mmwave_ros2_interfaces__py
[6.532s] [ 82%] [32mBuilding C object CMakeFiles/ti_mmwave_ros2_interfaces__python.dir/rosidl_generator_py/ti_mmwave_ros2_interfaces/srv/_mm_wave_cli_s.c.o[0m
[6.532s] [ 82%] [32mBuilding C object CMakeFiles/ti_mmwave_ros2_interfaces__python.dir/rosidl_generator_py/ti_mmwave_ros2_interfaces/msg/_radar_scan_s.c.o[0m
[6.901s] [ 84%] [32m[1mLinking C shared library rosidl_generator_py/ti_mmwave_ros2_interfaces/libti_mmwave_ros2_interfaces__python.so[0m
[6.994s] [ 84%] Built target ti_mmwave_ros2_interfaces__python
[7.042s] [ 87%] [32mBuilding C object CMakeFiles/ti_mmwave_ros2_interfaces__rosidl_typesupport_c__pyext.dir/rosidl_generator_py/ti_mmwave_ros2_interfaces/_ti_mmwave_ros2_interfaces_s.ep.rosidl_typesupport_c.c.o[0m
[7.062s] [ 89%] [32mBuilding C object CMakeFiles/ti_mmwave_ros2_interfaces__rosidl_typesupport_fastrtps_c__pyext.dir/rosidl_generator_py/ti_mmwave_ros2_interfaces/_ti_mmwave_ros2_interfaces_s.ep.rosidl_typesupport_fastrtps_c.c.o[0m
[7.066s] [ 92%] [32mBuilding C object CMakeFiles/ti_mmwave_ros2_interfaces__rosidl_typesupport_introspection_c__pyext.dir/rosidl_generator_py/ti_mmwave_ros2_interfaces/_ti_mmwave_ros2_interfaces_s.ep.rosidl_typesupport_introspection_c.c.o[0m
[7.323s] [ 94%] [32m[1mLinking C shared library rosidl_generator_py/ti_mmwave_ros2_interfaces/ti_mmwave_ros2_interfaces_s__rosidl_typesupport_c.cpython-38-aarch64-linux-gnu.so[0m
[7.348s] [ 97%] [32m[1mLinking C shared library rosidl_generator_py/ti_mmwave_ros2_interfaces/ti_mmwave_ros2_interfaces_s__rosidl_typesupport_introspection_c.cpython-38-aarch64-linux-gnu.so[0m
[7.361s] [100%] [32m[1mLinking CXX shared library rosidl_generator_py/ti_mmwave_ros2_interfaces/ti_mmwave_ros2_interfaces_s__rosidl_typesupport_fastrtps_c.cpython-38-aarch64-linux-gnu.so[0m
[7.421s] [100%] Built target ti_mmwave_ros2_interfaces__rosidl_typesupport_c__pyext
[7.437s] [100%] Built target ti_mmwave_ros2_interfaces__rosidl_typesupport_introspection_c__pyext
[7.527s] [100%] Built target ti_mmwave_ros2_interfaces__rosidl_typesupport_fastrtps_c__pyext
[7.554s] Invoked command in '/ws/src/build/ti_mmwave_ros2_interfaces' returned '0': CMAKE_PREFIX_PATH=${CMAKE_PREFIX_PATH}:/opt/ros/galactic /usr/local/bin/cmake --build /ws/src/build/ti_mmwave_ros2_interfaces -- -j4 -l4
[7.910s] Invoking command in '/ws/src/build/ti_mmwave_ros2_interfaces': CMAKE_PREFIX_PATH=${CMAKE_PREFIX_PATH}:/opt/ros/galactic /usr/local/bin/cmake --install /ws/src/build/ti_mmwave_ros2_interfaces
[8.007s] -- Install configuration: ""
[8.008s] -- Execute custom install script
[8.010s] -- Up-to-date symlink: /ws/src/install/ti_mmwave_ros2_interfaces/share/ament_index/resource_index/rosidl_interfaces/ti_mmwave_ros2_interfaces
[8.013s] -- Up-to-date symlink: /ws/src/install/ti_mmwave_ros2_interfaces/include/ti_mmwave_ros2_interfaces/msg/detail/radar_scan__functions.h
[8.013s] -- Up-to-date symlink: /ws/src/install/ti_mmwave_ros2_interfaces/include/ti_mmwave_ros2_interfaces/msg/detail/radar_scan__struct.h
[8.014s] -- Up-to-date symlink: /ws/src/install/ti_mmwave_ros2_interfaces/include/ti_mmwave_ros2_interfaces/msg/detail/radar_scan__type_support.h
[8.015s] -- Up-to-date symlink: /ws/src/install/ti_mmwave_ros2_interfaces/include/ti_mmwave_ros2_interfaces/msg/radar_scan.h
[8.015s] -- Up-to-date symlink: /ws/src/install/ti_mmwave_ros2_interfaces/include/ti_mmwave_ros2_interfaces/msg/rosidl_generator_c__visibility_control.h
[8.016s] -- Up-to-date symlink: /ws/src/install/ti_mmwave_ros2_interfaces/include/ti_mmwave_ros2_interfaces/srv/detail/mm_wave_cli__functions.h
[8.017s] -- Up-to-date symlink: /ws/src/install/ti_mmwave_ros2_interfaces/include/ti_mmwave_ros2_interfaces/srv/detail/mm_wave_cli__struct.h
[8.018s] -- Up-to-date symlink: /ws/src/install/ti_mmwave_ros2_interfaces/include/ti_mmwave_ros2_interfaces/srv/detail/mm_wave_cli__type_support.h
[8.018s] -- Up-to-date symlink: /ws/src/install/ti_mmwave_ros2_interfaces/include/ti_mmwave_ros2_interfaces/srv/mm_wave_cli.h
[8.019s] -- Symlinking: /ws/src/install/ti_mmwave_ros2_interfaces/share/ti_mmwave_ros2_interfaces/environment/library_path.sh
[8.030s] -- Up-to-date symlink: /ws/src/install/ti_mmwave_ros2_interfaces/share/ti_mmwave_ros2_interfaces/environment/library_path.dsv
[8.032s] -- Up-to-date symlink: /ws/src/install/ti_mmwave_ros2_interfaces/include/ti_mmwave_ros2_interfaces/msg/detail/radar_scan__rosidl_typesupport_introspection_c.h
[8.032s] -- Up-to-date symlink: /ws/src/install/ti_mmwave_ros2_interfaces/include/ti_mmwave_ros2_interfaces/msg/rosidl_typesupport_introspection_c__visibility_control.h
[8.033s] -- Up-to-date symlink: /ws/src/install/ti_mmwave_ros2_interfaces/include/ti_mmwave_ros2_interfaces/srv/detail/mm_wave_cli__rosidl_typesupport_introspection_c.h
[8.035s] -- Up-to-date symlink: /ws/src/install/ti_mmwave_ros2_interfaces/include/ti_mmwave_ros2_interfaces/msg/detail/radar_scan__rosidl_typesupport_fastrtps_c.h
[8.036s] -- Up-to-date symlink: /ws/src/install/ti_mmwave_ros2_interfaces/include/ti_mmwave_ros2_interfaces/msg/rosidl_typesupport_fastrtps_c__visibility_control.h
[8.036s] -- Up-to-date symlink: /ws/src/install/ti_mmwave_ros2_interfaces/include/ti_mmwave_ros2_interfaces/srv/detail/mm_wave_cli__rosidl_typesupport_fastrtps_c.h
[8.037s] -- Up-to-date symlink: /ws/src/install/ti_mmwave_ros2_interfaces/lib/libti_mmwave_ros2_interfaces__rosidl_typesupport_fastrtps_c.so
[8.040s] -- Up-to-date symlink: /ws/src/install/ti_mmwave_ros2_interfaces/include/ti_mmwave_ros2_interfaces/msg/detail/radar_scan__rosidl_typesupport_fastrtps_cpp.hpp
[8.040s] -- Up-to-date symlink: /ws/src/install/ti_mmwave_ros2_interfaces/include/ti_mmwave_ros2_interfaces/msg/rosidl_typesupport_fastrtps_cpp__visibility_control.h
[8.041s] -- Up-to-date symlink: /ws/src/install/ti_mmwave_ros2_interfaces/include/ti_mmwave_ros2_interfaces/srv/detail/mm_wave_cli__rosidl_typesupport_fastrtps_cpp.hpp
[8.042s] -- Up-to-date symlink: /ws/src/install/ti_mmwave_ros2_interfaces/lib/libti_mmwave_ros2_interfaces__rosidl_typesupport_fastrtps_cpp.so
[8.043s] -- Up-to-date symlink: /ws/src/install/ti_mmwave_ros2_interfaces/include/ti_mmwave_ros2_interfaces/msg/detail/radar_scan__builder.hpp
[8.044s] -- Up-to-date symlink: /ws/src/install/ti_mmwave_ros2_interfaces/include/ti_mmwave_ros2_interfaces/msg/detail/radar_scan__struct.hpp
[8.045s] -- Up-to-date symlink: /ws/src/install/ti_mmwave_ros2_interfaces/include/ti_mmwave_ros2_interfaces/msg/detail/radar_scan__traits.hpp
[8.045s] -- Up-to-date symlink: /ws/src/install/ti_mmwave_ros2_interfaces/include/ti_mmwave_ros2_interfaces/msg/radar_scan.hpp
[8.046s] -- Up-to-date symlink: /ws/src/install/ti_mmwave_ros2_interfaces/include/ti_mmwave_ros2_interfaces/srv/detail/mm_wave_cli__builder.hpp
[8.047s] -- Up-to-date symlink: /ws/src/install/ti_mmwave_ros2_interfaces/include/ti_mmwave_ros2_interfaces/srv/detail/mm_wave_cli__struct.hpp
[8.047s] -- Up-to-date symlink: /ws/src/install/ti_mmwave_ros2_interfaces/include/ti_mmwave_ros2_interfaces/srv/detail/mm_wave_cli__traits.hpp
[8.048s] -- Up-to-date symlink: /ws/src/install/ti_mmwave_ros2_interfaces/include/ti_mmwave_ros2_interfaces/srv/mm_wave_cli.hpp
[8.049s] -- Up-to-date symlink: /ws/src/install/ti_mmwave_ros2_interfaces/include/ti_mmwave_ros2_interfaces/msg/detail/radar_scan__rosidl_typesupport_introspection_cpp.hpp
[8.050s] -- Up-to-date symlink: /ws/src/install/ti_mmwave_ros2_interfaces/include/ti_mmwave_ros2_interfaces/srv/detail/mm_wave_cli__rosidl_typesupport_introspection_cpp.hpp
[8.050s] -- Up-to-date symlink: /ws/src/install/ti_mmwave_ros2_interfaces/share/ti_mmwave_ros2_interfaces/environment/pythonpath.sh
[8.051s] -- Up-to-date symlink: /ws/src/install/ti_mmwave_ros2_interfaces/share/ti_mmwave_ros2_interfaces/environment/pythonpath.dsv
[8.054s] -- Up-to-date symlink: /ws/src/install/ti_mmwave_ros2_interfaces/lib/python3.8/site-packages/ti_mmwave_ros2_interfaces/__init__.py
[8.054s] -- Up-to-date symlink: /ws/src/install/ti_mmwave_ros2_interfaces/lib/python3.8/site-packages/ti_mmwave_ros2_interfaces/msg/__init__.py
[8.056s] -- Up-to-date symlink: /ws/src/install/ti_mmwave_ros2_interfaces/lib/python3.8/site-packages/ti_mmwave_ros2_interfaces/msg/_radar_scan.py
[8.057s] -- Up-to-date symlink: /ws/src/install/ti_mmwave_ros2_interfaces/lib/python3.8/site-packages/ti_mmwave_ros2_interfaces/srv/__init__.py
[8.058s] -- Up-to-date symlink: /ws/src/install/ti_mmwave_ros2_interfaces/lib/python3.8/site-packages/ti_mmwave_ros2_interfaces/srv/_mm_wave_cli.py
[8.059s] -- Up-to-date symlink: /ws/src/install/ti_mmwave_ros2_interfaces/lib/python3.8/site-packages/ti_mmwave_ros2_interfaces/ti_mmwave_ros2_interfaces_s__rosidl_typesupport_introspection_c.cpython-38-aarch64-linux-gnu.so
[8.060s] -- Up-to-date symlink: /ws/src/install/ti_mmwave_ros2_interfaces/lib/python3.8/site-packages/ti_mmwave_ros2_interfaces/ti_mmwave_ros2_interfaces_s__rosidl_typesupport_fastrtps_c.cpython-38-aarch64-linux-gnu.so
[8.063s] -- Up-to-date symlink: /ws/src/install/ti_mmwave_ros2_interfaces/lib/python3.8/site-packages/ti_mmwave_ros2_interfaces/ti_mmwave_ros2_interfaces_s__rosidl_typesupport_c.cpython-38-aarch64-linux-gnu.so
[8.065s] -- Up-to-date symlink: /ws/src/install/ti_mmwave_ros2_interfaces/lib/libti_mmwave_ros2_interfaces__python.so
[8.067s] -- Up-to-date symlink: /ws/src/install/ti_mmwave_ros2_interfaces/share/ti_mmwave_ros2_interfaces/msg/RadarScan.idl
[8.068s] -- Up-to-date symlink: /ws/src/install/ti_mmwave_ros2_interfaces/share/ti_mmwave_ros2_interfaces/srv/MMWaveCLI.idl
[8.071s] -- Up-to-date symlink: /ws/src/install/ti_mmwave_ros2_interfaces/share/ti_mmwave_ros2_interfaces/msg/RadarScan.msg
[8.072s] -- Up-to-date symlink: /ws/src/install/ti_mmwave_ros2_interfaces/share/ti_mmwave_ros2_interfaces/srv/MMWaveCLI.srv
[8.073s] -- Up-to-date symlink: /ws/src/install/ti_mmwave_ros2_interfaces/share/ti_mmwave_ros2_interfaces/srv/MMWaveCLI_Request.msg
[8.073s] -- Up-to-date symlink: /ws/src/install/ti_mmwave_ros2_interfaces/share/ti_mmwave_ros2_interfaces/srv/MMWaveCLI_Response.msg
[8.074s] -- Up-to-date symlink: /ws/src/install/ti_mmwave_ros2_interfaces/share/ament_index/resource_index/package_run_dependencies/ti_mmwave_ros2_interfaces
[8.075s] -- Up-to-date symlink: /ws/src/install/ti_mmwave_ros2_interfaces/share/ament_index/resource_index/parent_prefix_path/ti_mmwave_ros2_interfaces
[8.076s] -- Up-to-date symlink: /ws/src/install/ti_mmwave_ros2_interfaces/share/ti_mmwave_ros2_interfaces/environment/ament_prefix_path.sh
[8.077s] -- Up-to-date symlink: /ws/src/install/ti_mmwave_ros2_interfaces/share/ti_mmwave_ros2_interfaces/environment/ament_prefix_path.dsv
[8.078s] -- Up-to-date symlink: /ws/src/install/ti_mmwave_ros2_interfaces/share/ti_mmwave_ros2_interfaces/environment/path.sh
[8.079s] -- Up-to-date symlink: /ws/src/install/ti_mmwave_ros2_interfaces/share/ti_mmwave_ros2_interfaces/environment/path.dsv
[8.079s] -- Up-to-date symlink: /ws/src/install/ti_mmwave_ros2_interfaces/share/ti_mmwave_ros2_interfaces/local_setup.bash
[8.080s] -- Up-to-date symlink: /ws/src/install/ti_mmwave_ros2_interfaces/share/ti_mmwave_ros2_interfaces/local_setup.sh
[8.081s] -- Up-to-date symlink: /ws/src/install/ti_mmwave_ros2_interfaces/share/ti_mmwave_ros2_interfaces/local_setup.zsh
[8.082s] -- Up-to-date symlink: /ws/src/install/ti_mmwave_ros2_interfaces/share/ti_mmwave_ros2_interfaces/local_setup.dsv
[8.082s] -- Symlinking: /ws/src/install/ti_mmwave_ros2_interfaces/share/ti_mmwave_ros2_interfaces/package.dsv
[8.095s] -- Up-to-date symlink: /ws/src/install/ti_mmwave_ros2_interfaces/share/ament_index/resource_index/packages/ti_mmwave_ros2_interfaces
[8.096s] -- Up-to-date symlink: /ws/src/install/ti_mmwave_ros2_interfaces/share/ti_mmwave_ros2_interfaces/cmake/rosidl_cmake-extras.cmake
[8.096s] -- Up-to-date symlink: /ws/src/install/ti_mmwave_ros2_interfaces/share/ti_mmwave_ros2_interfaces/cmake/ament_cmake_export_dependencies-extras.cmake
[8.096s] -- Up-to-date symlink: /ws/src/install/ti_mmwave_ros2_interfaces/share/ti_mmwave_ros2_interfaces/cmake/ament_cmake_export_libraries-extras.cmake
[8.098s] -- Up-to-date symlink: /ws/src/install/ti_mmwave_ros2_interfaces/share/ti_mmwave_ros2_interfaces/cmake/ament_cmake_export_targets-extras.cmake
[8.099s] -- Up-to-date symlink: /ws/src/install/ti_mmwave_ros2_interfaces/share/ti_mmwave_ros2_interfaces/cmake/ament_cmake_export_include_directories-extras.cmake
[8.099s] -- Up-to-date symlink: /ws/src/install/ti_mmwave_ros2_interfaces/share/ti_mmwave_ros2_interfaces/cmake/rosidl_cmake_export_typesupport_targets-extras.cmake
[8.100s] -- Up-to-date symlink: /ws/src/install/ti_mmwave_ros2_interfaces/share/ti_mmwave_ros2_interfaces/cmake/rosidl_cmake_export_typesupport_libraries-extras.cmake
[8.101s] -- Up-to-date symlink: /ws/src/install/ti_mmwave_ros2_interfaces/share/ti_mmwave_ros2_interfaces/cmake/ti_mmwave_ros2_interfacesConfig.cmake
[8.102s] -- Up-to-date symlink: /ws/src/install/ti_mmwave_ros2_interfaces/share/ti_mmwave_ros2_interfaces/cmake/ti_mmwave_ros2_interfacesConfig-version.cmake
[8.102s] -- Up-to-date symlink: /ws/src/install/ti_mmwave_ros2_interfaces/share/ti_mmwave_ros2_interfaces/package.xml
[8.104s] -- Up-to-date: /ws/src/install/ti_mmwave_ros2_interfaces/lib/libti_mmwave_ros2_interfaces__rosidl_generator_c.so
[8.107s] -- Up-to-date: /ws/src/install/ti_mmwave_ros2_interfaces/lib/libti_mmwave_ros2_interfaces__rosidl_typesupport_introspection_c.so
[8.110s] -- Installing: /ws/src/install/ti_mmwave_ros2_interfaces/lib/libti_mmwave_ros2_interfaces__rosidl_typesupport_c.so
[8.111s] -- Set runtime path of "/ws/src/install/ti_mmwave_ros2_interfaces/lib/libti_mmwave_ros2_interfaces__rosidl_typesupport_c.so" to ""
[8.112s] -- Up-to-date: /ws/src/install/ti_mmwave_ros2_interfaces/lib/libti_mmwave_ros2_interfaces__rosidl_typesupport_introspection_cpp.so
[8.114s] -- Installing: /ws/src/install/ti_mmwave_ros2_interfaces/lib/libti_mmwave_ros2_interfaces__rosidl_typesupport_cpp.so
[8.116s] -- Set runtime path of "/ws/src/install/ti_mmwave_ros2_interfaces/lib/libti_mmwave_ros2_interfaces__rosidl_typesupport_cpp.so" to ""
[8.217s] Compiling '/ws/src/install/ti_mmwave_ros2_interfaces/lib/python3.8/site-packages/ti_mmwave_ros2_interfaces/__init__.py'...
[8.231s] -- Up-to-date: /ws/src/install/ti_mmwave_ros2_interfaces/share/ti_mmwave_ros2_interfaces/cmake/ti_mmwave_ros2_interfaces__rosidl_generator_cExport.cmake
[8.233s] -- Up-to-date: /ws/src/install/ti_mmwave_ros2_interfaces/share/ti_mmwave_ros2_interfaces/cmake/ti_mmwave_ros2_interfaces__rosidl_generator_cExport-noconfig.cmake
[8.235s] -- Up-to-date: /ws/src/install/ti_mmwave_ros2_interfaces/share/ti_mmwave_ros2_interfaces/cmake/ti_mmwave_ros2_interfaces__rosidl_typesupport_introspection_cExport.cmake
[8.236s] -- Up-to-date: /ws/src/install/ti_mmwave_ros2_interfaces/share/ti_mmwave_ros2_interfaces/cmake/ti_mmwave_ros2_interfaces__rosidl_typesupport_introspection_cExport-noconfig.cmake
[8.238s] -- Up-to-date: /ws/src/install/ti_mmwave_ros2_interfaces/share/ti_mmwave_ros2_interfaces/cmake/ti_mmwave_ros2_interfaces__rosidl_typesupport_cExport.cmake
[8.240s] -- Up-to-date: /ws/src/install/ti_mmwave_ros2_interfaces/share/ti_mmwave_ros2_interfaces/cmake/ti_mmwave_ros2_interfaces__rosidl_typesupport_cExport-noconfig.cmake
[8.243s] -- Up-to-date: /ws/src/install/ti_mmwave_ros2_interfaces/share/ti_mmwave_ros2_interfaces/cmake/ti_mmwave_ros2_interfaces__rosidl_generator_cppExport.cmake
[8.244s] -- Up-to-date: /ws/src/install/ti_mmwave_ros2_interfaces/share/ti_mmwave_ros2_interfaces/cmake/ti_mmwave_ros2_interfaces__rosidl_typesupport_introspection_cppExport.cmake
[8.245s] -- Up-to-date: /ws/src/install/ti_mmwave_ros2_interfaces/share/ti_mmwave_ros2_interfaces/cmake/ti_mmwave_ros2_interfaces__rosidl_typesupport_introspection_cppExport-noconfig.cmake
[8.247s] -- Up-to-date: /ws/src/install/ti_mmwave_ros2_interfaces/share/ti_mmwave_ros2_interfaces/cmake/ti_mmwave_ros2_interfaces__rosidl_typesupport_cppExport.cmake
[8.249s] -- Up-to-date: /ws/src/install/ti_mmwave_ros2_interfaces/share/ti_mmwave_ros2_interfaces/cmake/ti_mmwave_ros2_interfaces__rosidl_typesupport_cppExport-noconfig.cmake
[8.269s] Invoked command in '/ws/src/build/ti_mmwave_ros2_interfaces' returned '0': CMAKE_PREFIX_PATH=${CMAKE_PREFIX_PATH}:/opt/ros/galactic /usr/local/bin/cmake --install /ws/src/build/ti_mmwave_ros2_interfaces
