[0.687s] DEBUG:colcon:Command line arguments: ['/usr/bin/colcon', 'build']
[0.688s] DEBUG:colcon:Parsed command line arguments: Namespace(ament_cmake_args=None, base_paths=['.'], build_base='build', catkin_cmake_args=None, catkin_skip_building_tests=False, cmake_args=None, cmake_clean_cache=False, cmake_clean_first=False, cmake_force_configure=False, cmake_target=None, cmake_target_skip_unavailable=False, continue_on_error=False, event_handlers=None, executor='parallel', ignore_user_meta=False, install_base='install', log_base=None, log_level=None, main=<bound method BuildVerb.main of <colcon_core.verb.build.BuildVerb object at 0xffff822514c0>>, merge_install=False, metas=['./colcon.meta'], packages_above=None, packages_above_and_dependencies=None, packages_above_depth=None, packages_end=None, packages_ignore=None, packages_ignore_regex=None, packages_select=None, packages_select_build_failed=False, packages_select_by_dep=None, packages_select_regex=None, packages_select_test_failures=False, packages_skip=None, packages_skip_build_finished=False, packages_skip_by_dep=None, packages_skip_regex=None, packages_skip_test_passed=False, packages_skip_up_to=None, packages_start=None, packages_up_to=None, packages_up_to_regex=None, parallel_workers=4, paths=None, symlink_install=False, test_result_base=None, verb_extension=<colcon_core.verb.build.BuildVerb object at 0xffff822514c0>, verb_name='build', verb_parser=<colcon_defaults.argument_parser.defaults.DefaultArgumentsDecorator object at 0xffff8207f2e0>)
[0.843s] Level 1:colcon.colcon_core.package_discovery:discover_packages(colcon_meta) check parameters
[0.844s] Level 1:colcon.colcon_core.package_discovery:discover_packages(recursive) check parameters
[0.844s] Level 1:colcon.colcon_core.package_discovery:discover_packages(ignore) check parameters
[0.844s] Level 1:colcon.colcon_core.package_discovery:discover_packages(path) check parameters
[0.844s] Level 1:colcon.colcon_core.package_discovery:discover_packages(colcon_meta) discover
[0.844s] Level 1:colcon.colcon_core.package_discovery:discover_packages(recursive) discover
[0.844s] INFO:colcon.colcon_core.package_discovery:Crawling recursively for packages in '/ws/src'
[0.845s] Level 1:colcon.colcon_core.package_identification:_identify(.) by extensions ['ignore', 'ignore_ament_install']
[0.845s] Level 1:colcon.colcon_core.package_identification:_identify(.) by extension 'ignore'
[0.845s] Level 1:colcon.colcon_core.package_identification:_identify(.) by extension 'ignore_ament_install'
[0.846s] Level 1:colcon.colcon_core.package_identification:_identify(.) by extensions ['colcon_pkg']
[0.846s] Level 1:colcon.colcon_core.package_identification:_identify(.) by extension 'colcon_pkg'
[0.846s] Level 1:colcon.colcon_core.package_identification:_identify(.) by extensions ['colcon_meta']
[0.846s] Level 1:colcon.colcon_core.package_identification:_identify(.) by extension 'colcon_meta'
[0.846s] Level 1:colcon.colcon_core.package_identification:_identify(.) by extensions ['ros']
[0.846s] Level 1:colcon.colcon_core.package_identification:_identify(.) by extension 'ros'
[0.890s] Level 1:colcon.colcon_core.package_identification:_identify(.) by extensions ['cmake', 'python']
[0.890s] Level 1:colcon.colcon_core.package_identification:_identify(.) by extension 'cmake'
[0.891s] Level 1:colcon.colcon_core.package_identification:_identify(.) by extension 'python'
[0.891s] Level 1:colcon.colcon_core.package_identification:_identify(.) by extensions ['python_setup_py']
[0.891s] Level 1:colcon.colcon_core.package_identification:_identify(.) by extension 'python_setup_py'
[0.891s] Level 1:colcon.colcon_core.package_identification:_identify(build) by extensions ['ignore', 'ignore_ament_install']
[0.892s] Level 1:colcon.colcon_core.package_identification:_identify(build) by extension 'ignore'
[0.892s] Level 1:colcon.colcon_core.package_identification:_identify(build) ignored
[0.893s] Level 1:colcon.colcon_core.package_identification:_identify(install) by extensions ['ignore', 'ignore_ament_install']
[0.893s] Level 1:colcon.colcon_core.package_identification:_identify(install) by extension 'ignore'
[0.893s] Level 1:colcon.colcon_core.package_identification:_identify(install) ignored
[0.894s] Level 1:colcon.colcon_core.package_identification:_identify(log) by extensions ['ignore', 'ignore_ament_install']
[0.894s] Level 1:colcon.colcon_core.package_identification:_identify(log) by extension 'ignore'
[0.894s] Level 1:colcon.colcon_core.package_identification:_identify(log) ignored
[0.894s] Level 1:colcon.colcon_core.package_identification:_identify(mmwave_ti_ros) by extensions ['ignore', 'ignore_ament_install']
[0.895s] Level 1:colcon.colcon_core.package_identification:_identify(mmwave_ti_ros) by extension 'ignore'
[0.895s] Level 1:colcon.colcon_core.package_identification:_identify(mmwave_ti_ros) by extension 'ignore_ament_install'
[0.895s] Level 1:colcon.colcon_core.package_identification:_identify(mmwave_ti_ros) by extensions ['colcon_pkg']
[0.895s] Level 1:colcon.colcon_core.package_identification:_identify(mmwave_ti_ros) by extension 'colcon_pkg'
[0.895s] Level 1:colcon.colcon_core.package_identification:_identify(mmwave_ti_ros) by extensions ['colcon_meta']
[0.895s] Level 1:colcon.colcon_core.package_identification:_identify(mmwave_ti_ros) by extension 'colcon_meta'
[0.895s] Level 1:colcon.colcon_core.package_identification:_identify(mmwave_ti_ros) by extensions ['ros']
[0.896s] Level 1:colcon.colcon_core.package_identification:_identify(mmwave_ti_ros) by extension 'ros'
[0.896s] Level 1:colcon.colcon_core.package_identification:_identify(mmwave_ti_ros) by extensions ['cmake', 'python']
[0.896s] Level 1:colcon.colcon_core.package_identification:_identify(mmwave_ti_ros) by extension 'cmake'
[0.896s] Level 1:colcon.colcon_core.package_identification:_identify(mmwave_ti_ros) by extension 'python'
[0.896s] Level 1:colcon.colcon_core.package_identification:_identify(mmwave_ti_ros) by extensions ['python_setup_py']
[0.896s] Level 1:colcon.colcon_core.package_identification:_identify(mmwave_ti_ros) by extension 'python_setup_py'
[0.897s] Level 1:colcon.colcon_core.package_identification:_identify(mmwave_ti_ros/CAD) by extensions ['ignore', 'ignore_ament_install']
[0.897s] Level 1:colcon.colcon_core.package_identification:_identify(mmwave_ti_ros/CAD) by extension 'ignore'
[0.897s] Level 1:colcon.colcon_core.package_identification:_identify(mmwave_ti_ros/CAD) by extension 'ignore_ament_install'
[0.897s] Level 1:colcon.colcon_core.package_identification:_identify(mmwave_ti_ros/CAD) by extensions ['colcon_pkg']
[0.897s] Level 1:colcon.colcon_core.package_identification:_identify(mmwave_ti_ros/CAD) by extension 'colcon_pkg'
[0.898s] Level 1:colcon.colcon_core.package_identification:_identify(mmwave_ti_ros/CAD) by extensions ['colcon_meta']
[0.898s] Level 1:colcon.colcon_core.package_identification:_identify(mmwave_ti_ros/CAD) by extension 'colcon_meta'
[0.898s] Level 1:colcon.colcon_core.package_identification:_identify(mmwave_ti_ros/CAD) by extensions ['ros']
[0.898s] Level 1:colcon.colcon_core.package_identification:_identify(mmwave_ti_ros/CAD) by extension 'ros'
[0.898s] Level 1:colcon.colcon_core.package_identification:_identify(mmwave_ti_ros/CAD) by extensions ['cmake', 'python']
[0.898s] Level 1:colcon.colcon_core.package_identification:_identify(mmwave_ti_ros/CAD) by extension 'cmake'
[0.898s] Level 1:colcon.colcon_core.package_identification:_identify(mmwave_ti_ros/CAD) by extension 'python'
[0.899s] Level 1:colcon.colcon_core.package_identification:_identify(mmwave_ti_ros/CAD) by extensions ['python_setup_py']
[0.899s] Level 1:colcon.colcon_core.package_identification:_identify(mmwave_ti_ros/CAD) by extension 'python_setup_py'
[0.899s] Level 1:colcon.colcon_core.package_identification:_identify(mmwave_ti_ros/img) by extensions ['ignore', 'ignore_ament_install']
[0.899s] Level 1:colcon.colcon_core.package_identification:_identify(mmwave_ti_ros/img) by extension 'ignore'
[0.899s] Level 1:colcon.colcon_core.package_identification:_identify(mmwave_ti_ros/img) by extension 'ignore_ament_install'
[0.900s] Level 1:colcon.colcon_core.package_identification:_identify(mmwave_ti_ros/img) by extensions ['colcon_pkg']
[0.900s] Level 1:colcon.colcon_core.package_identification:_identify(mmwave_ti_ros/img) by extension 'colcon_pkg'
[0.900s] Level 1:colcon.colcon_core.package_identification:_identify(mmwave_ti_ros/img) by extensions ['colcon_meta']
[0.900s] Level 1:colcon.colcon_core.package_identification:_identify(mmwave_ti_ros/img) by extension 'colcon_meta'
[0.900s] Level 1:colcon.colcon_core.package_identification:_identify(mmwave_ti_ros/img) by extensions ['ros']
[0.900s] Level 1:colcon.colcon_core.package_identification:_identify(mmwave_ti_ros/img) by extension 'ros'
[0.901s] Level 1:colcon.colcon_core.package_identification:_identify(mmwave_ti_ros/img) by extensions ['cmake', 'python']
[0.901s] Level 1:colcon.colcon_core.package_identification:_identify(mmwave_ti_ros/img) by extension 'cmake'
[0.901s] Level 1:colcon.colcon_core.package_identification:_identify(mmwave_ti_ros/img) by extension 'python'
[0.901s] Level 1:colcon.colcon_core.package_identification:_identify(mmwave_ti_ros/img) by extensions ['python_setup_py']
[0.901s] Level 1:colcon.colcon_core.package_identification:_identify(mmwave_ti_ros/img) by extension 'python_setup_py'
[0.901s] Level 1:colcon.colcon_core.package_identification:_identify(mmwave_ti_ros/serial-ros2) by extensions ['ignore', 'ignore_ament_install']
[0.902s] Level 1:colcon.colcon_core.package_identification:_identify(mmwave_ti_ros/serial-ros2) by extension 'ignore'
[0.902s] Level 1:colcon.colcon_core.package_identification:_identify(mmwave_ti_ros/serial-ros2) by extension 'ignore_ament_install'
[0.902s] Level 1:colcon.colcon_core.package_identification:_identify(mmwave_ti_ros/serial-ros2) by extensions ['colcon_pkg']
[0.902s] Level 1:colcon.colcon_core.package_identification:_identify(mmwave_ti_ros/serial-ros2) by extension 'colcon_pkg'
[0.902s] Level 1:colcon.colcon_core.package_identification:_identify(mmwave_ti_ros/serial-ros2) by extensions ['colcon_meta']
[0.902s] Level 1:colcon.colcon_core.package_identification:_identify(mmwave_ti_ros/serial-ros2) by extension 'colcon_meta'
[0.903s] Level 1:colcon.colcon_core.package_identification:_identify(mmwave_ti_ros/serial-ros2) by extensions ['ros']
[0.903s] Level 1:colcon.colcon_core.package_identification:_identify(mmwave_ti_ros/serial-ros2) by extension 'ros'
[0.910s] DEBUG:colcon.colcon_core.package_identification:Package 'mmwave_ti_ros/serial-ros2' with type 'ros.ament_cmake' and name 'serial'
[0.911s] Level 1:colcon.colcon_core.package_identification:_identify(mmwave_ti_ros/ti_mmwave_ros2_examples) by extensions ['ignore', 'ignore_ament_install']
[0.911s] Level 1:colcon.colcon_core.package_identification:_identify(mmwave_ti_ros/ti_mmwave_ros2_examples) by extension 'ignore'
[0.911s] Level 1:colcon.colcon_core.package_identification:_identify(mmwave_ti_ros/ti_mmwave_ros2_examples) by extension 'ignore_ament_install'
[0.912s] Level 1:colcon.colcon_core.package_identification:_identify(mmwave_ti_ros/ti_mmwave_ros2_examples) by extensions ['colcon_pkg']
[0.912s] Level 1:colcon.colcon_core.package_identification:_identify(mmwave_ti_ros/ti_mmwave_ros2_examples) by extension 'colcon_pkg'
[0.912s] Level 1:colcon.colcon_core.package_identification:_identify(mmwave_ti_ros/ti_mmwave_ros2_examples) by extensions ['colcon_meta']
[0.912s] Level 1:colcon.colcon_core.package_identification:_identify(mmwave_ti_ros/ti_mmwave_ros2_examples) by extension 'colcon_meta'
[0.912s] Level 1:colcon.colcon_core.package_identification:_identify(mmwave_ti_ros/ti_mmwave_ros2_examples) by extensions ['ros']
[0.912s] Level 1:colcon.colcon_core.package_identification:_identify(mmwave_ti_ros/ti_mmwave_ros2_examples) by extension 'ros'
[0.914s] DEBUG:colcon.colcon_core.package_identification:Package 'mmwave_ti_ros/ti_mmwave_ros2_examples' with type 'ros.ament_cmake' and name 'ti_mmwave_ros2_examples'
[0.914s] Level 1:colcon.colcon_core.package_identification:_identify(mmwave_ti_ros/ti_mmwave_ros2_interfaces) by extensions ['ignore', 'ignore_ament_install']
[0.914s] Level 1:colcon.colcon_core.package_identification:_identify(mmwave_ti_ros/ti_mmwave_ros2_interfaces) by extension 'ignore'
[0.915s] Level 1:colcon.colcon_core.package_identification:_identify(mmwave_ti_ros/ti_mmwave_ros2_interfaces) by extension 'ignore_ament_install'
[0.915s] Level 1:colcon.colcon_core.package_identification:_identify(mmwave_ti_ros/ti_mmwave_ros2_interfaces) by extensions ['colcon_pkg']
[0.915s] Level 1:colcon.colcon_core.package_identification:_identify(mmwave_ti_ros/ti_mmwave_ros2_interfaces) by extension 'colcon_pkg'
[0.915s] Level 1:colcon.colcon_core.package_identification:_identify(mmwave_ti_ros/ti_mmwave_ros2_interfaces) by extensions ['colcon_meta']
[0.915s] Level 1:colcon.colcon_core.package_identification:_identify(mmwave_ti_ros/ti_mmwave_ros2_interfaces) by extension 'colcon_meta'
[0.915s] Level 1:colcon.colcon_core.package_identification:_identify(mmwave_ti_ros/ti_mmwave_ros2_interfaces) by extensions ['ros']
[0.915s] Level 1:colcon.colcon_core.package_identification:_identify(mmwave_ti_ros/ti_mmwave_ros2_interfaces) by extension 'ros'
[0.917s] DEBUG:colcon.colcon_core.package_identification:Package 'mmwave_ti_ros/ti_mmwave_ros2_interfaces' with type 'ros.ament_cmake' and name 'ti_mmwave_ros2_interfaces'
[0.918s] Level 1:colcon.colcon_core.package_identification:_identify(mmwave_ti_ros/ti_mmwave_ros2_pkg) by extensions ['ignore', 'ignore_ament_install']
[0.918s] Level 1:colcon.colcon_core.package_identification:_identify(mmwave_ti_ros/ti_mmwave_ros2_pkg) by extension 'ignore'
[0.918s] Level 1:colcon.colcon_core.package_identification:_identify(mmwave_ti_ros/ti_mmwave_ros2_pkg) by extension 'ignore_ament_install'
[0.918s] Level 1:colcon.colcon_core.package_identification:_identify(mmwave_ti_ros/ti_mmwave_ros2_pkg) by extensions ['colcon_pkg']
[0.918s] Level 1:colcon.colcon_core.package_identification:_identify(mmwave_ti_ros/ti_mmwave_ros2_pkg) by extension 'colcon_pkg'
[0.919s] Level 1:colcon.colcon_core.package_identification:_identify(mmwave_ti_ros/ti_mmwave_ros2_pkg) by extensions ['colcon_meta']
[0.919s] Level 1:colcon.colcon_core.package_identification:_identify(mmwave_ti_ros/ti_mmwave_ros2_pkg) by extension 'colcon_meta'
[0.919s] Level 1:colcon.colcon_core.package_identification:_identify(mmwave_ti_ros/ti_mmwave_ros2_pkg) by extensions ['ros']
[0.919s] Level 1:colcon.colcon_core.package_identification:_identify(mmwave_ti_ros/ti_mmwave_ros2_pkg) by extension 'ros'
[0.922s] DEBUG:colcon.colcon_core.package_identification:Package 'mmwave_ti_ros/ti_mmwave_ros2_pkg' with type 'ros.ament_cmake' and name 'ti_mmwave_ros2_pkg'
[0.922s] Level 1:colcon.colcon_core.package_identification:_identify(point_cloud_processor_pkg) by extensions ['ignore', 'ignore_ament_install']
[0.923s] Level 1:colcon.colcon_core.package_identification:_identify(point_cloud_processor_pkg) by extension 'ignore'
[0.923s] Level 1:colcon.colcon_core.package_identification:_identify(point_cloud_processor_pkg) by extension 'ignore_ament_install'
[0.923s] Level 1:colcon.colcon_core.package_identification:_identify(point_cloud_processor_pkg) by extensions ['colcon_pkg']
[0.923s] Level 1:colcon.colcon_core.package_identification:_identify(point_cloud_processor_pkg) by extension 'colcon_pkg'
[0.923s] Level 1:colcon.colcon_core.package_identification:_identify(point_cloud_processor_pkg) by extensions ['colcon_meta']
[0.923s] Level 1:colcon.colcon_core.package_identification:_identify(point_cloud_processor_pkg) by extension 'colcon_meta'
[0.924s] Level 1:colcon.colcon_core.package_identification:_identify(point_cloud_processor_pkg) by extensions ['ros']
[0.924s] Level 1:colcon.colcon_core.package_identification:_identify(point_cloud_processor_pkg) by extension 'ros'
[0.924s] Level 1:colcon.colcon_core.package_identification:_identify(point_cloud_processor_pkg) by extensions ['cmake', 'python']
[0.924s] Level 1:colcon.colcon_core.package_identification:_identify(point_cloud_processor_pkg) by extension 'cmake'
[0.924s] Level 1:colcon.colcon_core.package_identification:_identify(point_cloud_processor_pkg) by extension 'python'
[0.924s] Level 1:colcon.colcon_core.package_identification:_identify(point_cloud_processor_pkg) by extensions ['python_setup_py']
[0.924s] Level 1:colcon.colcon_core.package_identification:_identify(point_cloud_processor_pkg) by extension 'python_setup_py'
[0.925s] Level 1:colcon.colcon_core.package_identification:_identify(point_cloud_processor_pkg/scripts) by extensions ['ignore', 'ignore_ament_install']
[0.925s] Level 1:colcon.colcon_core.package_identification:_identify(point_cloud_processor_pkg/scripts) by extension 'ignore'
[0.925s] Level 1:colcon.colcon_core.package_identification:_identify(point_cloud_processor_pkg/scripts) by extension 'ignore_ament_install'
[0.926s] Level 1:colcon.colcon_core.package_identification:_identify(point_cloud_processor_pkg/scripts) by extensions ['colcon_pkg']
[0.926s] Level 1:colcon.colcon_core.package_identification:_identify(point_cloud_processor_pkg/scripts) by extension 'colcon_pkg'
[0.926s] Level 1:colcon.colcon_core.package_identification:_identify(point_cloud_processor_pkg/scripts) by extensions ['colcon_meta']
[0.926s] Level 1:colcon.colcon_core.package_identification:_identify(point_cloud_processor_pkg/scripts) by extension 'colcon_meta'
[0.926s] Level 1:colcon.colcon_core.package_identification:_identify(point_cloud_processor_pkg/scripts) by extensions ['ros']
[0.926s] Level 1:colcon.colcon_core.package_identification:_identify(point_cloud_processor_pkg/scripts) by extension 'ros'
[0.926s] Level 1:colcon.colcon_core.package_identification:_identify(point_cloud_processor_pkg/scripts) by extensions ['cmake', 'python']
[0.927s] Level 1:colcon.colcon_core.package_identification:_identify(point_cloud_processor_pkg/scripts) by extension 'cmake'
[0.927s] Level 1:colcon.colcon_core.package_identification:_identify(point_cloud_processor_pkg/scripts) by extension 'python'
[0.927s] Level 1:colcon.colcon_core.package_identification:_identify(point_cloud_processor_pkg/scripts) by extensions ['python_setup_py']
[0.927s] Level 1:colcon.colcon_core.package_identification:_identify(point_cloud_processor_pkg/scripts) by extension 'python_setup_py'
[0.927s] Level 1:colcon.colcon_core.package_discovery:discover_packages(recursive) using defaults
[0.927s] Level 1:colcon.colcon_core.package_discovery:discover_packages(ignore) discover
[0.927s] Level 1:colcon.colcon_core.package_discovery:discover_packages(ignore) using defaults
[0.928s] Level 1:colcon.colcon_core.package_discovery:discover_packages(path) discover
[0.928s] Level 1:colcon.colcon_core.package_discovery:discover_packages(path) using defaults
[0.988s] Level 5:colcon.colcon_core.verb:set package 'serial' build argument 'cmake_args' from command line to 'None'
[0.988s] Level 5:colcon.colcon_core.verb:set package 'serial' build argument 'cmake_target' from command line to 'None'
[0.989s] Level 5:colcon.colcon_core.verb:set package 'serial' build argument 'cmake_target_skip_unavailable' from command line to 'False'
[0.989s] Level 5:colcon.colcon_core.verb:set package 'serial' build argument 'cmake_clean_cache' from command line to 'False'
[0.989s] Level 5:colcon.colcon_core.verb:set package 'serial' build argument 'cmake_clean_first' from command line to 'False'
[0.989s] Level 5:colcon.colcon_core.verb:set package 'serial' build argument 'cmake_force_configure' from command line to 'False'
[0.989s] Level 5:colcon.colcon_core.verb:set package 'serial' build argument 'ament_cmake_args' from command line to 'None'
[0.989s] Level 5:colcon.colcon_core.verb:set package 'serial' build argument 'catkin_cmake_args' from command line to 'None'
[0.989s] Level 5:colcon.colcon_core.verb:set package 'serial' build argument 'catkin_skip_building_tests' from command line to 'False'
[0.989s] DEBUG:colcon.colcon_core.verb:Building package 'serial' with the following arguments: {'ament_cmake_args': None, 'build_base': '/ws/src/build/serial', 'catkin_cmake_args': None, 'catkin_skip_building_tests': False, 'cmake_args': None, 'cmake_clean_cache': False, 'cmake_clean_first': False, 'cmake_force_configure': False, 'cmake_target': None, 'cmake_target_skip_unavailable': False, 'install_base': '/ws/src/install/serial', 'merge_install': False, 'path': '/ws/src/mmwave_ti_ros/serial-ros2', 'symlink_install': False, 'test_result_base': None}
[0.990s] Level 5:colcon.colcon_core.verb:set package 'ti_mmwave_ros2_examples' build argument 'cmake_args' from command line to 'None'
[0.991s] Level 5:colcon.colcon_core.verb:set package 'ti_mmwave_ros2_examples' build argument 'cmake_target' from command line to 'None'
[0.991s] Level 5:colcon.colcon_core.verb:set package 'ti_mmwave_ros2_examples' build argument 'cmake_target_skip_unavailable' from command line to 'False'
[0.991s] Level 5:colcon.colcon_core.verb:set package 'ti_mmwave_ros2_examples' build argument 'cmake_clean_cache' from command line to 'False'
[0.991s] Level 5:colcon.colcon_core.verb:set package 'ti_mmwave_ros2_examples' build argument 'cmake_clean_first' from command line to 'False'
[0.991s] Level 5:colcon.colcon_core.verb:set package 'ti_mmwave_ros2_examples' build argument 'cmake_force_configure' from command line to 'False'
[0.991s] Level 5:colcon.colcon_core.verb:set package 'ti_mmwave_ros2_examples' build argument 'ament_cmake_args' from command line to 'None'
[0.991s] Level 5:colcon.colcon_core.verb:set package 'ti_mmwave_ros2_examples' build argument 'catkin_cmake_args' from command line to 'None'
[0.991s] Level 5:colcon.colcon_core.verb:set package 'ti_mmwave_ros2_examples' build argument 'catkin_skip_building_tests' from command line to 'False'
[0.991s] DEBUG:colcon.colcon_core.verb:Building package 'ti_mmwave_ros2_examples' with the following arguments: {'ament_cmake_args': None, 'build_base': '/ws/src/build/ti_mmwave_ros2_examples', 'catkin_cmake_args': None, 'catkin_skip_building_tests': False, 'cmake_args': None, 'cmake_clean_cache': False, 'cmake_clean_first': False, 'cmake_force_configure': False, 'cmake_target': None, 'cmake_target_skip_unavailable': False, 'install_base': '/ws/src/install/ti_mmwave_ros2_examples', 'merge_install': False, 'path': '/ws/src/mmwave_ti_ros/ti_mmwave_ros2_examples', 'symlink_install': False, 'test_result_base': None}
[0.992s] Level 5:colcon.colcon_core.verb:set package 'ti_mmwave_ros2_interfaces' build argument 'cmake_args' from command line to 'None'
[0.992s] Level 5:colcon.colcon_core.verb:set package 'ti_mmwave_ros2_interfaces' build argument 'cmake_target' from command line to 'None'
[0.992s] Level 5:colcon.colcon_core.verb:set package 'ti_mmwave_ros2_interfaces' build argument 'cmake_target_skip_unavailable' from command line to 'False'
[0.992s] Level 5:colcon.colcon_core.verb:set package 'ti_mmwave_ros2_interfaces' build argument 'cmake_clean_cache' from command line to 'False'
[0.993s] Level 5:colcon.colcon_core.verb:set package 'ti_mmwave_ros2_interfaces' build argument 'cmake_clean_first' from command line to 'False'
[0.993s] Level 5:colcon.colcon_core.verb:set package 'ti_mmwave_ros2_interfaces' build argument 'cmake_force_configure' from command line to 'False'
[0.993s] Level 5:colcon.colcon_core.verb:set package 'ti_mmwave_ros2_interfaces' build argument 'ament_cmake_args' from command line to 'None'
[0.993s] Level 5:colcon.colcon_core.verb:set package 'ti_mmwave_ros2_interfaces' build argument 'catkin_cmake_args' from command line to 'None'
[0.993s] Level 5:colcon.colcon_core.verb:set package 'ti_mmwave_ros2_interfaces' build argument 'catkin_skip_building_tests' from command line to 'False'
[0.993s] DEBUG:colcon.colcon_core.verb:Building package 'ti_mmwave_ros2_interfaces' with the following arguments: {'ament_cmake_args': None, 'build_base': '/ws/src/build/ti_mmwave_ros2_interfaces', 'catkin_cmake_args': None, 'catkin_skip_building_tests': False, 'cmake_args': None, 'cmake_clean_cache': False, 'cmake_clean_first': False, 'cmake_force_configure': False, 'cmake_target': None, 'cmake_target_skip_unavailable': False, 'install_base': '/ws/src/install/ti_mmwave_ros2_interfaces', 'merge_install': False, 'path': '/ws/src/mmwave_ti_ros/ti_mmwave_ros2_interfaces', 'symlink_install': False, 'test_result_base': None}
[0.994s] Level 5:colcon.colcon_core.verb:set package 'ti_mmwave_ros2_pkg' build argument 'cmake_args' from command line to 'None'
[0.994s] Level 5:colcon.colcon_core.verb:set package 'ti_mmwave_ros2_pkg' build argument 'cmake_target' from command line to 'None'
[0.994s] Level 5:colcon.colcon_core.verb:set package 'ti_mmwave_ros2_pkg' build argument 'cmake_target_skip_unavailable' from command line to 'False'
[0.994s] Level 5:colcon.colcon_core.verb:set package 'ti_mmwave_ros2_pkg' build argument 'cmake_clean_cache' from command line to 'False'
[0.994s] Level 5:colcon.colcon_core.verb:set package 'ti_mmwave_ros2_pkg' build argument 'cmake_clean_first' from command line to 'False'
[0.994s] Level 5:colcon.colcon_core.verb:set package 'ti_mmwave_ros2_pkg' build argument 'cmake_force_configure' from command line to 'False'
[0.995s] Level 5:colcon.colcon_core.verb:set package 'ti_mmwave_ros2_pkg' build argument 'ament_cmake_args' from command line to 'None'
[0.995s] Level 5:colcon.colcon_core.verb:set package 'ti_mmwave_ros2_pkg' build argument 'catkin_cmake_args' from command line to 'None'
[0.995s] Level 5:colcon.colcon_core.verb:set package 'ti_mmwave_ros2_pkg' build argument 'catkin_skip_building_tests' from command line to 'False'
[0.995s] DEBUG:colcon.colcon_core.verb:Building package 'ti_mmwave_ros2_pkg' with the following arguments: {'ament_cmake_args': None, 'build_base': '/ws/src/build/ti_mmwave_ros2_pkg', 'catkin_cmake_args': None, 'catkin_skip_building_tests': False, 'cmake_args': None, 'cmake_clean_cache': False, 'cmake_clean_first': False, 'cmake_force_configure': False, 'cmake_target': None, 'cmake_target_skip_unavailable': False, 'install_base': '/ws/src/install/ti_mmwave_ros2_pkg', 'merge_install': False, 'path': '/ws/src/mmwave_ti_ros/ti_mmwave_ros2_pkg', 'symlink_install': False, 'test_result_base': None}
[0.995s] INFO:colcon.colcon_core.executor:Executing jobs using 'parallel' executor
[0.998s] DEBUG:colcon.colcon_parallel_executor.executor.parallel:run_until_complete
[0.999s] INFO:colcon.colcon_ros.task.ament_cmake.build:Building ROS package in '/ws/src/mmwave_ti_ros/ti_mmwave_ros2_interfaces' with build type 'ament_cmake'
[1.000s] INFO:colcon.colcon_cmake.task.cmake.build:Building CMake package in '/ws/src/mmwave_ti_ros/ti_mmwave_ros2_interfaces'
[1.007s] INFO:colcon.colcon_core.plugin_system:Skipping extension 'colcon_core.shell.bat': Not used on non-Windows systems
[1.007s] INFO:colcon.colcon_core.shell:Skip shell extension 'powershell' for command environment: Not usable outside of PowerShell
[1.008s] DEBUG:colcon.colcon_core.shell:Skip shell extension 'dsv' for command environment
[1.048s] INFO:colcon.colcon_ros.task.ament_cmake.build:Building ROS package in '/ws/src/mmwave_ti_ros/serial-ros2' with build type 'ament_cmake'
[1.051s] INFO:colcon.colcon_cmake.task.cmake.build:Building CMake package in '/ws/src/mmwave_ti_ros/serial-ros2'
[1.052s] INFO:colcon.colcon_core.shell:Skip shell extension 'powershell' for command environment: Not usable outside of PowerShell
[1.052s] DEBUG:colcon.colcon_core.shell:Skip shell extension 'dsv' for command environment
[1.090s] INFO:colcon.colcon_ros.task.ament_cmake.build:Building ROS package in '/ws/src/mmwave_ti_ros/ti_mmwave_ros2_examples' with build type 'ament_cmake'
[1.091s] INFO:colcon.colcon_cmake.task.cmake.build:Building CMake package in '/ws/src/mmwave_ti_ros/ti_mmwave_ros2_examples'
[1.093s] INFO:colcon.colcon_core.shell:Skip shell extension 'powershell' for command environment: Not usable outside of PowerShell
[1.093s] DEBUG:colcon.colcon_core.shell:Skip shell extension 'dsv' for command environment
[1.154s] DEBUG:colcon.colcon_core.event_handler.log_command:Invoking command in '/ws/src/build/ti_mmwave_ros2_interfaces': CMAKE_PREFIX_PATH=${CMAKE_PREFIX_PATH}:/opt/ros/galactic /usr/local/bin/cmake --build /ws/src/build/ti_mmwave_ros2_interfaces -- -j4 -l4
[1.165s] DEBUG:colcon.colcon_core.event_handler.log_command:Invoking command in '/ws/src/build/serial': CMAKE_PREFIX_PATH=${CMAKE_PREFIX_PATH}:/opt/ros/galactic /usr/local/bin/cmake --build /ws/src/build/serial -- -j4 -l4
[1.216s] DEBUG:colcon.colcon_core.event_handler.log_command:Invoking command in '/ws/src/build/ti_mmwave_ros2_examples': CMAKE_PREFIX_PATH=${CMAKE_PREFIX_PATH}:/opt/ros/galactic /usr/local/bin/cmake --build /ws/src/build/ti_mmwave_ros2_examples -- -j4 -l4
[1.410s] DEBUG:colcon.colcon_core.event_handler.log_command:Invoked command in '/ws/src/build/serial' returned '0': CMAKE_PREFIX_PATH=${CMAKE_PREFIX_PATH}:/opt/ros/galactic /usr/local/bin/cmake --build /ws/src/build/serial -- -j4 -l4
[1.589s] DEBUG:colcon.colcon_core.event_handler.log_command:Invoked command in '/ws/src/build/ti_mmwave_ros2_examples' returned '0': CMAKE_PREFIX_PATH=${CMAKE_PREFIX_PATH}:/opt/ros/galactic /usr/local/bin/cmake --build /ws/src/build/ti_mmwave_ros2_examples -- -j4 -l4
[1.868s] DEBUG:colcon.colcon_core.event_handler.log_command:Invoking command in '/ws/src/build/serial': CMAKE_PREFIX_PATH=${CMAKE_PREFIX_PATH}:/opt/ros/galactic /usr/local/bin/cmake --install /ws/src/build/serial
[1.874s] DEBUG:colcon.colcon_core.event_handler.log_command:Invoked command in '/ws/src/build/ti_mmwave_ros2_interfaces' returned '0': CMAKE_PREFIX_PATH=${CMAKE_PREFIX_PATH}:/opt/ros/galactic /usr/local/bin/cmake --build /ws/src/build/ti_mmwave_ros2_interfaces -- -j4 -l4
[1.885s] DEBUG:colcon.colcon_core.event_handler.log_command:Invoking command in '/ws/src/build/ti_mmwave_ros2_examples': CMAKE_PREFIX_PATH=${CMAKE_PREFIX_PATH}:/opt/ros/galactic /usr/local/bin/cmake --install /ws/src/build/ti_mmwave_ros2_examples
[2.039s] Level 1:colcon.colcon_core.environment:create_environment_scripts_only(serial)
[2.047s] DEBUG:colcon.colcon_core.event_handler.log_command:Invoked command in '/ws/src/build/serial' returned '0': CMAKE_PREFIX_PATH=${CMAKE_PREFIX_PATH}:/opt/ros/galactic /usr/local/bin/cmake --install /ws/src/build/serial
[2.050s] Level 1:colcon.colcon_core.environment:checking '/ws/src/install/serial' for CMake module files
[2.052s] Level 1:colcon.colcon_core.environment:checking '/ws/src/install/serial' for CMake config files
[2.053s] Level 1:colcon.colcon_core.shell:create_environment_hook('serial', 'cmake_prefix_path')
[2.054s] INFO:colcon.colcon_core.shell:Creating environment hook '/ws/src/install/serial/share/serial/hook/cmake_prefix_path.ps1'
[2.057s] INFO:colcon.colcon_core.shell:Creating environment descriptor '/ws/src/install/serial/share/serial/hook/cmake_prefix_path.dsv'
[2.059s] INFO:colcon.colcon_core.shell:Creating environment hook '/ws/src/install/serial/share/serial/hook/cmake_prefix_path.sh'
[2.063s] Level 1:colcon.colcon_core.environment:checking '/ws/src/install/serial/lib'
[2.063s] Level 1:colcon.colcon_core.environment:checking '/ws/src/install/serial/bin'
[2.064s] Level 1:colcon.colcon_core.environment:checking '/ws/src/install/serial/lib/pkgconfig/serial.pc'
[2.069s] Level 1:colcon.colcon_core.environment:checking '/ws/src/install/serial/lib/python3.8/site-packages'
[2.070s] Level 1:colcon.colcon_core.environment:checking '/ws/src/install/serial/bin'
[2.071s] INFO:colcon.colcon_core.shell:Creating package script '/ws/src/install/serial/share/serial/package.ps1'
[2.074s] INFO:colcon.colcon_core.shell:Creating package descriptor '/ws/src/install/serial/share/serial/package.dsv'
[2.076s] INFO:colcon.colcon_core.shell:Creating package script '/ws/src/install/serial/share/serial/package.sh'
[2.078s] INFO:colcon.colcon_core.shell:Creating package script '/ws/src/install/serial/share/serial/package.bash'
[2.080s] INFO:colcon.colcon_core.shell:Creating package script '/ws/src/install/serial/share/serial/package.zsh'
[2.082s] Level 1:colcon.colcon_core.environment:create_file_with_runtime_dependencies(/ws/src/install/serial/share/colcon-core/packages/serial)
[2.093s] Level 1:colcon.colcon_core.environment:create_environment_scripts_only(ti_mmwave_ros2_examples)
[2.095s] Level 1:colcon.colcon_core.environment:checking '/ws/src/install/ti_mmwave_ros2_examples' for CMake module files
[2.096s] DEBUG:colcon.colcon_core.event_handler.log_command:Invoked command in '/ws/src/build/ti_mmwave_ros2_examples' returned '0': CMAKE_PREFIX_PATH=${CMAKE_PREFIX_PATH}:/opt/ros/galactic /usr/local/bin/cmake --install /ws/src/build/ti_mmwave_ros2_examples
[2.098s] Level 1:colcon.colcon_core.environment:checking '/ws/src/install/ti_mmwave_ros2_examples' for CMake config files
[2.100s] Level 1:colcon.colcon_core.shell:create_environment_hook('ti_mmwave_ros2_examples', 'cmake_prefix_path')
[2.101s] INFO:colcon.colcon_core.shell:Creating environment hook '/ws/src/install/ti_mmwave_ros2_examples/share/ti_mmwave_ros2_examples/hook/cmake_prefix_path.ps1'
[2.103s] INFO:colcon.colcon_core.shell:Creating environment descriptor '/ws/src/install/ti_mmwave_ros2_examples/share/ti_mmwave_ros2_examples/hook/cmake_prefix_path.dsv'
[2.104s] INFO:colcon.colcon_core.shell:Creating environment hook '/ws/src/install/ti_mmwave_ros2_examples/share/ti_mmwave_ros2_examples/hook/cmake_prefix_path.sh'
[2.106s] Level 1:colcon.colcon_core.environment:checking '/ws/src/install/ti_mmwave_ros2_examples/lib'
[2.107s] Level 1:colcon.colcon_core.shell:create_environment_hook('ti_mmwave_ros2_examples', 'ld_library_path_lib')
[2.107s] INFO:colcon.colcon_core.shell:Creating environment hook '/ws/src/install/ti_mmwave_ros2_examples/share/ti_mmwave_ros2_examples/hook/ld_library_path_lib.ps1'
[2.109s] INFO:colcon.colcon_core.shell:Creating environment descriptor '/ws/src/install/ti_mmwave_ros2_examples/share/ti_mmwave_ros2_examples/hook/ld_library_path_lib.dsv'
[2.110s] INFO:colcon.colcon_core.shell:Creating environment hook '/ws/src/install/ti_mmwave_ros2_examples/share/ti_mmwave_ros2_examples/hook/ld_library_path_lib.sh'
[2.111s] Level 1:colcon.colcon_core.environment:checking '/ws/src/install/ti_mmwave_ros2_examples/bin'
[2.111s] Level 1:colcon.colcon_core.environment:checking '/ws/src/install/ti_mmwave_ros2_examples/lib/pkgconfig/ti_mmwave_ros2_examples.pc'
[2.112s] Level 1:colcon.colcon_core.environment:checking '/ws/src/install/ti_mmwave_ros2_examples/lib/python3.8/site-packages'
[2.112s] Level 1:colcon.colcon_core.environment:checking '/ws/src/install/ti_mmwave_ros2_examples/bin'
[2.113s] INFO:colcon.colcon_core.shell:Creating package script '/ws/src/install/ti_mmwave_ros2_examples/share/ti_mmwave_ros2_examples/package.ps1'
[2.115s] INFO:colcon.colcon_core.shell:Creating package descriptor '/ws/src/install/ti_mmwave_ros2_examples/share/ti_mmwave_ros2_examples/package.dsv'
[2.117s] INFO:colcon.colcon_core.shell:Creating package script '/ws/src/install/ti_mmwave_ros2_examples/share/ti_mmwave_ros2_examples/package.sh'
[2.118s] INFO:colcon.colcon_core.shell:Creating package script '/ws/src/install/ti_mmwave_ros2_examples/share/ti_mmwave_ros2_examples/package.bash'
[2.119s] INFO:colcon.colcon_core.shell:Creating package script '/ws/src/install/ti_mmwave_ros2_examples/share/ti_mmwave_ros2_examples/package.zsh'
[2.120s] Level 1:colcon.colcon_core.environment:create_file_with_runtime_dependencies(/ws/src/install/ti_mmwave_ros2_examples/share/colcon-core/packages/ti_mmwave_ros2_examples)
[2.323s] Level 1:colcon.colcon_core.environment:create_environment_scripts_only(serial)
[2.324s] Level 1:colcon.colcon_core.environment:checking '/ws/src/install/serial' for CMake module files
[2.326s] Level 1:colcon.colcon_core.environment:checking '/ws/src/install/serial' for CMake config files
[2.328s] Level 1:colcon.colcon_core.shell:create_environment_hook('serial', 'cmake_prefix_path')
[2.329s] INFO:colcon.colcon_core.shell:Creating environment hook '/ws/src/install/serial/share/serial/hook/cmake_prefix_path.ps1'
[2.331s] INFO:colcon.colcon_core.shell:Creating environment descriptor '/ws/src/install/serial/share/serial/hook/cmake_prefix_path.dsv'
[2.332s] INFO:colcon.colcon_core.shell:Creating environment hook '/ws/src/install/serial/share/serial/hook/cmake_prefix_path.sh'
[2.334s] Level 1:colcon.colcon_core.environment:checking '/ws/src/install/serial/lib'
[2.334s] Level 1:colcon.colcon_core.environment:checking '/ws/src/install/serial/bin'
[2.335s] Level 1:colcon.colcon_core.environment:checking '/ws/src/install/serial/lib/pkgconfig/serial.pc'
[2.335s] Level 1:colcon.colcon_core.environment:checking '/ws/src/install/serial/lib/python3.8/site-packages'
[2.336s] Level 1:colcon.colcon_core.environment:checking '/ws/src/install/serial/bin'
[2.337s] INFO:colcon.colcon_core.shell:Creating package script '/ws/src/install/serial/share/serial/package.ps1'
[2.339s] INFO:colcon.colcon_core.shell:Creating package descriptor '/ws/src/install/serial/share/serial/package.dsv'
[2.341s] INFO:colcon.colcon_core.shell:Creating package script '/ws/src/install/serial/share/serial/package.sh'
[2.342s] INFO:colcon.colcon_core.shell:Creating package script '/ws/src/install/serial/share/serial/package.bash'
[2.343s] INFO:colcon.colcon_core.shell:Creating package script '/ws/src/install/serial/share/serial/package.zsh'
[2.345s] Level 1:colcon.colcon_core.environment:create_file_with_runtime_dependencies(/ws/src/install/serial/share/colcon-core/packages/serial)
[2.348s] Level 1:colcon.colcon_core.environment:create_environment_scripts_only(ti_mmwave_ros2_examples)
[2.349s] Level 1:colcon.colcon_core.environment:checking '/ws/src/install/ti_mmwave_ros2_examples' for CMake module files
[2.354s] Level 1:colcon.colcon_core.environment:checking '/ws/src/install/ti_mmwave_ros2_examples' for CMake config files
[2.357s] Level 1:colcon.colcon_core.shell:create_environment_hook('ti_mmwave_ros2_examples', 'cmake_prefix_path')
[2.358s] INFO:colcon.colcon_core.shell:Creating environment hook '/ws/src/install/ti_mmwave_ros2_examples/share/ti_mmwave_ros2_examples/hook/cmake_prefix_path.ps1'
[2.360s] INFO:colcon.colcon_core.shell:Creating environment descriptor '/ws/src/install/ti_mmwave_ros2_examples/share/ti_mmwave_ros2_examples/hook/cmake_prefix_path.dsv'
[2.361s] INFO:colcon.colcon_core.shell:Creating environment hook '/ws/src/install/ti_mmwave_ros2_examples/share/ti_mmwave_ros2_examples/hook/cmake_prefix_path.sh'
[2.363s] Level 1:colcon.colcon_core.environment:checking '/ws/src/install/ti_mmwave_ros2_examples/lib'
[2.363s] Level 1:colcon.colcon_core.shell:create_environment_hook('ti_mmwave_ros2_examples', 'ld_library_path_lib')
[2.364s] INFO:colcon.colcon_core.shell:Creating environment hook '/ws/src/install/ti_mmwave_ros2_examples/share/ti_mmwave_ros2_examples/hook/ld_library_path_lib.ps1'
[2.365s] INFO:colcon.colcon_core.shell:Creating environment descriptor '/ws/src/install/ti_mmwave_ros2_examples/share/ti_mmwave_ros2_examples/hook/ld_library_path_lib.dsv'
[2.366s] INFO:colcon.colcon_core.shell:Creating environment hook '/ws/src/install/ti_mmwave_ros2_examples/share/ti_mmwave_ros2_examples/hook/ld_library_path_lib.sh'
[2.367s] Level 1:colcon.colcon_core.environment:checking '/ws/src/install/ti_mmwave_ros2_examples/bin'
[2.368s] Level 1:colcon.colcon_core.environment:checking '/ws/src/install/ti_mmwave_ros2_examples/lib/pkgconfig/ti_mmwave_ros2_examples.pc'
[2.368s] Level 1:colcon.colcon_core.environment:checking '/ws/src/install/ti_mmwave_ros2_examples/lib/python3.8/site-packages'
[2.369s] Level 1:colcon.colcon_core.environment:checking '/ws/src/install/ti_mmwave_ros2_examples/bin'
[2.370s] INFO:colcon.colcon_core.shell:Creating package script '/ws/src/install/ti_mmwave_ros2_examples/share/ti_mmwave_ros2_examples/package.ps1'
[2.372s] INFO:colcon.colcon_core.shell:Creating package descriptor '/ws/src/install/ti_mmwave_ros2_examples/share/ti_mmwave_ros2_examples/package.dsv'
[2.373s] INFO:colcon.colcon_core.shell:Creating package script '/ws/src/install/ti_mmwave_ros2_examples/share/ti_mmwave_ros2_examples/package.sh'
[2.375s] INFO:colcon.colcon_core.shell:Creating package script '/ws/src/install/ti_mmwave_ros2_examples/share/ti_mmwave_ros2_examples/package.bash'
[2.376s] INFO:colcon.colcon_core.shell:Creating package script '/ws/src/install/ti_mmwave_ros2_examples/share/ti_mmwave_ros2_examples/package.zsh'
[2.377s] Level 1:colcon.colcon_core.environment:create_file_with_runtime_dependencies(/ws/src/install/ti_mmwave_ros2_examples/share/colcon-core/packages/ti_mmwave_ros2_examples)
[2.387s] DEBUG:colcon.colcon_core.event_handler.log_command:Invoking command in '/ws/src/build/ti_mmwave_ros2_interfaces': CMAKE_PREFIX_PATH=${CMAKE_PREFIX_PATH}:/opt/ros/galactic /usr/local/bin/cmake --install /ws/src/build/ti_mmwave_ros2_interfaces
[2.687s] Level 1:colcon.colcon_core.environment:create_environment_scripts_only(ti_mmwave_ros2_interfaces)
[2.688s] Level 1:colcon.colcon_core.environment:checking '/ws/src/install/ti_mmwave_ros2_interfaces' for CMake module files
[2.690s] DEBUG:colcon.colcon_core.event_handler.log_command:Invoked command in '/ws/src/build/ti_mmwave_ros2_interfaces' returned '0': CMAKE_PREFIX_PATH=${CMAKE_PREFIX_PATH}:/opt/ros/galactic /usr/local/bin/cmake --install /ws/src/build/ti_mmwave_ros2_interfaces
[2.692s] Level 1:colcon.colcon_core.environment:checking '/ws/src/install/ti_mmwave_ros2_interfaces' for CMake config files
[2.694s] Level 1:colcon.colcon_core.shell:create_environment_hook('ti_mmwave_ros2_interfaces', 'cmake_prefix_path')
[2.695s] INFO:colcon.colcon_core.shell:Creating environment hook '/ws/src/install/ti_mmwave_ros2_interfaces/share/ti_mmwave_ros2_interfaces/hook/cmake_prefix_path.ps1'
[2.697s] INFO:colcon.colcon_core.shell:Creating environment descriptor '/ws/src/install/ti_mmwave_ros2_interfaces/share/ti_mmwave_ros2_interfaces/hook/cmake_prefix_path.dsv'
[2.698s] INFO:colcon.colcon_core.shell:Creating environment hook '/ws/src/install/ti_mmwave_ros2_interfaces/share/ti_mmwave_ros2_interfaces/hook/cmake_prefix_path.sh'
[2.700s] Level 1:colcon.colcon_core.environment:checking '/ws/src/install/ti_mmwave_ros2_interfaces/lib'
[2.704s] Level 1:colcon.colcon_core.shell:create_environment_hook('ti_mmwave_ros2_interfaces', 'ld_library_path_lib')
[2.705s] INFO:colcon.colcon_core.shell:Creating environment hook '/ws/src/install/ti_mmwave_ros2_interfaces/share/ti_mmwave_ros2_interfaces/hook/ld_library_path_lib.ps1'
[2.707s] INFO:colcon.colcon_core.shell:Creating environment descriptor '/ws/src/install/ti_mmwave_ros2_interfaces/share/ti_mmwave_ros2_interfaces/hook/ld_library_path_lib.dsv'
[2.708s] INFO:colcon.colcon_core.shell:Creating environment hook '/ws/src/install/ti_mmwave_ros2_interfaces/share/ti_mmwave_ros2_interfaces/hook/ld_library_path_lib.sh'
[2.709s] Level 1:colcon.colcon_core.environment:checking '/ws/src/install/ti_mmwave_ros2_interfaces/bin'
[2.709s] Level 1:colcon.colcon_core.environment:checking '/ws/src/install/ti_mmwave_ros2_interfaces/lib/pkgconfig/ti_mmwave_ros2_interfaces.pc'
[2.711s] Level 1:colcon.colcon_core.environment:checking '/ws/src/install/ti_mmwave_ros2_interfaces/lib/python3.8/site-packages'
[2.711s] Level 1:colcon.colcon_core.shell:create_environment_hook('ti_mmwave_ros2_interfaces', 'pythonpath')
[2.711s] INFO:colcon.colcon_core.shell:Creating environment hook '/ws/src/install/ti_mmwave_ros2_interfaces/share/ti_mmwave_ros2_interfaces/hook/pythonpath.ps1'
[2.713s] INFO:colcon.colcon_core.shell:Creating environment descriptor '/ws/src/install/ti_mmwave_ros2_interfaces/share/ti_mmwave_ros2_interfaces/hook/pythonpath.dsv'
[2.714s] INFO:colcon.colcon_core.shell:Creating environment hook '/ws/src/install/ti_mmwave_ros2_interfaces/share/ti_mmwave_ros2_interfaces/hook/pythonpath.sh'
[2.715s] Level 1:colcon.colcon_core.environment:checking '/ws/src/install/ti_mmwave_ros2_interfaces/bin'
[2.716s] INFO:colcon.colcon_core.shell:Creating package script '/ws/src/install/ti_mmwave_ros2_interfaces/share/ti_mmwave_ros2_interfaces/package.ps1'
[2.718s] INFO:colcon.colcon_core.shell:Creating package descriptor '/ws/src/install/ti_mmwave_ros2_interfaces/share/ti_mmwave_ros2_interfaces/package.dsv'
[2.720s] INFO:colcon.colcon_core.shell:Creating package script '/ws/src/install/ti_mmwave_ros2_interfaces/share/ti_mmwave_ros2_interfaces/package.sh'
[2.721s] INFO:colcon.colcon_core.shell:Creating package script '/ws/src/install/ti_mmwave_ros2_interfaces/share/ti_mmwave_ros2_interfaces/package.bash'
[2.722s] INFO:colcon.colcon_core.shell:Creating package script '/ws/src/install/ti_mmwave_ros2_interfaces/share/ti_mmwave_ros2_interfaces/package.zsh'
[2.723s] Level 1:colcon.colcon_core.environment:create_file_with_runtime_dependencies(/ws/src/install/ti_mmwave_ros2_interfaces/share/colcon-core/packages/ti_mmwave_ros2_interfaces)
[3.080s] Level 1:colcon.colcon_core.environment:create_environment_scripts_only(ti_mmwave_ros2_interfaces)
[3.081s] Level 1:colcon.colcon_core.environment:checking '/ws/src/install/ti_mmwave_ros2_interfaces' for CMake module files
[3.084s] Level 1:colcon.colcon_core.environment:checking '/ws/src/install/ti_mmwave_ros2_interfaces' for CMake config files
[3.086s] Level 1:colcon.colcon_core.shell:create_environment_hook('ti_mmwave_ros2_interfaces', 'cmake_prefix_path')
[3.087s] INFO:colcon.colcon_core.shell:Creating environment hook '/ws/src/install/ti_mmwave_ros2_interfaces/share/ti_mmwave_ros2_interfaces/hook/cmake_prefix_path.ps1'
[3.088s] INFO:colcon.colcon_core.shell:Creating environment descriptor '/ws/src/install/ti_mmwave_ros2_interfaces/share/ti_mmwave_ros2_interfaces/hook/cmake_prefix_path.dsv'
[3.090s] INFO:colcon.colcon_core.shell:Creating environment hook '/ws/src/install/ti_mmwave_ros2_interfaces/share/ti_mmwave_ros2_interfaces/hook/cmake_prefix_path.sh'
[3.092s] Level 1:colcon.colcon_core.environment:checking '/ws/src/install/ti_mmwave_ros2_interfaces/lib'
[3.092s] Level 1:colcon.colcon_core.shell:create_environment_hook('ti_mmwave_ros2_interfaces', 'ld_library_path_lib')
[3.093s] INFO:colcon.colcon_core.shell:Creating environment hook '/ws/src/install/ti_mmwave_ros2_interfaces/share/ti_mmwave_ros2_interfaces/hook/ld_library_path_lib.ps1'
[3.094s] INFO:colcon.colcon_core.shell:Creating environment descriptor '/ws/src/install/ti_mmwave_ros2_interfaces/share/ti_mmwave_ros2_interfaces/hook/ld_library_path_lib.dsv'
[3.095s] INFO:colcon.colcon_core.shell:Creating environment hook '/ws/src/install/ti_mmwave_ros2_interfaces/share/ti_mmwave_ros2_interfaces/hook/ld_library_path_lib.sh'
[3.097s] Level 1:colcon.colcon_core.environment:checking '/ws/src/install/ti_mmwave_ros2_interfaces/bin'
[3.097s] Level 1:colcon.colcon_core.environment:checking '/ws/src/install/ti_mmwave_ros2_interfaces/lib/pkgconfig/ti_mmwave_ros2_interfaces.pc'
[3.098s] Level 1:colcon.colcon_core.environment:checking '/ws/src/install/ti_mmwave_ros2_interfaces/lib/python3.8/site-packages'
[3.098s] Level 1:colcon.colcon_core.shell:create_environment_hook('ti_mmwave_ros2_interfaces', 'pythonpath')
[3.099s] INFO:colcon.colcon_core.shell:Creating environment hook '/ws/src/install/ti_mmwave_ros2_interfaces/share/ti_mmwave_ros2_interfaces/hook/pythonpath.ps1'
[3.100s] INFO:colcon.colcon_core.shell:Creating environment descriptor '/ws/src/install/ti_mmwave_ros2_interfaces/share/ti_mmwave_ros2_interfaces/hook/pythonpath.dsv'
[3.101s] INFO:colcon.colcon_core.shell:Creating environment hook '/ws/src/install/ti_mmwave_ros2_interfaces/share/ti_mmwave_ros2_interfaces/hook/pythonpath.sh'
[3.103s] Level 1:colcon.colcon_core.environment:checking '/ws/src/install/ti_mmwave_ros2_interfaces/bin'
[3.104s] INFO:colcon.colcon_core.shell:Creating package script '/ws/src/install/ti_mmwave_ros2_interfaces/share/ti_mmwave_ros2_interfaces/package.ps1'
[3.105s] INFO:colcon.colcon_core.shell:Creating package descriptor '/ws/src/install/ti_mmwave_ros2_interfaces/share/ti_mmwave_ros2_interfaces/package.dsv'
[3.107s] INFO:colcon.colcon_core.shell:Creating package script '/ws/src/install/ti_mmwave_ros2_interfaces/share/ti_mmwave_ros2_interfaces/package.sh'
[3.108s] INFO:colcon.colcon_core.shell:Creating package script '/ws/src/install/ti_mmwave_ros2_interfaces/share/ti_mmwave_ros2_interfaces/package.bash'
[3.110s] INFO:colcon.colcon_core.shell:Creating package script '/ws/src/install/ti_mmwave_ros2_interfaces/share/ti_mmwave_ros2_interfaces/package.zsh'
[3.111s] Level 1:colcon.colcon_core.environment:create_file_with_runtime_dependencies(/ws/src/install/ti_mmwave_ros2_interfaces/share/colcon-core/packages/ti_mmwave_ros2_interfaces)
[3.112s] INFO:colcon.colcon_ros.task.ament_cmake.build:Building ROS package in '/ws/src/mmwave_ti_ros/ti_mmwave_ros2_pkg' with build type 'ament_cmake'
[3.113s] INFO:colcon.colcon_cmake.task.cmake.build:Building CMake package in '/ws/src/mmwave_ti_ros/ti_mmwave_ros2_pkg'
[3.114s] INFO:colcon.colcon_core.shell:Skip shell extension 'powershell' for command environment: Not usable outside of PowerShell
[3.114s] DEBUG:colcon.colcon_core.shell:Skip shell extension 'dsv' for command environment
[3.189s] DEBUG:colcon.colcon_core.event_handler.log_command:Invoking command in '/ws/src/build/ti_mmwave_ros2_pkg': CMAKE_PREFIX_PATH=/ws/src/install/ti_mmwave_ros2_interfaces:/ws/src/install/ti_mmwave_ros2_pkg:/ws/src/install/ti_mmwave_ros2_examples:/ws/src/install/serial:/opt/ros/galactic/install:/opt/ros/galactic LD_LIBRARY_PATH=/ws/src/install/ti_mmwave_ros2_interfaces/lib:/ws/src/install/ti_mmwave_ros2_pkg/lib:/ws/src/install/ti_mmwave_ros2_examples/lib:/ws/src/install/serial/lib:/opt/ros/galactic/opt/yaml_cpp_vendor/lib:/opt/ros/galactic/opt/rviz_ogre_vendor/lib:/opt/ros/galactic/lib/aarch64-linux-gnu:/opt/ros/galactic/lib:/opt/ros/galactic/install/opt/yaml_cpp_vendor/lib:/opt/ros/galactic/install/opt/rviz_ogre_vendor/lib:/opt/ros/galactic/install/lib:/usr/local/cuda/lib64 /usr/local/bin/cmake --build /ws/src/build/ti_mmwave_ros2_pkg -- -j4 -l4
[3.572s] DEBUG:colcon.colcon_core.event_handler.log_command:Invoked command in '/ws/src/build/ti_mmwave_ros2_pkg' returned '0': CMAKE_PREFIX_PATH=/ws/src/install/ti_mmwave_ros2_interfaces:/ws/src/install/ti_mmwave_ros2_pkg:/ws/src/install/ti_mmwave_ros2_examples:/ws/src/install/serial:/opt/ros/galactic/install:/opt/ros/galactic LD_LIBRARY_PATH=/ws/src/install/ti_mmwave_ros2_interfaces/lib:/ws/src/install/ti_mmwave_ros2_pkg/lib:/ws/src/install/ti_mmwave_ros2_examples/lib:/ws/src/install/serial/lib:/opt/ros/galactic/opt/yaml_cpp_vendor/lib:/opt/ros/galactic/opt/rviz_ogre_vendor/lib:/opt/ros/galactic/lib/aarch64-linux-gnu:/opt/ros/galactic/lib:/opt/ros/galactic/install/opt/yaml_cpp_vendor/lib:/opt/ros/galactic/install/opt/rviz_ogre_vendor/lib:/opt/ros/galactic/install/lib:/usr/local/cuda/lib64 /usr/local/bin/cmake --build /ws/src/build/ti_mmwave_ros2_pkg -- -j4 -l4
[3.803s] DEBUG:colcon.colcon_core.event_handler.log_command:Invoking command in '/ws/src/build/ti_mmwave_ros2_pkg': CMAKE_PREFIX_PATH=/ws/src/install/ti_mmwave_ros2_interfaces:/ws/src/install/ti_mmwave_ros2_pkg:/ws/src/install/ti_mmwave_ros2_examples:/ws/src/install/serial:/opt/ros/galactic/install:/opt/ros/galactic LD_LIBRARY_PATH=/ws/src/install/ti_mmwave_ros2_interfaces/lib:/ws/src/install/ti_mmwave_ros2_pkg/lib:/ws/src/install/ti_mmwave_ros2_examples/lib:/ws/src/install/serial/lib:/opt/ros/galactic/opt/yaml_cpp_vendor/lib:/opt/ros/galactic/opt/rviz_ogre_vendor/lib:/opt/ros/galactic/lib/aarch64-linux-gnu:/opt/ros/galactic/lib:/opt/ros/galactic/install/opt/yaml_cpp_vendor/lib:/opt/ros/galactic/install/opt/rviz_ogre_vendor/lib:/opt/ros/galactic/install/lib:/usr/local/cuda/lib64 /usr/local/bin/cmake --install /ws/src/build/ti_mmwave_ros2_pkg
[3.949s] Level 1:colcon.colcon_core.environment:create_environment_scripts_only(ti_mmwave_ros2_pkg)
[3.950s] Level 1:colcon.colcon_core.environment:checking '/ws/src/install/ti_mmwave_ros2_pkg' for CMake module files
[3.952s] DEBUG:colcon.colcon_core.event_handler.log_command:Invoked command in '/ws/src/build/ti_mmwave_ros2_pkg' returned '0': CMAKE_PREFIX_PATH=/ws/src/install/ti_mmwave_ros2_interfaces:/ws/src/install/ti_mmwave_ros2_pkg:/ws/src/install/ti_mmwave_ros2_examples:/ws/src/install/serial:/opt/ros/galactic/install:/opt/ros/galactic LD_LIBRARY_PATH=/ws/src/install/ti_mmwave_ros2_interfaces/lib:/ws/src/install/ti_mmwave_ros2_pkg/lib:/ws/src/install/ti_mmwave_ros2_examples/lib:/ws/src/install/serial/lib:/opt/ros/galactic/opt/yaml_cpp_vendor/lib:/opt/ros/galactic/opt/rviz_ogre_vendor/lib:/opt/ros/galactic/lib/aarch64-linux-gnu:/opt/ros/galactic/lib:/opt/ros/galactic/install/opt/yaml_cpp_vendor/lib:/opt/ros/galactic/install/opt/rviz_ogre_vendor/lib:/opt/ros/galactic/install/lib:/usr/local/cuda/lib64 /usr/local/bin/cmake --install /ws/src/build/ti_mmwave_ros2_pkg
[3.954s] Level 1:colcon.colcon_core.environment:checking '/ws/src/install/ti_mmwave_ros2_pkg' for CMake config files
[3.955s] Level 1:colcon.colcon_core.shell:create_environment_hook('ti_mmwave_ros2_pkg', 'cmake_prefix_path')
[3.956s] INFO:colcon.colcon_core.shell:Creating environment hook '/ws/src/install/ti_mmwave_ros2_pkg/share/ti_mmwave_ros2_pkg/hook/cmake_prefix_path.ps1'
[3.958s] INFO:colcon.colcon_core.shell:Creating environment descriptor '/ws/src/install/ti_mmwave_ros2_pkg/share/ti_mmwave_ros2_pkg/hook/cmake_prefix_path.dsv'
[3.960s] INFO:colcon.colcon_core.shell:Creating environment hook '/ws/src/install/ti_mmwave_ros2_pkg/share/ti_mmwave_ros2_pkg/hook/cmake_prefix_path.sh'
[3.965s] Level 1:colcon.colcon_core.environment:checking '/ws/src/install/ti_mmwave_ros2_pkg/lib'
[3.965s] Level 1:colcon.colcon_core.shell:create_environment_hook('ti_mmwave_ros2_pkg', 'ld_library_path_lib')
[3.966s] INFO:colcon.colcon_core.shell:Creating environment hook '/ws/src/install/ti_mmwave_ros2_pkg/share/ti_mmwave_ros2_pkg/hook/ld_library_path_lib.ps1'
[3.967s] INFO:colcon.colcon_core.shell:Creating environment descriptor '/ws/src/install/ti_mmwave_ros2_pkg/share/ti_mmwave_ros2_pkg/hook/ld_library_path_lib.dsv'
[3.968s] INFO:colcon.colcon_core.shell:Creating environment hook '/ws/src/install/ti_mmwave_ros2_pkg/share/ti_mmwave_ros2_pkg/hook/ld_library_path_lib.sh'
[3.969s] Level 1:colcon.colcon_core.environment:checking '/ws/src/install/ti_mmwave_ros2_pkg/bin'
[3.969s] Level 1:colcon.colcon_core.environment:checking '/ws/src/install/ti_mmwave_ros2_pkg/lib/pkgconfig/ti_mmwave_ros2_pkg.pc'
[3.970s] Level 1:colcon.colcon_core.environment:checking '/ws/src/install/ti_mmwave_ros2_pkg/lib/python3.8/site-packages'
[3.970s] Level 1:colcon.colcon_core.environment:checking '/ws/src/install/ti_mmwave_ros2_pkg/bin'
[3.971s] INFO:colcon.colcon_core.shell:Creating package script '/ws/src/install/ti_mmwave_ros2_pkg/share/ti_mmwave_ros2_pkg/package.ps1'
[3.973s] INFO:colcon.colcon_core.shell:Creating package descriptor '/ws/src/install/ti_mmwave_ros2_pkg/share/ti_mmwave_ros2_pkg/package.dsv'
[3.974s] INFO:colcon.colcon_core.shell:Creating package script '/ws/src/install/ti_mmwave_ros2_pkg/share/ti_mmwave_ros2_pkg/package.sh'
[3.979s] INFO:colcon.colcon_core.shell:Creating package script '/ws/src/install/ti_mmwave_ros2_pkg/share/ti_mmwave_ros2_pkg/package.bash'
[3.980s] INFO:colcon.colcon_core.shell:Creating package script '/ws/src/install/ti_mmwave_ros2_pkg/share/ti_mmwave_ros2_pkg/package.zsh'
[3.981s] Level 1:colcon.colcon_core.environment:create_file_with_runtime_dependencies(/ws/src/install/ti_mmwave_ros2_pkg/share/colcon-core/packages/ti_mmwave_ros2_pkg)
[4.208s] Level 1:colcon.colcon_core.environment:create_environment_scripts_only(ti_mmwave_ros2_pkg)
[4.209s] Level 1:colcon.colcon_core.environment:checking '/ws/src/install/ti_mmwave_ros2_pkg' for CMake module files
[4.211s] Level 1:colcon.colcon_core.environment:checking '/ws/src/install/ti_mmwave_ros2_pkg' for CMake config files
[4.213s] Level 1:colcon.colcon_core.shell:create_environment_hook('ti_mmwave_ros2_pkg', 'cmake_prefix_path')
[4.214s] INFO:colcon.colcon_core.shell:Creating environment hook '/ws/src/install/ti_mmwave_ros2_pkg/share/ti_mmwave_ros2_pkg/hook/cmake_prefix_path.ps1'
[4.215s] INFO:colcon.colcon_core.shell:Creating environment descriptor '/ws/src/install/ti_mmwave_ros2_pkg/share/ti_mmwave_ros2_pkg/hook/cmake_prefix_path.dsv'
[4.216s] INFO:colcon.colcon_core.shell:Creating environment hook '/ws/src/install/ti_mmwave_ros2_pkg/share/ti_mmwave_ros2_pkg/hook/cmake_prefix_path.sh'
[4.218s] Level 1:colcon.colcon_core.environment:checking '/ws/src/install/ti_mmwave_ros2_pkg/lib'
[4.218s] Level 1:colcon.colcon_core.shell:create_environment_hook('ti_mmwave_ros2_pkg', 'ld_library_path_lib')
[4.219s] INFO:colcon.colcon_core.shell:Creating environment hook '/ws/src/install/ti_mmwave_ros2_pkg/share/ti_mmwave_ros2_pkg/hook/ld_library_path_lib.ps1'
[4.220s] INFO:colcon.colcon_core.shell:Creating environment descriptor '/ws/src/install/ti_mmwave_ros2_pkg/share/ti_mmwave_ros2_pkg/hook/ld_library_path_lib.dsv'
[4.222s] INFO:colcon.colcon_core.shell:Creating environment hook '/ws/src/install/ti_mmwave_ros2_pkg/share/ti_mmwave_ros2_pkg/hook/ld_library_path_lib.sh'
[4.223s] Level 1:colcon.colcon_core.environment:checking '/ws/src/install/ti_mmwave_ros2_pkg/bin'
[4.223s] Level 1:colcon.colcon_core.environment:checking '/ws/src/install/ti_mmwave_ros2_pkg/lib/pkgconfig/ti_mmwave_ros2_pkg.pc'
[4.224s] Level 1:colcon.colcon_core.environment:checking '/ws/src/install/ti_mmwave_ros2_pkg/lib/python3.8/site-packages'
[4.224s] Level 1:colcon.colcon_core.environment:checking '/ws/src/install/ti_mmwave_ros2_pkg/bin'
[4.225s] INFO:colcon.colcon_core.shell:Creating package script '/ws/src/install/ti_mmwave_ros2_pkg/share/ti_mmwave_ros2_pkg/package.ps1'
[4.227s] INFO:colcon.colcon_core.shell:Creating package descriptor '/ws/src/install/ti_mmwave_ros2_pkg/share/ti_mmwave_ros2_pkg/package.dsv'
[4.229s] INFO:colcon.colcon_core.shell:Creating package script '/ws/src/install/ti_mmwave_ros2_pkg/share/ti_mmwave_ros2_pkg/package.sh'
[4.230s] INFO:colcon.colcon_core.shell:Creating package script '/ws/src/install/ti_mmwave_ros2_pkg/share/ti_mmwave_ros2_pkg/package.bash'
[4.231s] INFO:colcon.colcon_core.shell:Creating package script '/ws/src/install/ti_mmwave_ros2_pkg/share/ti_mmwave_ros2_pkg/package.zsh'
[4.232s] Level 1:colcon.colcon_core.environment:create_file_with_runtime_dependencies(/ws/src/install/ti_mmwave_ros2_pkg/share/colcon-core/packages/ti_mmwave_ros2_pkg)
[4.233s] DEBUG:colcon.colcon_parallel_executor.executor.parallel:closing loop
[4.234s] DEBUG:colcon.colcon_parallel_executor.executor.parallel:loop closed
[4.235s] DEBUG:colcon.colcon_parallel_executor.executor.parallel:run_until_complete finished with '0'
[4.235s] DEBUG:colcon.colcon_core.event_reactor:joining thread
[4.255s] INFO:colcon.colcon_core.plugin_system:Skipping extension 'colcon_notification.desktop_notification.notify_send': Could not find 'notify-send'
[4.255s] INFO:colcon.colcon_core.plugin_system:Skipping extension 'colcon_notification.desktop_notification.terminal_notifier': Not used on non-Darwin systems
[4.255s] INFO:colcon.colcon_core.plugin_system:Skipping extension 'colcon_notification.desktop_notification.win32': Not used on non-Windows systems
[4.256s] INFO:colcon.colcon_notification.desktop_notification:Sending desktop notification using 'notify2'
[4.285s] DEBUG:colcon.colcon_notification.desktop_notification.notify2:Failed to initialize notify2: org.freedesktop.DBus.Error.ServiceUnknown: The name org.freedesktop.Notifications was not provided by any .service files
[4.286s] DEBUG:colcon.colcon_core.event_reactor:joined thread
[4.287s] INFO:colcon.colcon_core.shell:Creating prefix script '/ws/src/install/local_setup.ps1'
[4.291s] INFO:colcon.colcon_core.shell:Creating prefix util module '/ws/src/install/_local_setup_util_ps1.py'
[4.294s] INFO:colcon.colcon_core.shell:Creating prefix chain script '/ws/src/install/setup.ps1'
[4.299s] INFO:colcon.colcon_core.shell:Creating prefix script '/ws/src/install/local_setup.sh'
[4.300s] INFO:colcon.colcon_core.shell:Creating prefix util module '/ws/src/install/_local_setup_util_sh.py'
[4.301s] INFO:colcon.colcon_core.shell:Creating prefix chain script '/ws/src/install/setup.sh'
[4.305s] INFO:colcon.colcon_core.shell:Creating prefix script '/ws/src/install/local_setup.bash'
[4.307s] INFO:colcon.colcon_core.shell:Creating prefix chain script '/ws/src/install/setup.bash'
[4.310s] INFO:colcon.colcon_core.shell:Creating prefix script '/ws/src/install/local_setup.zsh'
[4.312s] INFO:colcon.colcon_core.shell:Creating prefix chain script '/ws/src/install/setup.zsh'
