[  2%] Built target ti_mmwave_ros2_interfaces__cpp
[ 12%] Built target ti_mmwave_ros2_interfaces__rosidl_generator_c
[ 35%] Built target ti_mmwave_ros2_interfaces__rosidl_typesupport_fastrtps_cpp
[ 38%] Built target ti_mmwave_ros2_interfaces__rosidl_typesupport_cpp
[ 43%] Built target ti_mmwave_ros2_interfaces__rosidl_typesupport_introspection_cpp
[ 53%] Built target ti_mmwave_ros2_interfaces__rosidl_typesupport_c
[ 64%] Built target ti_mmwave_ros2_interfaces__rosidl_typesupport_introspection_c
[ 74%] Built target ti_mmwave_ros2_interfaces__rosidl_typesupport_fastrtps_c
[ 74%] Built target ti_mmwave_ros2_interfaces
[ 76%] Built target ti_mmwave_ros2_interfaces__py
[ 84%] Built target ti_mmwave_ros2_interfaces__python
[100%] Built target ti_mmwave_ros2_interfaces__rosidl_typesupport_introspection_c__pyext
[100%] Built target ti_mmwave_ros2_interfaces__rosidl_typesupport_c__pyext
[100%] Built target ti_mmwave_ros2_interfaces__rosidl_typesupport_fastrtps_c__pyext
-- Install configuration: ""
-- Execute custom install script
-- Up-to-date symlink: /ws/src/install/ti_mmwave_ros2_interfaces/share/ament_index/resource_index/rosidl_interfaces/ti_mmwave_ros2_interfaces
-- Up-to-date symlink: /ws/src/install/ti_mmwave_ros2_interfaces/include/ti_mmwave_ros2_interfaces/msg/detail/radar_scan__functions.h
-- Up-to-date symlink: /ws/src/install/ti_mmwave_ros2_interfaces/include/ti_mmwave_ros2_interfaces/msg/detail/radar_scan__struct.h
-- Up-to-date symlink: /ws/src/install/ti_mmwave_ros2_interfaces/include/ti_mmwave_ros2_interfaces/msg/detail/radar_scan__type_support.h
-- Up-to-date symlink: /ws/src/install/ti_mmwave_ros2_interfaces/include/ti_mmwave_ros2_interfaces/msg/radar_scan.h
-- Up-to-date symlink: /ws/src/install/ti_mmwave_ros2_interfaces/include/ti_mmwave_ros2_interfaces/msg/rosidl_generator_c__visibility_control.h
-- Up-to-date symlink: /ws/src/install/ti_mmwave_ros2_interfaces/include/ti_mmwave_ros2_interfaces/srv/detail/mm_wave_cli__functions.h
-- Up-to-date symlink: /ws/src/install/ti_mmwave_ros2_interfaces/include/ti_mmwave_ros2_interfaces/srv/detail/mm_wave_cli__struct.h
-- Up-to-date symlink: /ws/src/install/ti_mmwave_ros2_interfaces/include/ti_mmwave_ros2_interfaces/srv/detail/mm_wave_cli__type_support.h
-- Up-to-date symlink: /ws/src/install/ti_mmwave_ros2_interfaces/include/ti_mmwave_ros2_interfaces/srv/mm_wave_cli.h
-- Up-to-date symlink: /ws/src/install/ti_mmwave_ros2_interfaces/share/ti_mmwave_ros2_interfaces/environment/library_path.sh
-- Up-to-date symlink: /ws/src/install/ti_mmwave_ros2_interfaces/share/ti_mmwave_ros2_interfaces/environment/library_path.dsv
-- Up-to-date symlink: /ws/src/install/ti_mmwave_ros2_interfaces/include/ti_mmwave_ros2_interfaces/msg/detail/radar_scan__rosidl_typesupport_fastrtps_c.h
-- Up-to-date symlink: /ws/src/install/ti_mmwave_ros2_interfaces/include/ti_mmwave_ros2_interfaces/msg/rosidl_typesupport_fastrtps_c__visibility_control.h
-- Up-to-date symlink: /ws/src/install/ti_mmwave_ros2_interfaces/include/ti_mmwave_ros2_interfaces/srv/detail/mm_wave_cli__rosidl_typesupport_fastrtps_c.h
-- Up-to-date symlink: /ws/src/install/ti_mmwave_ros2_interfaces/lib/libti_mmwave_ros2_interfaces__rosidl_typesupport_fastrtps_c.so
-- Up-to-date symlink: /ws/src/install/ti_mmwave_ros2_interfaces/include/ti_mmwave_ros2_interfaces/msg/detail/radar_scan__rosidl_typesupport_fastrtps_cpp.hpp
-- Up-to-date symlink: /ws/src/install/ti_mmwave_ros2_interfaces/include/ti_mmwave_ros2_interfaces/msg/rosidl_typesupport_fastrtps_cpp__visibility_control.h
-- Up-to-date symlink: /ws/src/install/ti_mmwave_ros2_interfaces/include/ti_mmwave_ros2_interfaces/srv/detail/mm_wave_cli__rosidl_typesupport_fastrtps_cpp.hpp
-- Up-to-date symlink: /ws/src/install/ti_mmwave_ros2_interfaces/lib/libti_mmwave_ros2_interfaces__rosidl_typesupport_fastrtps_cpp.so
-- Up-to-date symlink: /ws/src/install/ti_mmwave_ros2_interfaces/include/ti_mmwave_ros2_interfaces/msg/detail/radar_scan__rosidl_typesupport_introspection_c.h
-- Up-to-date symlink: /ws/src/install/ti_mmwave_ros2_interfaces/include/ti_mmwave_ros2_interfaces/msg/rosidl_typesupport_introspection_c__visibility_control.h
-- Up-to-date symlink: /ws/src/install/ti_mmwave_ros2_interfaces/include/ti_mmwave_ros2_interfaces/srv/detail/mm_wave_cli__rosidl_typesupport_introspection_c.h
-- Up-to-date symlink: /ws/src/install/ti_mmwave_ros2_interfaces/include/ti_mmwave_ros2_interfaces/msg/detail/radar_scan__builder.hpp
-- Up-to-date symlink: /ws/src/install/ti_mmwave_ros2_interfaces/include/ti_mmwave_ros2_interfaces/msg/detail/radar_scan__struct.hpp
-- Up-to-date symlink: /ws/src/install/ti_mmwave_ros2_interfaces/include/ti_mmwave_ros2_interfaces/msg/detail/radar_scan__traits.hpp
-- Up-to-date symlink: /ws/src/install/ti_mmwave_ros2_interfaces/include/ti_mmwave_ros2_interfaces/msg/radar_scan.hpp
-- Up-to-date symlink: /ws/src/install/ti_mmwave_ros2_interfaces/include/ti_mmwave_ros2_interfaces/srv/detail/mm_wave_cli__builder.hpp
-- Up-to-date symlink: /ws/src/install/ti_mmwave_ros2_interfaces/include/ti_mmwave_ros2_interfaces/srv/detail/mm_wave_cli__struct.hpp
-- Up-to-date symlink: /ws/src/install/ti_mmwave_ros2_interfaces/include/ti_mmwave_ros2_interfaces/srv/detail/mm_wave_cli__traits.hpp
-- Up-to-date symlink: /ws/src/install/ti_mmwave_ros2_interfaces/include/ti_mmwave_ros2_interfaces/srv/mm_wave_cli.hpp
-- Up-to-date symlink: /ws/src/install/ti_mmwave_ros2_interfaces/include/ti_mmwave_ros2_interfaces/msg/detail/radar_scan__rosidl_typesupport_introspection_cpp.hpp
-- Up-to-date symlink: /ws/src/install/ti_mmwave_ros2_interfaces/include/ti_mmwave_ros2_interfaces/srv/detail/mm_wave_cli__rosidl_typesupport_introspection_cpp.hpp
-- Up-to-date symlink: /ws/src/install/ti_mmwave_ros2_interfaces/share/ti_mmwave_ros2_interfaces/environment/pythonpath.sh
-- Up-to-date symlink: /ws/src/install/ti_mmwave_ros2_interfaces/share/ti_mmwave_ros2_interfaces/environment/pythonpath.dsv
-- Up-to-date symlink: /ws/src/install/ti_mmwave_ros2_interfaces/lib/python3.8/site-packages/ti_mmwave_ros2_interfaces/__init__.py
-- Up-to-date symlink: /ws/src/install/ti_mmwave_ros2_interfaces/lib/python3.8/site-packages/ti_mmwave_ros2_interfaces/msg/__init__.py
-- Up-to-date symlink: /ws/src/install/ti_mmwave_ros2_interfaces/lib/python3.8/site-packages/ti_mmwave_ros2_interfaces/msg/_radar_scan.py
-- Up-to-date symlink: /ws/src/install/ti_mmwave_ros2_interfaces/lib/python3.8/site-packages/ti_mmwave_ros2_interfaces/srv/__init__.py
-- Up-to-date symlink: /ws/src/install/ti_mmwave_ros2_interfaces/lib/python3.8/site-packages/ti_mmwave_ros2_interfaces/srv/_mm_wave_cli.py
-- Up-to-date symlink: /ws/src/install/ti_mmwave_ros2_interfaces/lib/python3.8/site-packages/ti_mmwave_ros2_interfaces/ti_mmwave_ros2_interfaces_s__rosidl_typesupport_fastrtps_c.cpython-38-aarch64-linux-gnu.so
-- Up-to-date symlink: /ws/src/install/ti_mmwave_ros2_interfaces/lib/python3.8/site-packages/ti_mmwave_ros2_interfaces/ti_mmwave_ros2_interfaces_s__rosidl_typesupport_introspection_c.cpython-38-aarch64-linux-gnu.so
-- Up-to-date symlink: /ws/src/install/ti_mmwave_ros2_interfaces/lib/python3.8/site-packages/ti_mmwave_ros2_interfaces/ti_mmwave_ros2_interfaces_s__rosidl_typesupport_c.cpython-38-aarch64-linux-gnu.so
-- Up-to-date symlink: /ws/src/install/ti_mmwave_ros2_interfaces/lib/libti_mmwave_ros2_interfaces__python.so
-- Up-to-date symlink: /ws/src/install/ti_mmwave_ros2_interfaces/share/ti_mmwave_ros2_interfaces/msg/RadarScan.idl
-- Up-to-date symlink: /ws/src/install/ti_mmwave_ros2_interfaces/share/ti_mmwave_ros2_interfaces/srv/MMWaveCLI.idl
-- Up-to-date symlink: /ws/src/install/ti_mmwave_ros2_interfaces/share/ti_mmwave_ros2_interfaces/msg/RadarScan.msg
-- Up-to-date symlink: /ws/src/install/ti_mmwave_ros2_interfaces/share/ti_mmwave_ros2_interfaces/srv/MMWaveCLI.srv
-- Up-to-date symlink: /ws/src/install/ti_mmwave_ros2_interfaces/share/ti_mmwave_ros2_interfaces/srv/MMWaveCLI_Request.msg
-- Up-to-date symlink: /ws/src/install/ti_mmwave_ros2_interfaces/share/ti_mmwave_ros2_interfaces/srv/MMWaveCLI_Response.msg
-- Up-to-date symlink: /ws/src/install/ti_mmwave_ros2_interfaces/share/ament_index/resource_index/package_run_dependencies/ti_mmwave_ros2_interfaces
-- Up-to-date symlink: /ws/src/install/ti_mmwave_ros2_interfaces/share/ament_index/resource_index/parent_prefix_path/ti_mmwave_ros2_interfaces
-- Up-to-date symlink: /ws/src/install/ti_mmwave_ros2_interfaces/share/ti_mmwave_ros2_interfaces/environment/ament_prefix_path.sh
-- Up-to-date symlink: /ws/src/install/ti_mmwave_ros2_interfaces/share/ti_mmwave_ros2_interfaces/environment/ament_prefix_path.dsv
-- Up-to-date symlink: /ws/src/install/ti_mmwave_ros2_interfaces/share/ti_mmwave_ros2_interfaces/environment/path.sh
-- Up-to-date symlink: /ws/src/install/ti_mmwave_ros2_interfaces/share/ti_mmwave_ros2_interfaces/environment/path.dsv
-- Up-to-date symlink: /ws/src/install/ti_mmwave_ros2_interfaces/share/ti_mmwave_ros2_interfaces/local_setup.bash
-- Up-to-date symlink: /ws/src/install/ti_mmwave_ros2_interfaces/share/ti_mmwave_ros2_interfaces/local_setup.sh
-- Up-to-date symlink: /ws/src/install/ti_mmwave_ros2_interfaces/share/ti_mmwave_ros2_interfaces/local_setup.zsh
-- Up-to-date symlink: /ws/src/install/ti_mmwave_ros2_interfaces/share/ti_mmwave_ros2_interfaces/local_setup.dsv
-- Symlinking: /ws/src/install/ti_mmwave_ros2_interfaces/share/ti_mmwave_ros2_interfaces/package.dsv
-- Up-to-date symlink: /ws/src/install/ti_mmwave_ros2_interfaces/share/ament_index/resource_index/packages/ti_mmwave_ros2_interfaces
-- Up-to-date symlink: /ws/src/install/ti_mmwave_ros2_interfaces/share/ti_mmwave_ros2_interfaces/cmake/rosidl_cmake-extras.cmake
-- Up-to-date symlink: /ws/src/install/ti_mmwave_ros2_interfaces/share/ti_mmwave_ros2_interfaces/cmake/ament_cmake_export_dependencies-extras.cmake
-- Up-to-date symlink: /ws/src/install/ti_mmwave_ros2_interfaces/share/ti_mmwave_ros2_interfaces/cmake/ament_cmake_export_libraries-extras.cmake
-- Up-to-date symlink: /ws/src/install/ti_mmwave_ros2_interfaces/share/ti_mmwave_ros2_interfaces/cmake/ament_cmake_export_targets-extras.cmake
-- Up-to-date symlink: /ws/src/install/ti_mmwave_ros2_interfaces/share/ti_mmwave_ros2_interfaces/cmake/ament_cmake_export_include_directories-extras.cmake
-- Up-to-date symlink: /ws/src/install/ti_mmwave_ros2_interfaces/share/ti_mmwave_ros2_interfaces/cmake/rosidl_cmake_export_typesupport_libraries-extras.cmake
-- Up-to-date symlink: /ws/src/install/ti_mmwave_ros2_interfaces/share/ti_mmwave_ros2_interfaces/cmake/rosidl_cmake_export_typesupport_targets-extras.cmake
-- Up-to-date symlink: /ws/src/install/ti_mmwave_ros2_interfaces/share/ti_mmwave_ros2_interfaces/cmake/ti_mmwave_ros2_interfacesConfig.cmake
-- Up-to-date symlink: /ws/src/install/ti_mmwave_ros2_interfaces/share/ti_mmwave_ros2_interfaces/cmake/ti_mmwave_ros2_interfacesConfig-version.cmake
-- Up-to-date symlink: /ws/src/install/ti_mmwave_ros2_interfaces/share/ti_mmwave_ros2_interfaces/package.xml
-- Up-to-date: /ws/src/install/ti_mmwave_ros2_interfaces/lib/libti_mmwave_ros2_interfaces__rosidl_generator_c.so
-- Up-to-date: /ws/src/install/ti_mmwave_ros2_interfaces/lib/libti_mmwave_ros2_interfaces__rosidl_typesupport_introspection_c.so
-- Up-to-date: /ws/src/install/ti_mmwave_ros2_interfaces/lib/libti_mmwave_ros2_interfaces__rosidl_typesupport_c.so
-- Up-to-date: /ws/src/install/ti_mmwave_ros2_interfaces/lib/libti_mmwave_ros2_interfaces__rosidl_typesupport_introspection_cpp.so
-- Up-to-date: /ws/src/install/ti_mmwave_ros2_interfaces/lib/libti_mmwave_ros2_interfaces__rosidl_typesupport_cpp.so
-- Up-to-date: /ws/src/install/ti_mmwave_ros2_interfaces/share/ti_mmwave_ros2_interfaces/cmake/ti_mmwave_ros2_interfaces__rosidl_generator_cExport.cmake
-- Up-to-date: /ws/src/install/ti_mmwave_ros2_interfaces/share/ti_mmwave_ros2_interfaces/cmake/ti_mmwave_ros2_interfaces__rosidl_generator_cExport-noconfig.cmake
-- Up-to-date: /ws/src/install/ti_mmwave_ros2_interfaces/share/ti_mmwave_ros2_interfaces/cmake/ti_mmwave_ros2_interfaces__rosidl_typesupport_introspection_cExport.cmake
-- Up-to-date: /ws/src/install/ti_mmwave_ros2_interfaces/share/ti_mmwave_ros2_interfaces/cmake/ti_mmwave_ros2_interfaces__rosidl_typesupport_introspection_cExport-noconfig.cmake
-- Up-to-date: /ws/src/install/ti_mmwave_ros2_interfaces/share/ti_mmwave_ros2_interfaces/cmake/ti_mmwave_ros2_interfaces__rosidl_typesupport_cExport.cmake
-- Up-to-date: /ws/src/install/ti_mmwave_ros2_interfaces/share/ti_mmwave_ros2_interfaces/cmake/ti_mmwave_ros2_interfaces__rosidl_typesupport_cExport-noconfig.cmake
-- Up-to-date: /ws/src/install/ti_mmwave_ros2_interfaces/share/ti_mmwave_ros2_interfaces/cmake/ti_mmwave_ros2_interfaces__rosidl_generator_cppExport.cmake
-- Up-to-date: /ws/src/install/ti_mmwave_ros2_interfaces/share/ti_mmwave_ros2_interfaces/cmake/ti_mmwave_ros2_interfaces__rosidl_typesupport_introspection_cppExport.cmake
-- Up-to-date: /ws/src/install/ti_mmwave_ros2_interfaces/share/ti_mmwave_ros2_interfaces/cmake/ti_mmwave_ros2_interfaces__rosidl_typesupport_introspection_cppExport-noconfig.cmake
-- Up-to-date: /ws/src/install/ti_mmwave_ros2_interfaces/share/ti_mmwave_ros2_interfaces/cmake/ti_mmwave_ros2_interfaces__rosidl_typesupport_cppExport.cmake
-- Up-to-date: /ws/src/install/ti_mmwave_ros2_interfaces/share/ti_mmwave_ros2_interfaces/cmake/ti_mmwave_ros2_interfaces__rosidl_typesupport_cppExport-noconfig.cmake
