[0.122s] Invoking command in '/ws/build/serial': /usr/local/bin/cmake --build /ws/build/serial -- -j4 -l4
[0.379s] [100%] Built target serial
[0.432s] Invoked command in '/ws/build/serial' returned '0': /usr/local/bin/cmake --build /ws/build/serial -- -j4 -l4
[0.800s] Invoking command in '/ws/build/serial': /usr/local/bin/cmake --install /ws/build/serial
[0.897s] -- Install configuration: ""
[0.898s] -- Execute custom install script
[0.898s] -- Up-to-date symlink: /ws/install/serial/share/serial/environment/library_path.sh
[0.898s] -- Up-to-date symlink: /ws/install/serial/share/serial/environment/library_path.dsv
[0.903s] -- Up-to-date symlink: /ws/install/serial/lib/libserial.a
[0.903s] -- Up-to-date symlink: /ws/install/serial/include/serial/serial.h
[0.903s] -- Up-to-date symlink: /ws/install/serial/include/serial/v8stdint.h
[0.903s] -- Up-to-date symlink: /ws/install/serial/share/ament_index/resource_index/package_run_dependencies/serial
[0.907s] -- Up-to-date symlink: /ws/install/serial/share/ament_index/resource_index/parent_prefix_path/serial
[0.907s] -- Up-to-date symlink: /ws/install/serial/share/serial/environment/ament_prefix_path.sh
[0.907s] -- Up-to-date symlink: /ws/install/serial/share/serial/environment/ament_prefix_path.dsv
[0.907s] -- Up-to-date symlink: /ws/install/serial/share/serial/environment/path.sh
[0.908s] -- Up-to-date symlink: /ws/install/serial/share/serial/environment/path.dsv
[0.908s] -- Up-to-date symlink: /ws/install/serial/share/serial/local_setup.bash
[0.908s] -- Up-to-date symlink: /ws/install/serial/share/serial/local_setup.sh
[0.908s] -- Up-to-date symlink: /ws/install/serial/share/serial/local_setup.zsh
[0.909s] -- Up-to-date symlink: /ws/install/serial/share/serial/local_setup.dsv
[0.909s] -- Symlinking: /ws/install/serial/share/serial/package.dsv
[0.917s] -- Up-to-date symlink: /ws/install/serial/share/ament_index/resource_index/packages/serial
[0.918s] -- Up-to-date symlink: /ws/install/serial/share/serial/cmake/ament_cmake_export_include_directories-extras.cmake
[0.919s] -- Up-to-date symlink: /ws/install/serial/share/serial/cmake/ament_cmake_export_libraries-extras.cmake
[0.919s] -- Up-to-date symlink: /ws/install/serial/share/serial/cmake/serialConfig.cmake
[0.920s] -- Up-to-date symlink: /ws/install/serial/share/serial/cmake/serialConfig-version.cmake
[0.920s] -- Up-to-date symlink: /ws/install/serial/share/serial/package.xml
[0.937s] Invoked command in '/ws/build/serial' returned '0': /usr/local/bin/cmake --install /ws/build/serial
