[0.049s] Invoking command in '/ws/src/build/ti_mmwave_ros2_examples': /usr/local/bin/cmake /ws/src/mmwave_ti_ros/ti_mmwave_ros2_examples -DAMENT_CMAKE_SYMLINK_INSTALL=1 -DCMAKE_INSTALL_PREFIX=/ws/src/install/ti_mmwave_ros2_examples
[0.209s] -- The C compiler identification is GNU 9.4.0
[0.319s] -- The CXX compiler identification is GNU 9.4.0
[0.359s] -- Detecting C compiler ABI info
[0.493s] -- Detecting C compiler ABI info - done
[0.524s] -- Check for working C compiler: /usr/bin/cc - skipped
[0.525s] -- Detecting C compile features
[0.526s] -- Detecting C compile features - done
[0.555s] -- Detecting CXX compiler ABI info
[0.706s] -- Detecting CXX compiler ABI info - done
[0.737s] -- Check for working CXX compiler: /usr/bin/c++ - skipped
[0.738s] -- Detecting CXX compile features
[0.739s] -- Detecting CXX compile features - done
[0.745s] -- Found ament_cmake: 1.1.6 (/opt/ros/galactic/install/share/ament_cmake/cmake)
[0.755s] [33mCMake Warning (dev) at /opt/ros/galactic/install/share/ament_cmake_core/cmake/core/python.cmake:22 (find_package):
[0.755s]   Policy CMP0148 is not set: The FindPythonInterp and FindPythonLibs modules
[0.755s]   are removed.  Run "cmake --help-policy CMP0148" for policy details.  Use
[0.755s]   the cmake_policy command to set the policy and suppress this warning.
[0.755s] 
[0.756s] Call Stack (most recent call first):
[0.756s]   /opt/ros/galactic/install/share/ament_cmake_core/cmake/core/all.cmake:53 (include)
[0.756s]   /opt/ros/galactic/install/share/ament_cmake_core/cmake/ament_cmake_core-extras.cmake:17 (include)
[0.756s]   /opt/ros/galactic/install/share/ament_cmake_core/cmake/ament_cmake_coreConfig.cmake:41 (include)
[0.756s]   /opt/ros/galactic/install/share/ament_cmake/cmake/ament_cmake_export_dependencies-extras.cmake:15 (find_package)
[0.756s]   /opt/ros/galactic/install/share/ament_cmake/cmake/ament_cmakeConfig.cmake:41 (include)
[0.756s]   CMakeLists.txt:19 (find_package)
[0.757s] This warning is for project developers.  Use -Wno-dev to suppress it.
[0.757s] [0m
[0.798s] -- Found PythonInterp: /usr/bin/python3 (found suitable version "3.8.10", minimum required is "3") 
[0.799s] -- Using PYTHON_EXECUTABLE: /usr/bin/python3
[0.917s] -- Override CMake install command with custom implementation using symlinks instead of copying resources
[0.976s] -- Found laser_geometry: 2.2.1 (/opt/ros/galactic/install/share/laser_geometry/cmake)
[0.997s] -- Found message_filters: 3.2.6 (/opt/ros/galactic/install/share/message_filters/cmake)
[1.112s] -- Using all available rosidl_typesupport_c: rosidl_typesupport_fastrtps_c;rosidl_typesupport_introspection_c
[1.128s] -- Found rosidl_adapter: 2.2.3 (/opt/ros/galactic/install/share/rosidl_adapter/cmake)
[1.314s] -- Found OpenSSL: /usr/lib/aarch64-linux-gnu/libcrypto.so (found version "1.1.1f")  
[1.387s] -- Found FastRTPS: /opt/ros/galactic/install/include  
[1.575s] -- Using all available rosidl_typesupport_cpp: rosidl_typesupport_fastrtps_cpp;rosidl_typesupport_introspection_cpp
[1.703s] -- Found rmw_implementation_cmake: 3.3.1 (/opt/ros/galactic/install/share/rmw_implementation_cmake/cmake)
[1.709s] -- Found rmw_cyclonedds_cpp: 0.22.6 (/opt/ros/galactic/install/share/rmw_cyclonedds_cpp/cmake)
[1.748s] -- Using RMW implementation 'rmw_cyclonedds_cpp' as default
[1.750s] -- Performing Test CMAKE_HAVE_LIBC_PTHREAD
[1.878s] -- Performing Test CMAKE_HAVE_LIBC_PTHREAD - Failed
[1.879s] -- Looking for pthread_create in pthreads
[1.983s] -- Looking for pthread_create in pthreads - not found
[1.983s] -- Looking for pthread_create in pthread
[2.109s] -- Looking for pthread_create in pthread - found
[2.114s] -- Found Threads: TRUE  
[2.447s] -- Found rclcpp_components: 9.2.2 (/opt/ros/galactic/install/share/rclcpp_components/cmake)
[2.558s] -- Found sensor_msgs: 2.2.4 (/opt/ros/galactic/install/share/sensor_msgs/cmake)
[2.780s] -- Found tf2: 0.17.5 (/opt/ros/galactic/install/share/tf2/cmake)
[2.800s] -- Found tf2_ros: 0.17.5 (/opt/ros/galactic/install/share/tf2_ros/cmake)
[3.318s] -- Found tf2_sensor_msgs: 0.17.5 (/opt/ros/galactic/install/share/tf2_sensor_msgs/cmake)
[3.380s] -- Found ament_lint_auto: 0.10.7 (/opt/ros/galactic/install/share/ament_lint_auto/cmake)
[3.549s] -- Added test 'copyright' to check source files copyright and LICENSE
[3.553s] -- Added test 'cppcheck' to perform static code analysis on C / C++ code
[3.554s] -- Configured cppcheck include dirs: /ws/src/mmwave_ti_ros/ti_mmwave_ros2_examples/include
[3.554s] -- Configured cppcheck exclude dirs and/or files: 
[3.558s] -- Added test 'cpplint' to check C / C++ code against the Google style
[3.558s] -- Configured cpplint exclude dirs and/or files: 
[3.559s] -- Added test 'flake8' to check Python code syntax and style conventions
[3.561s] -- Added test 'lint_cmake' to check CMake code style
[3.563s] -- Added test 'pep257' to check Python code against some of the style conventions in PEP 257
[3.567s] -- Added test 'uncrustify' to check C / C++ code style
[3.567s] -- Configured uncrustify additional arguments: 
[3.568s] -- Added test 'xmllint' to check XML markup files
[3.572s] -- Configuring done (3.5s)
[3.621s] -- Generating done (0.0s)
[3.626s] -- Build files have been written to: /ws/src/build/ti_mmwave_ros2_examples
[3.663s] Invoked command in '/ws/src/build/ti_mmwave_ros2_examples' returned '0': /usr/local/bin/cmake /ws/src/mmwave_ti_ros/ti_mmwave_ros2_examples -DAMENT_CMAKE_SYMLINK_INSTALL=1 -DCMAKE_INSTALL_PREFIX=/ws/src/install/ti_mmwave_ros2_examples
[3.671s] Invoking command in '/ws/src/build/ti_mmwave_ros2_examples': /usr/local/bin/cmake --build /ws/src/build/ti_mmwave_ros2_examples -- -j6 -l6
[3.778s] [ 50%] [32mBuilding CXX object CMakeFiles/pointcloud_to_laserscan.dir/src/pointcloud_to_laserscan_node.cpp.o[0m
[3.779s] [ 50%] [32mBuilding CXX object CMakeFiles/dummy_pointcloud_publisher.dir/src/dummy_pointcloud_publisher.cpp.o[0m
[3.779s] [ 50%] [32mBuilding CXX object CMakeFiles/pointcloud_to_laserscan_node.dir/rclcpp_components/node_main_pointcloud_to_laserscan_node.cpp.o[0m
[10.022s] [ 66%] [32m[1mLinking CXX executable pointcloud_to_laserscan_node[0m
[10.270s] [ 66%] Built target pointcloud_to_laserscan_node
[12.480s] [ 83%] [32m[1mLinking CXX executable dummy_pointcloud_publisher[0m
[12.832s] [ 83%] Built target dummy_pointcloud_publisher
[27.286s] [100%] [32m[1mLinking CXX shared library libpointcloud_to_laserscan.so[0m
[28.280s] [100%] Built target pointcloud_to_laserscan
[28.299s] Invoked command in '/ws/src/build/ti_mmwave_ros2_examples' returned '0': /usr/local/bin/cmake --build /ws/src/build/ti_mmwave_ros2_examples -- -j6 -l6
[28.493s] Invoking command in '/ws/src/build/ti_mmwave_ros2_examples': /usr/local/bin/cmake --install /ws/src/build/ti_mmwave_ros2_examples
[28.553s] -- Install configuration: ""
[28.554s] -- Execute custom install script
[28.555s] -- Symlinking: /ws/src/install/ti_mmwave_ros2_examples/lib/ti_mmwave_ros2_examples/pointcloud_to_laserscan_node
[28.561s] -- Symlinking: /ws/src/install/ti_mmwave_ros2_examples/lib/libpointcloud_to_laserscan.so
[28.566s] -- Symlinking: /ws/src/install/ti_mmwave_ros2_examples/lib/ti_mmwave_ros2_examples/dummy_pointcloud_publisher
[28.572s] -- Symlinking: /ws/src/install/ti_mmwave_ros2_examples/share/ti_mmwave_ros2_examples/launch/bringup_launch.py
[28.578s] -- Symlinking: /ws/src/install/ti_mmwave_ros2_examples/share/ti_mmwave_ros2_examples/launch/fake_nav_launch.py
[28.583s] -- Symlinking: /ws/src/install/ti_mmwave_ros2_examples/share/ti_mmwave_ros2_examples/launch/lidar_nav.launch.py
[28.588s] -- Symlinking: /ws/src/install/ti_mmwave_ros2_examples/share/ti_mmwave_ros2_examples/launch/localization_launch.py
[28.593s] -- Symlinking: /ws/src/install/ti_mmwave_ros2_examples/share/ti_mmwave_ros2_examples/launch/navigation_launch.py
[28.598s] -- Symlinking: /ws/src/install/ti_mmwave_ros2_examples/share/ti_mmwave_ros2_examples/launch/pointcloud_to_laserscan.launch.py
[28.604s] -- Symlinking: /ws/src/install/ti_mmwave_ros2_examples/share/ti_mmwave_ros2_examples/launch/rviz_view_launch.py
[28.610s] -- Symlinking: /ws/src/install/ti_mmwave_ros2_examples/share/ti_mmwave_ros2_examples/param/go1_params.yaml
[28.615s] -- Symlinking: /ws/src/install/ti_mmwave_ros2_examples/share/ti_mmwave_ros2_examples/param/navigate_w_replanning_and_recovery.xml
[28.621s] -- Symlinking: /ws/src/install/ti_mmwave_ros2_examples/share/ti_mmwave_ros2_examples/param/neuronbot_params.yaml
[28.626s] -- Symlinking: /ws/src/install/ti_mmwave_ros2_examples/share/ti_mmwave_ros2_examples/rviz/laser_scan.rviz
[28.632s] -- Symlinking: /ws/src/install/ti_mmwave_ros2_examples/share/ti_mmwave_ros2_examples/rviz/nav2.rviz
[28.639s] -- Symlinking: /ws/src/install/ti_mmwave_ros2_examples/share/ti_mmwave_ros2_examples/rviz/nav2_default_view.rviz
[28.645s] -- Symlinking: /ws/src/install/ti_mmwave_ros2_examples/share/ti_mmwave_ros2_examples/rviz/nav2_namespaced_view.rviz
[28.652s] -- Symlinking: /ws/src/install/ti_mmwave_ros2_examples/share/ti_mmwave_ros2_examples/map/hy_map_editted.pgm
[28.658s] -- Symlinking: /ws/src/install/ti_mmwave_ros2_examples/share/ti_mmwave_ros2_examples/map/hy_map_editted.yaml
[28.663s] -- Symlinking: /ws/src/install/ti_mmwave_ros2_examples/share/ti_mmwave_ros2_examples/map/mememan.pgm
[28.670s] -- Symlinking: /ws/src/install/ti_mmwave_ros2_examples/share/ti_mmwave_ros2_examples/map/mememan.yaml
[28.677s] -- Symlinking: /ws/src/install/ti_mmwave_ros2_examples/share/ament_index/resource_index/package_run_dependencies/ti_mmwave_ros2_examples
[28.683s] -- Symlinking: /ws/src/install/ti_mmwave_ros2_examples/share/ament_index/resource_index/parent_prefix_path/ti_mmwave_ros2_examples
[28.689s] -- Symlinking: /ws/src/install/ti_mmwave_ros2_examples/share/ti_mmwave_ros2_examples/environment/ament_prefix_path.sh
[28.695s] -- Symlinking: /ws/src/install/ti_mmwave_ros2_examples/share/ti_mmwave_ros2_examples/environment/ament_prefix_path.dsv
[28.701s] -- Symlinking: /ws/src/install/ti_mmwave_ros2_examples/share/ti_mmwave_ros2_examples/environment/path.sh
[28.708s] -- Symlinking: /ws/src/install/ti_mmwave_ros2_examples/share/ti_mmwave_ros2_examples/environment/path.dsv
[28.715s] -- Symlinking: /ws/src/install/ti_mmwave_ros2_examples/share/ti_mmwave_ros2_examples/local_setup.bash
[28.721s] -- Symlinking: /ws/src/install/ti_mmwave_ros2_examples/share/ti_mmwave_ros2_examples/local_setup.sh
[28.728s] -- Symlinking: /ws/src/install/ti_mmwave_ros2_examples/share/ti_mmwave_ros2_examples/local_setup.zsh
[28.735s] -- Symlinking: /ws/src/install/ti_mmwave_ros2_examples/share/ti_mmwave_ros2_examples/local_setup.dsv
[28.744s] -- Symlinking: /ws/src/install/ti_mmwave_ros2_examples/share/ti_mmwave_ros2_examples/package.dsv
[28.750s] -- Symlinking: /ws/src/install/ti_mmwave_ros2_examples/share/ament_index/resource_index/packages/ti_mmwave_ros2_examples
[28.756s] -- Symlinking: /ws/src/install/ti_mmwave_ros2_examples/share/ament_index/resource_index/rclcpp_components/ti_mmwave_ros2_examples
[28.762s] -- Symlinking: /ws/src/install/ti_mmwave_ros2_examples/share/ti_mmwave_ros2_examples/cmake/ti_mmwave_ros2_examplesConfig.cmake
[28.767s] -- Symlinking: /ws/src/install/ti_mmwave_ros2_examples/share/ti_mmwave_ros2_examples/cmake/ti_mmwave_ros2_examplesConfig-version.cmake
[28.773s] -- Symlinking: /ws/src/install/ti_mmwave_ros2_examples/share/ti_mmwave_ros2_examples/package.xml
[28.793s] Invoked command in '/ws/src/build/ti_mmwave_ros2_examples' returned '0': /usr/local/bin/cmake --install /ws/src/build/ti_mmwave_ros2_examples
