[0.115s] Invoking command in '/ws/src/build/serial': CMAKE_PREFIX_PATH=${CMAKE_PREFIX_PATH}:/opt/ros/galactic /usr/local/bin/cmake --build /ws/src/build/serial -- -j4 -l4
[0.315s] [100%] Built target serial
[0.361s] Invoked command in '/ws/src/build/serial' returned '0': CMAKE_PREFIX_PATH=${CMAKE_PREFIX_PATH}:/opt/ros/galactic /usr/local/bin/cmake --build /ws/src/build/serial -- -j4 -l4
[0.819s] Invoking command in '/ws/src/build/serial': CMAKE_PREFIX_PATH=${CMAKE_PREFIX_PATH}:/opt/ros/galactic /usr/local/bin/cmake --install /ws/src/build/serial
[0.922s] -- Install configuration: ""
[0.925s] -- Execute custom install script
[0.926s] -- Up-to-date symlink: /ws/src/install/serial/share/serial/environment/library_path.sh
[0.927s] -- Up-to-date symlink: /ws/src/install/serial/share/serial/environment/library_path.dsv
[0.929s] -- Up-to-date symlink: /ws/src/install/serial/lib/libserial.a
[0.931s] -- Up-to-date symlink: /ws/src/install/serial/include/serial/serial.h
[0.933s] -- Up-to-date symlink: /ws/src/install/serial/include/serial/v8stdint.h
[0.935s] -- Up-to-date symlink: /ws/src/install/serial/share/ament_index/resource_index/package_run_dependencies/serial
[0.936s] -- Up-to-date symlink: /ws/src/install/serial/share/ament_index/resource_index/parent_prefix_path/serial
[0.937s] -- Up-to-date symlink: /ws/src/install/serial/share/serial/environment/ament_prefix_path.sh
[0.938s] -- Up-to-date symlink: /ws/src/install/serial/share/serial/environment/ament_prefix_path.dsv
[0.939s] -- Up-to-date symlink: /ws/src/install/serial/share/serial/environment/path.sh
[0.940s] -- Up-to-date symlink: /ws/src/install/serial/share/serial/environment/path.dsv
[0.941s] -- Up-to-date symlink: /ws/src/install/serial/share/serial/local_setup.bash
[0.942s] -- Up-to-date symlink: /ws/src/install/serial/share/serial/local_setup.sh
[0.942s] -- Up-to-date symlink: /ws/src/install/serial/share/serial/local_setup.zsh
[0.943s] -- Up-to-date symlink: /ws/src/install/serial/share/serial/local_setup.dsv
[0.943s] -- Symlinking: /ws/src/install/serial/share/serial/package.dsv
[0.960s] -- Up-to-date symlink: /ws/src/install/serial/share/ament_index/resource_index/packages/serial
[0.971s] -- Up-to-date symlink: /ws/src/install/serial/share/serial/cmake/ament_cmake_export_include_directories-extras.cmake
[0.972s] -- Up-to-date symlink: /ws/src/install/serial/share/serial/cmake/ament_cmake_export_libraries-extras.cmake
[0.973s] -- Up-to-date symlink: /ws/src/install/serial/share/serial/cmake/serialConfig.cmake
[0.973s] -- Up-to-date symlink: /ws/src/install/serial/share/serial/cmake/serialConfig-version.cmake
[0.974s] -- Up-to-date symlink: /ws/src/install/serial/share/serial/package.xml
[0.998s] Invoked command in '/ws/src/build/serial' returned '0': CMAKE_PREFIX_PATH=${CMAKE_PREFIX_PATH}:/opt/ros/galactic /usr/local/bin/cmake --install /ws/src/build/serial
