-- Found ament_cmake: 1.1.6 (/opt/ros/galactic/install/share/ament_cmake/cmake)
[33mCMake Warning (dev) at /opt/ros/galactic/install/share/ament_cmake_core/cmake/core/python.cmake:22 (find_package):
  Policy CMP0148 is not set: The FindPythonInterp and FindPythonLibs modules
  are removed.  Run "cmake --help-policy CMP0148" for policy details.  Use
  the cmake_policy command to set the policy and suppress this warning.

Call Stack (most recent call first):
  /opt/ros/galactic/install/share/ament_cmake_core/cmake/core/all.cmake:53 (include)
  /opt/ros/galactic/install/share/ament_cmake_core/cmake/ament_cmake_core-extras.cmake:17 (include)
  /opt/ros/galactic/install/share/ament_cmake_core/cmake/ament_cmake_coreConfig.cmake:41 (include)
  /opt/ros/galactic/install/share/ament_cmake/cmake/ament_cmake_export_dependencies-extras.cmake:15 (find_package)
  /opt/ros/galactic/install/share/ament_cmake/cmake/ament_cmakeConfig.cmake:41 (include)
  CMakeLists.txt:19 (find_package)
This warning is for project developers.  Use -Wno-dev to suppress it.
[0m
-- Using PYTHON_EXECUTABLE: /usr/bin/python3
-- Override CMake install command with custom implementation using symlinks instead of copying resources
-- Found laser_geometry: 2.2.1 (/opt/ros/galactic/install/share/laser_geometry/cmake)
-- Found message_filters: 3.2.6 (/opt/ros/galactic/install/share/message_filters/cmake)
-- Using all available rosidl_typesupport_c: rosidl_typesupport_fastrtps_c;rosidl_typesupport_introspection_c
-- Found rosidl_adapter: 2.2.3 (/opt/ros/galactic/install/share/rosidl_adapter/cmake)
-- Using all available rosidl_typesupport_cpp: rosidl_typesupport_fastrtps_cpp;rosidl_typesupport_introspection_cpp
-- Found rmw_implementation_cmake: 3.3.1 (/opt/ros/galactic/install/share/rmw_implementation_cmake/cmake)
-- Found rmw_cyclonedds_cpp: 0.22.6 (/opt/ros/galactic/install/share/rmw_cyclonedds_cpp/cmake)
-- Using RMW implementation 'rmw_cyclonedds_cpp' as default
-- Found rclcpp_components: 9.2.2 (/opt/ros/galactic/install/share/rclcpp_components/cmake)
-- Found sensor_msgs: 2.2.4 (/opt/ros/galactic/install/share/sensor_msgs/cmake)
-- Found tf2: 0.17.5 (/opt/ros/galactic/install/share/tf2/cmake)
-- Found tf2_ros: 0.17.5 (/opt/ros/galactic/install/share/tf2_ros/cmake)
-- Found tf2_sensor_msgs: 0.17.5 (/opt/ros/galactic/install/share/tf2_sensor_msgs/cmake)
-- Found ament_lint_auto: 0.10.7 (/opt/ros/galactic/install/share/ament_lint_auto/cmake)
-- Added test 'copyright' to check source files copyright and LICENSE
-- Added test 'cppcheck' to perform static code analysis on C / C++ code
-- Configured cppcheck include dirs: /ws/src/mmwave_ti_ros/ti_mmwave_ros2_examples/include
-- Configured cppcheck exclude dirs and/or files: 
-- Added test 'cpplint' to check C / C++ code against the Google style
-- Configured cpplint exclude dirs and/or files: 
-- Added test 'flake8' to check Python code syntax and style conventions
-- Added test 'lint_cmake' to check CMake code style
-- Added test 'pep257' to check Python code against some of the style conventions in PEP 257
-- Added test 'uncrustify' to check C / C++ code style
-- Configured uncrustify additional arguments: 
-- Added test 'xmllint' to check XML markup files
-- Configuring done (5.6s)
-- Generating done (0.1s)
-- Build files have been written to: /ws/src/build/ti_mmwave_ros2_examples
[ 33%] Built target pointcloud_to_laserscan
[ 66%] Built target dummy_pointcloud_publisher
[100%] Built target pointcloud_to_laserscan_node
-- Install configuration: ""
-- Execute custom install script
-- Up-to-date symlink: /ws/src/install/ti_mmwave_ros2_examples/lib/ti_mmwave_ros2_examples/pointcloud_to_laserscan_node
-- Up-to-date symlink: /ws/src/install/ti_mmwave_ros2_examples/lib/libpointcloud_to_laserscan.so
-- Up-to-date symlink: /ws/src/install/ti_mmwave_ros2_examples/lib/ti_mmwave_ros2_examples/dummy_pointcloud_publisher
-- Up-to-date symlink: /ws/src/install/ti_mmwave_ros2_examples/share/ti_mmwave_ros2_examples/launch/bringup_launch.py
-- Up-to-date symlink: /ws/src/install/ti_mmwave_ros2_examples/share/ti_mmwave_ros2_examples/launch/fake_nav_launch.py
-- Up-to-date symlink: /ws/src/install/ti_mmwave_ros2_examples/share/ti_mmwave_ros2_examples/launch/lidar_nav.launch.py
-- Up-to-date symlink: /ws/src/install/ti_mmwave_ros2_examples/share/ti_mmwave_ros2_examples/launch/localization_launch.py
-- Up-to-date symlink: /ws/src/install/ti_mmwave_ros2_examples/share/ti_mmwave_ros2_examples/launch/navigation_launch.py
-- Up-to-date symlink: /ws/src/install/ti_mmwave_ros2_examples/share/ti_mmwave_ros2_examples/launch/pointcloud_to_laserscan.launch.py
-- Up-to-date symlink: /ws/src/install/ti_mmwave_ros2_examples/share/ti_mmwave_ros2_examples/launch/rviz_view_launch.py
-- Up-to-date symlink: /ws/src/install/ti_mmwave_ros2_examples/share/ti_mmwave_ros2_examples/param/go1_params.yaml
-- Up-to-date symlink: /ws/src/install/ti_mmwave_ros2_examples/share/ti_mmwave_ros2_examples/param/navigate_w_replanning_and_recovery.xml
-- Up-to-date symlink: /ws/src/install/ti_mmwave_ros2_examples/share/ti_mmwave_ros2_examples/param/neuronbot_params.yaml
-- Up-to-date symlink: /ws/src/install/ti_mmwave_ros2_examples/share/ti_mmwave_ros2_examples/rviz/laser_scan.rviz
-- Up-to-date symlink: /ws/src/install/ti_mmwave_ros2_examples/share/ti_mmwave_ros2_examples/rviz/nav2.rviz
-- Up-to-date symlink: /ws/src/install/ti_mmwave_ros2_examples/share/ti_mmwave_ros2_examples/rviz/nav2_default_view.rviz
-- Up-to-date symlink: /ws/src/install/ti_mmwave_ros2_examples/share/ti_mmwave_ros2_examples/rviz/nav2_namespaced_view.rviz
-- Up-to-date symlink: /ws/src/install/ti_mmwave_ros2_examples/share/ti_mmwave_ros2_examples/map/hy_map_editted.pgm
-- Up-to-date symlink: /ws/src/install/ti_mmwave_ros2_examples/share/ti_mmwave_ros2_examples/map/hy_map_editted.yaml
-- Up-to-date symlink: /ws/src/install/ti_mmwave_ros2_examples/share/ti_mmwave_ros2_examples/map/mememan.pgm
-- Up-to-date symlink: /ws/src/install/ti_mmwave_ros2_examples/share/ti_mmwave_ros2_examples/map/mememan.yaml
-- Up-to-date symlink: /ws/src/install/ti_mmwave_ros2_examples/share/ament_index/resource_index/package_run_dependencies/ti_mmwave_ros2_examples
-- Up-to-date symlink: /ws/src/install/ti_mmwave_ros2_examples/share/ament_index/resource_index/parent_prefix_path/ti_mmwave_ros2_examples
-- Up-to-date symlink: /ws/src/install/ti_mmwave_ros2_examples/share/ti_mmwave_ros2_examples/environment/ament_prefix_path.sh
-- Up-to-date symlink: /ws/src/install/ti_mmwave_ros2_examples/share/ti_mmwave_ros2_examples/environment/ament_prefix_path.dsv
-- Up-to-date symlink: /ws/src/install/ti_mmwave_ros2_examples/share/ti_mmwave_ros2_examples/environment/path.sh
-- Up-to-date symlink: /ws/src/install/ti_mmwave_ros2_examples/share/ti_mmwave_ros2_examples/environment/path.dsv
-- Up-to-date symlink: /ws/src/install/ti_mmwave_ros2_examples/share/ti_mmwave_ros2_examples/local_setup.bash
-- Up-to-date symlink: /ws/src/install/ti_mmwave_ros2_examples/share/ti_mmwave_ros2_examples/local_setup.sh
-- Up-to-date symlink: /ws/src/install/ti_mmwave_ros2_examples/share/ti_mmwave_ros2_examples/local_setup.zsh
-- Up-to-date symlink: /ws/src/install/ti_mmwave_ros2_examples/share/ti_mmwave_ros2_examples/local_setup.dsv
-- Symlinking: /ws/src/install/ti_mmwave_ros2_examples/share/ti_mmwave_ros2_examples/package.dsv
-- Up-to-date symlink: /ws/src/install/ti_mmwave_ros2_examples/share/ament_index/resource_index/packages/ti_mmwave_ros2_examples
-- Up-to-date symlink: /ws/src/install/ti_mmwave_ros2_examples/share/ament_index/resource_index/rclcpp_components/ti_mmwave_ros2_examples
-- Up-to-date symlink: /ws/src/install/ti_mmwave_ros2_examples/share/ti_mmwave_ros2_examples/cmake/ti_mmwave_ros2_examplesConfig.cmake
-- Up-to-date symlink: /ws/src/install/ti_mmwave_ros2_examples/share/ti_mmwave_ros2_examples/cmake/ti_mmwave_ros2_examplesConfig-version.cmake
-- Up-to-date symlink: /ws/src/install/ti_mmwave_ros2_examples/share/ti_mmwave_ros2_examples/package.xml
