[0.704s] DEBUG:colcon:Command line arguments: ['/usr/bin/colcon', 'build']
[0.704s] DEBUG:colcon:Parsed command line arguments: Namespace(ament_cmake_args=None, base_paths=['.'], build_base='build', catkin_cmake_args=None, catkin_skip_building_tests=False, cmake_args=None, cmake_clean_cache=False, cmake_clean_first=False, cmake_force_configure=False, cmake_target=None, cmake_target_skip_unavailable=False, continue_on_error=False, event_handlers=None, executor='parallel', ignore_user_meta=False, install_base='install', log_base=None, log_level=None, main=<bound method BuildVerb.main of <colcon_core.verb.build.BuildVerb object at 0xffffb5ef3a30>>, merge_install=False, metas=['./colcon.meta'], packages_above=None, packages_above_and_dependencies=None, packages_above_depth=None, packages_end=None, packages_ignore=None, packages_ignore_regex=None, packages_select=None, packages_select_build_failed=False, packages_select_by_dep=None, packages_select_regex=None, packages_select_test_failures=False, packages_skip=None, packages_skip_build_finished=False, packages_skip_by_dep=None, packages_skip_regex=None, packages_skip_test_passed=False, packages_skip_up_to=None, packages_start=None, packages_up_to=None, packages_up_to_regex=None, parallel_workers=6, paths=None, symlink_install=False, test_result_base=None, verb_extension=<colcon_core.verb.build.BuildVerb object at 0xffffb5ef3a30>, verb_name='build', verb_parser=<colcon_defaults.argument_parser.defaults.DefaultArgumentsDecorator object at 0xffffb5e4c490>)
[0.825s] Level 1:colcon.colcon_core.package_discovery:discover_packages(colcon_meta) check parameters
[0.825s] Level 1:colcon.colcon_core.package_discovery:discover_packages(recursive) check parameters
[0.825s] Level 1:colcon.colcon_core.package_discovery:discover_packages(ignore) check parameters
[0.825s] Level 1:colcon.colcon_core.package_discovery:discover_packages(path) check parameters
[0.826s] Level 1:colcon.colcon_core.package_discovery:discover_packages(colcon_meta) discover
[0.826s] Level 1:colcon.colcon_core.package_discovery:discover_packages(recursive) discover
[0.826s] INFO:colcon.colcon_core.package_discovery:Crawling recursively for packages in '/ws/src'
[0.826s] Level 1:colcon.colcon_core.package_identification:_identify(.) by extensions ['ignore', 'ignore_ament_install']
[0.827s] Level 1:colcon.colcon_core.package_identification:_identify(.) by extension 'ignore'
[0.827s] Level 1:colcon.colcon_core.package_identification:_identify(.) by extension 'ignore_ament_install'
[0.827s] Level 1:colcon.colcon_core.package_identification:_identify(.) by extensions ['colcon_pkg']
[0.827s] Level 1:colcon.colcon_core.package_identification:_identify(.) by extension 'colcon_pkg'
[0.827s] Level 1:colcon.colcon_core.package_identification:_identify(.) by extensions ['colcon_meta']
[0.827s] Level 1:colcon.colcon_core.package_identification:_identify(.) by extension 'colcon_meta'
[0.827s] Level 1:colcon.colcon_core.package_identification:_identify(.) by extensions ['ros']
[0.827s] Level 1:colcon.colcon_core.package_identification:_identify(.) by extension 'ros'
[0.865s] Level 1:colcon.colcon_core.package_identification:_identify(.) by extensions ['cmake', 'python']
[0.866s] Level 1:colcon.colcon_core.package_identification:_identify(.) by extension 'cmake'
[0.866s] Level 1:colcon.colcon_core.package_identification:_identify(.) by extension 'python'
[0.866s] Level 1:colcon.colcon_core.package_identification:_identify(.) by extensions ['python_setup_py']
[0.866s] Level 1:colcon.colcon_core.package_identification:_identify(.) by extension 'python_setup_py'
[0.867s] Level 1:colcon.colcon_core.package_identification:_identify(build) by extensions ['ignore', 'ignore_ament_install']
[0.867s] Level 1:colcon.colcon_core.package_identification:_identify(build) by extension 'ignore'
[0.867s] Level 1:colcon.colcon_core.package_identification:_identify(build) ignored
[0.868s] Level 1:colcon.colcon_core.package_identification:_identify(install) by extensions ['ignore', 'ignore_ament_install']
[0.868s] Level 1:colcon.colcon_core.package_identification:_identify(install) by extension 'ignore'
[0.868s] Level 1:colcon.colcon_core.package_identification:_identify(install) ignored
[0.868s] Level 1:colcon.colcon_core.package_identification:_identify(log) by extensions ['ignore', 'ignore_ament_install']
[0.869s] Level 1:colcon.colcon_core.package_identification:_identify(log) by extension 'ignore'
[0.869s] Level 1:colcon.colcon_core.package_identification:_identify(log) ignored
[0.869s] Level 1:colcon.colcon_core.package_identification:_identify(mmwave_ti_ros) by extensions ['ignore', 'ignore_ament_install']
[0.869s] Level 1:colcon.colcon_core.package_identification:_identify(mmwave_ti_ros) by extension 'ignore'
[0.869s] Level 1:colcon.colcon_core.package_identification:_identify(mmwave_ti_ros) by extension 'ignore_ament_install'
[0.869s] Level 1:colcon.colcon_core.package_identification:_identify(mmwave_ti_ros) by extensions ['colcon_pkg']
[0.870s] Level 1:colcon.colcon_core.package_identification:_identify(mmwave_ti_ros) by extension 'colcon_pkg'
[0.870s] Level 1:colcon.colcon_core.package_identification:_identify(mmwave_ti_ros) by extensions ['colcon_meta']
[0.870s] Level 1:colcon.colcon_core.package_identification:_identify(mmwave_ti_ros) by extension 'colcon_meta'
[0.870s] Level 1:colcon.colcon_core.package_identification:_identify(mmwave_ti_ros) by extensions ['ros']
[0.870s] Level 1:colcon.colcon_core.package_identification:_identify(mmwave_ti_ros) by extension 'ros'
[0.870s] Level 1:colcon.colcon_core.package_identification:_identify(mmwave_ti_ros) by extensions ['cmake', 'python']
[0.870s] Level 1:colcon.colcon_core.package_identification:_identify(mmwave_ti_ros) by extension 'cmake'
[0.870s] Level 1:colcon.colcon_core.package_identification:_identify(mmwave_ti_ros) by extension 'python'
[0.870s] Level 1:colcon.colcon_core.package_identification:_identify(mmwave_ti_ros) by extensions ['python_setup_py']
[0.871s] Level 1:colcon.colcon_core.package_identification:_identify(mmwave_ti_ros) by extension 'python_setup_py'
[0.871s] Level 1:colcon.colcon_core.package_identification:_identify(mmwave_ti_ros/CAD) by extensions ['ignore', 'ignore_ament_install']
[0.871s] Level 1:colcon.colcon_core.package_identification:_identify(mmwave_ti_ros/CAD) by extension 'ignore'
[0.871s] Level 1:colcon.colcon_core.package_identification:_identify(mmwave_ti_ros/CAD) by extension 'ignore_ament_install'
[0.871s] Level 1:colcon.colcon_core.package_identification:_identify(mmwave_ti_ros/CAD) by extensions ['colcon_pkg']
[0.871s] Level 1:colcon.colcon_core.package_identification:_identify(mmwave_ti_ros/CAD) by extension 'colcon_pkg'
[0.871s] Level 1:colcon.colcon_core.package_identification:_identify(mmwave_ti_ros/CAD) by extensions ['colcon_meta']
[0.872s] Level 1:colcon.colcon_core.package_identification:_identify(mmwave_ti_ros/CAD) by extension 'colcon_meta'
[0.872s] Level 1:colcon.colcon_core.package_identification:_identify(mmwave_ti_ros/CAD) by extensions ['ros']
[0.872s] Level 1:colcon.colcon_core.package_identification:_identify(mmwave_ti_ros/CAD) by extension 'ros'
[0.872s] Level 1:colcon.colcon_core.package_identification:_identify(mmwave_ti_ros/CAD) by extensions ['cmake', 'python']
[0.872s] Level 1:colcon.colcon_core.package_identification:_identify(mmwave_ti_ros/CAD) by extension 'cmake'
[0.872s] Level 1:colcon.colcon_core.package_identification:_identify(mmwave_ti_ros/CAD) by extension 'python'
[0.872s] Level 1:colcon.colcon_core.package_identification:_identify(mmwave_ti_ros/CAD) by extensions ['python_setup_py']
[0.872s] Level 1:colcon.colcon_core.package_identification:_identify(mmwave_ti_ros/CAD) by extension 'python_setup_py'
[0.872s] Level 1:colcon.colcon_core.package_identification:_identify(mmwave_ti_ros/img) by extensions ['ignore', 'ignore_ament_install']
[0.873s] Level 1:colcon.colcon_core.package_identification:_identify(mmwave_ti_ros/img) by extension 'ignore'
[0.873s] Level 1:colcon.colcon_core.package_identification:_identify(mmwave_ti_ros/img) by extension 'ignore_ament_install'
[0.873s] Level 1:colcon.colcon_core.package_identification:_identify(mmwave_ti_ros/img) by extensions ['colcon_pkg']
[0.873s] Level 1:colcon.colcon_core.package_identification:_identify(mmwave_ti_ros/img) by extension 'colcon_pkg'
[0.873s] Level 1:colcon.colcon_core.package_identification:_identify(mmwave_ti_ros/img) by extensions ['colcon_meta']
[0.873s] Level 1:colcon.colcon_core.package_identification:_identify(mmwave_ti_ros/img) by extension 'colcon_meta'
[0.873s] Level 1:colcon.colcon_core.package_identification:_identify(mmwave_ti_ros/img) by extensions ['ros']
[0.874s] Level 1:colcon.colcon_core.package_identification:_identify(mmwave_ti_ros/img) by extension 'ros'
[0.874s] Level 1:colcon.colcon_core.package_identification:_identify(mmwave_ti_ros/img) by extensions ['cmake', 'python']
[0.874s] Level 1:colcon.colcon_core.package_identification:_identify(mmwave_ti_ros/img) by extension 'cmake'
[0.874s] Level 1:colcon.colcon_core.package_identification:_identify(mmwave_ti_ros/img) by extension 'python'
[0.874s] Level 1:colcon.colcon_core.package_identification:_identify(mmwave_ti_ros/img) by extensions ['python_setup_py']
[0.874s] Level 1:colcon.colcon_core.package_identification:_identify(mmwave_ti_ros/img) by extension 'python_setup_py'
[0.874s] Level 1:colcon.colcon_core.package_identification:_identify(mmwave_ti_ros/serial-ros2) by extensions ['ignore', 'ignore_ament_install']
[0.875s] Level 1:colcon.colcon_core.package_identification:_identify(mmwave_ti_ros/serial-ros2) by extension 'ignore'
[0.875s] Level 1:colcon.colcon_core.package_identification:_identify(mmwave_ti_ros/serial-ros2) by extension 'ignore_ament_install'
[0.875s] Level 1:colcon.colcon_core.package_identification:_identify(mmwave_ti_ros/serial-ros2) by extensions ['colcon_pkg']
[0.875s] Level 1:colcon.colcon_core.package_identification:_identify(mmwave_ti_ros/serial-ros2) by extension 'colcon_pkg'
[0.875s] Level 1:colcon.colcon_core.package_identification:_identify(mmwave_ti_ros/serial-ros2) by extensions ['colcon_meta']
[0.875s] Level 1:colcon.colcon_core.package_identification:_identify(mmwave_ti_ros/serial-ros2) by extension 'colcon_meta'
[0.875s] Level 1:colcon.colcon_core.package_identification:_identify(mmwave_ti_ros/serial-ros2) by extensions ['ros']
[0.875s] Level 1:colcon.colcon_core.package_identification:_identify(mmwave_ti_ros/serial-ros2) by extension 'ros'
[0.882s] DEBUG:colcon.colcon_core.package_identification:Package 'mmwave_ti_ros/serial-ros2' with type 'ros.ament_cmake' and name 'serial'
[0.882s] Level 1:colcon.colcon_core.package_identification:_identify(mmwave_ti_ros/ti_mmwave_ros2_examples) by extensions ['ignore', 'ignore_ament_install']
[0.882s] Level 1:colcon.colcon_core.package_identification:_identify(mmwave_ti_ros/ti_mmwave_ros2_examples) by extension 'ignore'
[0.883s] Level 1:colcon.colcon_core.package_identification:_identify(mmwave_ti_ros/ti_mmwave_ros2_examples) by extension 'ignore_ament_install'
[0.883s] Level 1:colcon.colcon_core.package_identification:_identify(mmwave_ti_ros/ti_mmwave_ros2_examples) by extensions ['colcon_pkg']
[0.883s] Level 1:colcon.colcon_core.package_identification:_identify(mmwave_ti_ros/ti_mmwave_ros2_examples) by extension 'colcon_pkg'
[0.883s] Level 1:colcon.colcon_core.package_identification:_identify(mmwave_ti_ros/ti_mmwave_ros2_examples) by extensions ['colcon_meta']
[0.883s] Level 1:colcon.colcon_core.package_identification:_identify(mmwave_ti_ros/ti_mmwave_ros2_examples) by extension 'colcon_meta'
[0.883s] Level 1:colcon.colcon_core.package_identification:_identify(mmwave_ti_ros/ti_mmwave_ros2_examples) by extensions ['ros']
[0.883s] Level 1:colcon.colcon_core.package_identification:_identify(mmwave_ti_ros/ti_mmwave_ros2_examples) by extension 'ros'
[0.885s] DEBUG:colcon.colcon_core.package_identification:Package 'mmwave_ti_ros/ti_mmwave_ros2_examples' with type 'ros.ament_cmake' and name 'ti_mmwave_ros2_examples'
[0.885s] Level 1:colcon.colcon_core.package_identification:_identify(mmwave_ti_ros/ti_mmwave_ros2_interfaces) by extensions ['ignore', 'ignore_ament_install']
[0.885s] Level 1:colcon.colcon_core.package_identification:_identify(mmwave_ti_ros/ti_mmwave_ros2_interfaces) by extension 'ignore'
[0.886s] Level 1:colcon.colcon_core.package_identification:_identify(mmwave_ti_ros/ti_mmwave_ros2_interfaces) by extension 'ignore_ament_install'
[0.886s] Level 1:colcon.colcon_core.package_identification:_identify(mmwave_ti_ros/ti_mmwave_ros2_interfaces) by extensions ['colcon_pkg']
[0.886s] Level 1:colcon.colcon_core.package_identification:_identify(mmwave_ti_ros/ti_mmwave_ros2_interfaces) by extension 'colcon_pkg'
[0.886s] Level 1:colcon.colcon_core.package_identification:_identify(mmwave_ti_ros/ti_mmwave_ros2_interfaces) by extensions ['colcon_meta']
[0.886s] Level 1:colcon.colcon_core.package_identification:_identify(mmwave_ti_ros/ti_mmwave_ros2_interfaces) by extension 'colcon_meta'
[0.886s] Level 1:colcon.colcon_core.package_identification:_identify(mmwave_ti_ros/ti_mmwave_ros2_interfaces) by extensions ['ros']
[0.886s] Level 1:colcon.colcon_core.package_identification:_identify(mmwave_ti_ros/ti_mmwave_ros2_interfaces) by extension 'ros'
[0.888s] DEBUG:colcon.colcon_core.package_identification:Package 'mmwave_ti_ros/ti_mmwave_ros2_interfaces' with type 'ros.ament_cmake' and name 'ti_mmwave_ros2_interfaces'
[0.888s] Level 1:colcon.colcon_core.package_identification:_identify(mmwave_ti_ros/ti_mmwave_ros2_pkg) by extensions ['ignore', 'ignore_ament_install']
[0.889s] Level 1:colcon.colcon_core.package_identification:_identify(mmwave_ti_ros/ti_mmwave_ros2_pkg) by extension 'ignore'
[0.889s] Level 1:colcon.colcon_core.package_identification:_identify(mmwave_ti_ros/ti_mmwave_ros2_pkg) by extension 'ignore_ament_install'
[0.889s] Level 1:colcon.colcon_core.package_identification:_identify(mmwave_ti_ros/ti_mmwave_ros2_pkg) by extensions ['colcon_pkg']
[0.889s] Level 1:colcon.colcon_core.package_identification:_identify(mmwave_ti_ros/ti_mmwave_ros2_pkg) by extension 'colcon_pkg'
[0.889s] Level 1:colcon.colcon_core.package_identification:_identify(mmwave_ti_ros/ti_mmwave_ros2_pkg) by extensions ['colcon_meta']
[0.889s] Level 1:colcon.colcon_core.package_identification:_identify(mmwave_ti_ros/ti_mmwave_ros2_pkg) by extension 'colcon_meta'
[0.889s] Level 1:colcon.colcon_core.package_identification:_identify(mmwave_ti_ros/ti_mmwave_ros2_pkg) by extensions ['ros']
[0.890s] Level 1:colcon.colcon_core.package_identification:_identify(mmwave_ti_ros/ti_mmwave_ros2_pkg) by extension 'ros'
[0.892s] DEBUG:colcon.colcon_core.package_identification:Package 'mmwave_ti_ros/ti_mmwave_ros2_pkg' with type 'ros.ament_cmake' and name 'ti_mmwave_ros2_pkg'
[0.892s] Level 1:colcon.colcon_core.package_discovery:discover_packages(recursive) using defaults
[0.892s] Level 1:colcon.colcon_core.package_discovery:discover_packages(ignore) discover
[0.892s] Level 1:colcon.colcon_core.package_discovery:discover_packages(ignore) using defaults
[0.892s] Level 1:colcon.colcon_core.package_discovery:discover_packages(path) discover
[0.892s] Level 1:colcon.colcon_core.package_discovery:discover_packages(path) using defaults
[0.962s] Level 5:colcon.colcon_core.verb:set package 'serial' build argument 'cmake_args' from command line to 'None'
[0.962s] Level 5:colcon.colcon_core.verb:set package 'serial' build argument 'cmake_target' from command line to 'None'
[0.962s] Level 5:colcon.colcon_core.verb:set package 'serial' build argument 'cmake_target_skip_unavailable' from command line to 'False'
[0.962s] Level 5:colcon.colcon_core.verb:set package 'serial' build argument 'cmake_clean_cache' from command line to 'False'
[0.962s] Level 5:colcon.colcon_core.verb:set package 'serial' build argument 'cmake_clean_first' from command line to 'False'
[0.962s] Level 5:colcon.colcon_core.verb:set package 'serial' build argument 'cmake_force_configure' from command line to 'False'
[0.963s] Level 5:colcon.colcon_core.verb:set package 'serial' build argument 'ament_cmake_args' from command line to 'None'
[0.963s] Level 5:colcon.colcon_core.verb:set package 'serial' build argument 'catkin_cmake_args' from command line to 'None'
[0.963s] Level 5:colcon.colcon_core.verb:set package 'serial' build argument 'catkin_skip_building_tests' from command line to 'False'
[0.963s] DEBUG:colcon.colcon_core.verb:Building package 'serial' with the following arguments: {'ament_cmake_args': None, 'build_base': '/ws/src/build/serial', 'catkin_cmake_args': None, 'catkin_skip_building_tests': False, 'cmake_args': None, 'cmake_clean_cache': False, 'cmake_clean_first': False, 'cmake_force_configure': False, 'cmake_target': None, 'cmake_target_skip_unavailable': False, 'install_base': '/ws/src/install/serial', 'merge_install': False, 'path': '/ws/src/mmwave_ti_ros/serial-ros2', 'symlink_install': False, 'test_result_base': None}
[0.966s] Level 5:colcon.colcon_core.verb:set package 'ti_mmwave_ros2_examples' build argument 'cmake_args' from command line to 'None'
[0.966s] Level 5:colcon.colcon_core.verb:set package 'ti_mmwave_ros2_examples' build argument 'cmake_target' from command line to 'None'
[0.966s] Level 5:colcon.colcon_core.verb:set package 'ti_mmwave_ros2_examples' build argument 'cmake_target_skip_unavailable' from command line to 'False'
[0.966s] Level 5:colcon.colcon_core.verb:set package 'ti_mmwave_ros2_examples' build argument 'cmake_clean_cache' from command line to 'False'
[0.966s] Level 5:colcon.colcon_core.verb:set package 'ti_mmwave_ros2_examples' build argument 'cmake_clean_first' from command line to 'False'
[0.966s] Level 5:colcon.colcon_core.verb:set package 'ti_mmwave_ros2_examples' build argument 'cmake_force_configure' from command line to 'False'
[0.966s] Level 5:colcon.colcon_core.verb:set package 'ti_mmwave_ros2_examples' build argument 'ament_cmake_args' from command line to 'None'
[0.966s] Level 5:colcon.colcon_core.verb:set package 'ti_mmwave_ros2_examples' build argument 'catkin_cmake_args' from command line to 'None'
[0.967s] Level 5:colcon.colcon_core.verb:set package 'ti_mmwave_ros2_examples' build argument 'catkin_skip_building_tests' from command line to 'False'
[0.967s] DEBUG:colcon.colcon_core.verb:Building package 'ti_mmwave_ros2_examples' with the following arguments: {'ament_cmake_args': None, 'build_base': '/ws/src/build/ti_mmwave_ros2_examples', 'catkin_cmake_args': None, 'catkin_skip_building_tests': False, 'cmake_args': None, 'cmake_clean_cache': False, 'cmake_clean_first': False, 'cmake_force_configure': False, 'cmake_target': None, 'cmake_target_skip_unavailable': False, 'install_base': '/ws/src/install/ti_mmwave_ros2_examples', 'merge_install': False, 'path': '/ws/src/mmwave_ti_ros/ti_mmwave_ros2_examples', 'symlink_install': False, 'test_result_base': None}
[0.970s] Level 5:colcon.colcon_core.verb:set package 'ti_mmwave_ros2_interfaces' build argument 'cmake_args' from command line to 'None'
[0.970s] Level 5:colcon.colcon_core.verb:set package 'ti_mmwave_ros2_interfaces' build argument 'cmake_target' from command line to 'None'
[0.970s] Level 5:colcon.colcon_core.verb:set package 'ti_mmwave_ros2_interfaces' build argument 'cmake_target_skip_unavailable' from command line to 'False'
[0.970s] Level 5:colcon.colcon_core.verb:set package 'ti_mmwave_ros2_interfaces' build argument 'cmake_clean_cache' from command line to 'False'
[0.970s] Level 5:colcon.colcon_core.verb:set package 'ti_mmwave_ros2_interfaces' build argument 'cmake_clean_first' from command line to 'False'
[0.970s] Level 5:colcon.colcon_core.verb:set package 'ti_mmwave_ros2_interfaces' build argument 'cmake_force_configure' from command line to 'False'
[0.970s] Level 5:colcon.colcon_core.verb:set package 'ti_mmwave_ros2_interfaces' build argument 'ament_cmake_args' from command line to 'None'
[0.971s] Level 5:colcon.colcon_core.verb:set package 'ti_mmwave_ros2_interfaces' build argument 'catkin_cmake_args' from command line to 'None'
[0.971s] Level 5:colcon.colcon_core.verb:set package 'ti_mmwave_ros2_interfaces' build argument 'catkin_skip_building_tests' from command line to 'False'
[0.971s] DEBUG:colcon.colcon_core.verb:Building package 'ti_mmwave_ros2_interfaces' with the following arguments: {'ament_cmake_args': None, 'build_base': '/ws/src/build/ti_mmwave_ros2_interfaces', 'catkin_cmake_args': None, 'catkin_skip_building_tests': False, 'cmake_args': None, 'cmake_clean_cache': False, 'cmake_clean_first': False, 'cmake_force_configure': False, 'cmake_target': None, 'cmake_target_skip_unavailable': False, 'install_base': '/ws/src/install/ti_mmwave_ros2_interfaces', 'merge_install': False, 'path': '/ws/src/mmwave_ti_ros/ti_mmwave_ros2_interfaces', 'symlink_install': False, 'test_result_base': None}
[0.974s] Level 5:colcon.colcon_core.verb:set package 'ti_mmwave_ros2_pkg' build argument 'cmake_args' from command line to 'None'
[0.974s] Level 5:colcon.colcon_core.verb:set package 'ti_mmwave_ros2_pkg' build argument 'cmake_target' from command line to 'None'
[0.974s] Level 5:colcon.colcon_core.verb:set package 'ti_mmwave_ros2_pkg' build argument 'cmake_target_skip_unavailable' from command line to 'False'
[0.974s] Level 5:colcon.colcon_core.verb:set package 'ti_mmwave_ros2_pkg' build argument 'cmake_clean_cache' from command line to 'False'
[0.974s] Level 5:colcon.colcon_core.verb:set package 'ti_mmwave_ros2_pkg' build argument 'cmake_clean_first' from command line to 'False'
[0.975s] Level 5:colcon.colcon_core.verb:set package 'ti_mmwave_ros2_pkg' build argument 'cmake_force_configure' from command line to 'False'
[0.975s] Level 5:colcon.colcon_core.verb:set package 'ti_mmwave_ros2_pkg' build argument 'ament_cmake_args' from command line to 'None'
[0.975s] Level 5:colcon.colcon_core.verb:set package 'ti_mmwave_ros2_pkg' build argument 'catkin_cmake_args' from command line to 'None'
[0.975s] Level 5:colcon.colcon_core.verb:set package 'ti_mmwave_ros2_pkg' build argument 'catkin_skip_building_tests' from command line to 'False'
[0.975s] DEBUG:colcon.colcon_core.verb:Building package 'ti_mmwave_ros2_pkg' with the following arguments: {'ament_cmake_args': None, 'build_base': '/ws/src/build/ti_mmwave_ros2_pkg', 'catkin_cmake_args': None, 'catkin_skip_building_tests': False, 'cmake_args': None, 'cmake_clean_cache': False, 'cmake_clean_first': False, 'cmake_force_configure': False, 'cmake_target': None, 'cmake_target_skip_unavailable': False, 'install_base': '/ws/src/install/ti_mmwave_ros2_pkg', 'merge_install': False, 'path': '/ws/src/mmwave_ti_ros/ti_mmwave_ros2_pkg', 'symlink_install': False, 'test_result_base': None}
[0.977s] INFO:colcon.colcon_core.executor:Executing jobs using 'parallel' executor
[0.992s] DEBUG:colcon.colcon_parallel_executor.executor.parallel:run_until_complete
[0.993s] INFO:colcon.colcon_ros.task.ament_cmake.build:Building ROS package in '/ws/src/mmwave_ti_ros/ti_mmwave_ros2_interfaces' with build type 'ament_cmake'
[0.993s] INFO:colcon.colcon_cmake.task.cmake.build:Building CMake package in '/ws/src/mmwave_ti_ros/ti_mmwave_ros2_interfaces'
[1.005s] INFO:colcon.colcon_core.plugin_system:Skipping extension 'colcon_core.shell.bat': Not used on non-Windows systems
[1.006s] INFO:colcon.colcon_core.shell:Skip shell extension 'powershell' for command environment: Not usable outside of PowerShell
[1.006s] DEBUG:colcon.colcon_core.shell:Skip shell extension 'dsv' for command environment
[1.042s] INFO:colcon.colcon_ros.task.ament_cmake.build:Building ROS package in '/ws/src/mmwave_ti_ros/serial-ros2' with build type 'ament_cmake'
[1.042s] INFO:colcon.colcon_cmake.task.cmake.build:Building CMake package in '/ws/src/mmwave_ti_ros/serial-ros2'
[1.051s] INFO:colcon.colcon_core.shell:Skip shell extension 'powershell' for command environment: Not usable outside of PowerShell
[1.052s] DEBUG:colcon.colcon_core.shell:Skip shell extension 'dsv' for command environment
[1.092s] INFO:colcon.colcon_ros.task.ament_cmake.build:Building ROS package in '/ws/src/mmwave_ti_ros/ti_mmwave_ros2_examples' with build type 'ament_cmake'
[1.093s] INFO:colcon.colcon_cmake.task.cmake.build:Building CMake package in '/ws/src/mmwave_ti_ros/ti_mmwave_ros2_examples'
[1.100s] INFO:colcon.colcon_core.shell:Skip shell extension 'powershell' for command environment: Not usable outside of PowerShell
[1.101s] DEBUG:colcon.colcon_core.shell:Skip shell extension 'dsv' for command environment
[1.149s] DEBUG:colcon.colcon_core.event_handler.log_command:Invoking command in '/ws/src/build/ti_mmwave_ros2_interfaces': /usr/local/bin/cmake --build /ws/src/build/ti_mmwave_ros2_interfaces -- -j6 -l6
[1.167s] DEBUG:colcon.colcon_core.event_handler.log_command:Invoking command in '/ws/src/build/serial': /usr/local/bin/cmake --build /ws/src/build/serial -- -j6 -l6
[1.205s] DEBUG:colcon.colcon_core.event_handler.log_command:Invoking command in '/ws/src/build/ti_mmwave_ros2_examples': /usr/local/bin/cmake --build /ws/src/build/ti_mmwave_ros2_examples -- -j6 -l6
[1.348s] DEBUG:colcon.colcon_core.event_handler.log_command:Invoked command in '/ws/src/build/serial' returned '0': /usr/local/bin/cmake --build /ws/src/build/serial -- -j6 -l6
[1.429s] DEBUG:colcon.colcon_core.event_handler.log_command:Invoked command in '/ws/src/build/ti_mmwave_ros2_examples' returned '0': /usr/local/bin/cmake --build /ws/src/build/ti_mmwave_ros2_examples -- -j6 -l6
[1.611s] DEBUG:colcon.colcon_core.event_handler.log_command:Invoking command in '/ws/src/build/serial': /usr/local/bin/cmake --install /ws/src/build/serial
[1.619s] DEBUG:colcon.colcon_core.event_handler.log_command:Invoked command in '/ws/src/build/ti_mmwave_ros2_interfaces' returned '0': /usr/local/bin/cmake --build /ws/src/build/ti_mmwave_ros2_interfaces -- -j6 -l6
[1.632s] DEBUG:colcon.colcon_core.event_handler.log_command:Invoking command in '/ws/src/build/ti_mmwave_ros2_examples': /usr/local/bin/cmake --install /ws/src/build/ti_mmwave_ros2_examples
[1.746s] Level 1:colcon.colcon_core.environment:create_environment_scripts_only(serial)
[1.755s] DEBUG:colcon.colcon_core.event_handler.log_command:Invoked command in '/ws/src/build/serial' returned '0': /usr/local/bin/cmake --install /ws/src/build/serial
[1.772s] Level 1:colcon.colcon_core.environment:checking '/ws/src/install/serial' for CMake module files
[1.773s] Level 1:colcon.colcon_core.environment:checking '/ws/src/install/serial' for CMake config files
[1.774s] Level 1:colcon.colcon_core.shell:create_environment_hook('serial', 'cmake_prefix_path')
[1.782s] INFO:colcon.colcon_core.shell:Creating environment hook '/ws/src/install/serial/share/serial/hook/cmake_prefix_path.ps1'
[1.784s] INFO:colcon.colcon_core.shell:Creating environment descriptor '/ws/src/install/serial/share/serial/hook/cmake_prefix_path.dsv'
[1.785s] INFO:colcon.colcon_core.shell:Creating environment hook '/ws/src/install/serial/share/serial/hook/cmake_prefix_path.sh'
[1.787s] Level 1:colcon.colcon_core.environment:checking '/ws/src/install/serial/lib'
[1.788s] Level 1:colcon.colcon_core.environment:checking '/ws/src/install/serial/bin'
[1.788s] Level 1:colcon.colcon_core.environment:checking '/ws/src/install/serial/lib/pkgconfig/serial.pc'
[1.790s] Level 1:colcon.colcon_core.environment:checking '/ws/src/install/serial/lib/python3.8/site-packages'
[1.791s] Level 1:colcon.colcon_core.environment:checking '/ws/src/install/serial/bin'
[1.797s] INFO:colcon.colcon_core.shell:Creating package script '/ws/src/install/serial/share/serial/package.ps1'
[1.799s] INFO:colcon.colcon_core.shell:Creating package descriptor '/ws/src/install/serial/share/serial/package.dsv'
[1.801s] INFO:colcon.colcon_core.shell:Creating package script '/ws/src/install/serial/share/serial/package.sh'
[1.802s] INFO:colcon.colcon_core.shell:Creating package script '/ws/src/install/serial/share/serial/package.bash'
[1.803s] INFO:colcon.colcon_core.shell:Creating package script '/ws/src/install/serial/share/serial/package.zsh'
[1.805s] Level 1:colcon.colcon_core.environment:create_file_with_runtime_dependencies(/ws/src/install/serial/share/colcon-core/packages/serial)
[1.815s] Level 1:colcon.colcon_core.environment:create_environment_scripts_only(ti_mmwave_ros2_examples)
[1.826s] Level 1:colcon.colcon_core.environment:checking '/ws/src/install/ti_mmwave_ros2_examples' for CMake module files
[1.827s] DEBUG:colcon.colcon_core.event_handler.log_command:Invoked command in '/ws/src/build/ti_mmwave_ros2_examples' returned '0': /usr/local/bin/cmake --install /ws/src/build/ti_mmwave_ros2_examples
[1.828s] Level 1:colcon.colcon_core.environment:checking '/ws/src/install/ti_mmwave_ros2_examples' for CMake config files
[1.830s] Level 1:colcon.colcon_core.shell:create_environment_hook('ti_mmwave_ros2_examples', 'cmake_prefix_path')
[1.836s] INFO:colcon.colcon_core.shell:Creating environment hook '/ws/src/install/ti_mmwave_ros2_examples/share/ti_mmwave_ros2_examples/hook/cmake_prefix_path.ps1'
[1.838s] INFO:colcon.colcon_core.shell:Creating environment descriptor '/ws/src/install/ti_mmwave_ros2_examples/share/ti_mmwave_ros2_examples/hook/cmake_prefix_path.dsv'
[1.839s] INFO:colcon.colcon_core.shell:Creating environment hook '/ws/src/install/ti_mmwave_ros2_examples/share/ti_mmwave_ros2_examples/hook/cmake_prefix_path.sh'
[1.841s] Level 1:colcon.colcon_core.environment:checking '/ws/src/install/ti_mmwave_ros2_examples/lib'
[1.841s] Level 1:colcon.colcon_core.shell:create_environment_hook('ti_mmwave_ros2_examples', 'ld_library_path_lib')
[1.848s] INFO:colcon.colcon_core.shell:Creating environment hook '/ws/src/install/ti_mmwave_ros2_examples/share/ti_mmwave_ros2_examples/hook/ld_library_path_lib.ps1'
[1.849s] INFO:colcon.colcon_core.shell:Creating environment descriptor '/ws/src/install/ti_mmwave_ros2_examples/share/ti_mmwave_ros2_examples/hook/ld_library_path_lib.dsv'
[1.850s] INFO:colcon.colcon_core.shell:Creating environment hook '/ws/src/install/ti_mmwave_ros2_examples/share/ti_mmwave_ros2_examples/hook/ld_library_path_lib.sh'
[1.851s] Level 1:colcon.colcon_core.environment:checking '/ws/src/install/ti_mmwave_ros2_examples/bin'
[1.851s] Level 1:colcon.colcon_core.environment:checking '/ws/src/install/ti_mmwave_ros2_examples/lib/pkgconfig/ti_mmwave_ros2_examples.pc'
[1.851s] Level 1:colcon.colcon_core.environment:checking '/ws/src/install/ti_mmwave_ros2_examples/lib/python3.8/site-packages'
[1.852s] Level 1:colcon.colcon_core.environment:checking '/ws/src/install/ti_mmwave_ros2_examples/bin'
[1.858s] INFO:colcon.colcon_core.shell:Creating package script '/ws/src/install/ti_mmwave_ros2_examples/share/ti_mmwave_ros2_examples/package.ps1'
[1.860s] INFO:colcon.colcon_core.shell:Creating package descriptor '/ws/src/install/ti_mmwave_ros2_examples/share/ti_mmwave_ros2_examples/package.dsv'
[1.861s] INFO:colcon.colcon_core.shell:Creating package script '/ws/src/install/ti_mmwave_ros2_examples/share/ti_mmwave_ros2_examples/package.sh'
[1.862s] INFO:colcon.colcon_core.shell:Creating package script '/ws/src/install/ti_mmwave_ros2_examples/share/ti_mmwave_ros2_examples/package.bash'
[1.863s] INFO:colcon.colcon_core.shell:Creating package script '/ws/src/install/ti_mmwave_ros2_examples/share/ti_mmwave_ros2_examples/package.zsh'
[1.864s] Level 1:colcon.colcon_core.environment:create_file_with_runtime_dependencies(/ws/src/install/ti_mmwave_ros2_examples/share/colcon-core/packages/ti_mmwave_ros2_examples)
[1.906s] DEBUG:colcon.colcon_core.event_handler.log_command:Invoking command in '/ws/src/build/ti_mmwave_ros2_interfaces': /usr/local/bin/cmake --install /ws/src/build/ti_mmwave_ros2_interfaces
[1.962s] Level 1:colcon.colcon_core.environment:create_environment_scripts_only(serial)
[1.972s] Level 1:colcon.colcon_core.environment:checking '/ws/src/install/serial' for CMake module files
[1.974s] Level 1:colcon.colcon_core.environment:checking '/ws/src/install/serial' for CMake config files
[1.974s] Level 1:colcon.colcon_core.shell:create_environment_hook('serial', 'cmake_prefix_path')
[1.980s] INFO:colcon.colcon_core.shell:Creating environment hook '/ws/src/install/serial/share/serial/hook/cmake_prefix_path.ps1'
[1.982s] INFO:colcon.colcon_core.shell:Creating environment descriptor '/ws/src/install/serial/share/serial/hook/cmake_prefix_path.dsv'
[1.982s] INFO:colcon.colcon_core.shell:Creating environment hook '/ws/src/install/serial/share/serial/hook/cmake_prefix_path.sh'
[1.984s] Level 1:colcon.colcon_core.environment:checking '/ws/src/install/serial/lib'
[1.984s] Level 1:colcon.colcon_core.environment:checking '/ws/src/install/serial/bin'
[1.984s] Level 1:colcon.colcon_core.environment:checking '/ws/src/install/serial/lib/pkgconfig/serial.pc'
[1.985s] Level 1:colcon.colcon_core.environment:checking '/ws/src/install/serial/lib/python3.8/site-packages'
[1.986s] Level 1:colcon.colcon_core.environment:checking '/ws/src/install/serial/bin'
[1.992s] INFO:colcon.colcon_core.shell:Creating package script '/ws/src/install/serial/share/serial/package.ps1'
[1.993s] INFO:colcon.colcon_core.shell:Creating package descriptor '/ws/src/install/serial/share/serial/package.dsv'
[1.996s] INFO:colcon.colcon_core.shell:Creating package script '/ws/src/install/serial/share/serial/package.sh'
[1.999s] INFO:colcon.colcon_core.shell:Creating package script '/ws/src/install/serial/share/serial/package.bash'
[2.000s] INFO:colcon.colcon_core.shell:Creating package script '/ws/src/install/serial/share/serial/package.zsh'
[2.004s] Level 1:colcon.colcon_core.environment:create_file_with_runtime_dependencies(/ws/src/install/serial/share/colcon-core/packages/serial)
[2.024s] Level 1:colcon.colcon_core.environment:create_environment_scripts_only(ti_mmwave_ros2_examples)
[2.037s] Level 1:colcon.colcon_core.environment:checking '/ws/src/install/ti_mmwave_ros2_examples' for CMake module files
[2.041s] Level 1:colcon.colcon_core.environment:checking '/ws/src/install/ti_mmwave_ros2_examples' for CMake config files
[2.045s] Level 1:colcon.colcon_core.shell:create_environment_hook('ti_mmwave_ros2_examples', 'cmake_prefix_path')
[2.052s] INFO:colcon.colcon_core.shell:Creating environment hook '/ws/src/install/ti_mmwave_ros2_examples/share/ti_mmwave_ros2_examples/hook/cmake_prefix_path.ps1'
[2.055s] INFO:colcon.colcon_core.shell:Creating environment descriptor '/ws/src/install/ti_mmwave_ros2_examples/share/ti_mmwave_ros2_examples/hook/cmake_prefix_path.dsv'
[2.056s] INFO:colcon.colcon_core.shell:Creating environment hook '/ws/src/install/ti_mmwave_ros2_examples/share/ti_mmwave_ros2_examples/hook/cmake_prefix_path.sh'
[2.058s] Level 1:colcon.colcon_core.environment:checking '/ws/src/install/ti_mmwave_ros2_examples/lib'
[2.058s] Level 1:colcon.colcon_core.shell:create_environment_hook('ti_mmwave_ros2_examples', 'ld_library_path_lib')
[2.064s] INFO:colcon.colcon_core.shell:Creating environment hook '/ws/src/install/ti_mmwave_ros2_examples/share/ti_mmwave_ros2_examples/hook/ld_library_path_lib.ps1'
[2.065s] INFO:colcon.colcon_core.shell:Creating environment descriptor '/ws/src/install/ti_mmwave_ros2_examples/share/ti_mmwave_ros2_examples/hook/ld_library_path_lib.dsv'
[2.066s] INFO:colcon.colcon_core.shell:Creating environment hook '/ws/src/install/ti_mmwave_ros2_examples/share/ti_mmwave_ros2_examples/hook/ld_library_path_lib.sh'
[2.068s] Level 1:colcon.colcon_core.environment:checking '/ws/src/install/ti_mmwave_ros2_examples/bin'
[2.068s] Level 1:colcon.colcon_core.environment:checking '/ws/src/install/ti_mmwave_ros2_examples/lib/pkgconfig/ti_mmwave_ros2_examples.pc'
[2.068s] Level 1:colcon.colcon_core.environment:checking '/ws/src/install/ti_mmwave_ros2_examples/lib/python3.8/site-packages'
[2.069s] Level 1:colcon.colcon_core.environment:checking '/ws/src/install/ti_mmwave_ros2_examples/bin'
[2.075s] INFO:colcon.colcon_core.shell:Creating package script '/ws/src/install/ti_mmwave_ros2_examples/share/ti_mmwave_ros2_examples/package.ps1'
[2.078s] INFO:colcon.colcon_core.shell:Creating package descriptor '/ws/src/install/ti_mmwave_ros2_examples/share/ti_mmwave_ros2_examples/package.dsv'
[2.079s] INFO:colcon.colcon_core.shell:Creating package script '/ws/src/install/ti_mmwave_ros2_examples/share/ti_mmwave_ros2_examples/package.sh'
[2.080s] INFO:colcon.colcon_core.shell:Creating package script '/ws/src/install/ti_mmwave_ros2_examples/share/ti_mmwave_ros2_examples/package.bash'
[2.081s] INFO:colcon.colcon_core.shell:Creating package script '/ws/src/install/ti_mmwave_ros2_examples/share/ti_mmwave_ros2_examples/package.zsh'
[2.082s] Level 1:colcon.colcon_core.environment:create_file_with_runtime_dependencies(/ws/src/install/ti_mmwave_ros2_examples/share/colcon-core/packages/ti_mmwave_ros2_examples)
[2.135s] Level 1:colcon.colcon_core.environment:create_environment_scripts_only(ti_mmwave_ros2_interfaces)
[2.147s] DEBUG:colcon.colcon_core.event_handler.log_command:Invoked command in '/ws/src/build/ti_mmwave_ros2_interfaces' returned '0': /usr/local/bin/cmake --install /ws/src/build/ti_mmwave_ros2_interfaces
[2.151s] Level 1:colcon.colcon_core.environment:checking '/ws/src/install/ti_mmwave_ros2_interfaces' for CMake module files
[2.153s] Level 1:colcon.colcon_core.environment:checking '/ws/src/install/ti_mmwave_ros2_interfaces' for CMake config files
[2.155s] Level 1:colcon.colcon_core.shell:create_environment_hook('ti_mmwave_ros2_interfaces', 'cmake_prefix_path')
[2.165s] INFO:colcon.colcon_core.shell:Creating environment hook '/ws/src/install/ti_mmwave_ros2_interfaces/share/ti_mmwave_ros2_interfaces/hook/cmake_prefix_path.ps1'
[2.166s] INFO:colcon.colcon_core.shell:Creating environment descriptor '/ws/src/install/ti_mmwave_ros2_interfaces/share/ti_mmwave_ros2_interfaces/hook/cmake_prefix_path.dsv'
[2.167s] INFO:colcon.colcon_core.shell:Creating environment hook '/ws/src/install/ti_mmwave_ros2_interfaces/share/ti_mmwave_ros2_interfaces/hook/cmake_prefix_path.sh'
[2.169s] Level 1:colcon.colcon_core.environment:checking '/ws/src/install/ti_mmwave_ros2_interfaces/lib'
[2.169s] Level 1:colcon.colcon_core.shell:create_environment_hook('ti_mmwave_ros2_interfaces', 'ld_library_path_lib')
[2.176s] INFO:colcon.colcon_core.shell:Creating environment hook '/ws/src/install/ti_mmwave_ros2_interfaces/share/ti_mmwave_ros2_interfaces/hook/ld_library_path_lib.ps1'
[2.177s] INFO:colcon.colcon_core.shell:Creating environment descriptor '/ws/src/install/ti_mmwave_ros2_interfaces/share/ti_mmwave_ros2_interfaces/hook/ld_library_path_lib.dsv'
[2.178s] INFO:colcon.colcon_core.shell:Creating environment hook '/ws/src/install/ti_mmwave_ros2_interfaces/share/ti_mmwave_ros2_interfaces/hook/ld_library_path_lib.sh'
[2.179s] Level 1:colcon.colcon_core.environment:checking '/ws/src/install/ti_mmwave_ros2_interfaces/bin'
[2.179s] Level 1:colcon.colcon_core.environment:checking '/ws/src/install/ti_mmwave_ros2_interfaces/lib/pkgconfig/ti_mmwave_ros2_interfaces.pc'
[2.180s] Level 1:colcon.colcon_core.environment:checking '/ws/src/install/ti_mmwave_ros2_interfaces/lib/python3.8/site-packages'
[2.180s] Level 1:colcon.colcon_core.shell:create_environment_hook('ti_mmwave_ros2_interfaces', 'pythonpath')
[2.189s] INFO:colcon.colcon_core.shell:Creating environment hook '/ws/src/install/ti_mmwave_ros2_interfaces/share/ti_mmwave_ros2_interfaces/hook/pythonpath.ps1'
[2.191s] INFO:colcon.colcon_core.shell:Creating environment descriptor '/ws/src/install/ti_mmwave_ros2_interfaces/share/ti_mmwave_ros2_interfaces/hook/pythonpath.dsv'
[2.192s] INFO:colcon.colcon_core.shell:Creating environment hook '/ws/src/install/ti_mmwave_ros2_interfaces/share/ti_mmwave_ros2_interfaces/hook/pythonpath.sh'
[2.194s] Level 1:colcon.colcon_core.environment:checking '/ws/src/install/ti_mmwave_ros2_interfaces/bin'
[2.200s] INFO:colcon.colcon_core.shell:Creating package script '/ws/src/install/ti_mmwave_ros2_interfaces/share/ti_mmwave_ros2_interfaces/package.ps1'
[2.202s] INFO:colcon.colcon_core.shell:Creating package descriptor '/ws/src/install/ti_mmwave_ros2_interfaces/share/ti_mmwave_ros2_interfaces/package.dsv'
[2.203s] INFO:colcon.colcon_core.shell:Creating package script '/ws/src/install/ti_mmwave_ros2_interfaces/share/ti_mmwave_ros2_interfaces/package.sh'
[2.205s] INFO:colcon.colcon_core.shell:Creating package script '/ws/src/install/ti_mmwave_ros2_interfaces/share/ti_mmwave_ros2_interfaces/package.bash'
[2.206s] INFO:colcon.colcon_core.shell:Creating package script '/ws/src/install/ti_mmwave_ros2_interfaces/share/ti_mmwave_ros2_interfaces/package.zsh'
[2.207s] Level 1:colcon.colcon_core.environment:create_file_with_runtime_dependencies(/ws/src/install/ti_mmwave_ros2_interfaces/share/colcon-core/packages/ti_mmwave_ros2_interfaces)
[2.442s] Level 1:colcon.colcon_core.environment:create_environment_scripts_only(ti_mmwave_ros2_interfaces)
[2.451s] Level 1:colcon.colcon_core.environment:checking '/ws/src/install/ti_mmwave_ros2_interfaces' for CMake module files
[2.453s] Level 1:colcon.colcon_core.environment:checking '/ws/src/install/ti_mmwave_ros2_interfaces' for CMake config files
[2.454s] Level 1:colcon.colcon_core.shell:create_environment_hook('ti_mmwave_ros2_interfaces', 'cmake_prefix_path')
[2.461s] INFO:colcon.colcon_core.shell:Creating environment hook '/ws/src/install/ti_mmwave_ros2_interfaces/share/ti_mmwave_ros2_interfaces/hook/cmake_prefix_path.ps1'
[2.462s] INFO:colcon.colcon_core.shell:Creating environment descriptor '/ws/src/install/ti_mmwave_ros2_interfaces/share/ti_mmwave_ros2_interfaces/hook/cmake_prefix_path.dsv'
[2.463s] INFO:colcon.colcon_core.shell:Creating environment hook '/ws/src/install/ti_mmwave_ros2_interfaces/share/ti_mmwave_ros2_interfaces/hook/cmake_prefix_path.sh'
[2.464s] Level 1:colcon.colcon_core.environment:checking '/ws/src/install/ti_mmwave_ros2_interfaces/lib'
[2.464s] Level 1:colcon.colcon_core.shell:create_environment_hook('ti_mmwave_ros2_interfaces', 'ld_library_path_lib')
[2.470s] INFO:colcon.colcon_core.shell:Creating environment hook '/ws/src/install/ti_mmwave_ros2_interfaces/share/ti_mmwave_ros2_interfaces/hook/ld_library_path_lib.ps1'
[2.471s] INFO:colcon.colcon_core.shell:Creating environment descriptor '/ws/src/install/ti_mmwave_ros2_interfaces/share/ti_mmwave_ros2_interfaces/hook/ld_library_path_lib.dsv'
[2.472s] INFO:colcon.colcon_core.shell:Creating environment hook '/ws/src/install/ti_mmwave_ros2_interfaces/share/ti_mmwave_ros2_interfaces/hook/ld_library_path_lib.sh'
[2.473s] Level 1:colcon.colcon_core.environment:checking '/ws/src/install/ti_mmwave_ros2_interfaces/bin'
[2.473s] Level 1:colcon.colcon_core.environment:checking '/ws/src/install/ti_mmwave_ros2_interfaces/lib/pkgconfig/ti_mmwave_ros2_interfaces.pc'
[2.474s] Level 1:colcon.colcon_core.environment:checking '/ws/src/install/ti_mmwave_ros2_interfaces/lib/python3.8/site-packages'
[2.474s] Level 1:colcon.colcon_core.shell:create_environment_hook('ti_mmwave_ros2_interfaces', 'pythonpath')
[2.479s] INFO:colcon.colcon_core.shell:Creating environment hook '/ws/src/install/ti_mmwave_ros2_interfaces/share/ti_mmwave_ros2_interfaces/hook/pythonpath.ps1'
[2.481s] INFO:colcon.colcon_core.shell:Creating environment descriptor '/ws/src/install/ti_mmwave_ros2_interfaces/share/ti_mmwave_ros2_interfaces/hook/pythonpath.dsv'
[2.481s] INFO:colcon.colcon_core.shell:Creating environment hook '/ws/src/install/ti_mmwave_ros2_interfaces/share/ti_mmwave_ros2_interfaces/hook/pythonpath.sh'
[2.482s] Level 1:colcon.colcon_core.environment:checking '/ws/src/install/ti_mmwave_ros2_interfaces/bin'
[2.488s] INFO:colcon.colcon_core.shell:Creating package script '/ws/src/install/ti_mmwave_ros2_interfaces/share/ti_mmwave_ros2_interfaces/package.ps1'
[2.490s] INFO:colcon.colcon_core.shell:Creating package descriptor '/ws/src/install/ti_mmwave_ros2_interfaces/share/ti_mmwave_ros2_interfaces/package.dsv'
[2.491s] INFO:colcon.colcon_core.shell:Creating package script '/ws/src/install/ti_mmwave_ros2_interfaces/share/ti_mmwave_ros2_interfaces/package.sh'
[2.492s] INFO:colcon.colcon_core.shell:Creating package script '/ws/src/install/ti_mmwave_ros2_interfaces/share/ti_mmwave_ros2_interfaces/package.bash'
[2.493s] INFO:colcon.colcon_core.shell:Creating package script '/ws/src/install/ti_mmwave_ros2_interfaces/share/ti_mmwave_ros2_interfaces/package.zsh'
[2.494s] Level 1:colcon.colcon_core.environment:create_file_with_runtime_dependencies(/ws/src/install/ti_mmwave_ros2_interfaces/share/colcon-core/packages/ti_mmwave_ros2_interfaces)
[2.495s] INFO:colcon.colcon_ros.task.ament_cmake.build:Building ROS package in '/ws/src/mmwave_ti_ros/ti_mmwave_ros2_pkg' with build type 'ament_cmake'
[2.495s] INFO:colcon.colcon_cmake.task.cmake.build:Building CMake package in '/ws/src/mmwave_ti_ros/ti_mmwave_ros2_pkg'
[2.501s] INFO:colcon.colcon_core.shell:Skip shell extension 'powershell' for command environment: Not usable outside of PowerShell
[2.501s] DEBUG:colcon.colcon_core.shell:Skip shell extension 'dsv' for command environment
[2.558s] DEBUG:colcon.colcon_core.event_handler.log_command:Invoking command in '/ws/src/build/ti_mmwave_ros2_pkg': CMAKE_PREFIX_PATH=/ws/src/install/ti_mmwave_ros2_interfaces:/ws/src/install/ti_mmwave_ros2_pkg:/ws/src/install/ti_mmwave_ros2_examples:/ws/src/install/serial:/opt/ros/galactic/install LD_LIBRARY_PATH=/ws/src/install/ti_mmwave_ros2_interfaces/lib:/ws/src/install/ti_mmwave_ros2_pkg/lib:/ws/src/install/ti_mmwave_ros2_examples/lib:/ws/src/install/serial/lib:/opt/ros/galactic/install/opt/yaml_cpp_vendor/lib:/opt/ros/galactic/install/opt/rviz_ogre_vendor/lib:/opt/ros/galactic/install/lib:/usr/local/cuda/lib64 /usr/local/bin/cmake --build /ws/src/build/ti_mmwave_ros2_pkg -- -j6 -l6
[2.844s] DEBUG:colcon.colcon_core.event_handler.log_command:Invoked command in '/ws/src/build/ti_mmwave_ros2_pkg' returned '0': CMAKE_PREFIX_PATH=/ws/src/install/ti_mmwave_ros2_interfaces:/ws/src/install/ti_mmwave_ros2_pkg:/ws/src/install/ti_mmwave_ros2_examples:/ws/src/install/serial:/opt/ros/galactic/install LD_LIBRARY_PATH=/ws/src/install/ti_mmwave_ros2_interfaces/lib:/ws/src/install/ti_mmwave_ros2_pkg/lib:/ws/src/install/ti_mmwave_ros2_examples/lib:/ws/src/install/serial/lib:/opt/ros/galactic/install/opt/yaml_cpp_vendor/lib:/opt/ros/galactic/install/opt/rviz_ogre_vendor/lib:/opt/ros/galactic/install/lib:/usr/local/cuda/lib64 /usr/local/bin/cmake --build /ws/src/build/ti_mmwave_ros2_pkg -- -j6 -l6
[2.999s] DEBUG:colcon.colcon_core.event_handler.log_command:Invoking command in '/ws/src/build/ti_mmwave_ros2_pkg': CMAKE_PREFIX_PATH=/ws/src/install/ti_mmwave_ros2_interfaces:/ws/src/install/ti_mmwave_ros2_pkg:/ws/src/install/ti_mmwave_ros2_examples:/ws/src/install/serial:/opt/ros/galactic/install LD_LIBRARY_PATH=/ws/src/install/ti_mmwave_ros2_interfaces/lib:/ws/src/install/ti_mmwave_ros2_pkg/lib:/ws/src/install/ti_mmwave_ros2_examples/lib:/ws/src/install/serial/lib:/opt/ros/galactic/install/opt/yaml_cpp_vendor/lib:/opt/ros/galactic/install/opt/rviz_ogre_vendor/lib:/opt/ros/galactic/install/lib:/usr/local/cuda/lib64 /usr/local/bin/cmake --install /ws/src/build/ti_mmwave_ros2_pkg
[3.111s] Level 1:colcon.colcon_core.environment:create_environment_scripts_only(ti_mmwave_ros2_pkg)
[3.121s] Level 1:colcon.colcon_core.environment:checking '/ws/src/install/ti_mmwave_ros2_pkg' for CMake module files
[3.122s] DEBUG:colcon.colcon_core.event_handler.log_command:Invoked command in '/ws/src/build/ti_mmwave_ros2_pkg' returned '0': CMAKE_PREFIX_PATH=/ws/src/install/ti_mmwave_ros2_interfaces:/ws/src/install/ti_mmwave_ros2_pkg:/ws/src/install/ti_mmwave_ros2_examples:/ws/src/install/serial:/opt/ros/galactic/install LD_LIBRARY_PATH=/ws/src/install/ti_mmwave_ros2_interfaces/lib:/ws/src/install/ti_mmwave_ros2_pkg/lib:/ws/src/install/ti_mmwave_ros2_examples/lib:/ws/src/install/serial/lib:/opt/ros/galactic/install/opt/yaml_cpp_vendor/lib:/opt/ros/galactic/install/opt/rviz_ogre_vendor/lib:/opt/ros/galactic/install/lib:/usr/local/cuda/lib64 /usr/local/bin/cmake --install /ws/src/build/ti_mmwave_ros2_pkg
[3.124s] Level 1:colcon.colcon_core.environment:checking '/ws/src/install/ti_mmwave_ros2_pkg' for CMake config files
[3.125s] Level 1:colcon.colcon_core.shell:create_environment_hook('ti_mmwave_ros2_pkg', 'cmake_prefix_path')
[3.130s] INFO:colcon.colcon_core.shell:Creating environment hook '/ws/src/install/ti_mmwave_ros2_pkg/share/ti_mmwave_ros2_pkg/hook/cmake_prefix_path.ps1'
[3.132s] INFO:colcon.colcon_core.shell:Creating environment descriptor '/ws/src/install/ti_mmwave_ros2_pkg/share/ti_mmwave_ros2_pkg/hook/cmake_prefix_path.dsv'
[3.134s] INFO:colcon.colcon_core.shell:Creating environment hook '/ws/src/install/ti_mmwave_ros2_pkg/share/ti_mmwave_ros2_pkg/hook/cmake_prefix_path.sh'
[3.135s] Level 1:colcon.colcon_core.environment:checking '/ws/src/install/ti_mmwave_ros2_pkg/lib'
[3.135s] Level 1:colcon.colcon_core.shell:create_environment_hook('ti_mmwave_ros2_pkg', 'ld_library_path_lib')
[3.141s] INFO:colcon.colcon_core.shell:Creating environment hook '/ws/src/install/ti_mmwave_ros2_pkg/share/ti_mmwave_ros2_pkg/hook/ld_library_path_lib.ps1'
[3.142s] INFO:colcon.colcon_core.shell:Creating environment descriptor '/ws/src/install/ti_mmwave_ros2_pkg/share/ti_mmwave_ros2_pkg/hook/ld_library_path_lib.dsv'
[3.143s] INFO:colcon.colcon_core.shell:Creating environment hook '/ws/src/install/ti_mmwave_ros2_pkg/share/ti_mmwave_ros2_pkg/hook/ld_library_path_lib.sh'
[3.143s] Level 1:colcon.colcon_core.environment:checking '/ws/src/install/ti_mmwave_ros2_pkg/bin'
[3.144s] Level 1:colcon.colcon_core.environment:checking '/ws/src/install/ti_mmwave_ros2_pkg/lib/pkgconfig/ti_mmwave_ros2_pkg.pc'
[3.144s] Level 1:colcon.colcon_core.environment:checking '/ws/src/install/ti_mmwave_ros2_pkg/lib/python3.8/site-packages'
[3.144s] Level 1:colcon.colcon_core.environment:checking '/ws/src/install/ti_mmwave_ros2_pkg/bin'
[3.150s] INFO:colcon.colcon_core.shell:Creating package script '/ws/src/install/ti_mmwave_ros2_pkg/share/ti_mmwave_ros2_pkg/package.ps1'
[3.151s] INFO:colcon.colcon_core.shell:Creating package descriptor '/ws/src/install/ti_mmwave_ros2_pkg/share/ti_mmwave_ros2_pkg/package.dsv'
[3.152s] INFO:colcon.colcon_core.shell:Creating package script '/ws/src/install/ti_mmwave_ros2_pkg/share/ti_mmwave_ros2_pkg/package.sh'
[3.153s] INFO:colcon.colcon_core.shell:Creating package script '/ws/src/install/ti_mmwave_ros2_pkg/share/ti_mmwave_ros2_pkg/package.bash'
[3.154s] INFO:colcon.colcon_core.shell:Creating package script '/ws/src/install/ti_mmwave_ros2_pkg/share/ti_mmwave_ros2_pkg/package.zsh'
[3.155s] Level 1:colcon.colcon_core.environment:create_file_with_runtime_dependencies(/ws/src/install/ti_mmwave_ros2_pkg/share/colcon-core/packages/ti_mmwave_ros2_pkg)
[3.321s] Level 1:colcon.colcon_core.environment:create_environment_scripts_only(ti_mmwave_ros2_pkg)
[3.329s] Level 1:colcon.colcon_core.environment:checking '/ws/src/install/ti_mmwave_ros2_pkg' for CMake module files
[3.331s] Level 1:colcon.colcon_core.environment:checking '/ws/src/install/ti_mmwave_ros2_pkg' for CMake config files
[3.332s] Level 1:colcon.colcon_core.shell:create_environment_hook('ti_mmwave_ros2_pkg', 'cmake_prefix_path')
[3.338s] INFO:colcon.colcon_core.shell:Creating environment hook '/ws/src/install/ti_mmwave_ros2_pkg/share/ti_mmwave_ros2_pkg/hook/cmake_prefix_path.ps1'
[3.339s] INFO:colcon.colcon_core.shell:Creating environment descriptor '/ws/src/install/ti_mmwave_ros2_pkg/share/ti_mmwave_ros2_pkg/hook/cmake_prefix_path.dsv'
[3.340s] INFO:colcon.colcon_core.shell:Creating environment hook '/ws/src/install/ti_mmwave_ros2_pkg/share/ti_mmwave_ros2_pkg/hook/cmake_prefix_path.sh'
[3.341s] Level 1:colcon.colcon_core.environment:checking '/ws/src/install/ti_mmwave_ros2_pkg/lib'
[3.341s] Level 1:colcon.colcon_core.shell:create_environment_hook('ti_mmwave_ros2_pkg', 'ld_library_path_lib')
[3.347s] INFO:colcon.colcon_core.shell:Creating environment hook '/ws/src/install/ti_mmwave_ros2_pkg/share/ti_mmwave_ros2_pkg/hook/ld_library_path_lib.ps1'
[3.347s] INFO:colcon.colcon_core.shell:Creating environment descriptor '/ws/src/install/ti_mmwave_ros2_pkg/share/ti_mmwave_ros2_pkg/hook/ld_library_path_lib.dsv'
[3.348s] INFO:colcon.colcon_core.shell:Creating environment hook '/ws/src/install/ti_mmwave_ros2_pkg/share/ti_mmwave_ros2_pkg/hook/ld_library_path_lib.sh'
[3.349s] Level 1:colcon.colcon_core.environment:checking '/ws/src/install/ti_mmwave_ros2_pkg/bin'
[3.349s] Level 1:colcon.colcon_core.environment:checking '/ws/src/install/ti_mmwave_ros2_pkg/lib/pkgconfig/ti_mmwave_ros2_pkg.pc'
[3.350s] Level 1:colcon.colcon_core.environment:checking '/ws/src/install/ti_mmwave_ros2_pkg/lib/python3.8/site-packages'
[3.350s] Level 1:colcon.colcon_core.environment:checking '/ws/src/install/ti_mmwave_ros2_pkg/bin'
[3.357s] INFO:colcon.colcon_core.shell:Creating package script '/ws/src/install/ti_mmwave_ros2_pkg/share/ti_mmwave_ros2_pkg/package.ps1'
[3.359s] INFO:colcon.colcon_core.shell:Creating package descriptor '/ws/src/install/ti_mmwave_ros2_pkg/share/ti_mmwave_ros2_pkg/package.dsv'
[3.360s] INFO:colcon.colcon_core.shell:Creating package script '/ws/src/install/ti_mmwave_ros2_pkg/share/ti_mmwave_ros2_pkg/package.sh'
[3.361s] INFO:colcon.colcon_core.shell:Creating package script '/ws/src/install/ti_mmwave_ros2_pkg/share/ti_mmwave_ros2_pkg/package.bash'
[3.362s] INFO:colcon.colcon_core.shell:Creating package script '/ws/src/install/ti_mmwave_ros2_pkg/share/ti_mmwave_ros2_pkg/package.zsh'
[3.365s] Level 1:colcon.colcon_core.environment:create_file_with_runtime_dependencies(/ws/src/install/ti_mmwave_ros2_pkg/share/colcon-core/packages/ti_mmwave_ros2_pkg)
[3.368s] DEBUG:colcon.colcon_parallel_executor.executor.parallel:closing loop
[3.369s] DEBUG:colcon.colcon_parallel_executor.executor.parallel:loop closed
[3.369s] DEBUG:colcon.colcon_parallel_executor.executor.parallel:run_until_complete finished with '0'
[3.370s] DEBUG:colcon.colcon_core.event_reactor:joining thread
[3.422s] INFO:colcon.colcon_core.plugin_system:Skipping extension 'colcon_notification.desktop_notification.notify_send': Could not find 'notify-send'
[3.422s] INFO:colcon.colcon_core.plugin_system:Skipping extension 'colcon_notification.desktop_notification.terminal_notifier': Not used on non-Darwin systems
[3.422s] INFO:colcon.colcon_core.plugin_system:Skipping extension 'colcon_notification.desktop_notification.win32': Not used on non-Windows systems
[3.423s] INFO:colcon.colcon_notification.desktop_notification:Sending desktop notification using 'notify2'
[3.445s] DEBUG:colcon.colcon_notification.desktop_notification.notify2:Failed to initialize notify2: org.freedesktop.DBus.Error.ServiceUnknown: The name org.freedesktop.Notifications was not provided by any .service files
[3.445s] DEBUG:colcon.colcon_core.event_reactor:joined thread
[3.453s] INFO:colcon.colcon_core.shell:Creating prefix script '/ws/src/install/local_setup.ps1'
[3.456s] INFO:colcon.colcon_core.shell:Creating prefix util module '/ws/src/install/_local_setup_util_ps1.py'
[3.459s] INFO:colcon.colcon_core.shell:Creating prefix chain script '/ws/src/install/setup.ps1'
[3.464s] INFO:colcon.colcon_core.shell:Creating prefix script '/ws/src/install/local_setup.sh'
[3.465s] INFO:colcon.colcon_core.shell:Creating prefix util module '/ws/src/install/_local_setup_util_sh.py'
[3.466s] INFO:colcon.colcon_core.shell:Creating prefix chain script '/ws/src/install/setup.sh'
[3.470s] INFO:colcon.colcon_core.shell:Creating prefix script '/ws/src/install/local_setup.bash'
[3.471s] INFO:colcon.colcon_core.shell:Creating prefix chain script '/ws/src/install/setup.bash'
[3.475s] INFO:colcon.colcon_core.shell:Creating prefix script '/ws/src/install/local_setup.zsh'
[3.476s] INFO:colcon.colcon_core.shell:Creating prefix chain script '/ws/src/install/setup.zsh'
