[0.123s] Invoking command in '/ws/src/build/serial': /usr/local/bin/cmake --build /ws/src/build/serial -- -j6 -l6
[0.244s] [100%] Built target serial
[0.280s] Invoked command in '/ws/src/build/serial' returned '0': /usr/local/bin/cmake --build /ws/src/build/serial -- -j6 -l6
[0.552s] Invoking command in '/ws/src/build/serial': /usr/local/bin/cmake --install /ws/src/build/serial
[0.627s] -- Install configuration: ""
[0.628s] -- Execute custom install script
[0.629s] -- Up-to-date symlink: /ws/src/install/serial/share/serial/environment/library_path.sh
[0.629s] -- Up-to-date symlink: /ws/src/install/serial/share/serial/environment/library_path.dsv
[0.630s] -- Up-to-date symlink: /ws/src/install/serial/lib/libserial.a
[0.630s] -- Up-to-date symlink: /ws/src/install/serial/include/serial/serial.h
[0.630s] -- Up-to-date symlink: /ws/src/install/serial/include/serial/v8stdint.h
[0.631s] -- Up-to-date symlink: /ws/src/install/serial/share/ament_index/resource_index/package_run_dependencies/serial
[0.632s] -- Up-to-date symlink: /ws/src/install/serial/share/ament_index/resource_index/parent_prefix_path/serial
[0.632s] -- Up-to-date symlink: /ws/src/install/serial/share/serial/environment/ament_prefix_path.sh
[0.633s] -- Up-to-date symlink: /ws/src/install/serial/share/serial/environment/ament_prefix_path.dsv
[0.635s] -- Up-to-date symlink: /ws/src/install/serial/share/serial/environment/path.sh
[0.636s] -- Up-to-date symlink: /ws/src/install/serial/share/serial/environment/path.dsv
[0.637s] -- Up-to-date symlink: /ws/src/install/serial/share/serial/local_setup.bash
[0.638s] -- Up-to-date symlink: /ws/src/install/serial/share/serial/local_setup.sh
[0.639s] -- Up-to-date symlink: /ws/src/install/serial/share/serial/local_setup.zsh
[0.640s] -- Up-to-date symlink: /ws/src/install/serial/share/serial/local_setup.dsv
[0.641s] -- Symlinking: /ws/src/install/serial/share/serial/package.dsv
[0.649s] -- Up-to-date symlink: /ws/src/install/serial/share/ament_index/resource_index/packages/serial
[0.651s] -- Up-to-date symlink: /ws/src/install/serial/share/serial/cmake/ament_cmake_export_include_directories-extras.cmake
[0.651s] -- Up-to-date symlink: /ws/src/install/serial/share/serial/cmake/ament_cmake_export_libraries-extras.cmake
[0.654s] -- Up-to-date symlink: /ws/src/install/serial/share/serial/cmake/serialConfig.cmake
[0.654s] -- Up-to-date symlink: /ws/src/install/serial/share/serial/cmake/serialConfig-version.cmake
[0.654s] -- Up-to-date symlink: /ws/src/install/serial/share/serial/package.xml
[0.680s] Invoked command in '/ws/src/build/serial' returned '0': /usr/local/bin/cmake --install /ws/src/build/serial
