[0.668s] DEBUG:colcon:Command line arguments: ['/usr/bin/colcon', 'build']
[0.668s] DEBUG:colcon:Parsed command line arguments: Namespace(ament_cmake_args=None, base_paths=['.'], build_base='build', catkin_cmake_args=None, catkin_skip_building_tests=False, cmake_args=None, cmake_clean_cache=False, cmake_clean_first=False, cmake_force_configure=False, cmake_target=None, cmake_target_skip_unavailable=False, continue_on_error=False, event_handlers=None, executor='parallel', ignore_user_meta=False, install_base='install', log_base=None, log_level=None, main=<bound method BuildVerb.main of <colcon_core.verb.build.BuildVerb object at 0xffffa22b2040>>, merge_install=False, metas=['./colcon.meta'], packages_above=None, packages_above_and_dependencies=None, packages_above_depth=None, packages_end=None, packages_ignore=None, packages_ignore_regex=None, packages_select=None, packages_select_build_failed=False, packages_select_by_dep=None, packages_select_regex=None, packages_select_test_failures=False, packages_skip=None, packages_skip_build_finished=False, packages_skip_by_dep=None, packages_skip_regex=None, packages_skip_test_passed=False, packages_skip_up_to=None, packages_start=None, packages_up_to=None, packages_up_to_regex=None, parallel_workers=6, paths=None, symlink_install=False, test_result_base=None, verb_extension=<colcon_core.verb.build.BuildVerb object at 0xffffa22b2040>, verb_name='build', verb_parser=<colcon_defaults.argument_parser.defaults.DefaultArgumentsDecorator object at 0xffffa22018e0>)
[0.767s] Level 1:colcon.colcon_core.package_discovery:discover_packages(colcon_meta) check parameters
[0.768s] Level 1:colcon.colcon_core.package_discovery:discover_packages(recursive) check parameters
[0.768s] Level 1:colcon.colcon_core.package_discovery:discover_packages(ignore) check parameters
[0.768s] Level 1:colcon.colcon_core.package_discovery:discover_packages(path) check parameters
[0.768s] Level 1:colcon.colcon_core.package_discovery:discover_packages(colcon_meta) discover
[0.768s] Level 1:colcon.colcon_core.package_discovery:discover_packages(recursive) discover
[0.768s] INFO:colcon.colcon_core.package_discovery:Crawling recursively for packages in '/ws/src'
[0.769s] Level 1:colcon.colcon_core.package_identification:_identify(.) by extensions ['ignore', 'ignore_ament_install']
[0.769s] Level 1:colcon.colcon_core.package_identification:_identify(.) by extension 'ignore'
[0.769s] Level 1:colcon.colcon_core.package_identification:_identify(.) by extension 'ignore_ament_install'
[0.769s] Level 1:colcon.colcon_core.package_identification:_identify(.) by extensions ['colcon_pkg']
[0.769s] Level 1:colcon.colcon_core.package_identification:_identify(.) by extension 'colcon_pkg'
[0.769s] Level 1:colcon.colcon_core.package_identification:_identify(.) by extensions ['colcon_meta']
[0.770s] Level 1:colcon.colcon_core.package_identification:_identify(.) by extension 'colcon_meta'
[0.770s] Level 1:colcon.colcon_core.package_identification:_identify(.) by extensions ['ros']
[0.770s] Level 1:colcon.colcon_core.package_identification:_identify(.) by extension 'ros'
[0.801s] Level 1:colcon.colcon_core.package_identification:_identify(.) by extensions ['cmake', 'python']
[0.801s] Level 1:colcon.colcon_core.package_identification:_identify(.) by extension 'cmake'
[0.802s] Level 1:colcon.colcon_core.package_identification:_identify(.) by extension 'python'
[0.802s] Level 1:colcon.colcon_core.package_identification:_identify(.) by extensions ['python_setup_py']
[0.802s] Level 1:colcon.colcon_core.package_identification:_identify(.) by extension 'python_setup_py'
[0.802s] Level 1:colcon.colcon_core.package_identification:_identify(build) by extensions ['ignore', 'ignore_ament_install']
[0.802s] Level 1:colcon.colcon_core.package_identification:_identify(build) by extension 'ignore'
[0.802s] Level 1:colcon.colcon_core.package_identification:_identify(build) ignored
[0.803s] Level 1:colcon.colcon_core.package_identification:_identify(install) by extensions ['ignore', 'ignore_ament_install']
[0.803s] Level 1:colcon.colcon_core.package_identification:_identify(install) by extension 'ignore'
[0.803s] Level 1:colcon.colcon_core.package_identification:_identify(install) ignored
[0.804s] Level 1:colcon.colcon_core.package_identification:_identify(log) by extensions ['ignore', 'ignore_ament_install']
[0.804s] Level 1:colcon.colcon_core.package_identification:_identify(log) by extension 'ignore'
[0.804s] Level 1:colcon.colcon_core.package_identification:_identify(log) ignored
[0.804s] Level 1:colcon.colcon_core.package_identification:_identify(mmwave_ti_ros) by extensions ['ignore', 'ignore_ament_install']
[0.804s] Level 1:colcon.colcon_core.package_identification:_identify(mmwave_ti_ros) by extension 'ignore'
[0.804s] Level 1:colcon.colcon_core.package_identification:_identify(mmwave_ti_ros) by extension 'ignore_ament_install'
[0.805s] Level 1:colcon.colcon_core.package_identification:_identify(mmwave_ti_ros) by extensions ['colcon_pkg']
[0.805s] Level 1:colcon.colcon_core.package_identification:_identify(mmwave_ti_ros) by extension 'colcon_pkg'
[0.805s] Level 1:colcon.colcon_core.package_identification:_identify(mmwave_ti_ros) by extensions ['colcon_meta']
[0.805s] Level 1:colcon.colcon_core.package_identification:_identify(mmwave_ti_ros) by extension 'colcon_meta'
[0.805s] Level 1:colcon.colcon_core.package_identification:_identify(mmwave_ti_ros) by extensions ['ros']
[0.805s] Level 1:colcon.colcon_core.package_identification:_identify(mmwave_ti_ros) by extension 'ros'
[0.805s] Level 1:colcon.colcon_core.package_identification:_identify(mmwave_ti_ros) by extensions ['cmake', 'python']
[0.805s] Level 1:colcon.colcon_core.package_identification:_identify(mmwave_ti_ros) by extension 'cmake'
[0.805s] Level 1:colcon.colcon_core.package_identification:_identify(mmwave_ti_ros) by extension 'python'
[0.805s] Level 1:colcon.colcon_core.package_identification:_identify(mmwave_ti_ros) by extensions ['python_setup_py']
[0.805s] Level 1:colcon.colcon_core.package_identification:_identify(mmwave_ti_ros) by extension 'python_setup_py'
[0.806s] Level 1:colcon.colcon_core.package_identification:_identify(mmwave_ti_ros/CAD) by extensions ['ignore', 'ignore_ament_install']
[0.806s] Level 1:colcon.colcon_core.package_identification:_identify(mmwave_ti_ros/CAD) by extension 'ignore'
[0.806s] Level 1:colcon.colcon_core.package_identification:_identify(mmwave_ti_ros/CAD) by extension 'ignore_ament_install'
[0.806s] Level 1:colcon.colcon_core.package_identification:_identify(mmwave_ti_ros/CAD) by extensions ['colcon_pkg']
[0.806s] Level 1:colcon.colcon_core.package_identification:_identify(mmwave_ti_ros/CAD) by extension 'colcon_pkg'
[0.806s] Level 1:colcon.colcon_core.package_identification:_identify(mmwave_ti_ros/CAD) by extensions ['colcon_meta']
[0.806s] Level 1:colcon.colcon_core.package_identification:_identify(mmwave_ti_ros/CAD) by extension 'colcon_meta'
[0.806s] Level 1:colcon.colcon_core.package_identification:_identify(mmwave_ti_ros/CAD) by extensions ['ros']
[0.806s] Level 1:colcon.colcon_core.package_identification:_identify(mmwave_ti_ros/CAD) by extension 'ros'
[0.807s] Level 1:colcon.colcon_core.package_identification:_identify(mmwave_ti_ros/CAD) by extensions ['cmake', 'python']
[0.807s] Level 1:colcon.colcon_core.package_identification:_identify(mmwave_ti_ros/CAD) by extension 'cmake'
[0.807s] Level 1:colcon.colcon_core.package_identification:_identify(mmwave_ti_ros/CAD) by extension 'python'
[0.807s] Level 1:colcon.colcon_core.package_identification:_identify(mmwave_ti_ros/CAD) by extensions ['python_setup_py']
[0.807s] Level 1:colcon.colcon_core.package_identification:_identify(mmwave_ti_ros/CAD) by extension 'python_setup_py'
[0.807s] Level 1:colcon.colcon_core.package_identification:_identify(mmwave_ti_ros/img) by extensions ['ignore', 'ignore_ament_install']
[0.807s] Level 1:colcon.colcon_core.package_identification:_identify(mmwave_ti_ros/img) by extension 'ignore'
[0.807s] Level 1:colcon.colcon_core.package_identification:_identify(mmwave_ti_ros/img) by extension 'ignore_ament_install'
[0.808s] Level 1:colcon.colcon_core.package_identification:_identify(mmwave_ti_ros/img) by extensions ['colcon_pkg']
[0.808s] Level 1:colcon.colcon_core.package_identification:_identify(mmwave_ti_ros/img) by extension 'colcon_pkg'
[0.808s] Level 1:colcon.colcon_core.package_identification:_identify(mmwave_ti_ros/img) by extensions ['colcon_meta']
[0.808s] Level 1:colcon.colcon_core.package_identification:_identify(mmwave_ti_ros/img) by extension 'colcon_meta'
[0.808s] Level 1:colcon.colcon_core.package_identification:_identify(mmwave_ti_ros/img) by extensions ['ros']
[0.808s] Level 1:colcon.colcon_core.package_identification:_identify(mmwave_ti_ros/img) by extension 'ros'
[0.808s] Level 1:colcon.colcon_core.package_identification:_identify(mmwave_ti_ros/img) by extensions ['cmake', 'python']
[0.808s] Level 1:colcon.colcon_core.package_identification:_identify(mmwave_ti_ros/img) by extension 'cmake'
[0.808s] Level 1:colcon.colcon_core.package_identification:_identify(mmwave_ti_ros/img) by extension 'python'
[0.808s] Level 1:colcon.colcon_core.package_identification:_identify(mmwave_ti_ros/img) by extensions ['python_setup_py']
[0.809s] Level 1:colcon.colcon_core.package_identification:_identify(mmwave_ti_ros/img) by extension 'python_setup_py'
[0.809s] Level 1:colcon.colcon_core.package_identification:_identify(mmwave_ti_ros/serial-ros2) by extensions ['ignore', 'ignore_ament_install']
[0.809s] Level 1:colcon.colcon_core.package_identification:_identify(mmwave_ti_ros/serial-ros2) by extension 'ignore'
[0.809s] Level 1:colcon.colcon_core.package_identification:_identify(mmwave_ti_ros/serial-ros2) by extension 'ignore_ament_install'
[0.809s] Level 1:colcon.colcon_core.package_identification:_identify(mmwave_ti_ros/serial-ros2) by extensions ['colcon_pkg']
[0.809s] Level 1:colcon.colcon_core.package_identification:_identify(mmwave_ti_ros/serial-ros2) by extension 'colcon_pkg'
[0.809s] Level 1:colcon.colcon_core.package_identification:_identify(mmwave_ti_ros/serial-ros2) by extensions ['colcon_meta']
[0.809s] Level 1:colcon.colcon_core.package_identification:_identify(mmwave_ti_ros/serial-ros2) by extension 'colcon_meta'
[0.809s] Level 1:colcon.colcon_core.package_identification:_identify(mmwave_ti_ros/serial-ros2) by extensions ['ros']
[0.810s] Level 1:colcon.colcon_core.package_identification:_identify(mmwave_ti_ros/serial-ros2) by extension 'ros'
[0.815s] DEBUG:colcon.colcon_core.package_identification:Package 'mmwave_ti_ros/serial-ros2' with type 'ros.ament_cmake' and name 'serial'
[0.815s] Level 1:colcon.colcon_core.package_identification:_identify(mmwave_ti_ros/ti_mmwave_ros2_examples) by extensions ['ignore', 'ignore_ament_install']
[0.815s] Level 1:colcon.colcon_core.package_identification:_identify(mmwave_ti_ros/ti_mmwave_ros2_examples) by extension 'ignore'
[0.816s] Level 1:colcon.colcon_core.package_identification:_identify(mmwave_ti_ros/ti_mmwave_ros2_examples) by extension 'ignore_ament_install'
[0.816s] Level 1:colcon.colcon_core.package_identification:_identify(mmwave_ti_ros/ti_mmwave_ros2_examples) by extensions ['colcon_pkg']
[0.816s] Level 1:colcon.colcon_core.package_identification:_identify(mmwave_ti_ros/ti_mmwave_ros2_examples) by extension 'colcon_pkg'
[0.816s] Level 1:colcon.colcon_core.package_identification:_identify(mmwave_ti_ros/ti_mmwave_ros2_examples) by extensions ['colcon_meta']
[0.816s] Level 1:colcon.colcon_core.package_identification:_identify(mmwave_ti_ros/ti_mmwave_ros2_examples) by extension 'colcon_meta'
[0.816s] Level 1:colcon.colcon_core.package_identification:_identify(mmwave_ti_ros/ti_mmwave_ros2_examples) by extensions ['ros']
[0.816s] Level 1:colcon.colcon_core.package_identification:_identify(mmwave_ti_ros/ti_mmwave_ros2_examples) by extension 'ros'
[0.817s] DEBUG:colcon.colcon_core.package_identification:Package 'mmwave_ti_ros/ti_mmwave_ros2_examples' with type 'ros.ament_cmake' and name 'ti_mmwave_ros2_examples'
[0.817s] Level 1:colcon.colcon_core.package_identification:_identify(mmwave_ti_ros/ti_mmwave_ros2_interfaces) by extensions ['ignore', 'ignore_ament_install']
[0.818s] Level 1:colcon.colcon_core.package_identification:_identify(mmwave_ti_ros/ti_mmwave_ros2_interfaces) by extension 'ignore'
[0.818s] Level 1:colcon.colcon_core.package_identification:_identify(mmwave_ti_ros/ti_mmwave_ros2_interfaces) by extension 'ignore_ament_install'
[0.818s] Level 1:colcon.colcon_core.package_identification:_identify(mmwave_ti_ros/ti_mmwave_ros2_interfaces) by extensions ['colcon_pkg']
[0.818s] Level 1:colcon.colcon_core.package_identification:_identify(mmwave_ti_ros/ti_mmwave_ros2_interfaces) by extension 'colcon_pkg'
[0.818s] Level 1:colcon.colcon_core.package_identification:_identify(mmwave_ti_ros/ti_mmwave_ros2_interfaces) by extensions ['colcon_meta']
[0.818s] Level 1:colcon.colcon_core.package_identification:_identify(mmwave_ti_ros/ti_mmwave_ros2_interfaces) by extension 'colcon_meta'
[0.818s] Level 1:colcon.colcon_core.package_identification:_identify(mmwave_ti_ros/ti_mmwave_ros2_interfaces) by extensions ['ros']
[0.818s] Level 1:colcon.colcon_core.package_identification:_identify(mmwave_ti_ros/ti_mmwave_ros2_interfaces) by extension 'ros'
[0.820s] DEBUG:colcon.colcon_core.package_identification:Package 'mmwave_ti_ros/ti_mmwave_ros2_interfaces' with type 'ros.ament_cmake' and name 'ti_mmwave_ros2_interfaces'
[0.820s] Level 1:colcon.colcon_core.package_identification:_identify(mmwave_ti_ros/ti_mmwave_ros2_pkg) by extensions ['ignore', 'ignore_ament_install']
[0.820s] Level 1:colcon.colcon_core.package_identification:_identify(mmwave_ti_ros/ti_mmwave_ros2_pkg) by extension 'ignore'
[0.820s] Level 1:colcon.colcon_core.package_identification:_identify(mmwave_ti_ros/ti_mmwave_ros2_pkg) by extension 'ignore_ament_install'
[0.820s] Level 1:colcon.colcon_core.package_identification:_identify(mmwave_ti_ros/ti_mmwave_ros2_pkg) by extensions ['colcon_pkg']
[0.820s] Level 1:colcon.colcon_core.package_identification:_identify(mmwave_ti_ros/ti_mmwave_ros2_pkg) by extension 'colcon_pkg'
[0.821s] Level 1:colcon.colcon_core.package_identification:_identify(mmwave_ti_ros/ti_mmwave_ros2_pkg) by extensions ['colcon_meta']
[0.821s] Level 1:colcon.colcon_core.package_identification:_identify(mmwave_ti_ros/ti_mmwave_ros2_pkg) by extension 'colcon_meta'
[0.821s] Level 1:colcon.colcon_core.package_identification:_identify(mmwave_ti_ros/ti_mmwave_ros2_pkg) by extensions ['ros']
[0.821s] Level 1:colcon.colcon_core.package_identification:_identify(mmwave_ti_ros/ti_mmwave_ros2_pkg) by extension 'ros'
[0.823s] DEBUG:colcon.colcon_core.package_identification:Package 'mmwave_ti_ros/ti_mmwave_ros2_pkg' with type 'ros.ament_cmake' and name 'ti_mmwave_ros2_pkg'
[0.824s] Level 1:colcon.colcon_core.package_identification:_identify(point_cloud_processor_pkg) by extensions ['ignore', 'ignore_ament_install']
[0.824s] Level 1:colcon.colcon_core.package_identification:_identify(point_cloud_processor_pkg) by extension 'ignore'
[0.824s] Level 1:colcon.colcon_core.package_identification:_identify(point_cloud_processor_pkg) by extension 'ignore_ament_install'
[0.824s] Level 1:colcon.colcon_core.package_identification:_identify(point_cloud_processor_pkg) by extensions ['colcon_pkg']
[0.824s] Level 1:colcon.colcon_core.package_identification:_identify(point_cloud_processor_pkg) by extension 'colcon_pkg'
[0.825s] Level 1:colcon.colcon_core.package_identification:_identify(point_cloud_processor_pkg) by extensions ['colcon_meta']
[0.825s] Level 1:colcon.colcon_core.package_identification:_identify(point_cloud_processor_pkg) by extension 'colcon_meta'
[0.825s] Level 1:colcon.colcon_core.package_identification:_identify(point_cloud_processor_pkg) by extensions ['ros']
[0.825s] Level 1:colcon.colcon_core.package_identification:_identify(point_cloud_processor_pkg) by extension 'ros'
[0.825s] Level 1:colcon.colcon_core.package_identification:_identify(point_cloud_processor_pkg) by extensions ['cmake', 'python']
[0.825s] Level 1:colcon.colcon_core.package_identification:_identify(point_cloud_processor_pkg) by extension 'cmake'
[0.825s] Level 1:colcon.colcon_core.package_identification:_identify(point_cloud_processor_pkg) by extension 'python'
[0.825s] Level 1:colcon.colcon_core.package_identification:_identify(point_cloud_processor_pkg) by extensions ['python_setup_py']
[0.825s] Level 1:colcon.colcon_core.package_identification:_identify(point_cloud_processor_pkg) by extension 'python_setup_py'
[0.826s] Level 1:colcon.colcon_core.package_identification:_identify(point_cloud_processor_pkg/scripts) by extensions ['ignore', 'ignore_ament_install']
[0.826s] Level 1:colcon.colcon_core.package_identification:_identify(point_cloud_processor_pkg/scripts) by extension 'ignore'
[0.826s] Level 1:colcon.colcon_core.package_identification:_identify(point_cloud_processor_pkg/scripts) by extension 'ignore_ament_install'
[0.826s] Level 1:colcon.colcon_core.package_identification:_identify(point_cloud_processor_pkg/scripts) by extensions ['colcon_pkg']
[0.826s] Level 1:colcon.colcon_core.package_identification:_identify(point_cloud_processor_pkg/scripts) by extension 'colcon_pkg'
[0.826s] Level 1:colcon.colcon_core.package_identification:_identify(point_cloud_processor_pkg/scripts) by extensions ['colcon_meta']
[0.826s] Level 1:colcon.colcon_core.package_identification:_identify(point_cloud_processor_pkg/scripts) by extension 'colcon_meta'
[0.826s] Level 1:colcon.colcon_core.package_identification:_identify(point_cloud_processor_pkg/scripts) by extensions ['ros']
[0.827s] Level 1:colcon.colcon_core.package_identification:_identify(point_cloud_processor_pkg/scripts) by extension 'ros'
[0.827s] Level 1:colcon.colcon_core.package_identification:_identify(point_cloud_processor_pkg/scripts) by extensions ['cmake', 'python']
[0.827s] Level 1:colcon.colcon_core.package_identification:_identify(point_cloud_processor_pkg/scripts) by extension 'cmake'
[0.827s] Level 1:colcon.colcon_core.package_identification:_identify(point_cloud_processor_pkg/scripts) by extension 'python'
[0.827s] Level 1:colcon.colcon_core.package_identification:_identify(point_cloud_processor_pkg/scripts) by extensions ['python_setup_py']
[0.827s] Level 1:colcon.colcon_core.package_identification:_identify(point_cloud_processor_pkg/scripts) by extension 'python_setup_py'
[0.827s] Level 1:colcon.colcon_core.package_discovery:discover_packages(recursive) using defaults
[0.827s] Level 1:colcon.colcon_core.package_discovery:discover_packages(ignore) discover
[0.827s] Level 1:colcon.colcon_core.package_discovery:discover_packages(ignore) using defaults
[0.828s] Level 1:colcon.colcon_core.package_discovery:discover_packages(path) discover
[0.828s] Level 1:colcon.colcon_core.package_discovery:discover_packages(path) using defaults
[0.888s] Level 5:colcon.colcon_core.verb:set package 'serial' build argument 'cmake_args' from command line to 'None'
[0.888s] Level 5:colcon.colcon_core.verb:set package 'serial' build argument 'cmake_target' from command line to 'None'
[0.888s] Level 5:colcon.colcon_core.verb:set package 'serial' build argument 'cmake_target_skip_unavailable' from command line to 'False'
[0.888s] Level 5:colcon.colcon_core.verb:set package 'serial' build argument 'cmake_clean_cache' from command line to 'False'
[0.888s] Level 5:colcon.colcon_core.verb:set package 'serial' build argument 'cmake_clean_first' from command line to 'False'
[0.888s] Level 5:colcon.colcon_core.verb:set package 'serial' build argument 'cmake_force_configure' from command line to 'False'
[0.888s] Level 5:colcon.colcon_core.verb:set package 'serial' build argument 'ament_cmake_args' from command line to 'None'
[0.888s] Level 5:colcon.colcon_core.verb:set package 'serial' build argument 'catkin_cmake_args' from command line to 'None'
[0.888s] Level 5:colcon.colcon_core.verb:set package 'serial' build argument 'catkin_skip_building_tests' from command line to 'False'
[0.889s] DEBUG:colcon.colcon_core.verb:Building package 'serial' with the following arguments: {'ament_cmake_args': None, 'build_base': '/ws/src/build/serial', 'catkin_cmake_args': None, 'catkin_skip_building_tests': False, 'cmake_args': None, 'cmake_clean_cache': False, 'cmake_clean_first': False, 'cmake_force_configure': False, 'cmake_target': None, 'cmake_target_skip_unavailable': False, 'install_base': '/ws/src/install/serial', 'merge_install': False, 'path': '/ws/src/mmwave_ti_ros/serial-ros2', 'symlink_install': False, 'test_result_base': None}
[0.892s] Level 5:colcon.colcon_core.verb:set package 'ti_mmwave_ros2_examples' build argument 'cmake_args' from command line to 'None'
[0.892s] Level 5:colcon.colcon_core.verb:set package 'ti_mmwave_ros2_examples' build argument 'cmake_target' from command line to 'None'
[0.892s] Level 5:colcon.colcon_core.verb:set package 'ti_mmwave_ros2_examples' build argument 'cmake_target_skip_unavailable' from command line to 'False'
[0.892s] Level 5:colcon.colcon_core.verb:set package 'ti_mmwave_ros2_examples' build argument 'cmake_clean_cache' from command line to 'False'
[0.892s] Level 5:colcon.colcon_core.verb:set package 'ti_mmwave_ros2_examples' build argument 'cmake_clean_first' from command line to 'False'
[0.892s] Level 5:colcon.colcon_core.verb:set package 'ti_mmwave_ros2_examples' build argument 'cmake_force_configure' from command line to 'False'
[0.892s] Level 5:colcon.colcon_core.verb:set package 'ti_mmwave_ros2_examples' build argument 'ament_cmake_args' from command line to 'None'
[0.892s] Level 5:colcon.colcon_core.verb:set package 'ti_mmwave_ros2_examples' build argument 'catkin_cmake_args' from command line to 'None'
[0.892s] Level 5:colcon.colcon_core.verb:set package 'ti_mmwave_ros2_examples' build argument 'catkin_skip_building_tests' from command line to 'False'
[0.892s] DEBUG:colcon.colcon_core.verb:Building package 'ti_mmwave_ros2_examples' with the following arguments: {'ament_cmake_args': None, 'build_base': '/ws/src/build/ti_mmwave_ros2_examples', 'catkin_cmake_args': None, 'catkin_skip_building_tests': False, 'cmake_args': None, 'cmake_clean_cache': False, 'cmake_clean_first': False, 'cmake_force_configure': False, 'cmake_target': None, 'cmake_target_skip_unavailable': False, 'install_base': '/ws/src/install/ti_mmwave_ros2_examples', 'merge_install': False, 'path': '/ws/src/mmwave_ti_ros/ti_mmwave_ros2_examples', 'symlink_install': False, 'test_result_base': None}
[0.895s] Level 5:colcon.colcon_core.verb:set package 'ti_mmwave_ros2_interfaces' build argument 'cmake_args' from command line to 'None'
[0.895s] Level 5:colcon.colcon_core.verb:set package 'ti_mmwave_ros2_interfaces' build argument 'cmake_target' from command line to 'None'
[0.895s] Level 5:colcon.colcon_core.verb:set package 'ti_mmwave_ros2_interfaces' build argument 'cmake_target_skip_unavailable' from command line to 'False'
[0.895s] Level 5:colcon.colcon_core.verb:set package 'ti_mmwave_ros2_interfaces' build argument 'cmake_clean_cache' from command line to 'False'
[0.895s] Level 5:colcon.colcon_core.verb:set package 'ti_mmwave_ros2_interfaces' build argument 'cmake_clean_first' from command line to 'False'
[0.895s] Level 5:colcon.colcon_core.verb:set package 'ti_mmwave_ros2_interfaces' build argument 'cmake_force_configure' from command line to 'False'
[0.896s] Level 5:colcon.colcon_core.verb:set package 'ti_mmwave_ros2_interfaces' build argument 'ament_cmake_args' from command line to 'None'
[0.896s] Level 5:colcon.colcon_core.verb:set package 'ti_mmwave_ros2_interfaces' build argument 'catkin_cmake_args' from command line to 'None'
[0.896s] Level 5:colcon.colcon_core.verb:set package 'ti_mmwave_ros2_interfaces' build argument 'catkin_skip_building_tests' from command line to 'False'
[0.896s] DEBUG:colcon.colcon_core.verb:Building package 'ti_mmwave_ros2_interfaces' with the following arguments: {'ament_cmake_args': None, 'build_base': '/ws/src/build/ti_mmwave_ros2_interfaces', 'catkin_cmake_args': None, 'catkin_skip_building_tests': False, 'cmake_args': None, 'cmake_clean_cache': False, 'cmake_clean_first': False, 'cmake_force_configure': False, 'cmake_target': None, 'cmake_target_skip_unavailable': False, 'install_base': '/ws/src/install/ti_mmwave_ros2_interfaces', 'merge_install': False, 'path': '/ws/src/mmwave_ti_ros/ti_mmwave_ros2_interfaces', 'symlink_install': False, 'test_result_base': None}
[0.899s] Level 5:colcon.colcon_core.verb:set package 'ti_mmwave_ros2_pkg' build argument 'cmake_args' from command line to 'None'
[0.899s] Level 5:colcon.colcon_core.verb:set package 'ti_mmwave_ros2_pkg' build argument 'cmake_target' from command line to 'None'
[0.899s] Level 5:colcon.colcon_core.verb:set package 'ti_mmwave_ros2_pkg' build argument 'cmake_target_skip_unavailable' from command line to 'False'
[0.899s] Level 5:colcon.colcon_core.verb:set package 'ti_mmwave_ros2_pkg' build argument 'cmake_clean_cache' from command line to 'False'
[0.899s] Level 5:colcon.colcon_core.verb:set package 'ti_mmwave_ros2_pkg' build argument 'cmake_clean_first' from command line to 'False'
[0.899s] Level 5:colcon.colcon_core.verb:set package 'ti_mmwave_ros2_pkg' build argument 'cmake_force_configure' from command line to 'False'
[0.899s] Level 5:colcon.colcon_core.verb:set package 'ti_mmwave_ros2_pkg' build argument 'ament_cmake_args' from command line to 'None'
[0.899s] Level 5:colcon.colcon_core.verb:set package 'ti_mmwave_ros2_pkg' build argument 'catkin_cmake_args' from command line to 'None'
[0.899s] Level 5:colcon.colcon_core.verb:set package 'ti_mmwave_ros2_pkg' build argument 'catkin_skip_building_tests' from command line to 'False'
[0.899s] DEBUG:colcon.colcon_core.verb:Building package 'ti_mmwave_ros2_pkg' with the following arguments: {'ament_cmake_args': None, 'build_base': '/ws/src/build/ti_mmwave_ros2_pkg', 'catkin_cmake_args': None, 'catkin_skip_building_tests': False, 'cmake_args': None, 'cmake_clean_cache': False, 'cmake_clean_first': False, 'cmake_force_configure': False, 'cmake_target': None, 'cmake_target_skip_unavailable': False, 'install_base': '/ws/src/install/ti_mmwave_ros2_pkg', 'merge_install': False, 'path': '/ws/src/mmwave_ti_ros/ti_mmwave_ros2_pkg', 'symlink_install': False, 'test_result_base': None}
[0.902s] INFO:colcon.colcon_core.executor:Executing jobs using 'parallel' executor
[0.915s] DEBUG:colcon.colcon_parallel_executor.executor.parallel:run_until_complete
[0.916s] INFO:colcon.colcon_ros.task.ament_cmake.build:Building ROS package in '/ws/src/mmwave_ti_ros/ti_mmwave_ros2_interfaces' with build type 'ament_cmake'
[0.916s] INFO:colcon.colcon_cmake.task.cmake.build:Building CMake package in '/ws/src/mmwave_ti_ros/ti_mmwave_ros2_interfaces'
[0.927s] INFO:colcon.colcon_core.plugin_system:Skipping extension 'colcon_core.shell.bat': Not used on non-Windows systems
[0.928s] INFO:colcon.colcon_core.shell:Skip shell extension 'powershell' for command environment: Not usable outside of PowerShell
[0.928s] DEBUG:colcon.colcon_core.shell:Skip shell extension 'dsv' for command environment
[0.961s] INFO:colcon.colcon_ros.task.ament_cmake.build:Building ROS package in '/ws/src/mmwave_ti_ros/serial-ros2' with build type 'ament_cmake'
[0.962s] INFO:colcon.colcon_cmake.task.cmake.build:Building CMake package in '/ws/src/mmwave_ti_ros/serial-ros2'
[0.969s] INFO:colcon.colcon_core.shell:Skip shell extension 'powershell' for command environment: Not usable outside of PowerShell
[0.969s] DEBUG:colcon.colcon_core.shell:Skip shell extension 'dsv' for command environment
[1.009s] INFO:colcon.colcon_ros.task.ament_cmake.build:Building ROS package in '/ws/src/mmwave_ti_ros/ti_mmwave_ros2_examples' with build type 'ament_cmake'
[1.010s] INFO:colcon.colcon_cmake.task.cmake.build:Building CMake package in '/ws/src/mmwave_ti_ros/ti_mmwave_ros2_examples'
[1.017s] INFO:colcon.colcon_core.shell:Skip shell extension 'powershell' for command environment: Not usable outside of PowerShell
[1.018s] DEBUG:colcon.colcon_core.shell:Skip shell extension 'dsv' for command environment
[1.068s] DEBUG:colcon.colcon_core.event_handler.log_command:Invoking command in '/ws/src/build/ti_mmwave_ros2_interfaces': /usr/local/bin/cmake --build /ws/src/build/ti_mmwave_ros2_interfaces -- -j6 -l6
[1.085s] DEBUG:colcon.colcon_core.event_handler.log_command:Invoking command in '/ws/src/build/serial': /usr/local/bin/cmake --build /ws/src/build/serial -- -j6 -l6
[1.106s] DEBUG:colcon.colcon_core.event_handler.log_command:Invoking command in '/ws/src/build/ti_mmwave_ros2_examples': /usr/local/bin/cmake --build /ws/src/build/ti_mmwave_ros2_examples -- -j6 -l6
[1.242s] DEBUG:colcon.colcon_core.event_handler.log_command:Invoked command in '/ws/src/build/serial' returned '0': /usr/local/bin/cmake --build /ws/src/build/serial -- -j6 -l6
[1.321s] DEBUG:colcon.colcon_core.event_handler.log_command:Invoked command in '/ws/src/build/ti_mmwave_ros2_examples' returned '0': /usr/local/bin/cmake --build /ws/src/build/ti_mmwave_ros2_examples -- -j6 -l6
[1.514s] DEBUG:colcon.colcon_core.event_handler.log_command:Invoking command in '/ws/src/build/serial': /usr/local/bin/cmake --install /ws/src/build/serial
[1.529s] DEBUG:colcon.colcon_core.event_handler.log_command:Invoking command in '/ws/src/build/ti_mmwave_ros2_examples': /usr/local/bin/cmake --install /ws/src/build/ti_mmwave_ros2_examples
[1.543s] DEBUG:colcon.colcon_core.event_handler.log_command:Invoked command in '/ws/src/build/ti_mmwave_ros2_interfaces' returned '0': /usr/local/bin/cmake --build /ws/src/build/ti_mmwave_ros2_interfaces -- -j6 -l6
[1.629s] Level 1:colcon.colcon_core.environment:create_environment_scripts_only(serial)
[1.642s] DEBUG:colcon.colcon_core.event_handler.log_command:Invoked command in '/ws/src/build/serial' returned '0': /usr/local/bin/cmake --install /ws/src/build/serial
[1.666s] Level 1:colcon.colcon_core.environment:checking '/ws/src/install/serial' for CMake module files
[1.669s] Level 1:colcon.colcon_core.environment:checking '/ws/src/install/serial' for CMake config files
[1.670s] Level 1:colcon.colcon_core.shell:create_environment_hook('serial', 'cmake_prefix_path')
[1.676s] INFO:colcon.colcon_core.shell:Creating environment hook '/ws/src/install/serial/share/serial/hook/cmake_prefix_path.ps1'
[1.678s] INFO:colcon.colcon_core.shell:Creating environment descriptor '/ws/src/install/serial/share/serial/hook/cmake_prefix_path.dsv'
[1.679s] INFO:colcon.colcon_core.shell:Creating environment hook '/ws/src/install/serial/share/serial/hook/cmake_prefix_path.sh'
[1.682s] Level 1:colcon.colcon_core.environment:checking '/ws/src/install/serial/lib'
[1.682s] Level 1:colcon.colcon_core.environment:checking '/ws/src/install/serial/bin'
[1.682s] Level 1:colcon.colcon_core.environment:checking '/ws/src/install/serial/lib/pkgconfig/serial.pc'
[1.686s] Level 1:colcon.colcon_core.environment:checking '/ws/src/install/serial/lib/python3.8/site-packages'
[1.686s] Level 1:colcon.colcon_core.environment:checking '/ws/src/install/serial/bin'
[1.692s] INFO:colcon.colcon_core.shell:Creating package script '/ws/src/install/serial/share/serial/package.ps1'
[1.694s] INFO:colcon.colcon_core.shell:Creating package descriptor '/ws/src/install/serial/share/serial/package.dsv'
[1.696s] INFO:colcon.colcon_core.shell:Creating package script '/ws/src/install/serial/share/serial/package.sh'
[1.697s] INFO:colcon.colcon_core.shell:Creating package script '/ws/src/install/serial/share/serial/package.bash'
[1.699s] INFO:colcon.colcon_core.shell:Creating package script '/ws/src/install/serial/share/serial/package.zsh'
[1.700s] Level 1:colcon.colcon_core.environment:create_file_with_runtime_dependencies(/ws/src/install/serial/share/colcon-core/packages/serial)
[1.728s] Level 1:colcon.colcon_core.environment:create_environment_scripts_only(ti_mmwave_ros2_examples)
[1.729s] DEBUG:colcon.colcon_core.event_handler.log_command:Invoked command in '/ws/src/build/ti_mmwave_ros2_examples' returned '0': /usr/local/bin/cmake --install /ws/src/build/ti_mmwave_ros2_examples
[1.739s] Level 1:colcon.colcon_core.environment:checking '/ws/src/install/ti_mmwave_ros2_examples' for CMake module files
[1.740s] Level 1:colcon.colcon_core.environment:checking '/ws/src/install/ti_mmwave_ros2_examples' for CMake config files
[1.742s] Level 1:colcon.colcon_core.shell:create_environment_hook('ti_mmwave_ros2_examples', 'cmake_prefix_path')
[1.750s] INFO:colcon.colcon_core.shell:Creating environment hook '/ws/src/install/ti_mmwave_ros2_examples/share/ti_mmwave_ros2_examples/hook/cmake_prefix_path.ps1'
[1.752s] INFO:colcon.colcon_core.shell:Creating environment descriptor '/ws/src/install/ti_mmwave_ros2_examples/share/ti_mmwave_ros2_examples/hook/cmake_prefix_path.dsv'
[1.754s] INFO:colcon.colcon_core.shell:Creating environment hook '/ws/src/install/ti_mmwave_ros2_examples/share/ti_mmwave_ros2_examples/hook/cmake_prefix_path.sh'
[1.755s] Level 1:colcon.colcon_core.environment:checking '/ws/src/install/ti_mmwave_ros2_examples/lib'
[1.756s] Level 1:colcon.colcon_core.shell:create_environment_hook('ti_mmwave_ros2_examples', 'ld_library_path_lib')
[1.765s] INFO:colcon.colcon_core.shell:Creating environment hook '/ws/src/install/ti_mmwave_ros2_examples/share/ti_mmwave_ros2_examples/hook/ld_library_path_lib.ps1'
[1.767s] INFO:colcon.colcon_core.shell:Creating environment descriptor '/ws/src/install/ti_mmwave_ros2_examples/share/ti_mmwave_ros2_examples/hook/ld_library_path_lib.dsv'
[1.768s] INFO:colcon.colcon_core.shell:Creating environment hook '/ws/src/install/ti_mmwave_ros2_examples/share/ti_mmwave_ros2_examples/hook/ld_library_path_lib.sh'
[1.769s] Level 1:colcon.colcon_core.environment:checking '/ws/src/install/ti_mmwave_ros2_examples/bin'
[1.770s] Level 1:colcon.colcon_core.environment:checking '/ws/src/install/ti_mmwave_ros2_examples/lib/pkgconfig/ti_mmwave_ros2_examples.pc'
[1.770s] Level 1:colcon.colcon_core.environment:checking '/ws/src/install/ti_mmwave_ros2_examples/lib/python3.8/site-packages'
[1.771s] Level 1:colcon.colcon_core.environment:checking '/ws/src/install/ti_mmwave_ros2_examples/bin'
[1.777s] INFO:colcon.colcon_core.shell:Creating package script '/ws/src/install/ti_mmwave_ros2_examples/share/ti_mmwave_ros2_examples/package.ps1'
[1.779s] INFO:colcon.colcon_core.shell:Creating package descriptor '/ws/src/install/ti_mmwave_ros2_examples/share/ti_mmwave_ros2_examples/package.dsv'
[1.780s] INFO:colcon.colcon_core.shell:Creating package script '/ws/src/install/ti_mmwave_ros2_examples/share/ti_mmwave_ros2_examples/package.sh'
[1.782s] INFO:colcon.colcon_core.shell:Creating package script '/ws/src/install/ti_mmwave_ros2_examples/share/ti_mmwave_ros2_examples/package.bash'
[1.784s] INFO:colcon.colcon_core.shell:Creating package script '/ws/src/install/ti_mmwave_ros2_examples/share/ti_mmwave_ros2_examples/package.zsh'
[1.786s] Level 1:colcon.colcon_core.environment:create_file_with_runtime_dependencies(/ws/src/install/ti_mmwave_ros2_examples/share/colcon-core/packages/ti_mmwave_ros2_examples)
[1.849s] DEBUG:colcon.colcon_core.event_handler.log_command:Invoking command in '/ws/src/build/ti_mmwave_ros2_interfaces': /usr/local/bin/cmake --install /ws/src/build/ti_mmwave_ros2_interfaces
[1.870s] Level 1:colcon.colcon_core.environment:create_environment_scripts_only(serial)
[1.878s] Level 1:colcon.colcon_core.environment:checking '/ws/src/install/serial' for CMake module files
[1.879s] Level 1:colcon.colcon_core.environment:checking '/ws/src/install/serial' for CMake config files
[1.880s] Level 1:colcon.colcon_core.shell:create_environment_hook('serial', 'cmake_prefix_path')
[1.888s] INFO:colcon.colcon_core.shell:Creating environment hook '/ws/src/install/serial/share/serial/hook/cmake_prefix_path.ps1'
[1.890s] INFO:colcon.colcon_core.shell:Creating environment descriptor '/ws/src/install/serial/share/serial/hook/cmake_prefix_path.dsv'
[1.891s] INFO:colcon.colcon_core.shell:Creating environment hook '/ws/src/install/serial/share/serial/hook/cmake_prefix_path.sh'
[1.892s] Level 1:colcon.colcon_core.environment:checking '/ws/src/install/serial/lib'
[1.892s] Level 1:colcon.colcon_core.environment:checking '/ws/src/install/serial/bin'
[1.893s] Level 1:colcon.colcon_core.environment:checking '/ws/src/install/serial/lib/pkgconfig/serial.pc'
[1.893s] Level 1:colcon.colcon_core.environment:checking '/ws/src/install/serial/lib/python3.8/site-packages'
[1.893s] Level 1:colcon.colcon_core.environment:checking '/ws/src/install/serial/bin'
[1.900s] INFO:colcon.colcon_core.shell:Creating package script '/ws/src/install/serial/share/serial/package.ps1'
[1.901s] INFO:colcon.colcon_core.shell:Creating package descriptor '/ws/src/install/serial/share/serial/package.dsv'
[1.903s] INFO:colcon.colcon_core.shell:Creating package script '/ws/src/install/serial/share/serial/package.sh'
[1.904s] INFO:colcon.colcon_core.shell:Creating package script '/ws/src/install/serial/share/serial/package.bash'
[1.905s] INFO:colcon.colcon_core.shell:Creating package script '/ws/src/install/serial/share/serial/package.zsh'
[1.905s] Level 1:colcon.colcon_core.environment:create_file_with_runtime_dependencies(/ws/src/install/serial/share/colcon-core/packages/serial)
[1.986s] Level 1:colcon.colcon_core.environment:create_environment_scripts_only(ti_mmwave_ros2_examples)
[1.994s] Level 1:colcon.colcon_core.environment:checking '/ws/src/install/ti_mmwave_ros2_examples' for CMake module files
[1.995s] Level 1:colcon.colcon_core.environment:checking '/ws/src/install/ti_mmwave_ros2_examples' for CMake config files
[1.996s] Level 1:colcon.colcon_core.shell:create_environment_hook('ti_mmwave_ros2_examples', 'cmake_prefix_path')
[2.002s] INFO:colcon.colcon_core.shell:Creating environment hook '/ws/src/install/ti_mmwave_ros2_examples/share/ti_mmwave_ros2_examples/hook/cmake_prefix_path.ps1'
[2.004s] INFO:colcon.colcon_core.shell:Creating environment descriptor '/ws/src/install/ti_mmwave_ros2_examples/share/ti_mmwave_ros2_examples/hook/cmake_prefix_path.dsv'
[2.004s] INFO:colcon.colcon_core.shell:Creating environment hook '/ws/src/install/ti_mmwave_ros2_examples/share/ti_mmwave_ros2_examples/hook/cmake_prefix_path.sh'
[2.006s] Level 1:colcon.colcon_core.environment:checking '/ws/src/install/ti_mmwave_ros2_examples/lib'
[2.007s] Level 1:colcon.colcon_core.shell:create_environment_hook('ti_mmwave_ros2_examples', 'ld_library_path_lib')
[2.017s] INFO:colcon.colcon_core.shell:Creating environment hook '/ws/src/install/ti_mmwave_ros2_examples/share/ti_mmwave_ros2_examples/hook/ld_library_path_lib.ps1'
[2.018s] INFO:colcon.colcon_core.shell:Creating environment descriptor '/ws/src/install/ti_mmwave_ros2_examples/share/ti_mmwave_ros2_examples/hook/ld_library_path_lib.dsv'
[2.019s] INFO:colcon.colcon_core.shell:Creating environment hook '/ws/src/install/ti_mmwave_ros2_examples/share/ti_mmwave_ros2_examples/hook/ld_library_path_lib.sh'
[2.020s] Level 1:colcon.colcon_core.environment:checking '/ws/src/install/ti_mmwave_ros2_examples/bin'
[2.021s] Level 1:colcon.colcon_core.environment:checking '/ws/src/install/ti_mmwave_ros2_examples/lib/pkgconfig/ti_mmwave_ros2_examples.pc'
[2.021s] Level 1:colcon.colcon_core.environment:checking '/ws/src/install/ti_mmwave_ros2_examples/lib/python3.8/site-packages'
[2.021s] Level 1:colcon.colcon_core.environment:checking '/ws/src/install/ti_mmwave_ros2_examples/bin'
[2.027s] INFO:colcon.colcon_core.shell:Creating package script '/ws/src/install/ti_mmwave_ros2_examples/share/ti_mmwave_ros2_examples/package.ps1'
[2.029s] INFO:colcon.colcon_core.shell:Creating package descriptor '/ws/src/install/ti_mmwave_ros2_examples/share/ti_mmwave_ros2_examples/package.dsv'
[2.030s] INFO:colcon.colcon_core.shell:Creating package script '/ws/src/install/ti_mmwave_ros2_examples/share/ti_mmwave_ros2_examples/package.sh'
[2.031s] INFO:colcon.colcon_core.shell:Creating package script '/ws/src/install/ti_mmwave_ros2_examples/share/ti_mmwave_ros2_examples/package.bash'
[2.031s] INFO:colcon.colcon_core.shell:Creating package script '/ws/src/install/ti_mmwave_ros2_examples/share/ti_mmwave_ros2_examples/package.zsh'
[2.032s] Level 1:colcon.colcon_core.environment:create_file_with_runtime_dependencies(/ws/src/install/ti_mmwave_ros2_examples/share/colcon-core/packages/ti_mmwave_ros2_examples)
[2.092s] Level 1:colcon.colcon_core.environment:create_environment_scripts_only(ti_mmwave_ros2_interfaces)
[2.101s] Level 1:colcon.colcon_core.environment:checking '/ws/src/install/ti_mmwave_ros2_interfaces' for CMake module files
[2.101s] DEBUG:colcon.colcon_core.event_handler.log_command:Invoked command in '/ws/src/build/ti_mmwave_ros2_interfaces' returned '0': /usr/local/bin/cmake --install /ws/src/build/ti_mmwave_ros2_interfaces
[2.103s] Level 1:colcon.colcon_core.environment:checking '/ws/src/install/ti_mmwave_ros2_interfaces' for CMake config files
[2.104s] Level 1:colcon.colcon_core.shell:create_environment_hook('ti_mmwave_ros2_interfaces', 'cmake_prefix_path')
[2.110s] INFO:colcon.colcon_core.shell:Creating environment hook '/ws/src/install/ti_mmwave_ros2_interfaces/share/ti_mmwave_ros2_interfaces/hook/cmake_prefix_path.ps1'
[2.112s] INFO:colcon.colcon_core.shell:Creating environment descriptor '/ws/src/install/ti_mmwave_ros2_interfaces/share/ti_mmwave_ros2_interfaces/hook/cmake_prefix_path.dsv'
[2.113s] INFO:colcon.colcon_core.shell:Creating environment hook '/ws/src/install/ti_mmwave_ros2_interfaces/share/ti_mmwave_ros2_interfaces/hook/cmake_prefix_path.sh'
[2.114s] Level 1:colcon.colcon_core.environment:checking '/ws/src/install/ti_mmwave_ros2_interfaces/lib'
[2.114s] Level 1:colcon.colcon_core.shell:create_environment_hook('ti_mmwave_ros2_interfaces', 'ld_library_path_lib')
[2.120s] INFO:colcon.colcon_core.shell:Creating environment hook '/ws/src/install/ti_mmwave_ros2_interfaces/share/ti_mmwave_ros2_interfaces/hook/ld_library_path_lib.ps1'
[2.122s] INFO:colcon.colcon_core.shell:Creating environment descriptor '/ws/src/install/ti_mmwave_ros2_interfaces/share/ti_mmwave_ros2_interfaces/hook/ld_library_path_lib.dsv'
[2.123s] INFO:colcon.colcon_core.shell:Creating environment hook '/ws/src/install/ti_mmwave_ros2_interfaces/share/ti_mmwave_ros2_interfaces/hook/ld_library_path_lib.sh'
[2.124s] Level 1:colcon.colcon_core.environment:checking '/ws/src/install/ti_mmwave_ros2_interfaces/bin'
[2.124s] Level 1:colcon.colcon_core.environment:checking '/ws/src/install/ti_mmwave_ros2_interfaces/lib/pkgconfig/ti_mmwave_ros2_interfaces.pc'
[2.124s] Level 1:colcon.colcon_core.environment:checking '/ws/src/install/ti_mmwave_ros2_interfaces/lib/python3.8/site-packages'
[2.124s] Level 1:colcon.colcon_core.shell:create_environment_hook('ti_mmwave_ros2_interfaces', 'pythonpath')
[2.130s] INFO:colcon.colcon_core.shell:Creating environment hook '/ws/src/install/ti_mmwave_ros2_interfaces/share/ti_mmwave_ros2_interfaces/hook/pythonpath.ps1'
[2.131s] INFO:colcon.colcon_core.shell:Creating environment descriptor '/ws/src/install/ti_mmwave_ros2_interfaces/share/ti_mmwave_ros2_interfaces/hook/pythonpath.dsv'
[2.131s] INFO:colcon.colcon_core.shell:Creating environment hook '/ws/src/install/ti_mmwave_ros2_interfaces/share/ti_mmwave_ros2_interfaces/hook/pythonpath.sh'
[2.132s] Level 1:colcon.colcon_core.environment:checking '/ws/src/install/ti_mmwave_ros2_interfaces/bin'
[2.138s] INFO:colcon.colcon_core.shell:Creating package script '/ws/src/install/ti_mmwave_ros2_interfaces/share/ti_mmwave_ros2_interfaces/package.ps1'
[2.140s] INFO:colcon.colcon_core.shell:Creating package descriptor '/ws/src/install/ti_mmwave_ros2_interfaces/share/ti_mmwave_ros2_interfaces/package.dsv'
[2.141s] INFO:colcon.colcon_core.shell:Creating package script '/ws/src/install/ti_mmwave_ros2_interfaces/share/ti_mmwave_ros2_interfaces/package.sh'
[2.142s] INFO:colcon.colcon_core.shell:Creating package script '/ws/src/install/ti_mmwave_ros2_interfaces/share/ti_mmwave_ros2_interfaces/package.bash'
[2.142s] INFO:colcon.colcon_core.shell:Creating package script '/ws/src/install/ti_mmwave_ros2_interfaces/share/ti_mmwave_ros2_interfaces/package.zsh'
[2.143s] Level 1:colcon.colcon_core.environment:create_file_with_runtime_dependencies(/ws/src/install/ti_mmwave_ros2_interfaces/share/colcon-core/packages/ti_mmwave_ros2_interfaces)
[2.371s] Level 1:colcon.colcon_core.environment:create_environment_scripts_only(ti_mmwave_ros2_interfaces)
[2.382s] Level 1:colcon.colcon_core.environment:checking '/ws/src/install/ti_mmwave_ros2_interfaces' for CMake module files
[2.384s] Level 1:colcon.colcon_core.environment:checking '/ws/src/install/ti_mmwave_ros2_interfaces' for CMake config files
[2.386s] Level 1:colcon.colcon_core.shell:create_environment_hook('ti_mmwave_ros2_interfaces', 'cmake_prefix_path')
[2.391s] INFO:colcon.colcon_core.shell:Creating environment hook '/ws/src/install/ti_mmwave_ros2_interfaces/share/ti_mmwave_ros2_interfaces/hook/cmake_prefix_path.ps1'
[2.392s] INFO:colcon.colcon_core.shell:Creating environment descriptor '/ws/src/install/ti_mmwave_ros2_interfaces/share/ti_mmwave_ros2_interfaces/hook/cmake_prefix_path.dsv'
[2.393s] INFO:colcon.colcon_core.shell:Creating environment hook '/ws/src/install/ti_mmwave_ros2_interfaces/share/ti_mmwave_ros2_interfaces/hook/cmake_prefix_path.sh'
[2.395s] Level 1:colcon.colcon_core.environment:checking '/ws/src/install/ti_mmwave_ros2_interfaces/lib'
[2.395s] Level 1:colcon.colcon_core.shell:create_environment_hook('ti_mmwave_ros2_interfaces', 'ld_library_path_lib')
[2.401s] INFO:colcon.colcon_core.shell:Creating environment hook '/ws/src/install/ti_mmwave_ros2_interfaces/share/ti_mmwave_ros2_interfaces/hook/ld_library_path_lib.ps1'
[2.402s] INFO:colcon.colcon_core.shell:Creating environment descriptor '/ws/src/install/ti_mmwave_ros2_interfaces/share/ti_mmwave_ros2_interfaces/hook/ld_library_path_lib.dsv'
[2.402s] INFO:colcon.colcon_core.shell:Creating environment hook '/ws/src/install/ti_mmwave_ros2_interfaces/share/ti_mmwave_ros2_interfaces/hook/ld_library_path_lib.sh'
[2.403s] Level 1:colcon.colcon_core.environment:checking '/ws/src/install/ti_mmwave_ros2_interfaces/bin'
[2.403s] Level 1:colcon.colcon_core.environment:checking '/ws/src/install/ti_mmwave_ros2_interfaces/lib/pkgconfig/ti_mmwave_ros2_interfaces.pc'
[2.404s] Level 1:colcon.colcon_core.environment:checking '/ws/src/install/ti_mmwave_ros2_interfaces/lib/python3.8/site-packages'
[2.404s] Level 1:colcon.colcon_core.shell:create_environment_hook('ti_mmwave_ros2_interfaces', 'pythonpath')
[2.410s] INFO:colcon.colcon_core.shell:Creating environment hook '/ws/src/install/ti_mmwave_ros2_interfaces/share/ti_mmwave_ros2_interfaces/hook/pythonpath.ps1'
[2.412s] INFO:colcon.colcon_core.shell:Creating environment descriptor '/ws/src/install/ti_mmwave_ros2_interfaces/share/ti_mmwave_ros2_interfaces/hook/pythonpath.dsv'
[2.413s] INFO:colcon.colcon_core.shell:Creating environment hook '/ws/src/install/ti_mmwave_ros2_interfaces/share/ti_mmwave_ros2_interfaces/hook/pythonpath.sh'
[2.414s] Level 1:colcon.colcon_core.environment:checking '/ws/src/install/ti_mmwave_ros2_interfaces/bin'
[2.420s] INFO:colcon.colcon_core.shell:Creating package script '/ws/src/install/ti_mmwave_ros2_interfaces/share/ti_mmwave_ros2_interfaces/package.ps1'
[2.423s] INFO:colcon.colcon_core.shell:Creating package descriptor '/ws/src/install/ti_mmwave_ros2_interfaces/share/ti_mmwave_ros2_interfaces/package.dsv'
[2.424s] INFO:colcon.colcon_core.shell:Creating package script '/ws/src/install/ti_mmwave_ros2_interfaces/share/ti_mmwave_ros2_interfaces/package.sh'
[2.425s] INFO:colcon.colcon_core.shell:Creating package script '/ws/src/install/ti_mmwave_ros2_interfaces/share/ti_mmwave_ros2_interfaces/package.bash'
[2.426s] INFO:colcon.colcon_core.shell:Creating package script '/ws/src/install/ti_mmwave_ros2_interfaces/share/ti_mmwave_ros2_interfaces/package.zsh'
[2.427s] Level 1:colcon.colcon_core.environment:create_file_with_runtime_dependencies(/ws/src/install/ti_mmwave_ros2_interfaces/share/colcon-core/packages/ti_mmwave_ros2_interfaces)
[2.428s] INFO:colcon.colcon_ros.task.ament_cmake.build:Building ROS package in '/ws/src/mmwave_ti_ros/ti_mmwave_ros2_pkg' with build type 'ament_cmake'
[2.429s] INFO:colcon.colcon_cmake.task.cmake.build:Building CMake package in '/ws/src/mmwave_ti_ros/ti_mmwave_ros2_pkg'
[2.436s] INFO:colcon.colcon_core.shell:Skip shell extension 'powershell' for command environment: Not usable outside of PowerShell
[2.437s] DEBUG:colcon.colcon_core.shell:Skip shell extension 'dsv' for command environment
[2.491s] DEBUG:colcon.colcon_core.event_handler.log_command:Invoking command in '/ws/src/build/ti_mmwave_ros2_pkg': CMAKE_PREFIX_PATH=/ws/src/install/ti_mmwave_ros2_interfaces:/ws/src/install/ti_mmwave_ros2_pkg:/ws/src/install/ti_mmwave_ros2_examples:/ws/src/install/serial:/opt/ros/galactic/install LD_LIBRARY_PATH=/ws/src/install/ti_mmwave_ros2_interfaces/lib:/ws/src/install/ti_mmwave_ros2_pkg/lib:/ws/src/install/ti_mmwave_ros2_examples/lib:/ws/src/install/serial/lib:/opt/ros/galactic/install/opt/yaml_cpp_vendor/lib:/opt/ros/galactic/install/opt/rviz_ogre_vendor/lib:/opt/ros/galactic/install/lib:/usr/local/cuda/lib64 /usr/local/bin/cmake --build /ws/src/build/ti_mmwave_ros2_pkg -- -j6 -l6
[2.758s] DEBUG:colcon.colcon_core.event_handler.log_command:Invoked command in '/ws/src/build/ti_mmwave_ros2_pkg' returned '0': CMAKE_PREFIX_PATH=/ws/src/install/ti_mmwave_ros2_interfaces:/ws/src/install/ti_mmwave_ros2_pkg:/ws/src/install/ti_mmwave_ros2_examples:/ws/src/install/serial:/opt/ros/galactic/install LD_LIBRARY_PATH=/ws/src/install/ti_mmwave_ros2_interfaces/lib:/ws/src/install/ti_mmwave_ros2_pkg/lib:/ws/src/install/ti_mmwave_ros2_examples/lib:/ws/src/install/serial/lib:/opt/ros/galactic/install/opt/yaml_cpp_vendor/lib:/opt/ros/galactic/install/opt/rviz_ogre_vendor/lib:/opt/ros/galactic/install/lib:/usr/local/cuda/lib64 /usr/local/bin/cmake --build /ws/src/build/ti_mmwave_ros2_pkg -- -j6 -l6
[2.913s] DEBUG:colcon.colcon_core.event_handler.log_command:Invoking command in '/ws/src/build/ti_mmwave_ros2_pkg': CMAKE_PREFIX_PATH=/ws/src/install/ti_mmwave_ros2_interfaces:/ws/src/install/ti_mmwave_ros2_pkg:/ws/src/install/ti_mmwave_ros2_examples:/ws/src/install/serial:/opt/ros/galactic/install LD_LIBRARY_PATH=/ws/src/install/ti_mmwave_ros2_interfaces/lib:/ws/src/install/ti_mmwave_ros2_pkg/lib:/ws/src/install/ti_mmwave_ros2_examples/lib:/ws/src/install/serial/lib:/opt/ros/galactic/install/opt/yaml_cpp_vendor/lib:/opt/ros/galactic/install/opt/rviz_ogre_vendor/lib:/opt/ros/galactic/install/lib:/usr/local/cuda/lib64 /usr/local/bin/cmake --install /ws/src/build/ti_mmwave_ros2_pkg
[3.012s] Level 1:colcon.colcon_core.environment:create_environment_scripts_only(ti_mmwave_ros2_pkg)
[3.023s] Level 1:colcon.colcon_core.environment:checking '/ws/src/install/ti_mmwave_ros2_pkg' for CMake module files
[3.024s] DEBUG:colcon.colcon_core.event_handler.log_command:Invoked command in '/ws/src/build/ti_mmwave_ros2_pkg' returned '0': CMAKE_PREFIX_PATH=/ws/src/install/ti_mmwave_ros2_interfaces:/ws/src/install/ti_mmwave_ros2_pkg:/ws/src/install/ti_mmwave_ros2_examples:/ws/src/install/serial:/opt/ros/galactic/install LD_LIBRARY_PATH=/ws/src/install/ti_mmwave_ros2_interfaces/lib:/ws/src/install/ti_mmwave_ros2_pkg/lib:/ws/src/install/ti_mmwave_ros2_examples/lib:/ws/src/install/serial/lib:/opt/ros/galactic/install/opt/yaml_cpp_vendor/lib:/opt/ros/galactic/install/opt/rviz_ogre_vendor/lib:/opt/ros/galactic/install/lib:/usr/local/cuda/lib64 /usr/local/bin/cmake --install /ws/src/build/ti_mmwave_ros2_pkg
[3.027s] Level 1:colcon.colcon_core.environment:checking '/ws/src/install/ti_mmwave_ros2_pkg' for CMake config files
[3.029s] Level 1:colcon.colcon_core.shell:create_environment_hook('ti_mmwave_ros2_pkg', 'cmake_prefix_path')
[3.034s] INFO:colcon.colcon_core.shell:Creating environment hook '/ws/src/install/ti_mmwave_ros2_pkg/share/ti_mmwave_ros2_pkg/hook/cmake_prefix_path.ps1'
[3.036s] INFO:colcon.colcon_core.shell:Creating environment descriptor '/ws/src/install/ti_mmwave_ros2_pkg/share/ti_mmwave_ros2_pkg/hook/cmake_prefix_path.dsv'
[3.037s] INFO:colcon.colcon_core.shell:Creating environment hook '/ws/src/install/ti_mmwave_ros2_pkg/share/ti_mmwave_ros2_pkg/hook/cmake_prefix_path.sh'
[3.038s] Level 1:colcon.colcon_core.environment:checking '/ws/src/install/ti_mmwave_ros2_pkg/lib'
[3.039s] Level 1:colcon.colcon_core.shell:create_environment_hook('ti_mmwave_ros2_pkg', 'ld_library_path_lib')
[3.044s] INFO:colcon.colcon_core.shell:Creating environment hook '/ws/src/install/ti_mmwave_ros2_pkg/share/ti_mmwave_ros2_pkg/hook/ld_library_path_lib.ps1'
[3.045s] INFO:colcon.colcon_core.shell:Creating environment descriptor '/ws/src/install/ti_mmwave_ros2_pkg/share/ti_mmwave_ros2_pkg/hook/ld_library_path_lib.dsv'
[3.046s] INFO:colcon.colcon_core.shell:Creating environment hook '/ws/src/install/ti_mmwave_ros2_pkg/share/ti_mmwave_ros2_pkg/hook/ld_library_path_lib.sh'
[3.046s] Level 1:colcon.colcon_core.environment:checking '/ws/src/install/ti_mmwave_ros2_pkg/bin'
[3.047s] Level 1:colcon.colcon_core.environment:checking '/ws/src/install/ti_mmwave_ros2_pkg/lib/pkgconfig/ti_mmwave_ros2_pkg.pc'
[3.047s] Level 1:colcon.colcon_core.environment:checking '/ws/src/install/ti_mmwave_ros2_pkg/lib/python3.8/site-packages'
[3.047s] Level 1:colcon.colcon_core.environment:checking '/ws/src/install/ti_mmwave_ros2_pkg/bin'
[3.053s] INFO:colcon.colcon_core.shell:Creating package script '/ws/src/install/ti_mmwave_ros2_pkg/share/ti_mmwave_ros2_pkg/package.ps1'
[3.054s] INFO:colcon.colcon_core.shell:Creating package descriptor '/ws/src/install/ti_mmwave_ros2_pkg/share/ti_mmwave_ros2_pkg/package.dsv'
[3.055s] INFO:colcon.colcon_core.shell:Creating package script '/ws/src/install/ti_mmwave_ros2_pkg/share/ti_mmwave_ros2_pkg/package.sh'
[3.056s] INFO:colcon.colcon_core.shell:Creating package script '/ws/src/install/ti_mmwave_ros2_pkg/share/ti_mmwave_ros2_pkg/package.bash'
[3.057s] INFO:colcon.colcon_core.shell:Creating package script '/ws/src/install/ti_mmwave_ros2_pkg/share/ti_mmwave_ros2_pkg/package.zsh'
[3.058s] Level 1:colcon.colcon_core.environment:create_file_with_runtime_dependencies(/ws/src/install/ti_mmwave_ros2_pkg/share/colcon-core/packages/ti_mmwave_ros2_pkg)
[3.217s] Level 1:colcon.colcon_core.environment:create_environment_scripts_only(ti_mmwave_ros2_pkg)
[3.226s] Level 1:colcon.colcon_core.environment:checking '/ws/src/install/ti_mmwave_ros2_pkg' for CMake module files
[3.229s] Level 1:colcon.colcon_core.environment:checking '/ws/src/install/ti_mmwave_ros2_pkg' for CMake config files
[3.231s] Level 1:colcon.colcon_core.shell:create_environment_hook('ti_mmwave_ros2_pkg', 'cmake_prefix_path')
[3.237s] INFO:colcon.colcon_core.shell:Creating environment hook '/ws/src/install/ti_mmwave_ros2_pkg/share/ti_mmwave_ros2_pkg/hook/cmake_prefix_path.ps1'
[3.238s] INFO:colcon.colcon_core.shell:Creating environment descriptor '/ws/src/install/ti_mmwave_ros2_pkg/share/ti_mmwave_ros2_pkg/hook/cmake_prefix_path.dsv'
[3.239s] INFO:colcon.colcon_core.shell:Creating environment hook '/ws/src/install/ti_mmwave_ros2_pkg/share/ti_mmwave_ros2_pkg/hook/cmake_prefix_path.sh'
[3.240s] Level 1:colcon.colcon_core.environment:checking '/ws/src/install/ti_mmwave_ros2_pkg/lib'
[3.240s] Level 1:colcon.colcon_core.shell:create_environment_hook('ti_mmwave_ros2_pkg', 'ld_library_path_lib')
[3.246s] INFO:colcon.colcon_core.shell:Creating environment hook '/ws/src/install/ti_mmwave_ros2_pkg/share/ti_mmwave_ros2_pkg/hook/ld_library_path_lib.ps1'
[3.247s] INFO:colcon.colcon_core.shell:Creating environment descriptor '/ws/src/install/ti_mmwave_ros2_pkg/share/ti_mmwave_ros2_pkg/hook/ld_library_path_lib.dsv'
[3.247s] INFO:colcon.colcon_core.shell:Creating environment hook '/ws/src/install/ti_mmwave_ros2_pkg/share/ti_mmwave_ros2_pkg/hook/ld_library_path_lib.sh'
[3.248s] Level 1:colcon.colcon_core.environment:checking '/ws/src/install/ti_mmwave_ros2_pkg/bin'
[3.248s] Level 1:colcon.colcon_core.environment:checking '/ws/src/install/ti_mmwave_ros2_pkg/lib/pkgconfig/ti_mmwave_ros2_pkg.pc'
[3.249s] Level 1:colcon.colcon_core.environment:checking '/ws/src/install/ti_mmwave_ros2_pkg/lib/python3.8/site-packages'
[3.249s] Level 1:colcon.colcon_core.environment:checking '/ws/src/install/ti_mmwave_ros2_pkg/bin'
[3.254s] INFO:colcon.colcon_core.shell:Creating package script '/ws/src/install/ti_mmwave_ros2_pkg/share/ti_mmwave_ros2_pkg/package.ps1'
[3.256s] INFO:colcon.colcon_core.shell:Creating package descriptor '/ws/src/install/ti_mmwave_ros2_pkg/share/ti_mmwave_ros2_pkg/package.dsv'
[3.257s] INFO:colcon.colcon_core.shell:Creating package script '/ws/src/install/ti_mmwave_ros2_pkg/share/ti_mmwave_ros2_pkg/package.sh'
[3.258s] INFO:colcon.colcon_core.shell:Creating package script '/ws/src/install/ti_mmwave_ros2_pkg/share/ti_mmwave_ros2_pkg/package.bash'
[3.259s] INFO:colcon.colcon_core.shell:Creating package script '/ws/src/install/ti_mmwave_ros2_pkg/share/ti_mmwave_ros2_pkg/package.zsh'
[3.259s] Level 1:colcon.colcon_core.environment:create_file_with_runtime_dependencies(/ws/src/install/ti_mmwave_ros2_pkg/share/colcon-core/packages/ti_mmwave_ros2_pkg)
[3.260s] DEBUG:colcon.colcon_parallel_executor.executor.parallel:closing loop
[3.261s] DEBUG:colcon.colcon_parallel_executor.executor.parallel:loop closed
[3.261s] DEBUG:colcon.colcon_parallel_executor.executor.parallel:run_until_complete finished with '0'
[3.262s] DEBUG:colcon.colcon_core.event_reactor:joining thread
[3.279s] INFO:colcon.colcon_core.plugin_system:Skipping extension 'colcon_notification.desktop_notification.notify_send': Could not find 'notify-send'
[3.279s] INFO:colcon.colcon_core.plugin_system:Skipping extension 'colcon_notification.desktop_notification.terminal_notifier': Not used on non-Darwin systems
[3.280s] INFO:colcon.colcon_core.plugin_system:Skipping extension 'colcon_notification.desktop_notification.win32': Not used on non-Windows systems
[3.280s] INFO:colcon.colcon_notification.desktop_notification:Sending desktop notification using 'notify2'
[3.295s] DEBUG:colcon.colcon_notification.desktop_notification.notify2:Failed to initialize notify2: org.freedesktop.DBus.Error.ServiceUnknown: The name org.freedesktop.Notifications was not provided by any .service files
[3.296s] DEBUG:colcon.colcon_core.event_reactor:joined thread
[3.305s] INFO:colcon.colcon_core.shell:Creating prefix script '/ws/src/install/local_setup.ps1'
[3.309s] INFO:colcon.colcon_core.shell:Creating prefix util module '/ws/src/install/_local_setup_util_ps1.py'
[3.312s] INFO:colcon.colcon_core.shell:Creating prefix chain script '/ws/src/install/setup.ps1'
[3.319s] INFO:colcon.colcon_core.shell:Creating prefix script '/ws/src/install/local_setup.sh'
[3.320s] INFO:colcon.colcon_core.shell:Creating prefix util module '/ws/src/install/_local_setup_util_sh.py'
[3.321s] INFO:colcon.colcon_core.shell:Creating prefix chain script '/ws/src/install/setup.sh'
[3.326s] INFO:colcon.colcon_core.shell:Creating prefix script '/ws/src/install/local_setup.bash'
[3.326s] INFO:colcon.colcon_core.shell:Creating prefix chain script '/ws/src/install/setup.bash'
[3.375s] INFO:colcon.colcon_core.shell:Creating prefix script '/ws/src/install/local_setup.zsh'
[3.376s] INFO:colcon.colcon_core.shell:Creating prefix chain script '/ws/src/install/setup.zsh'
