[0.650s] DEBUG:colcon:Command line arguments: ['/usr/bin/colcon', 'build']
[0.650s] DEBUG:colcon:Parsed command line arguments: Namespace(ament_cmake_args=None, base_paths=['.'], build_base='build', catkin_cmake_args=None, catkin_skip_building_tests=False, cmake_args=None, cmake_clean_cache=False, cmake_clean_first=False, cmake_force_configure=False, cmake_target=None, cmake_target_skip_unavailable=False, continue_on_error=False, event_handlers=None, executor='parallel', ignore_user_meta=False, install_base='install', log_base=None, log_level=None, main=<bound method BuildVerb.main of <colcon_core.verb.build.BuildVerb object at 0xffffbd9253d0>>, merge_install=False, metas=['./colcon.meta'], packages_above=None, packages_above_and_dependencies=None, packages_above_depth=None, packages_end=None, packages_ignore=None, packages_ignore_regex=None, packages_select=None, packages_select_build_failed=False, packages_select_by_dep=None, packages_select_regex=None, packages_select_test_failures=False, packages_skip=None, packages_skip_build_finished=False, packages_skip_by_dep=None, packages_skip_regex=None, packages_skip_test_passed=False, packages_skip_up_to=None, packages_start=None, packages_up_to=None, packages_up_to_regex=None, parallel_workers=6, paths=None, symlink_install=False, test_result_base=None, verb_extension=<colcon_core.verb.build.BuildVerb object at 0xffffbd9253d0>, verb_name='build', verb_parser=<colcon_defaults.argument_parser.defaults.DefaultArgumentsDecorator object at 0xffffbd8ad280>)
[0.751s] Level 1:colcon.colcon_core.package_discovery:discover_packages(colcon_meta) check parameters
[0.751s] Level 1:colcon.colcon_core.package_discovery:discover_packages(recursive) check parameters
[0.752s] Level 1:colcon.colcon_core.package_discovery:discover_packages(ignore) check parameters
[0.752s] Level 1:colcon.colcon_core.package_discovery:discover_packages(path) check parameters
[0.752s] Level 1:colcon.colcon_core.package_discovery:discover_packages(colcon_meta) discover
[0.752s] Level 1:colcon.colcon_core.package_discovery:discover_packages(recursive) discover
[0.752s] INFO:colcon.colcon_core.package_discovery:Crawling recursively for packages in '/ws/src'
[0.752s] Level 1:colcon.colcon_core.package_identification:_identify(.) by extensions ['ignore', 'ignore_ament_install']
[0.753s] Level 1:colcon.colcon_core.package_identification:_identify(.) by extension 'ignore'
[0.753s] Level 1:colcon.colcon_core.package_identification:_identify(.) by extension 'ignore_ament_install'
[0.753s] Level 1:colcon.colcon_core.package_identification:_identify(.) by extensions ['colcon_pkg']
[0.753s] Level 1:colcon.colcon_core.package_identification:_identify(.) by extension 'colcon_pkg'
[0.753s] Level 1:colcon.colcon_core.package_identification:_identify(.) by extensions ['colcon_meta']
[0.753s] Level 1:colcon.colcon_core.package_identification:_identify(.) by extension 'colcon_meta'
[0.753s] Level 1:colcon.colcon_core.package_identification:_identify(.) by extensions ['ros']
[0.753s] Level 1:colcon.colcon_core.package_identification:_identify(.) by extension 'ros'
[0.784s] Level 1:colcon.colcon_core.package_identification:_identify(.) by extensions ['cmake', 'python']
[0.784s] Level 1:colcon.colcon_core.package_identification:_identify(.) by extension 'cmake'
[0.784s] Level 1:colcon.colcon_core.package_identification:_identify(.) by extension 'python'
[0.784s] Level 1:colcon.colcon_core.package_identification:_identify(.) by extensions ['python_setup_py']
[0.784s] Level 1:colcon.colcon_core.package_identification:_identify(.) by extension 'python_setup_py'
[0.784s] Level 1:colcon.colcon_core.package_identification:_identify(build) by extensions ['ignore', 'ignore_ament_install']
[0.785s] Level 1:colcon.colcon_core.package_identification:_identify(build) by extension 'ignore'
[0.785s] Level 1:colcon.colcon_core.package_identification:_identify(build) ignored
[0.785s] Level 1:colcon.colcon_core.package_identification:_identify(install) by extensions ['ignore', 'ignore_ament_install']
[0.785s] Level 1:colcon.colcon_core.package_identification:_identify(install) by extension 'ignore'
[0.785s] Level 1:colcon.colcon_core.package_identification:_identify(install) ignored
[0.786s] Level 1:colcon.colcon_core.package_identification:_identify(log) by extensions ['ignore', 'ignore_ament_install']
[0.786s] Level 1:colcon.colcon_core.package_identification:_identify(log) by extension 'ignore'
[0.786s] Level 1:colcon.colcon_core.package_identification:_identify(log) ignored
[0.786s] Level 1:colcon.colcon_core.package_identification:_identify(mmwave_ti_ros) by extensions ['ignore', 'ignore_ament_install']
[0.786s] Level 1:colcon.colcon_core.package_identification:_identify(mmwave_ti_ros) by extension 'ignore'
[0.787s] Level 1:colcon.colcon_core.package_identification:_identify(mmwave_ti_ros) by extension 'ignore_ament_install'
[0.787s] Level 1:colcon.colcon_core.package_identification:_identify(mmwave_ti_ros) by extensions ['colcon_pkg']
[0.787s] Level 1:colcon.colcon_core.package_identification:_identify(mmwave_ti_ros) by extension 'colcon_pkg'
[0.787s] Level 1:colcon.colcon_core.package_identification:_identify(mmwave_ti_ros) by extensions ['colcon_meta']
[0.787s] Level 1:colcon.colcon_core.package_identification:_identify(mmwave_ti_ros) by extension 'colcon_meta'
[0.787s] Level 1:colcon.colcon_core.package_identification:_identify(mmwave_ti_ros) by extensions ['ros']
[0.787s] Level 1:colcon.colcon_core.package_identification:_identify(mmwave_ti_ros) by extension 'ros'
[0.787s] Level 1:colcon.colcon_core.package_identification:_identify(mmwave_ti_ros) by extensions ['cmake', 'python']
[0.787s] Level 1:colcon.colcon_core.package_identification:_identify(mmwave_ti_ros) by extension 'cmake'
[0.788s] Level 1:colcon.colcon_core.package_identification:_identify(mmwave_ti_ros) by extension 'python'
[0.788s] Level 1:colcon.colcon_core.package_identification:_identify(mmwave_ti_ros) by extensions ['python_setup_py']
[0.788s] Level 1:colcon.colcon_core.package_identification:_identify(mmwave_ti_ros) by extension 'python_setup_py'
[0.788s] Level 1:colcon.colcon_core.package_identification:_identify(mmwave_ti_ros/CAD) by extensions ['ignore', 'ignore_ament_install']
[0.788s] Level 1:colcon.colcon_core.package_identification:_identify(mmwave_ti_ros/CAD) by extension 'ignore'
[0.788s] Level 1:colcon.colcon_core.package_identification:_identify(mmwave_ti_ros/CAD) by extension 'ignore_ament_install'
[0.788s] Level 1:colcon.colcon_core.package_identification:_identify(mmwave_ti_ros/CAD) by extensions ['colcon_pkg']
[0.789s] Level 1:colcon.colcon_core.package_identification:_identify(mmwave_ti_ros/CAD) by extension 'colcon_pkg'
[0.789s] Level 1:colcon.colcon_core.package_identification:_identify(mmwave_ti_ros/CAD) by extensions ['colcon_meta']
[0.789s] Level 1:colcon.colcon_core.package_identification:_identify(mmwave_ti_ros/CAD) by extension 'colcon_meta'
[0.789s] Level 1:colcon.colcon_core.package_identification:_identify(mmwave_ti_ros/CAD) by extensions ['ros']
[0.789s] Level 1:colcon.colcon_core.package_identification:_identify(mmwave_ti_ros/CAD) by extension 'ros'
[0.789s] Level 1:colcon.colcon_core.package_identification:_identify(mmwave_ti_ros/CAD) by extensions ['cmake', 'python']
[0.789s] Level 1:colcon.colcon_core.package_identification:_identify(mmwave_ti_ros/CAD) by extension 'cmake'
[0.789s] Level 1:colcon.colcon_core.package_identification:_identify(mmwave_ti_ros/CAD) by extension 'python'
[0.789s] Level 1:colcon.colcon_core.package_identification:_identify(mmwave_ti_ros/CAD) by extensions ['python_setup_py']
[0.789s] Level 1:colcon.colcon_core.package_identification:_identify(mmwave_ti_ros/CAD) by extension 'python_setup_py'
[0.790s] Level 1:colcon.colcon_core.package_identification:_identify(mmwave_ti_ros/img) by extensions ['ignore', 'ignore_ament_install']
[0.790s] Level 1:colcon.colcon_core.package_identification:_identify(mmwave_ti_ros/img) by extension 'ignore'
[0.790s] Level 1:colcon.colcon_core.package_identification:_identify(mmwave_ti_ros/img) by extension 'ignore_ament_install'
[0.790s] Level 1:colcon.colcon_core.package_identification:_identify(mmwave_ti_ros/img) by extensions ['colcon_pkg']
[0.790s] Level 1:colcon.colcon_core.package_identification:_identify(mmwave_ti_ros/img) by extension 'colcon_pkg'
[0.790s] Level 1:colcon.colcon_core.package_identification:_identify(mmwave_ti_ros/img) by extensions ['colcon_meta']
[0.790s] Level 1:colcon.colcon_core.package_identification:_identify(mmwave_ti_ros/img) by extension 'colcon_meta'
[0.790s] Level 1:colcon.colcon_core.package_identification:_identify(mmwave_ti_ros/img) by extensions ['ros']
[0.791s] Level 1:colcon.colcon_core.package_identification:_identify(mmwave_ti_ros/img) by extension 'ros'
[0.791s] Level 1:colcon.colcon_core.package_identification:_identify(mmwave_ti_ros/img) by extensions ['cmake', 'python']
[0.791s] Level 1:colcon.colcon_core.package_identification:_identify(mmwave_ti_ros/img) by extension 'cmake'
[0.791s] Level 1:colcon.colcon_core.package_identification:_identify(mmwave_ti_ros/img) by extension 'python'
[0.791s] Level 1:colcon.colcon_core.package_identification:_identify(mmwave_ti_ros/img) by extensions ['python_setup_py']
[0.791s] Level 1:colcon.colcon_core.package_identification:_identify(mmwave_ti_ros/img) by extension 'python_setup_py'
[0.791s] Level 1:colcon.colcon_core.package_identification:_identify(mmwave_ti_ros/serial-ros2) by extensions ['ignore', 'ignore_ament_install']
[0.792s] Level 1:colcon.colcon_core.package_identification:_identify(mmwave_ti_ros/serial-ros2) by extension 'ignore'
[0.792s] Level 1:colcon.colcon_core.package_identification:_identify(mmwave_ti_ros/serial-ros2) by extension 'ignore_ament_install'
[0.792s] Level 1:colcon.colcon_core.package_identification:_identify(mmwave_ti_ros/serial-ros2) by extensions ['colcon_pkg']
[0.792s] Level 1:colcon.colcon_core.package_identification:_identify(mmwave_ti_ros/serial-ros2) by extension 'colcon_pkg'
[0.792s] Level 1:colcon.colcon_core.package_identification:_identify(mmwave_ti_ros/serial-ros2) by extensions ['colcon_meta']
[0.792s] Level 1:colcon.colcon_core.package_identification:_identify(mmwave_ti_ros/serial-ros2) by extension 'colcon_meta'
[0.792s] Level 1:colcon.colcon_core.package_identification:_identify(mmwave_ti_ros/serial-ros2) by extensions ['ros']
[0.792s] Level 1:colcon.colcon_core.package_identification:_identify(mmwave_ti_ros/serial-ros2) by extension 'ros'
[0.798s] DEBUG:colcon.colcon_core.package_identification:Package 'mmwave_ti_ros/serial-ros2' with type 'ros.ament_cmake' and name 'serial'
[0.798s] Level 1:colcon.colcon_core.package_identification:_identify(mmwave_ti_ros/ti_mmwave_ros2_examples) by extensions ['ignore', 'ignore_ament_install']
[0.798s] Level 1:colcon.colcon_core.package_identification:_identify(mmwave_ti_ros/ti_mmwave_ros2_examples) by extension 'ignore'
[0.799s] Level 1:colcon.colcon_core.package_identification:_identify(mmwave_ti_ros/ti_mmwave_ros2_examples) by extension 'ignore_ament_install'
[0.799s] Level 1:colcon.colcon_core.package_identification:_identify(mmwave_ti_ros/ti_mmwave_ros2_examples) by extensions ['colcon_pkg']
[0.799s] Level 1:colcon.colcon_core.package_identification:_identify(mmwave_ti_ros/ti_mmwave_ros2_examples) by extension 'colcon_pkg'
[0.799s] Level 1:colcon.colcon_core.package_identification:_identify(mmwave_ti_ros/ti_mmwave_ros2_examples) by extensions ['colcon_meta']
[0.799s] Level 1:colcon.colcon_core.package_identification:_identify(mmwave_ti_ros/ti_mmwave_ros2_examples) by extension 'colcon_meta'
[0.799s] Level 1:colcon.colcon_core.package_identification:_identify(mmwave_ti_ros/ti_mmwave_ros2_examples) by extensions ['ros']
[0.799s] Level 1:colcon.colcon_core.package_identification:_identify(mmwave_ti_ros/ti_mmwave_ros2_examples) by extension 'ros'
[0.800s] DEBUG:colcon.colcon_core.package_identification:Package 'mmwave_ti_ros/ti_mmwave_ros2_examples' with type 'ros.ament_cmake' and name 'ti_mmwave_ros2_examples'
[0.801s] Level 1:colcon.colcon_core.package_identification:_identify(mmwave_ti_ros/ti_mmwave_ros2_interfaces) by extensions ['ignore', 'ignore_ament_install']
[0.801s] Level 1:colcon.colcon_core.package_identification:_identify(mmwave_ti_ros/ti_mmwave_ros2_interfaces) by extension 'ignore'
[0.801s] Level 1:colcon.colcon_core.package_identification:_identify(mmwave_ti_ros/ti_mmwave_ros2_interfaces) by extension 'ignore_ament_install'
[0.801s] Level 1:colcon.colcon_core.package_identification:_identify(mmwave_ti_ros/ti_mmwave_ros2_interfaces) by extensions ['colcon_pkg']
[0.801s] Level 1:colcon.colcon_core.package_identification:_identify(mmwave_ti_ros/ti_mmwave_ros2_interfaces) by extension 'colcon_pkg'
[0.801s] Level 1:colcon.colcon_core.package_identification:_identify(mmwave_ti_ros/ti_mmwave_ros2_interfaces) by extensions ['colcon_meta']
[0.801s] Level 1:colcon.colcon_core.package_identification:_identify(mmwave_ti_ros/ti_mmwave_ros2_interfaces) by extension 'colcon_meta'
[0.801s] Level 1:colcon.colcon_core.package_identification:_identify(mmwave_ti_ros/ti_mmwave_ros2_interfaces) by extensions ['ros']
[0.802s] Level 1:colcon.colcon_core.package_identification:_identify(mmwave_ti_ros/ti_mmwave_ros2_interfaces) by extension 'ros'
[0.803s] DEBUG:colcon.colcon_core.package_identification:Package 'mmwave_ti_ros/ti_mmwave_ros2_interfaces' with type 'ros.ament_cmake' and name 'ti_mmwave_ros2_interfaces'
[0.803s] Level 1:colcon.colcon_core.package_identification:_identify(mmwave_ti_ros/ti_mmwave_ros2_pkg) by extensions ['ignore', 'ignore_ament_install']
[0.803s] Level 1:colcon.colcon_core.package_identification:_identify(mmwave_ti_ros/ti_mmwave_ros2_pkg) by extension 'ignore'
[0.803s] Level 1:colcon.colcon_core.package_identification:_identify(mmwave_ti_ros/ti_mmwave_ros2_pkg) by extension 'ignore_ament_install'
[0.803s] Level 1:colcon.colcon_core.package_identification:_identify(mmwave_ti_ros/ti_mmwave_ros2_pkg) by extensions ['colcon_pkg']
[0.804s] Level 1:colcon.colcon_core.package_identification:_identify(mmwave_ti_ros/ti_mmwave_ros2_pkg) by extension 'colcon_pkg'
[0.804s] Level 1:colcon.colcon_core.package_identification:_identify(mmwave_ti_ros/ti_mmwave_ros2_pkg) by extensions ['colcon_meta']
[0.804s] Level 1:colcon.colcon_core.package_identification:_identify(mmwave_ti_ros/ti_mmwave_ros2_pkg) by extension 'colcon_meta'
[0.804s] Level 1:colcon.colcon_core.package_identification:_identify(mmwave_ti_ros/ti_mmwave_ros2_pkg) by extensions ['ros']
[0.804s] Level 1:colcon.colcon_core.package_identification:_identify(mmwave_ti_ros/ti_mmwave_ros2_pkg) by extension 'ros'
[0.806s] DEBUG:colcon.colcon_core.package_identification:Package 'mmwave_ti_ros/ti_mmwave_ros2_pkg' with type 'ros.ament_cmake' and name 'ti_mmwave_ros2_pkg'
[0.806s] Level 1:colcon.colcon_core.package_discovery:discover_packages(recursive) using defaults
[0.806s] Level 1:colcon.colcon_core.package_discovery:discover_packages(ignore) discover
[0.806s] Level 1:colcon.colcon_core.package_discovery:discover_packages(ignore) using defaults
[0.806s] Level 1:colcon.colcon_core.package_discovery:discover_packages(path) discover
[0.806s] Level 1:colcon.colcon_core.package_discovery:discover_packages(path) using defaults
[0.867s] Level 5:colcon.colcon_core.verb:set package 'serial' build argument 'cmake_args' from command line to 'None'
[0.868s] Level 5:colcon.colcon_core.verb:set package 'serial' build argument 'cmake_target' from command line to 'None'
[0.868s] Level 5:colcon.colcon_core.verb:set package 'serial' build argument 'cmake_target_skip_unavailable' from command line to 'False'
[0.868s] Level 5:colcon.colcon_core.verb:set package 'serial' build argument 'cmake_clean_cache' from command line to 'False'
[0.868s] Level 5:colcon.colcon_core.verb:set package 'serial' build argument 'cmake_clean_first' from command line to 'False'
[0.868s] Level 5:colcon.colcon_core.verb:set package 'serial' build argument 'cmake_force_configure' from command line to 'False'
[0.868s] Level 5:colcon.colcon_core.verb:set package 'serial' build argument 'ament_cmake_args' from command line to 'None'
[0.868s] Level 5:colcon.colcon_core.verb:set package 'serial' build argument 'catkin_cmake_args' from command line to 'None'
[0.868s] Level 5:colcon.colcon_core.verb:set package 'serial' build argument 'catkin_skip_building_tests' from command line to 'False'
[0.868s] DEBUG:colcon.colcon_core.verb:Building package 'serial' with the following arguments: {'ament_cmake_args': None, 'build_base': '/ws/src/build/serial', 'catkin_cmake_args': None, 'catkin_skip_building_tests': False, 'cmake_args': None, 'cmake_clean_cache': False, 'cmake_clean_first': False, 'cmake_force_configure': False, 'cmake_target': None, 'cmake_target_skip_unavailable': False, 'install_base': '/ws/src/install/serial', 'merge_install': False, 'path': '/ws/src/mmwave_ti_ros/serial-ros2', 'symlink_install': False, 'test_result_base': None}
[0.871s] Level 5:colcon.colcon_core.verb:set package 'ti_mmwave_ros2_examples' build argument 'cmake_args' from command line to 'None'
[0.871s] Level 5:colcon.colcon_core.verb:set package 'ti_mmwave_ros2_examples' build argument 'cmake_target' from command line to 'None'
[0.871s] Level 5:colcon.colcon_core.verb:set package 'ti_mmwave_ros2_examples' build argument 'cmake_target_skip_unavailable' from command line to 'False'
[0.872s] Level 5:colcon.colcon_core.verb:set package 'ti_mmwave_ros2_examples' build argument 'cmake_clean_cache' from command line to 'False'
[0.872s] Level 5:colcon.colcon_core.verb:set package 'ti_mmwave_ros2_examples' build argument 'cmake_clean_first' from command line to 'False'
[0.872s] Level 5:colcon.colcon_core.verb:set package 'ti_mmwave_ros2_examples' build argument 'cmake_force_configure' from command line to 'False'
[0.872s] Level 5:colcon.colcon_core.verb:set package 'ti_mmwave_ros2_examples' build argument 'ament_cmake_args' from command line to 'None'
[0.872s] Level 5:colcon.colcon_core.verb:set package 'ti_mmwave_ros2_examples' build argument 'catkin_cmake_args' from command line to 'None'
[0.872s] Level 5:colcon.colcon_core.verb:set package 'ti_mmwave_ros2_examples' build argument 'catkin_skip_building_tests' from command line to 'False'
[0.872s] DEBUG:colcon.colcon_core.verb:Building package 'ti_mmwave_ros2_examples' with the following arguments: {'ament_cmake_args': None, 'build_base': '/ws/src/build/ti_mmwave_ros2_examples', 'catkin_cmake_args': None, 'catkin_skip_building_tests': False, 'cmake_args': None, 'cmake_clean_cache': False, 'cmake_clean_first': False, 'cmake_force_configure': False, 'cmake_target': None, 'cmake_target_skip_unavailable': False, 'install_base': '/ws/src/install/ti_mmwave_ros2_examples', 'merge_install': False, 'path': '/ws/src/mmwave_ti_ros/ti_mmwave_ros2_examples', 'symlink_install': False, 'test_result_base': None}
[0.875s] Level 5:colcon.colcon_core.verb:set package 'ti_mmwave_ros2_interfaces' build argument 'cmake_args' from command line to 'None'
[0.875s] Level 5:colcon.colcon_core.verb:set package 'ti_mmwave_ros2_interfaces' build argument 'cmake_target' from command line to 'None'
[0.875s] Level 5:colcon.colcon_core.verb:set package 'ti_mmwave_ros2_interfaces' build argument 'cmake_target_skip_unavailable' from command line to 'False'
[0.875s] Level 5:colcon.colcon_core.verb:set package 'ti_mmwave_ros2_interfaces' build argument 'cmake_clean_cache' from command line to 'False'
[0.875s] Level 5:colcon.colcon_core.verb:set package 'ti_mmwave_ros2_interfaces' build argument 'cmake_clean_first' from command line to 'False'
[0.875s] Level 5:colcon.colcon_core.verb:set package 'ti_mmwave_ros2_interfaces' build argument 'cmake_force_configure' from command line to 'False'
[0.875s] Level 5:colcon.colcon_core.verb:set package 'ti_mmwave_ros2_interfaces' build argument 'ament_cmake_args' from command line to 'None'
[0.875s] Level 5:colcon.colcon_core.verb:set package 'ti_mmwave_ros2_interfaces' build argument 'catkin_cmake_args' from command line to 'None'
[0.875s] Level 5:colcon.colcon_core.verb:set package 'ti_mmwave_ros2_interfaces' build argument 'catkin_skip_building_tests' from command line to 'False'
[0.875s] DEBUG:colcon.colcon_core.verb:Building package 'ti_mmwave_ros2_interfaces' with the following arguments: {'ament_cmake_args': None, 'build_base': '/ws/src/build/ti_mmwave_ros2_interfaces', 'catkin_cmake_args': None, 'catkin_skip_building_tests': False, 'cmake_args': None, 'cmake_clean_cache': False, 'cmake_clean_first': False, 'cmake_force_configure': False, 'cmake_target': None, 'cmake_target_skip_unavailable': False, 'install_base': '/ws/src/install/ti_mmwave_ros2_interfaces', 'merge_install': False, 'path': '/ws/src/mmwave_ti_ros/ti_mmwave_ros2_interfaces', 'symlink_install': False, 'test_result_base': None}
[0.878s] Level 5:colcon.colcon_core.verb:set package 'ti_mmwave_ros2_pkg' build argument 'cmake_args' from command line to 'None'
[0.878s] Level 5:colcon.colcon_core.verb:set package 'ti_mmwave_ros2_pkg' build argument 'cmake_target' from command line to 'None'
[0.879s] Level 5:colcon.colcon_core.verb:set package 'ti_mmwave_ros2_pkg' build argument 'cmake_target_skip_unavailable' from command line to 'False'
[0.879s] Level 5:colcon.colcon_core.verb:set package 'ti_mmwave_ros2_pkg' build argument 'cmake_clean_cache' from command line to 'False'
[0.879s] Level 5:colcon.colcon_core.verb:set package 'ti_mmwave_ros2_pkg' build argument 'cmake_clean_first' from command line to 'False'
[0.879s] Level 5:colcon.colcon_core.verb:set package 'ti_mmwave_ros2_pkg' build argument 'cmake_force_configure' from command line to 'False'
[0.879s] Level 5:colcon.colcon_core.verb:set package 'ti_mmwave_ros2_pkg' build argument 'ament_cmake_args' from command line to 'None'
[0.879s] Level 5:colcon.colcon_core.verb:set package 'ti_mmwave_ros2_pkg' build argument 'catkin_cmake_args' from command line to 'None'
[0.879s] Level 5:colcon.colcon_core.verb:set package 'ti_mmwave_ros2_pkg' build argument 'catkin_skip_building_tests' from command line to 'False'
[0.879s] DEBUG:colcon.colcon_core.verb:Building package 'ti_mmwave_ros2_pkg' with the following arguments: {'ament_cmake_args': None, 'build_base': '/ws/src/build/ti_mmwave_ros2_pkg', 'catkin_cmake_args': None, 'catkin_skip_building_tests': False, 'cmake_args': None, 'cmake_clean_cache': False, 'cmake_clean_first': False, 'cmake_force_configure': False, 'cmake_target': None, 'cmake_target_skip_unavailable': False, 'install_base': '/ws/src/install/ti_mmwave_ros2_pkg', 'merge_install': False, 'path': '/ws/src/mmwave_ti_ros/ti_mmwave_ros2_pkg', 'symlink_install': False, 'test_result_base': None}
[0.881s] INFO:colcon.colcon_core.executor:Executing jobs using 'parallel' executor
[0.894s] DEBUG:colcon.colcon_parallel_executor.executor.parallel:run_until_complete
[0.895s] INFO:colcon.colcon_ros.task.ament_cmake.build:Building ROS package in '/ws/src/mmwave_ti_ros/ti_mmwave_ros2_interfaces' with build type 'ament_cmake'
[0.896s] INFO:colcon.colcon_cmake.task.cmake.build:Building CMake package in '/ws/src/mmwave_ti_ros/ti_mmwave_ros2_interfaces'
[0.908s] INFO:colcon.colcon_core.plugin_system:Skipping extension 'colcon_core.shell.bat': Not used on non-Windows systems
[0.908s] INFO:colcon.colcon_core.shell:Skip shell extension 'powershell' for command environment: Not usable outside of PowerShell
[0.908s] DEBUG:colcon.colcon_core.shell:Skip shell extension 'dsv' for command environment
[0.945s] INFO:colcon.colcon_ros.task.ament_cmake.build:Building ROS package in '/ws/src/mmwave_ti_ros/serial-ros2' with build type 'ament_cmake'
[0.946s] INFO:colcon.colcon_cmake.task.cmake.build:Building CMake package in '/ws/src/mmwave_ti_ros/serial-ros2'
[0.953s] INFO:colcon.colcon_core.shell:Skip shell extension 'powershell' for command environment: Not usable outside of PowerShell
[0.953s] DEBUG:colcon.colcon_core.shell:Skip shell extension 'dsv' for command environment
[0.983s] INFO:colcon.colcon_ros.task.ament_cmake.build:Building ROS package in '/ws/src/mmwave_ti_ros/ti_mmwave_ros2_examples' with build type 'ament_cmake'
[0.984s] INFO:colcon.colcon_cmake.task.cmake.build:Building CMake package in '/ws/src/mmwave_ti_ros/ti_mmwave_ros2_examples'
[0.991s] INFO:colcon.colcon_core.shell:Skip shell extension 'powershell' for command environment: Not usable outside of PowerShell
[0.991s] DEBUG:colcon.colcon_core.shell:Skip shell extension 'dsv' for command environment
[1.038s] DEBUG:colcon.colcon_core.event_handler.log_command:Invoking command in '/ws/src/build/ti_mmwave_ros2_interfaces': /usr/local/bin/cmake /ws/src/mmwave_ti_ros/ti_mmwave_ros2_interfaces -DCMAKE_INSTALL_PREFIX=/ws/src/install/ti_mmwave_ros2_interfaces
[1.051s] DEBUG:colcon.colcon_core.event_handler.log_command:Invoking command in '/ws/src/build/serial': /usr/local/bin/cmake /ws/src/mmwave_ti_ros/serial-ros2 -DCMAKE_INSTALL_PREFIX=/ws/src/install/serial
[1.065s] DEBUG:colcon.colcon_core.event_handler.log_command:Invoking command in '/ws/src/build/ti_mmwave_ros2_examples': /usr/local/bin/cmake /ws/src/mmwave_ti_ros/ti_mmwave_ros2_examples -DCMAKE_INSTALL_PREFIX=/ws/src/install/ti_mmwave_ros2_examples
[1.526s] DEBUG:colcon.colcon_core.event_handler.log_command:Invoked command in '/ws/src/build/serial' returned '0': /usr/local/bin/cmake /ws/src/mmwave_ti_ros/serial-ros2 -DCMAKE_INSTALL_PREFIX=/ws/src/install/serial
[1.537s] DEBUG:colcon.colcon_core.event_handler.log_command:Invoking command in '/ws/src/build/serial': /usr/local/bin/cmake --build /ws/src/build/serial -- -j6 -l6
[1.671s] DEBUG:colcon.colcon_core.event_handler.log_command:Invoked command in '/ws/src/build/serial' returned '0': /usr/local/bin/cmake --build /ws/src/build/serial -- -j6 -l6
[1.865s] DEBUG:colcon.colcon_core.event_handler.log_command:Invoking command in '/ws/src/build/serial': /usr/local/bin/cmake --install /ws/src/build/serial
[1.960s] Level 1:colcon.colcon_core.environment:create_environment_scripts_only(serial)
[1.964s] DEBUG:colcon.colcon_core.event_handler.log_command:Invoked command in '/ws/src/build/serial' returned '0': /usr/local/bin/cmake --install /ws/src/build/serial
[1.978s] Level 1:colcon.colcon_core.environment:checking '/ws/src/install/serial' for CMake module files
[1.980s] Level 1:colcon.colcon_core.environment:checking '/ws/src/install/serial' for CMake config files
[1.980s] Level 1:colcon.colcon_core.shell:create_environment_hook('serial', 'cmake_prefix_path')
[1.986s] INFO:colcon.colcon_core.shell:Creating environment hook '/ws/src/install/serial/share/serial/hook/cmake_prefix_path.ps1'
[1.990s] INFO:colcon.colcon_core.shell:Creating environment descriptor '/ws/src/install/serial/share/serial/hook/cmake_prefix_path.dsv'
[1.991s] INFO:colcon.colcon_core.shell:Creating environment hook '/ws/src/install/serial/share/serial/hook/cmake_prefix_path.sh'
[1.993s] Level 1:colcon.colcon_core.environment:checking '/ws/src/install/serial/lib'
[1.994s] Level 1:colcon.colcon_core.environment:checking '/ws/src/install/serial/bin'
[1.994s] Level 1:colcon.colcon_core.environment:checking '/ws/src/install/serial/lib/pkgconfig/serial.pc'
[1.997s] Level 1:colcon.colcon_core.environment:checking '/ws/src/install/serial/lib/python3.8/site-packages'
[1.998s] Level 1:colcon.colcon_core.environment:checking '/ws/src/install/serial/bin'
[2.004s] INFO:colcon.colcon_core.shell:Creating package script '/ws/src/install/serial/share/serial/package.ps1'
[2.006s] INFO:colcon.colcon_core.shell:Creating package descriptor '/ws/src/install/serial/share/serial/package.dsv'
[2.007s] INFO:colcon.colcon_core.shell:Creating package script '/ws/src/install/serial/share/serial/package.sh'
[2.009s] INFO:colcon.colcon_core.shell:Creating package script '/ws/src/install/serial/share/serial/package.bash'
[2.010s] INFO:colcon.colcon_core.shell:Creating package script '/ws/src/install/serial/share/serial/package.zsh'
[2.012s] Level 1:colcon.colcon_core.environment:create_file_with_runtime_dependencies(/ws/src/install/serial/share/colcon-core/packages/serial)
[2.144s] Level 1:colcon.colcon_core.environment:create_environment_scripts_only(serial)
[2.152s] Level 1:colcon.colcon_core.environment:checking '/ws/src/install/serial' for CMake module files
[2.154s] Level 1:colcon.colcon_core.environment:checking '/ws/src/install/serial' for CMake config files
[2.155s] Level 1:colcon.colcon_core.shell:create_environment_hook('serial', 'cmake_prefix_path')
[2.160s] INFO:colcon.colcon_core.shell:Creating environment hook '/ws/src/install/serial/share/serial/hook/cmake_prefix_path.ps1'
[2.162s] INFO:colcon.colcon_core.shell:Creating environment descriptor '/ws/src/install/serial/share/serial/hook/cmake_prefix_path.dsv'
[2.163s] INFO:colcon.colcon_core.shell:Creating environment hook '/ws/src/install/serial/share/serial/hook/cmake_prefix_path.sh'
[2.164s] Level 1:colcon.colcon_core.environment:checking '/ws/src/install/serial/lib'
[2.164s] Level 1:colcon.colcon_core.environment:checking '/ws/src/install/serial/bin'
[2.165s] Level 1:colcon.colcon_core.environment:checking '/ws/src/install/serial/lib/pkgconfig/serial.pc'
[2.165s] Level 1:colcon.colcon_core.environment:checking '/ws/src/install/serial/lib/python3.8/site-packages'
[2.165s] Level 1:colcon.colcon_core.environment:checking '/ws/src/install/serial/bin'
[2.171s] INFO:colcon.colcon_core.shell:Creating package script '/ws/src/install/serial/share/serial/package.ps1'
[2.172s] INFO:colcon.colcon_core.shell:Creating package descriptor '/ws/src/install/serial/share/serial/package.dsv'
[2.173s] INFO:colcon.colcon_core.shell:Creating package script '/ws/src/install/serial/share/serial/package.sh'
[2.174s] INFO:colcon.colcon_core.shell:Creating package script '/ws/src/install/serial/share/serial/package.bash'
[2.175s] INFO:colcon.colcon_core.shell:Creating package script '/ws/src/install/serial/share/serial/package.zsh'
[2.176s] Level 1:colcon.colcon_core.environment:create_file_with_runtime_dependencies(/ws/src/install/serial/share/colcon-core/packages/serial)
[3.409s] DEBUG:colcon.colcon_core.event_handler.log_command:Invoked command in '/ws/src/build/ti_mmwave_ros2_examples' returned '0': /usr/local/bin/cmake /ws/src/mmwave_ti_ros/ti_mmwave_ros2_examples -DCMAKE_INSTALL_PREFIX=/ws/src/install/ti_mmwave_ros2_examples
[3.415s] DEBUG:colcon.colcon_core.event_handler.log_command:Invoking command in '/ws/src/build/ti_mmwave_ros2_examples': /usr/local/bin/cmake --build /ws/src/build/ti_mmwave_ros2_examples -- -j6 -l6
[3.483s] DEBUG:colcon.colcon_core.event_handler.log_command:Invoked command in '/ws/src/build/ti_mmwave_ros2_interfaces' returned '0': /usr/local/bin/cmake /ws/src/mmwave_ti_ros/ti_mmwave_ros2_interfaces -DCMAKE_INSTALL_PREFIX=/ws/src/install/ti_mmwave_ros2_interfaces
[3.490s] DEBUG:colcon.colcon_core.event_handler.log_command:Invoking command in '/ws/src/build/ti_mmwave_ros2_interfaces': /usr/local/bin/cmake --build /ws/src/build/ti_mmwave_ros2_interfaces -- -j6 -l6
[3.577s] DEBUG:colcon.colcon_core.event_handler.log_command:Invoked command in '/ws/src/build/ti_mmwave_ros2_examples' returned '0': /usr/local/bin/cmake --build /ws/src/build/ti_mmwave_ros2_examples -- -j6 -l6
[3.708s] DEBUG:colcon.colcon_core.event_handler.log_command:Invoking command in '/ws/src/build/ti_mmwave_ros2_examples': /usr/local/bin/cmake --install /ws/src/build/ti_mmwave_ros2_examples
[3.809s] DEBUG:colcon.colcon_core.event_handler.log_command:Invoked command in '/ws/src/build/ti_mmwave_ros2_interfaces' returned '0': /usr/local/bin/cmake --build /ws/src/build/ti_mmwave_ros2_interfaces -- -j6 -l6
[3.818s] Level 1:colcon.colcon_core.environment:create_environment_scripts_only(ti_mmwave_ros2_examples)
[3.828s] Level 1:colcon.colcon_core.environment:checking '/ws/src/install/ti_mmwave_ros2_examples' for CMake module files
[3.828s] DEBUG:colcon.colcon_core.event_handler.log_command:Invoked command in '/ws/src/build/ti_mmwave_ros2_examples' returned '0': /usr/local/bin/cmake --install /ws/src/build/ti_mmwave_ros2_examples
[3.830s] Level 1:colcon.colcon_core.environment:checking '/ws/src/install/ti_mmwave_ros2_examples' for CMake config files
[3.831s] Level 1:colcon.colcon_core.shell:create_environment_hook('ti_mmwave_ros2_examples', 'cmake_prefix_path')
[3.839s] INFO:colcon.colcon_core.shell:Creating environment hook '/ws/src/install/ti_mmwave_ros2_examples/share/ti_mmwave_ros2_examples/hook/cmake_prefix_path.ps1'
[3.841s] INFO:colcon.colcon_core.shell:Creating environment descriptor '/ws/src/install/ti_mmwave_ros2_examples/share/ti_mmwave_ros2_examples/hook/cmake_prefix_path.dsv'
[3.843s] INFO:colcon.colcon_core.shell:Creating environment hook '/ws/src/install/ti_mmwave_ros2_examples/share/ti_mmwave_ros2_examples/hook/cmake_prefix_path.sh'
[3.844s] Level 1:colcon.colcon_core.environment:checking '/ws/src/install/ti_mmwave_ros2_examples/lib'
[3.844s] Level 1:colcon.colcon_core.shell:create_environment_hook('ti_mmwave_ros2_examples', 'ld_library_path_lib')
[3.850s] INFO:colcon.colcon_core.shell:Creating environment hook '/ws/src/install/ti_mmwave_ros2_examples/share/ti_mmwave_ros2_examples/hook/ld_library_path_lib.ps1'
[3.851s] INFO:colcon.colcon_core.shell:Creating environment descriptor '/ws/src/install/ti_mmwave_ros2_examples/share/ti_mmwave_ros2_examples/hook/ld_library_path_lib.dsv'
[3.852s] INFO:colcon.colcon_core.shell:Creating environment hook '/ws/src/install/ti_mmwave_ros2_examples/share/ti_mmwave_ros2_examples/hook/ld_library_path_lib.sh'
[3.853s] Level 1:colcon.colcon_core.environment:checking '/ws/src/install/ti_mmwave_ros2_examples/bin'
[3.853s] Level 1:colcon.colcon_core.environment:checking '/ws/src/install/ti_mmwave_ros2_examples/lib/pkgconfig/ti_mmwave_ros2_examples.pc'
[3.854s] Level 1:colcon.colcon_core.environment:checking '/ws/src/install/ti_mmwave_ros2_examples/lib/python3.8/site-packages'
[3.854s] Level 1:colcon.colcon_core.environment:checking '/ws/src/install/ti_mmwave_ros2_examples/bin'
[3.860s] INFO:colcon.colcon_core.shell:Creating package script '/ws/src/install/ti_mmwave_ros2_examples/share/ti_mmwave_ros2_examples/package.ps1'
[3.861s] INFO:colcon.colcon_core.shell:Creating package descriptor '/ws/src/install/ti_mmwave_ros2_examples/share/ti_mmwave_ros2_examples/package.dsv'
[3.862s] INFO:colcon.colcon_core.shell:Creating package script '/ws/src/install/ti_mmwave_ros2_examples/share/ti_mmwave_ros2_examples/package.sh'
[3.863s] INFO:colcon.colcon_core.shell:Creating package script '/ws/src/install/ti_mmwave_ros2_examples/share/ti_mmwave_ros2_examples/package.bash'
[3.863s] INFO:colcon.colcon_core.shell:Creating package script '/ws/src/install/ti_mmwave_ros2_examples/share/ti_mmwave_ros2_examples/package.zsh'
[3.864s] Level 1:colcon.colcon_core.environment:create_file_with_runtime_dependencies(/ws/src/install/ti_mmwave_ros2_examples/share/colcon-core/packages/ti_mmwave_ros2_examples)
[3.991s] Level 1:colcon.colcon_core.environment:create_environment_scripts_only(ti_mmwave_ros2_examples)
[3.999s] Level 1:colcon.colcon_core.environment:checking '/ws/src/install/ti_mmwave_ros2_examples' for CMake module files
[4.000s] Level 1:colcon.colcon_core.environment:checking '/ws/src/install/ti_mmwave_ros2_examples' for CMake config files
[4.002s] Level 1:colcon.colcon_core.shell:create_environment_hook('ti_mmwave_ros2_examples', 'cmake_prefix_path')
[4.008s] INFO:colcon.colcon_core.shell:Creating environment hook '/ws/src/install/ti_mmwave_ros2_examples/share/ti_mmwave_ros2_examples/hook/cmake_prefix_path.ps1'
[4.010s] INFO:colcon.colcon_core.shell:Creating environment descriptor '/ws/src/install/ti_mmwave_ros2_examples/share/ti_mmwave_ros2_examples/hook/cmake_prefix_path.dsv'
[4.011s] INFO:colcon.colcon_core.shell:Creating environment hook '/ws/src/install/ti_mmwave_ros2_examples/share/ti_mmwave_ros2_examples/hook/cmake_prefix_path.sh'
[4.012s] Level 1:colcon.colcon_core.environment:checking '/ws/src/install/ti_mmwave_ros2_examples/lib'
[4.012s] Level 1:colcon.colcon_core.shell:create_environment_hook('ti_mmwave_ros2_examples', 'ld_library_path_lib')
[4.018s] INFO:colcon.colcon_core.shell:Creating environment hook '/ws/src/install/ti_mmwave_ros2_examples/share/ti_mmwave_ros2_examples/hook/ld_library_path_lib.ps1'
[4.019s] INFO:colcon.colcon_core.shell:Creating environment descriptor '/ws/src/install/ti_mmwave_ros2_examples/share/ti_mmwave_ros2_examples/hook/ld_library_path_lib.dsv'
[4.020s] INFO:colcon.colcon_core.shell:Creating environment hook '/ws/src/install/ti_mmwave_ros2_examples/share/ti_mmwave_ros2_examples/hook/ld_library_path_lib.sh'
[4.021s] Level 1:colcon.colcon_core.environment:checking '/ws/src/install/ti_mmwave_ros2_examples/bin'
[4.021s] Level 1:colcon.colcon_core.environment:checking '/ws/src/install/ti_mmwave_ros2_examples/lib/pkgconfig/ti_mmwave_ros2_examples.pc'
[4.021s] Level 1:colcon.colcon_core.environment:checking '/ws/src/install/ti_mmwave_ros2_examples/lib/python3.8/site-packages'
[4.022s] Level 1:colcon.colcon_core.environment:checking '/ws/src/install/ti_mmwave_ros2_examples/bin'
[4.027s] INFO:colcon.colcon_core.shell:Creating package script '/ws/src/install/ti_mmwave_ros2_examples/share/ti_mmwave_ros2_examples/package.ps1'
[4.029s] INFO:colcon.colcon_core.shell:Creating package descriptor '/ws/src/install/ti_mmwave_ros2_examples/share/ti_mmwave_ros2_examples/package.dsv'
[4.030s] INFO:colcon.colcon_core.shell:Creating package script '/ws/src/install/ti_mmwave_ros2_examples/share/ti_mmwave_ros2_examples/package.sh'
[4.031s] INFO:colcon.colcon_core.shell:Creating package script '/ws/src/install/ti_mmwave_ros2_examples/share/ti_mmwave_ros2_examples/package.bash'
[4.031s] INFO:colcon.colcon_core.shell:Creating package script '/ws/src/install/ti_mmwave_ros2_examples/share/ti_mmwave_ros2_examples/package.zsh'
[4.032s] Level 1:colcon.colcon_core.environment:create_file_with_runtime_dependencies(/ws/src/install/ti_mmwave_ros2_examples/share/colcon-core/packages/ti_mmwave_ros2_examples)
[4.043s] DEBUG:colcon.colcon_core.event_handler.log_command:Invoking command in '/ws/src/build/ti_mmwave_ros2_interfaces': /usr/local/bin/cmake --install /ws/src/build/ti_mmwave_ros2_interfaces
[4.260s] Level 1:colcon.colcon_core.environment:create_environment_scripts_only(ti_mmwave_ros2_interfaces)
[4.273s] Level 1:colcon.colcon_core.environment:checking '/ws/src/install/ti_mmwave_ros2_interfaces' for CMake module files
[4.273s] DEBUG:colcon.colcon_core.event_handler.log_command:Invoked command in '/ws/src/build/ti_mmwave_ros2_interfaces' returned '0': /usr/local/bin/cmake --install /ws/src/build/ti_mmwave_ros2_interfaces
[4.276s] Level 1:colcon.colcon_core.environment:checking '/ws/src/install/ti_mmwave_ros2_interfaces' for CMake config files
[4.278s] Level 1:colcon.colcon_core.shell:create_environment_hook('ti_mmwave_ros2_interfaces', 'cmake_prefix_path')
[4.286s] INFO:colcon.colcon_core.shell:Creating environment hook '/ws/src/install/ti_mmwave_ros2_interfaces/share/ti_mmwave_ros2_interfaces/hook/cmake_prefix_path.ps1'
[4.288s] INFO:colcon.colcon_core.shell:Creating environment descriptor '/ws/src/install/ti_mmwave_ros2_interfaces/share/ti_mmwave_ros2_interfaces/hook/cmake_prefix_path.dsv'
[4.289s] INFO:colcon.colcon_core.shell:Creating environment hook '/ws/src/install/ti_mmwave_ros2_interfaces/share/ti_mmwave_ros2_interfaces/hook/cmake_prefix_path.sh'
[4.291s] Level 1:colcon.colcon_core.environment:checking '/ws/src/install/ti_mmwave_ros2_interfaces/lib'
[4.291s] Level 1:colcon.colcon_core.shell:create_environment_hook('ti_mmwave_ros2_interfaces', 'ld_library_path_lib')
[4.297s] INFO:colcon.colcon_core.shell:Creating environment hook '/ws/src/install/ti_mmwave_ros2_interfaces/share/ti_mmwave_ros2_interfaces/hook/ld_library_path_lib.ps1'
[4.298s] INFO:colcon.colcon_core.shell:Creating environment descriptor '/ws/src/install/ti_mmwave_ros2_interfaces/share/ti_mmwave_ros2_interfaces/hook/ld_library_path_lib.dsv'
[4.299s] INFO:colcon.colcon_core.shell:Creating environment hook '/ws/src/install/ti_mmwave_ros2_interfaces/share/ti_mmwave_ros2_interfaces/hook/ld_library_path_lib.sh'
[4.300s] Level 1:colcon.colcon_core.environment:checking '/ws/src/install/ti_mmwave_ros2_interfaces/bin'
[4.300s] Level 1:colcon.colcon_core.environment:checking '/ws/src/install/ti_mmwave_ros2_interfaces/lib/pkgconfig/ti_mmwave_ros2_interfaces.pc'
[4.301s] Level 1:colcon.colcon_core.environment:checking '/ws/src/install/ti_mmwave_ros2_interfaces/lib/python3.8/site-packages'
[4.301s] Level 1:colcon.colcon_core.shell:create_environment_hook('ti_mmwave_ros2_interfaces', 'pythonpath')
[4.306s] INFO:colcon.colcon_core.shell:Creating environment hook '/ws/src/install/ti_mmwave_ros2_interfaces/share/ti_mmwave_ros2_interfaces/hook/pythonpath.ps1'
[4.308s] INFO:colcon.colcon_core.shell:Creating environment descriptor '/ws/src/install/ti_mmwave_ros2_interfaces/share/ti_mmwave_ros2_interfaces/hook/pythonpath.dsv'
[4.308s] INFO:colcon.colcon_core.shell:Creating environment hook '/ws/src/install/ti_mmwave_ros2_interfaces/share/ti_mmwave_ros2_interfaces/hook/pythonpath.sh'
[4.310s] Level 1:colcon.colcon_core.environment:checking '/ws/src/install/ti_mmwave_ros2_interfaces/bin'
[4.315s] INFO:colcon.colcon_core.shell:Creating package script '/ws/src/install/ti_mmwave_ros2_interfaces/share/ti_mmwave_ros2_interfaces/package.ps1'
[4.316s] INFO:colcon.colcon_core.shell:Creating package descriptor '/ws/src/install/ti_mmwave_ros2_interfaces/share/ti_mmwave_ros2_interfaces/package.dsv'
[4.317s] INFO:colcon.colcon_core.shell:Creating package script '/ws/src/install/ti_mmwave_ros2_interfaces/share/ti_mmwave_ros2_interfaces/package.sh'
[4.318s] INFO:colcon.colcon_core.shell:Creating package script '/ws/src/install/ti_mmwave_ros2_interfaces/share/ti_mmwave_ros2_interfaces/package.bash'
[4.319s] INFO:colcon.colcon_core.shell:Creating package script '/ws/src/install/ti_mmwave_ros2_interfaces/share/ti_mmwave_ros2_interfaces/package.zsh'
[4.320s] Level 1:colcon.colcon_core.environment:create_file_with_runtime_dependencies(/ws/src/install/ti_mmwave_ros2_interfaces/share/colcon-core/packages/ti_mmwave_ros2_interfaces)
[4.536s] Level 1:colcon.colcon_core.environment:create_environment_scripts_only(ti_mmwave_ros2_interfaces)
[4.545s] Level 1:colcon.colcon_core.environment:checking '/ws/src/install/ti_mmwave_ros2_interfaces' for CMake module files
[4.548s] Level 1:colcon.colcon_core.environment:checking '/ws/src/install/ti_mmwave_ros2_interfaces' for CMake config files
[4.549s] Level 1:colcon.colcon_core.shell:create_environment_hook('ti_mmwave_ros2_interfaces', 'cmake_prefix_path')
[4.557s] INFO:colcon.colcon_core.shell:Creating environment hook '/ws/src/install/ti_mmwave_ros2_interfaces/share/ti_mmwave_ros2_interfaces/hook/cmake_prefix_path.ps1'
[4.558s] INFO:colcon.colcon_core.shell:Creating environment descriptor '/ws/src/install/ti_mmwave_ros2_interfaces/share/ti_mmwave_ros2_interfaces/hook/cmake_prefix_path.dsv'
[4.559s] INFO:colcon.colcon_core.shell:Creating environment hook '/ws/src/install/ti_mmwave_ros2_interfaces/share/ti_mmwave_ros2_interfaces/hook/cmake_prefix_path.sh'
[4.561s] Level 1:colcon.colcon_core.environment:checking '/ws/src/install/ti_mmwave_ros2_interfaces/lib'
[4.561s] Level 1:colcon.colcon_core.shell:create_environment_hook('ti_mmwave_ros2_interfaces', 'ld_library_path_lib')
[4.567s] INFO:colcon.colcon_core.shell:Creating environment hook '/ws/src/install/ti_mmwave_ros2_interfaces/share/ti_mmwave_ros2_interfaces/hook/ld_library_path_lib.ps1'
[4.568s] INFO:colcon.colcon_core.shell:Creating environment descriptor '/ws/src/install/ti_mmwave_ros2_interfaces/share/ti_mmwave_ros2_interfaces/hook/ld_library_path_lib.dsv'
[4.569s] INFO:colcon.colcon_core.shell:Creating environment hook '/ws/src/install/ti_mmwave_ros2_interfaces/share/ti_mmwave_ros2_interfaces/hook/ld_library_path_lib.sh'
[4.570s] Level 1:colcon.colcon_core.environment:checking '/ws/src/install/ti_mmwave_ros2_interfaces/bin'
[4.570s] Level 1:colcon.colcon_core.environment:checking '/ws/src/install/ti_mmwave_ros2_interfaces/lib/pkgconfig/ti_mmwave_ros2_interfaces.pc'
[4.570s] Level 1:colcon.colcon_core.environment:checking '/ws/src/install/ti_mmwave_ros2_interfaces/lib/python3.8/site-packages'
[4.571s] Level 1:colcon.colcon_core.shell:create_environment_hook('ti_mmwave_ros2_interfaces', 'pythonpath')
[4.576s] INFO:colcon.colcon_core.shell:Creating environment hook '/ws/src/install/ti_mmwave_ros2_interfaces/share/ti_mmwave_ros2_interfaces/hook/pythonpath.ps1'
[4.577s] INFO:colcon.colcon_core.shell:Creating environment descriptor '/ws/src/install/ti_mmwave_ros2_interfaces/share/ti_mmwave_ros2_interfaces/hook/pythonpath.dsv'
[4.578s] INFO:colcon.colcon_core.shell:Creating environment hook '/ws/src/install/ti_mmwave_ros2_interfaces/share/ti_mmwave_ros2_interfaces/hook/pythonpath.sh'
[4.578s] Level 1:colcon.colcon_core.environment:checking '/ws/src/install/ti_mmwave_ros2_interfaces/bin'
[4.584s] INFO:colcon.colcon_core.shell:Creating package script '/ws/src/install/ti_mmwave_ros2_interfaces/share/ti_mmwave_ros2_interfaces/package.ps1'
[4.586s] INFO:colcon.colcon_core.shell:Creating package descriptor '/ws/src/install/ti_mmwave_ros2_interfaces/share/ti_mmwave_ros2_interfaces/package.dsv'
[4.587s] INFO:colcon.colcon_core.shell:Creating package script '/ws/src/install/ti_mmwave_ros2_interfaces/share/ti_mmwave_ros2_interfaces/package.sh'
[4.588s] INFO:colcon.colcon_core.shell:Creating package script '/ws/src/install/ti_mmwave_ros2_interfaces/share/ti_mmwave_ros2_interfaces/package.bash'
[4.589s] INFO:colcon.colcon_core.shell:Creating package script '/ws/src/install/ti_mmwave_ros2_interfaces/share/ti_mmwave_ros2_interfaces/package.zsh'
[4.590s] Level 1:colcon.colcon_core.environment:create_file_with_runtime_dependencies(/ws/src/install/ti_mmwave_ros2_interfaces/share/colcon-core/packages/ti_mmwave_ros2_interfaces)
[4.591s] INFO:colcon.colcon_ros.task.ament_cmake.build:Building ROS package in '/ws/src/mmwave_ti_ros/ti_mmwave_ros2_pkg' with build type 'ament_cmake'
[4.591s] INFO:colcon.colcon_cmake.task.cmake.build:Building CMake package in '/ws/src/mmwave_ti_ros/ti_mmwave_ros2_pkg'
[4.597s] INFO:colcon.colcon_core.shell:Skip shell extension 'powershell' for command environment: Not usable outside of PowerShell
[4.597s] DEBUG:colcon.colcon_core.shell:Skip shell extension 'dsv' for command environment
[4.653s] DEBUG:colcon.colcon_core.event_handler.log_command:Invoking command in '/ws/src/build/ti_mmwave_ros2_pkg': CMAKE_PREFIX_PATH=/ws/src/install/ti_mmwave_ros2_interfaces:/ws/src/install/ti_mmwave_ros2_pkg:/ws/src/install/ti_mmwave_ros2_examples:/ws/src/install/serial:/opt/ros/galactic/install LD_LIBRARY_PATH=/ws/src/install/ti_mmwave_ros2_interfaces/lib:/ws/src/install/ti_mmwave_ros2_pkg/lib:/ws/src/install/ti_mmwave_ros2_examples/lib:/ws/src/install/serial/lib:/opt/ros/galactic/install/opt/yaml_cpp_vendor/lib:/opt/ros/galactic/install/opt/rviz_ogre_vendor/lib:/opt/ros/galactic/install/lib:/usr/local/cuda/lib64 /usr/local/bin/cmake /ws/src/mmwave_ti_ros/ti_mmwave_ros2_pkg -DCMAKE_INSTALL_PREFIX=/ws/src/install/ti_mmwave_ros2_pkg
[7.882s] DEBUG:colcon.colcon_core.event_handler.log_command:Invoked command in '/ws/src/build/ti_mmwave_ros2_pkg' returned '0': CMAKE_PREFIX_PATH=/ws/src/install/ti_mmwave_ros2_interfaces:/ws/src/install/ti_mmwave_ros2_pkg:/ws/src/install/ti_mmwave_ros2_examples:/ws/src/install/serial:/opt/ros/galactic/install LD_LIBRARY_PATH=/ws/src/install/ti_mmwave_ros2_interfaces/lib:/ws/src/install/ti_mmwave_ros2_pkg/lib:/ws/src/install/ti_mmwave_ros2_examples/lib:/ws/src/install/serial/lib:/opt/ros/galactic/install/opt/yaml_cpp_vendor/lib:/opt/ros/galactic/install/opt/rviz_ogre_vendor/lib:/opt/ros/galactic/install/lib:/usr/local/cuda/lib64 /usr/local/bin/cmake /ws/src/mmwave_ti_ros/ti_mmwave_ros2_pkg -DCMAKE_INSTALL_PREFIX=/ws/src/install/ti_mmwave_ros2_pkg
[7.890s] DEBUG:colcon.colcon_core.event_handler.log_command:Invoking command in '/ws/src/build/ti_mmwave_ros2_pkg': CMAKE_PREFIX_PATH=/ws/src/install/ti_mmwave_ros2_interfaces:/ws/src/install/ti_mmwave_ros2_pkg:/ws/src/install/ti_mmwave_ros2_examples:/ws/src/install/serial:/opt/ros/galactic/install LD_LIBRARY_PATH=/ws/src/install/ti_mmwave_ros2_interfaces/lib:/ws/src/install/ti_mmwave_ros2_pkg/lib:/ws/src/install/ti_mmwave_ros2_examples/lib:/ws/src/install/serial/lib:/opt/ros/galactic/install/opt/yaml_cpp_vendor/lib:/opt/ros/galactic/install/opt/rviz_ogre_vendor/lib:/opt/ros/galactic/install/lib:/usr/local/cuda/lib64 /usr/local/bin/cmake --build /ws/src/build/ti_mmwave_ros2_pkg -- -j6 -l6
[8.201s] DEBUG:colcon.colcon_core.event_handler.log_command:Invoked command in '/ws/src/build/ti_mmwave_ros2_pkg' returned '0': CMAKE_PREFIX_PATH=/ws/src/install/ti_mmwave_ros2_interfaces:/ws/src/install/ti_mmwave_ros2_pkg:/ws/src/install/ti_mmwave_ros2_examples:/ws/src/install/serial:/opt/ros/galactic/install LD_LIBRARY_PATH=/ws/src/install/ti_mmwave_ros2_interfaces/lib:/ws/src/install/ti_mmwave_ros2_pkg/lib:/ws/src/install/ti_mmwave_ros2_examples/lib:/ws/src/install/serial/lib:/opt/ros/galactic/install/opt/yaml_cpp_vendor/lib:/opt/ros/galactic/install/opt/rviz_ogre_vendor/lib:/opt/ros/galactic/install/lib:/usr/local/cuda/lib64 /usr/local/bin/cmake --build /ws/src/build/ti_mmwave_ros2_pkg -- -j6 -l6
[8.354s] DEBUG:colcon.colcon_core.event_handler.log_command:Invoking command in '/ws/src/build/ti_mmwave_ros2_pkg': CMAKE_PREFIX_PATH=/ws/src/install/ti_mmwave_ros2_interfaces:/ws/src/install/ti_mmwave_ros2_pkg:/ws/src/install/ti_mmwave_ros2_examples:/ws/src/install/serial:/opt/ros/galactic/install LD_LIBRARY_PATH=/ws/src/install/ti_mmwave_ros2_interfaces/lib:/ws/src/install/ti_mmwave_ros2_pkg/lib:/ws/src/install/ti_mmwave_ros2_examples/lib:/ws/src/install/serial/lib:/opt/ros/galactic/install/opt/yaml_cpp_vendor/lib:/opt/ros/galactic/install/opt/rviz_ogre_vendor/lib:/opt/ros/galactic/install/lib:/usr/local/cuda/lib64 /usr/local/bin/cmake --install /ws/src/build/ti_mmwave_ros2_pkg
[8.449s] Level 1:colcon.colcon_core.environment:create_environment_scripts_only(ti_mmwave_ros2_pkg)
[8.466s] DEBUG:colcon.colcon_core.event_handler.log_command:Invoked command in '/ws/src/build/ti_mmwave_ros2_pkg' returned '0': CMAKE_PREFIX_PATH=/ws/src/install/ti_mmwave_ros2_interfaces:/ws/src/install/ti_mmwave_ros2_pkg:/ws/src/install/ti_mmwave_ros2_examples:/ws/src/install/serial:/opt/ros/galactic/install LD_LIBRARY_PATH=/ws/src/install/ti_mmwave_ros2_interfaces/lib:/ws/src/install/ti_mmwave_ros2_pkg/lib:/ws/src/install/ti_mmwave_ros2_examples/lib:/ws/src/install/serial/lib:/opt/ros/galactic/install/opt/yaml_cpp_vendor/lib:/opt/ros/galactic/install/opt/rviz_ogre_vendor/lib:/opt/ros/galactic/install/lib:/usr/local/cuda/lib64 /usr/local/bin/cmake --install /ws/src/build/ti_mmwave_ros2_pkg
[8.467s] Level 1:colcon.colcon_core.environment:checking '/ws/src/install/ti_mmwave_ros2_pkg' for CMake module files
[8.469s] Level 1:colcon.colcon_core.environment:checking '/ws/src/install/ti_mmwave_ros2_pkg' for CMake config files
[8.471s] Level 1:colcon.colcon_core.shell:create_environment_hook('ti_mmwave_ros2_pkg', 'cmake_prefix_path')
[8.481s] INFO:colcon.colcon_core.shell:Creating environment hook '/ws/src/install/ti_mmwave_ros2_pkg/share/ti_mmwave_ros2_pkg/hook/cmake_prefix_path.ps1'
[8.484s] INFO:colcon.colcon_core.shell:Creating environment descriptor '/ws/src/install/ti_mmwave_ros2_pkg/share/ti_mmwave_ros2_pkg/hook/cmake_prefix_path.dsv'
[8.485s] INFO:colcon.colcon_core.shell:Creating environment hook '/ws/src/install/ti_mmwave_ros2_pkg/share/ti_mmwave_ros2_pkg/hook/cmake_prefix_path.sh'
[8.487s] Level 1:colcon.colcon_core.environment:checking '/ws/src/install/ti_mmwave_ros2_pkg/lib'
[8.487s] Level 1:colcon.colcon_core.shell:create_environment_hook('ti_mmwave_ros2_pkg', 'ld_library_path_lib')
[8.494s] INFO:colcon.colcon_core.shell:Creating environment hook '/ws/src/install/ti_mmwave_ros2_pkg/share/ti_mmwave_ros2_pkg/hook/ld_library_path_lib.ps1'
[8.495s] INFO:colcon.colcon_core.shell:Creating environment descriptor '/ws/src/install/ti_mmwave_ros2_pkg/share/ti_mmwave_ros2_pkg/hook/ld_library_path_lib.dsv'
[8.496s] INFO:colcon.colcon_core.shell:Creating environment hook '/ws/src/install/ti_mmwave_ros2_pkg/share/ti_mmwave_ros2_pkg/hook/ld_library_path_lib.sh'
[8.497s] Level 1:colcon.colcon_core.environment:checking '/ws/src/install/ti_mmwave_ros2_pkg/bin'
[8.497s] Level 1:colcon.colcon_core.environment:checking '/ws/src/install/ti_mmwave_ros2_pkg/lib/pkgconfig/ti_mmwave_ros2_pkg.pc'
[8.498s] Level 1:colcon.colcon_core.environment:checking '/ws/src/install/ti_mmwave_ros2_pkg/lib/python3.8/site-packages'
[8.498s] Level 1:colcon.colcon_core.environment:checking '/ws/src/install/ti_mmwave_ros2_pkg/bin'
[8.504s] INFO:colcon.colcon_core.shell:Creating package script '/ws/src/install/ti_mmwave_ros2_pkg/share/ti_mmwave_ros2_pkg/package.ps1'
[8.505s] INFO:colcon.colcon_core.shell:Creating package descriptor '/ws/src/install/ti_mmwave_ros2_pkg/share/ti_mmwave_ros2_pkg/package.dsv'
[8.506s] INFO:colcon.colcon_core.shell:Creating package script '/ws/src/install/ti_mmwave_ros2_pkg/share/ti_mmwave_ros2_pkg/package.sh'
[8.507s] INFO:colcon.colcon_core.shell:Creating package script '/ws/src/install/ti_mmwave_ros2_pkg/share/ti_mmwave_ros2_pkg/package.bash'
[8.508s] INFO:colcon.colcon_core.shell:Creating package script '/ws/src/install/ti_mmwave_ros2_pkg/share/ti_mmwave_ros2_pkg/package.zsh'
[8.509s] Level 1:colcon.colcon_core.environment:create_file_with_runtime_dependencies(/ws/src/install/ti_mmwave_ros2_pkg/share/colcon-core/packages/ti_mmwave_ros2_pkg)
[8.652s] Level 1:colcon.colcon_core.environment:create_environment_scripts_only(ti_mmwave_ros2_pkg)
[8.665s] Level 1:colcon.colcon_core.environment:checking '/ws/src/install/ti_mmwave_ros2_pkg' for CMake module files
[8.667s] Level 1:colcon.colcon_core.environment:checking '/ws/src/install/ti_mmwave_ros2_pkg' for CMake config files
[8.668s] Level 1:colcon.colcon_core.shell:create_environment_hook('ti_mmwave_ros2_pkg', 'cmake_prefix_path')
[8.675s] INFO:colcon.colcon_core.shell:Creating environment hook '/ws/src/install/ti_mmwave_ros2_pkg/share/ti_mmwave_ros2_pkg/hook/cmake_prefix_path.ps1'
[8.676s] INFO:colcon.colcon_core.shell:Creating environment descriptor '/ws/src/install/ti_mmwave_ros2_pkg/share/ti_mmwave_ros2_pkg/hook/cmake_prefix_path.dsv'
[8.677s] INFO:colcon.colcon_core.shell:Creating environment hook '/ws/src/install/ti_mmwave_ros2_pkg/share/ti_mmwave_ros2_pkg/hook/cmake_prefix_path.sh'
[8.678s] Level 1:colcon.colcon_core.environment:checking '/ws/src/install/ti_mmwave_ros2_pkg/lib'
[8.678s] Level 1:colcon.colcon_core.shell:create_environment_hook('ti_mmwave_ros2_pkg', 'ld_library_path_lib')
[8.684s] INFO:colcon.colcon_core.shell:Creating environment hook '/ws/src/install/ti_mmwave_ros2_pkg/share/ti_mmwave_ros2_pkg/hook/ld_library_path_lib.ps1'
[8.684s] INFO:colcon.colcon_core.shell:Creating environment descriptor '/ws/src/install/ti_mmwave_ros2_pkg/share/ti_mmwave_ros2_pkg/hook/ld_library_path_lib.dsv'
[8.685s] INFO:colcon.colcon_core.shell:Creating environment hook '/ws/src/install/ti_mmwave_ros2_pkg/share/ti_mmwave_ros2_pkg/hook/ld_library_path_lib.sh'
[8.686s] Level 1:colcon.colcon_core.environment:checking '/ws/src/install/ti_mmwave_ros2_pkg/bin'
[8.686s] Level 1:colcon.colcon_core.environment:checking '/ws/src/install/ti_mmwave_ros2_pkg/lib/pkgconfig/ti_mmwave_ros2_pkg.pc'
[8.686s] Level 1:colcon.colcon_core.environment:checking '/ws/src/install/ti_mmwave_ros2_pkg/lib/python3.8/site-packages'
[8.687s] Level 1:colcon.colcon_core.environment:checking '/ws/src/install/ti_mmwave_ros2_pkg/bin'
[8.696s] INFO:colcon.colcon_core.shell:Creating package script '/ws/src/install/ti_mmwave_ros2_pkg/share/ti_mmwave_ros2_pkg/package.ps1'
[8.698s] INFO:colcon.colcon_core.shell:Creating package descriptor '/ws/src/install/ti_mmwave_ros2_pkg/share/ti_mmwave_ros2_pkg/package.dsv'
[8.699s] INFO:colcon.colcon_core.shell:Creating package script '/ws/src/install/ti_mmwave_ros2_pkg/share/ti_mmwave_ros2_pkg/package.sh'
[8.700s] INFO:colcon.colcon_core.shell:Creating package script '/ws/src/install/ti_mmwave_ros2_pkg/share/ti_mmwave_ros2_pkg/package.bash'
[8.701s] INFO:colcon.colcon_core.shell:Creating package script '/ws/src/install/ti_mmwave_ros2_pkg/share/ti_mmwave_ros2_pkg/package.zsh'
[8.702s] Level 1:colcon.colcon_core.environment:create_file_with_runtime_dependencies(/ws/src/install/ti_mmwave_ros2_pkg/share/colcon-core/packages/ti_mmwave_ros2_pkg)
[8.703s] DEBUG:colcon.colcon_parallel_executor.executor.parallel:closing loop
[8.704s] DEBUG:colcon.colcon_parallel_executor.executor.parallel:loop closed
[8.704s] DEBUG:colcon.colcon_parallel_executor.executor.parallel:run_until_complete finished with '0'
[8.704s] DEBUG:colcon.colcon_core.event_reactor:joining thread
[8.759s] INFO:colcon.colcon_core.plugin_system:Skipping extension 'colcon_notification.desktop_notification.notify_send': Could not find 'notify-send'
[8.759s] INFO:colcon.colcon_core.plugin_system:Skipping extension 'colcon_notification.desktop_notification.terminal_notifier': Not used on non-Darwin systems
[8.759s] INFO:colcon.colcon_core.plugin_system:Skipping extension 'colcon_notification.desktop_notification.win32': Not used on non-Windows systems
[8.760s] INFO:colcon.colcon_notification.desktop_notification:Sending desktop notification using 'notify2'
[8.788s] DEBUG:colcon.colcon_notification.desktop_notification.notify2:Failed to initialize notify2: org.freedesktop.DBus.Error.ServiceUnknown: The name org.freedesktop.Notifications was not provided by any .service files
[8.789s] DEBUG:colcon.colcon_core.event_reactor:joined thread
[8.796s] INFO:colcon.colcon_core.shell:Creating prefix script '/ws/src/install/local_setup.ps1'
[8.798s] INFO:colcon.colcon_core.shell:Creating prefix util module '/ws/src/install/_local_setup_util_ps1.py'
[8.801s] INFO:colcon.colcon_core.shell:Creating prefix chain script '/ws/src/install/setup.ps1'
[8.805s] INFO:colcon.colcon_core.shell:Creating prefix script '/ws/src/install/local_setup.sh'
[8.806s] INFO:colcon.colcon_core.shell:Creating prefix util module '/ws/src/install/_local_setup_util_sh.py'
[8.808s] INFO:colcon.colcon_core.shell:Creating prefix chain script '/ws/src/install/setup.sh'
[8.811s] INFO:colcon.colcon_core.shell:Creating prefix script '/ws/src/install/local_setup.bash'
[8.812s] INFO:colcon.colcon_core.shell:Creating prefix chain script '/ws/src/install/setup.bash'
[8.816s] INFO:colcon.colcon_core.shell:Creating prefix script '/ws/src/install/local_setup.zsh'
[8.817s] INFO:colcon.colcon_core.shell:Creating prefix chain script '/ws/src/install/setup.zsh'
