[0.247s] Invoking command in '/ws/src/build/ti_mmwave_ros2_interfaces': /usr/local/bin/cmake /ws/src/mmwave_ti_ros/ti_mmwave_ros2_interfaces -DAMENT_CMAKE_SYMLINK_INSTALL=1 -DCMAKE_INSTALL_PREFIX=/ws/src/install/ti_mmwave_ros2_interfaces
[0.425s] -- Found ament_cmake: 1.1.6 (/opt/ros/galactic/install/share/ament_cmake/cmake)
[0.457s] [33mCMake Warning (dev) at /opt/ros/galactic/install/share/ament_cmake_core/cmake/core/python.cmake:22 (find_package):
[0.457s]   Policy CMP0148 is not set: The FindPythonInterp and FindPythonLibs modules
[0.460s]   are removed.  Run "cmake --help-policy CMP0148" for policy details.  Use
[0.460s]   the cmake_policy command to set the policy and suppress this warning.
[0.460s] 
[0.460s] Call Stack (most recent call first):
[0.461s]   /opt/ros/galactic/install/share/ament_cmake_core/cmake/core/all.cmake:53 (include)
[0.461s]   /opt/ros/galactic/install/share/ament_cmake_core/cmake/ament_cmake_core-extras.cmake:17 (include)
[0.461s]   /opt/ros/galactic/install/share/ament_cmake_core/cmake/ament_cmake_coreConfig.cmake:41 (include)
[0.461s]   /opt/ros/galactic/install/share/ament_cmake/cmake/ament_cmake_export_dependencies-extras.cmake:15 (find_package)
[0.461s]   /opt/ros/galactic/install/share/ament_cmake/cmake/ament_cmakeConfig.cmake:41 (include)
[0.462s]   CMakeLists.txt:19 (find_package)
[0.462s] This warning is for project developers.  Use -Wno-dev to suppress it.
[0.462s] [0m
[0.540s] -- Found PythonInterp: /usr/bin/python3 (found suitable version "3.8.10", minimum required is "3") 
[0.541s] -- Using PYTHON_EXECUTABLE: /usr/bin/python3
[0.957s] -- Override CMake install command with custom implementation using symlinks instead of copying resources
[1.021s] -- Found rosidl_default_generators: 1.1.1 (/opt/ros/galactic/install/share/rosidl_default_generators/cmake)
[1.045s] -- Using all available rosidl_typesupport_c: rosidl_typesupport_fastrtps_c;rosidl_typesupport_introspection_c
[1.075s] -- Found rosidl_adapter: 2.2.3 (/opt/ros/galactic/install/share/rosidl_adapter/cmake)
[2.223s] -- Using all available rosidl_typesupport_cpp: rosidl_typesupport_fastrtps_cpp;rosidl_typesupport_introspection_cpp
[2.409s] -- Found std_msgs: 2.2.4 (/opt/ros/galactic/install/share/std_msgs/cmake)
[2.683s] -- Found ament_lint_auto: 0.10.7 (/opt/ros/galactic/install/share/ament_lint_auto/cmake)
[3.185s] [33mCMake Warning (dev) at /opt/ros/galactic/install/share/rosidl_adapter/cmake/rosidl_adapt_interfaces.cmake:40 (find_package):
[3.185s]   Policy CMP0148 is not set: The FindPythonInterp and FindPythonLibs modules
[3.186s]   are removed.  Run "cmake --help-policy CMP0148" for policy details.  Use
[3.186s]   the cmake_policy command to set the policy and suppress this warning.
[3.187s] 
[3.187s] Call Stack (most recent call first):
[3.187s]   /opt/ros/galactic/install/share/rosidl_cmake/cmake/rosidl_generate_interfaces.cmake:130 (rosidl_adapt_interfaces)
[3.188s]   CMakeLists.txt:39 (rosidl_generate_interfaces)
[3.188s] This warning is for project developers.  Use -Wno-dev to suppress it.
[3.189s] [0m
[3.265s] -- Found PythonInterp: /usr/bin/python3 (found version "3.8.10") 
[3.776s] -- Found ament_cmake_ros: 0.9.2 (/opt/ros/galactic/install/share/ament_cmake_ros/cmake)
[4.744s] -- Using all available rosidl_typesupport_c: rosidl_typesupport_fastrtps_c;rosidl_typesupport_introspection_c
[5.046s] -- Using all available rosidl_typesupport_cpp: rosidl_typesupport_fastrtps_cpp;rosidl_typesupport_introspection_cpp
[5.077s] [33mCMake Warning (dev) at /opt/ros/galactic/install/share/rosidl_generator_py/cmake/rosidl_generator_py_generate_interfaces.cmake:20 (find_package):
[5.077s]   Policy CMP0148 is not set: The FindPythonInterp and FindPythonLibs modules
[5.077s]   are removed.  Run "cmake --help-policy CMP0148" for policy details.  Use
[5.078s]   the cmake_policy command to set the policy and suppress this warning.
[5.078s] 
[5.078s] Call Stack (most recent call first):
[5.078s]   /opt/ros/galactic/install/share/ament_cmake_core/cmake/core/ament_execute_extensions.cmake:48 (include)
[5.078s]   /opt/ros/galactic/install/share/rosidl_cmake/cmake/rosidl_generate_interfaces.cmake:286 (ament_execute_extensions)
[5.079s]   CMakeLists.txt:39 (rosidl_generate_interfaces)
[5.079s] This warning is for project developers.  Use -Wno-dev to suppress it.
[5.079s] [0m
[5.160s] -- Found PythonInterp: /usr/bin/python3 (found suitable version "3.8.10", minimum required is "3.5") 
[5.164s] -- Found python_cmake_module: 0.8.1 (/opt/ros/galactic/install/share/python_cmake_module/cmake)
[5.179s] [33mCMake Warning (dev) at /opt/ros/galactic/install/share/python_cmake_module/cmake/Modules/FindPythonExtra.cmake:45 (find_package):
[5.180s]   Policy CMP0148 is not set: The FindPythonInterp and FindPythonLibs modules
[5.185s]   are removed.  Run "cmake --help-policy CMP0148" for policy details.  Use
[5.185s]   the cmake_policy command to set the policy and suppress this warning.
[5.185s] 
[5.185s] Call Stack (most recent call first):
[5.185s]   /opt/ros/galactic/install/share/rosidl_generator_py/cmake/rosidl_generator_py_generate_interfaces.cmake:23 (find_package)
[5.186s]   /opt/ros/galactic/install/share/ament_cmake_core/cmake/core/ament_execute_extensions.cmake:48 (include)
[5.186s]   /opt/ros/galactic/install/share/rosidl_cmake/cmake/rosidl_generate_interfaces.cmake:286 (ament_execute_extensions)
[5.186s]   CMakeLists.txt:39 (rosidl_generate_interfaces)
[5.187s] This warning is for project developers.  Use -Wno-dev to suppress it.
[5.187s] [0m
[5.287s] [33mCMake Warning (dev) at /opt/ros/galactic/install/share/python_cmake_module/cmake/Modules/FindPythonExtra.cmake:133 (find_package):
[5.287s]   Policy CMP0148 is not set: The FindPythonInterp and FindPythonLibs modules
[5.287s]   are removed.  Run "cmake --help-policy CMP0148" for policy details.  Use
[5.287s]   the cmake_policy command to set the policy and suppress this warning.
[5.288s] 
[5.288s] Call Stack (most recent call first):
[5.288s]   /opt/ros/galactic/install/share/rosidl_generator_py/cmake/rosidl_generator_py_generate_interfaces.cmake:23 (find_package)
[5.288s]   /opt/ros/galactic/install/share/ament_cmake_core/cmake/core/ament_execute_extensions.cmake:48 (include)
[5.288s]   /opt/ros/galactic/install/share/rosidl_cmake/cmake/rosidl_generate_interfaces.cmake:286 (ament_execute_extensions)
[5.289s]   CMakeLists.txt:39 (rosidl_generate_interfaces)
[5.289s] This warning is for project developers.  Use -Wno-dev to suppress it.
[5.289s] [0m
[5.310s] -- Using PYTHON_EXECUTABLE: /usr/bin/python3
[5.311s] -- Using PYTHON_INCLUDE_DIRS: /usr/include/python3.8
[5.311s] -- Using PYTHON_LIBRARIES: /usr/lib/aarch64-linux-gnu/libpython3.8.so
[5.898s] -- Using numpy include directory: /usr/local/lib/python3.8/dist-packages/numpy/core/include
[5.984s] -- Added test 'copyright' to check source files copyright and LICENSE
[5.993s] -- Added test 'lint_cmake' to check CMake code style
[6.006s] -- Added test 'xmllint' to check XML markup files
[6.088s] -- Configuring done (5.7s)
[6.336s] -- Generating done (0.2s)
[6.347s] -- Build files have been written to: /ws/src/build/ti_mmwave_ros2_interfaces
[6.388s] Invoked command in '/ws/src/build/ti_mmwave_ros2_interfaces' returned '0': /usr/local/bin/cmake /ws/src/mmwave_ti_ros/ti_mmwave_ros2_interfaces -DAMENT_CMAKE_SYMLINK_INSTALL=1 -DCMAKE_INSTALL_PREFIX=/ws/src/install/ti_mmwave_ros2_interfaces
[6.390s] Invoking command in '/ws/src/build/ti_mmwave_ros2_interfaces': /usr/local/bin/cmake --build /ws/src/build/ti_mmwave_ros2_interfaces -- -j4 -l4
[6.611s] [  2%] Built target ti_mmwave_ros2_interfaces__cpp
[6.686s] [ 12%] Built target ti_mmwave_ros2_interfaces__rosidl_generator_c
[6.776s] [ 23%] Built target ti_mmwave_ros2_interfaces__rosidl_typesupport_introspection_cpp
[6.835s] [ 33%] Built target ti_mmwave_ros2_interfaces__rosidl_typesupport_introspection_c
[6.930s] [ 43%] Built target ti_mmwave_ros2_interfaces__rosidl_typesupport_c
[6.999s] [ 53%] Built target ti_mmwave_ros2_interfaces__rosidl_typesupport_fastrtps_cpp
[7.052s] [ 64%] Built target ti_mmwave_ros2_interfaces__rosidl_typesupport_cpp
[7.133s] [ 74%] Built target ti_mmwave_ros2_interfaces__rosidl_typesupport_fastrtps_c
[7.189s] [ 74%] Built target ti_mmwave_ros2_interfaces
[7.233s] [ 76%] Built target ti_mmwave_ros2_interfaces__py
[7.324s] [ 84%] Built target ti_mmwave_ros2_interfaces__python
[7.376s] [ 89%] Built target ti_mmwave_ros2_interfaces__rosidl_typesupport_fastrtps_c__pyext
[7.477s] [ 94%] Built target ti_mmwave_ros2_interfaces__rosidl_typesupport_c__pyext
[7.523s] [100%] Built target ti_mmwave_ros2_interfaces__rosidl_typesupport_introspection_c__pyext
[7.583s] Invoked command in '/ws/src/build/ti_mmwave_ros2_interfaces' returned '0': /usr/local/bin/cmake --build /ws/src/build/ti_mmwave_ros2_interfaces -- -j4 -l4
[8.132s] Invoking command in '/ws/src/build/ti_mmwave_ros2_interfaces': /usr/local/bin/cmake --install /ws/src/build/ti_mmwave_ros2_interfaces
[8.248s] -- Install configuration: ""
[8.249s] -- Execute custom install script
[8.250s] -- Up-to-date symlink: /ws/src/install/ti_mmwave_ros2_interfaces/share/ament_index/resource_index/rosidl_interfaces/ti_mmwave_ros2_interfaces
[8.253s] -- Up-to-date symlink: /ws/src/install/ti_mmwave_ros2_interfaces/include/ti_mmwave_ros2_interfaces/msg/detail/radar_scan__functions.h
[8.254s] -- Up-to-date symlink: /ws/src/install/ti_mmwave_ros2_interfaces/include/ti_mmwave_ros2_interfaces/msg/detail/radar_scan__struct.h
[8.259s] -- Up-to-date symlink: /ws/src/install/ti_mmwave_ros2_interfaces/include/ti_mmwave_ros2_interfaces/msg/detail/radar_scan__type_support.h
[8.260s] -- Up-to-date symlink: /ws/src/install/ti_mmwave_ros2_interfaces/include/ti_mmwave_ros2_interfaces/msg/radar_scan.h
[8.260s] -- Up-to-date symlink: /ws/src/install/ti_mmwave_ros2_interfaces/include/ti_mmwave_ros2_interfaces/msg/rosidl_generator_c__visibility_control.h
[8.260s] -- Up-to-date symlink: /ws/src/install/ti_mmwave_ros2_interfaces/include/ti_mmwave_ros2_interfaces/srv/detail/mm_wave_cli__functions.h
[8.260s] -- Up-to-date symlink: /ws/src/install/ti_mmwave_ros2_interfaces/include/ti_mmwave_ros2_interfaces/srv/detail/mm_wave_cli__struct.h
[8.261s] -- Up-to-date symlink: /ws/src/install/ti_mmwave_ros2_interfaces/include/ti_mmwave_ros2_interfaces/srv/detail/mm_wave_cli__type_support.h
[8.261s] -- Up-to-date symlink: /ws/src/install/ti_mmwave_ros2_interfaces/include/ti_mmwave_ros2_interfaces/srv/mm_wave_cli.h
[8.263s] -- Up-to-date symlink: /ws/src/install/ti_mmwave_ros2_interfaces/share/ti_mmwave_ros2_interfaces/environment/library_path.sh
[8.266s] -- Up-to-date symlink: /ws/src/install/ti_mmwave_ros2_interfaces/share/ti_mmwave_ros2_interfaces/environment/library_path.dsv
[8.267s] -- Up-to-date symlink: /ws/src/install/ti_mmwave_ros2_interfaces/include/ti_mmwave_ros2_interfaces/msg/detail/radar_scan__rosidl_typesupport_fastrtps_c.h
[8.267s] -- Up-to-date symlink: /ws/src/install/ti_mmwave_ros2_interfaces/include/ti_mmwave_ros2_interfaces/msg/rosidl_typesupport_fastrtps_c__visibility_control.h
[8.269s] -- Up-to-date symlink: /ws/src/install/ti_mmwave_ros2_interfaces/include/ti_mmwave_ros2_interfaces/srv/detail/mm_wave_cli__rosidl_typesupport_fastrtps_c.h
[8.275s] -- Up-to-date symlink: /ws/src/install/ti_mmwave_ros2_interfaces/lib/libti_mmwave_ros2_interfaces__rosidl_typesupport_fastrtps_c.so
[8.284s] -- Up-to-date symlink: /ws/src/install/ti_mmwave_ros2_interfaces/include/ti_mmwave_ros2_interfaces/msg/detail/radar_scan__rosidl_typesupport_fastrtps_cpp.hpp
[8.284s] -- Up-to-date symlink: /ws/src/install/ti_mmwave_ros2_interfaces/include/ti_mmwave_ros2_interfaces/msg/rosidl_typesupport_fastrtps_cpp__visibility_control.h
[8.285s] -- Up-to-date symlink: /ws/src/install/ti_mmwave_ros2_interfaces/include/ti_mmwave_ros2_interfaces/srv/detail/mm_wave_cli__rosidl_typesupport_fastrtps_cpp.hpp
[8.288s] -- Up-to-date symlink: /ws/src/install/ti_mmwave_ros2_interfaces/lib/libti_mmwave_ros2_interfaces__rosidl_typesupport_fastrtps_cpp.so
[8.289s] -- Up-to-date symlink: /ws/src/install/ti_mmwave_ros2_interfaces/include/ti_mmwave_ros2_interfaces/msg/detail/radar_scan__rosidl_typesupport_introspection_c.h
[8.289s] -- Up-to-date symlink: /ws/src/install/ti_mmwave_ros2_interfaces/include/ti_mmwave_ros2_interfaces/msg/rosidl_typesupport_introspection_c__visibility_control.h
[8.290s] -- Up-to-date symlink: /ws/src/install/ti_mmwave_ros2_interfaces/include/ti_mmwave_ros2_interfaces/srv/detail/mm_wave_cli__rosidl_typesupport_introspection_c.h
[8.294s] -- Up-to-date symlink: /ws/src/install/ti_mmwave_ros2_interfaces/include/ti_mmwave_ros2_interfaces/msg/detail/radar_scan__builder.hpp
[8.300s] -- Up-to-date symlink: /ws/src/install/ti_mmwave_ros2_interfaces/include/ti_mmwave_ros2_interfaces/msg/detail/radar_scan__struct.hpp
[8.301s] -- Up-to-date symlink: /ws/src/install/ti_mmwave_ros2_interfaces/include/ti_mmwave_ros2_interfaces/msg/detail/radar_scan__traits.hpp
[8.301s] -- Up-to-date symlink: /ws/src/install/ti_mmwave_ros2_interfaces/include/ti_mmwave_ros2_interfaces/msg/radar_scan.hpp
[8.301s] -- Up-to-date symlink: /ws/src/install/ti_mmwave_ros2_interfaces/include/ti_mmwave_ros2_interfaces/srv/detail/mm_wave_cli__builder.hpp
[8.301s] -- Up-to-date symlink: /ws/src/install/ti_mmwave_ros2_interfaces/include/ti_mmwave_ros2_interfaces/srv/detail/mm_wave_cli__struct.hpp
[8.302s] -- Up-to-date symlink: /ws/src/install/ti_mmwave_ros2_interfaces/include/ti_mmwave_ros2_interfaces/srv/detail/mm_wave_cli__traits.hpp
[8.302s] -- Up-to-date symlink: /ws/src/install/ti_mmwave_ros2_interfaces/include/ti_mmwave_ros2_interfaces/srv/mm_wave_cli.hpp
[8.302s] -- Up-to-date symlink: /ws/src/install/ti_mmwave_ros2_interfaces/include/ti_mmwave_ros2_interfaces/msg/detail/radar_scan__rosidl_typesupport_introspection_cpp.hpp
[8.302s] -- Up-to-date symlink: /ws/src/install/ti_mmwave_ros2_interfaces/include/ti_mmwave_ros2_interfaces/srv/detail/mm_wave_cli__rosidl_typesupport_introspection_cpp.hpp
[8.302s] -- Up-to-date symlink: /ws/src/install/ti_mmwave_ros2_interfaces/share/ti_mmwave_ros2_interfaces/environment/pythonpath.sh
[8.303s] -- Up-to-date symlink: /ws/src/install/ti_mmwave_ros2_interfaces/share/ti_mmwave_ros2_interfaces/environment/pythonpath.dsv
[8.303s] -- Up-to-date symlink: /ws/src/install/ti_mmwave_ros2_interfaces/lib/python3.8/site-packages/ti_mmwave_ros2_interfaces/__init__.py
[8.303s] -- Up-to-date symlink: /ws/src/install/ti_mmwave_ros2_interfaces/lib/python3.8/site-packages/ti_mmwave_ros2_interfaces/msg/__init__.py
[8.303s] -- Up-to-date symlink: /ws/src/install/ti_mmwave_ros2_interfaces/lib/python3.8/site-packages/ti_mmwave_ros2_interfaces/msg/_radar_scan.py
[8.303s] -- Up-to-date symlink: /ws/src/install/ti_mmwave_ros2_interfaces/lib/python3.8/site-packages/ti_mmwave_ros2_interfaces/srv/__init__.py
[8.304s] -- Up-to-date symlink: /ws/src/install/ti_mmwave_ros2_interfaces/lib/python3.8/site-packages/ti_mmwave_ros2_interfaces/srv/_mm_wave_cli.py
[8.304s] -- Up-to-date symlink: /ws/src/install/ti_mmwave_ros2_interfaces/lib/python3.8/site-packages/ti_mmwave_ros2_interfaces/ti_mmwave_ros2_interfaces_s__rosidl_typesupport_fastrtps_c.cpython-38-aarch64-linux-gnu.so
[8.304s] -- Up-to-date symlink: /ws/src/install/ti_mmwave_ros2_interfaces/lib/python3.8/site-packages/ti_mmwave_ros2_interfaces/ti_mmwave_ros2_interfaces_s__rosidl_typesupport_introspection_c.cpython-38-aarch64-linux-gnu.so
[8.304s] -- Up-to-date symlink: /ws/src/install/ti_mmwave_ros2_interfaces/lib/python3.8/site-packages/ti_mmwave_ros2_interfaces/ti_mmwave_ros2_interfaces_s__rosidl_typesupport_c.cpython-38-aarch64-linux-gnu.so
[8.314s] -- Up-to-date symlink: /ws/src/install/ti_mmwave_ros2_interfaces/lib/libti_mmwave_ros2_interfaces__python.so
[8.317s] -- Up-to-date symlink: /ws/src/install/ti_mmwave_ros2_interfaces/share/ti_mmwave_ros2_interfaces/msg/RadarScan.idl
[8.322s] -- Up-to-date symlink: /ws/src/install/ti_mmwave_ros2_interfaces/share/ti_mmwave_ros2_interfaces/srv/MMWaveCLI.idl
[8.322s] -- Up-to-date symlink: /ws/src/install/ti_mmwave_ros2_interfaces/share/ti_mmwave_ros2_interfaces/msg/RadarScan.msg
[8.323s] -- Up-to-date symlink: /ws/src/install/ti_mmwave_ros2_interfaces/share/ti_mmwave_ros2_interfaces/srv/MMWaveCLI.srv
[8.323s] -- Up-to-date symlink: /ws/src/install/ti_mmwave_ros2_interfaces/share/ti_mmwave_ros2_interfaces/srv/MMWaveCLI_Request.msg
[8.323s] -- Up-to-date symlink: /ws/src/install/ti_mmwave_ros2_interfaces/share/ti_mmwave_ros2_interfaces/srv/MMWaveCLI_Response.msg
[8.323s] -- Up-to-date symlink: /ws/src/install/ti_mmwave_ros2_interfaces/share/ament_index/resource_index/package_run_dependencies/ti_mmwave_ros2_interfaces
[8.324s] -- Up-to-date symlink: /ws/src/install/ti_mmwave_ros2_interfaces/share/ament_index/resource_index/parent_prefix_path/ti_mmwave_ros2_interfaces
[8.324s] -- Up-to-date symlink: /ws/src/install/ti_mmwave_ros2_interfaces/share/ti_mmwave_ros2_interfaces/environment/ament_prefix_path.sh
[8.324s] -- Up-to-date symlink: /ws/src/install/ti_mmwave_ros2_interfaces/share/ti_mmwave_ros2_interfaces/environment/ament_prefix_path.dsv
[8.324s] -- Up-to-date symlink: /ws/src/install/ti_mmwave_ros2_interfaces/share/ti_mmwave_ros2_interfaces/environment/path.sh
[8.325s] -- Up-to-date symlink: /ws/src/install/ti_mmwave_ros2_interfaces/share/ti_mmwave_ros2_interfaces/environment/path.dsv
[8.325s] -- Up-to-date symlink: /ws/src/install/ti_mmwave_ros2_interfaces/share/ti_mmwave_ros2_interfaces/local_setup.bash
[8.328s] -- Up-to-date symlink: /ws/src/install/ti_mmwave_ros2_interfaces/share/ti_mmwave_ros2_interfaces/local_setup.sh
[8.329s] -- Up-to-date symlink: /ws/src/install/ti_mmwave_ros2_interfaces/share/ti_mmwave_ros2_interfaces/local_setup.zsh
[8.329s] -- Up-to-date symlink: /ws/src/install/ti_mmwave_ros2_interfaces/share/ti_mmwave_ros2_interfaces/local_setup.dsv
[8.329s] -- Symlinking: /ws/src/install/ti_mmwave_ros2_interfaces/share/ti_mmwave_ros2_interfaces/package.dsv
[8.329s] -- Up-to-date symlink: /ws/src/install/ti_mmwave_ros2_interfaces/share/ament_index/resource_index/packages/ti_mmwave_ros2_interfaces
[8.329s] -- Up-to-date symlink: /ws/src/install/ti_mmwave_ros2_interfaces/share/ti_mmwave_ros2_interfaces/cmake/rosidl_cmake-extras.cmake
[8.330s] -- Up-to-date symlink: /ws/src/install/ti_mmwave_ros2_interfaces/share/ti_mmwave_ros2_interfaces/cmake/ament_cmake_export_dependencies-extras.cmake
[8.330s] -- Up-to-date symlink: /ws/src/install/ti_mmwave_ros2_interfaces/share/ti_mmwave_ros2_interfaces/cmake/ament_cmake_export_libraries-extras.cmake
[8.330s] -- Up-to-date symlink: /ws/src/install/ti_mmwave_ros2_interfaces/share/ti_mmwave_ros2_interfaces/cmake/ament_cmake_export_targets-extras.cmake
[8.330s] -- Up-to-date symlink: /ws/src/install/ti_mmwave_ros2_interfaces/share/ti_mmwave_ros2_interfaces/cmake/ament_cmake_export_include_directories-extras.cmake
[8.330s] -- Up-to-date symlink: /ws/src/install/ti_mmwave_ros2_interfaces/share/ti_mmwave_ros2_interfaces/cmake/rosidl_cmake_export_typesupport_libraries-extras.cmake
[8.331s] -- Up-to-date symlink: /ws/src/install/ti_mmwave_ros2_interfaces/share/ti_mmwave_ros2_interfaces/cmake/rosidl_cmake_export_typesupport_targets-extras.cmake
[8.331s] -- Up-to-date symlink: /ws/src/install/ti_mmwave_ros2_interfaces/share/ti_mmwave_ros2_interfaces/cmake/ti_mmwave_ros2_interfacesConfig.cmake
[8.331s] -- Up-to-date symlink: /ws/src/install/ti_mmwave_ros2_interfaces/share/ti_mmwave_ros2_interfaces/cmake/ti_mmwave_ros2_interfacesConfig-version.cmake
[8.331s] -- Up-to-date symlink: /ws/src/install/ti_mmwave_ros2_interfaces/share/ti_mmwave_ros2_interfaces/package.xml
[8.331s] -- Up-to-date: /ws/src/install/ti_mmwave_ros2_interfaces/lib/libti_mmwave_ros2_interfaces__rosidl_generator_c.so
[8.338s] -- Up-to-date: /ws/src/install/ti_mmwave_ros2_interfaces/lib/libti_mmwave_ros2_interfaces__rosidl_typesupport_introspection_c.so
[8.341s] -- Up-to-date: /ws/src/install/ti_mmwave_ros2_interfaces/lib/libti_mmwave_ros2_interfaces__rosidl_typesupport_c.so
[8.344s] -- Up-to-date: /ws/src/install/ti_mmwave_ros2_interfaces/lib/libti_mmwave_ros2_interfaces__rosidl_typesupport_introspection_cpp.so
[8.356s] -- Up-to-date: /ws/src/install/ti_mmwave_ros2_interfaces/lib/libti_mmwave_ros2_interfaces__rosidl_typesupport_cpp.so
[8.481s] Compiling '/ws/src/install/ti_mmwave_ros2_interfaces/lib/python3.8/site-packages/ti_mmwave_ros2_interfaces/__init__.py'...
[8.505s] -- Up-to-date: /ws/src/install/ti_mmwave_ros2_interfaces/share/ti_mmwave_ros2_interfaces/cmake/ti_mmwave_ros2_interfaces__rosidl_generator_cExport.cmake
[8.513s] -- Up-to-date: /ws/src/install/ti_mmwave_ros2_interfaces/share/ti_mmwave_ros2_interfaces/cmake/ti_mmwave_ros2_interfaces__rosidl_generator_cExport-noconfig.cmake
[8.513s] -- Up-to-date: /ws/src/install/ti_mmwave_ros2_interfaces/share/ti_mmwave_ros2_interfaces/cmake/ti_mmwave_ros2_interfaces__rosidl_typesupport_introspection_cExport.cmake
[8.513s] -- Up-to-date: /ws/src/install/ti_mmwave_ros2_interfaces/share/ti_mmwave_ros2_interfaces/cmake/ti_mmwave_ros2_interfaces__rosidl_typesupport_introspection_cExport-noconfig.cmake
[8.514s] -- Up-to-date: /ws/src/install/ti_mmwave_ros2_interfaces/share/ti_mmwave_ros2_interfaces/cmake/ti_mmwave_ros2_interfaces__rosidl_typesupport_cExport.cmake
[8.514s] -- Up-to-date: /ws/src/install/ti_mmwave_ros2_interfaces/share/ti_mmwave_ros2_interfaces/cmake/ti_mmwave_ros2_interfaces__rosidl_typesupport_cExport-noconfig.cmake
[8.517s] -- Up-to-date: /ws/src/install/ti_mmwave_ros2_interfaces/share/ti_mmwave_ros2_interfaces/cmake/ti_mmwave_ros2_interfaces__rosidl_generator_cppExport.cmake
[8.517s] -- Up-to-date: /ws/src/install/ti_mmwave_ros2_interfaces/share/ti_mmwave_ros2_interfaces/cmake/ti_mmwave_ros2_interfaces__rosidl_typesupport_introspection_cppExport.cmake
[8.517s] -- Up-to-date: /ws/src/install/ti_mmwave_ros2_interfaces/share/ti_mmwave_ros2_interfaces/cmake/ti_mmwave_ros2_interfaces__rosidl_typesupport_introspection_cppExport-noconfig.cmake
[8.518s] -- Up-to-date: /ws/src/install/ti_mmwave_ros2_interfaces/share/ti_mmwave_ros2_interfaces/cmake/ti_mmwave_ros2_interfaces__rosidl_typesupport_cppExport.cmake
[8.518s] -- Up-to-date: /ws/src/install/ti_mmwave_ros2_interfaces/share/ti_mmwave_ros2_interfaces/cmake/ti_mmwave_ros2_interfaces__rosidl_typesupport_cppExport-noconfig.cmake
[8.563s] Invoked command in '/ws/src/build/ti_mmwave_ros2_interfaces' returned '0': /usr/local/bin/cmake --install /ws/src/build/ti_mmwave_ros2_interfaces
