[0.081s] Invoking command in '/ws/src/build/ti_mmwave_ros2_examples': /usr/local/bin/cmake /ws/src/mmwave_ti_ros/ti_mmwave_ros2_examples -DCMAKE_INSTALL_PREFIX=/ws/src/install/ti_mmwave_ros2_examples
[0.157s] -- Found ament_cmake: 1.1.6 (/opt/ros/galactic/install/share/ament_cmake/cmake)
[0.161s] [33mCMake Warning (dev) at /opt/ros/galactic/install/share/ament_cmake_core/cmake/core/python.cmake:22 (find_package):
[0.161s]   Policy CMP0148 is not set: The FindPythonInterp and FindPythonLibs modules
[0.161s]   are removed.  Run "cmake --help-policy CMP0148" for policy details.  Use
[0.161s]   the cmake_policy command to set the policy and suppress this warning.
[0.161s] 
[0.162s] Call Stack (most recent call first):
[0.162s]   /opt/ros/galactic/install/share/ament_cmake_core/cmake/core/all.cmake:53 (include)
[0.162s]   /opt/ros/galactic/install/share/ament_cmake_core/cmake/ament_cmake_core-extras.cmake:17 (include)
[0.162s]   /opt/ros/galactic/install/share/ament_cmake_core/cmake/ament_cmake_coreConfig.cmake:41 (include)
[0.162s]   /opt/ros/galactic/install/share/ament_cmake/cmake/ament_cmake_export_dependencies-extras.cmake:15 (find_package)
[0.162s]   /opt/ros/galactic/install/share/ament_cmake/cmake/ament_cmakeConfig.cmake:41 (include)
[0.162s]   CMakeLists.txt:19 (find_package)
[0.162s] This warning is for project developers.  Use -Wno-dev to suppress it.
[0.163s] [0m
[0.210s] -- Using PYTHON_EXECUTABLE: /usr/bin/python3
[0.346s] -- Override CMake install command with custom implementation using symlinks instead of copying resources
[0.367s] -- Found laser_geometry: 2.2.1 (/opt/ros/galactic/install/share/laser_geometry/cmake)
[0.379s] -- Found message_filters: 3.2.6 (/opt/ros/galactic/install/share/message_filters/cmake)
[0.464s] -- Using all available rosidl_typesupport_c: rosidl_typesupport_fastrtps_c;rosidl_typesupport_introspection_c
[0.472s] -- Found rosidl_adapter: 2.2.3 (/opt/ros/galactic/install/share/rosidl_adapter/cmake)
[0.785s] -- Using all available rosidl_typesupport_cpp: rosidl_typesupport_fastrtps_cpp;rosidl_typesupport_introspection_cpp
[0.896s] -- Found rmw_implementation_cmake: 3.3.1 (/opt/ros/galactic/install/share/rmw_implementation_cmake/cmake)
[0.899s] -- Found rmw_cyclonedds_cpp: 0.22.6 (/opt/ros/galactic/install/share/rmw_cyclonedds_cpp/cmake)
[0.936s] -- Using RMW implementation 'rmw_cyclonedds_cpp' as default
[1.242s] -- Found rclcpp_components: 9.2.2 (/opt/ros/galactic/install/share/rclcpp_components/cmake)
[1.342s] -- Found sensor_msgs: 2.2.4 (/opt/ros/galactic/install/share/sensor_msgs/cmake)
[1.558s] -- Found tf2: 0.17.5 (/opt/ros/galactic/install/share/tf2/cmake)
[1.575s] -- Found tf2_ros: 0.17.5 (/opt/ros/galactic/install/share/tf2_ros/cmake)
[2.073s] -- Found tf2_sensor_msgs: 0.17.5 (/opt/ros/galactic/install/share/tf2_sensor_msgs/cmake)
[2.144s] -- Found ament_lint_auto: 0.10.7 (/opt/ros/galactic/install/share/ament_lint_auto/cmake)
[2.315s] -- Added test 'copyright' to check source files copyright and LICENSE
[2.320s] -- Added test 'cppcheck' to perform static code analysis on C / C++ code
[2.321s] -- Configured cppcheck include dirs: /ws/src/mmwave_ti_ros/ti_mmwave_ros2_examples/include
[2.321s] -- Configured cppcheck exclude dirs and/or files: 
[2.325s] -- Added test 'cpplint' to check C / C++ code against the Google style
[2.325s] -- Configured cpplint exclude dirs and/or files: 
[2.326s] -- Added test 'flake8' to check Python code syntax and style conventions
[2.327s] -- Added test 'lint_cmake' to check CMake code style
[2.328s] -- Added test 'pep257' to check Python code against some of the style conventions in PEP 257
[2.332s] -- Added test 'uncrustify' to check C / C++ code style
[2.332s] -- Configured uncrustify additional arguments: 
[2.333s] -- Added test 'xmllint' to check XML markup files
[2.339s] -- Configuring done (2.2s)
[2.393s] -- Generating done (0.0s)
[2.397s] -- Build files have been written to: /ws/src/build/ti_mmwave_ros2_examples
[2.425s] Invoked command in '/ws/src/build/ti_mmwave_ros2_examples' returned '0': /usr/local/bin/cmake /ws/src/mmwave_ti_ros/ti_mmwave_ros2_examples -DCMAKE_INSTALL_PREFIX=/ws/src/install/ti_mmwave_ros2_examples
[2.430s] Invoking command in '/ws/src/build/ti_mmwave_ros2_examples': /usr/local/bin/cmake --build /ws/src/build/ti_mmwave_ros2_examples -- -j6 -l6
[2.570s] [ 66%] Built target pointcloud_to_laserscan_node
[2.570s] [ 66%] Built target dummy_pointcloud_publisher
[2.574s] [100%] Built target pointcloud_to_laserscan
[2.593s] Invoked command in '/ws/src/build/ti_mmwave_ros2_examples' returned '0': /usr/local/bin/cmake --build /ws/src/build/ti_mmwave_ros2_examples -- -j6 -l6
[2.723s] Invoking command in '/ws/src/build/ti_mmwave_ros2_examples': /usr/local/bin/cmake --install /ws/src/build/ti_mmwave_ros2_examples
[2.794s] -- Install configuration: ""
[2.794s] -- Execute custom install script
[2.795s] -- Up-to-date symlink: /ws/src/install/ti_mmwave_ros2_examples/lib/ti_mmwave_ros2_examples/pointcloud_to_laserscan_node
[2.796s] -- Up-to-date symlink: /ws/src/install/ti_mmwave_ros2_examples/lib/libpointcloud_to_laserscan.so
[2.796s] -- Up-to-date symlink: /ws/src/install/ti_mmwave_ros2_examples/lib/ti_mmwave_ros2_examples/dummy_pointcloud_publisher
[2.798s] -- Up-to-date symlink: /ws/src/install/ti_mmwave_ros2_examples/share/ti_mmwave_ros2_examples/launch/bringup_launch.py
[2.798s] -- Up-to-date symlink: /ws/src/install/ti_mmwave_ros2_examples/share/ti_mmwave_ros2_examples/launch/fake_nav_launch.py
[2.798s] -- Up-to-date symlink: /ws/src/install/ti_mmwave_ros2_examples/share/ti_mmwave_ros2_examples/launch/lidar_nav.launch.py
[2.798s] -- Up-to-date symlink: /ws/src/install/ti_mmwave_ros2_examples/share/ti_mmwave_ros2_examples/launch/localization_launch.py
[2.799s] -- Up-to-date symlink: /ws/src/install/ti_mmwave_ros2_examples/share/ti_mmwave_ros2_examples/launch/navigation_launch.py
[2.800s] -- Up-to-date symlink: /ws/src/install/ti_mmwave_ros2_examples/share/ti_mmwave_ros2_examples/launch/pointcloud_to_laserscan.launch.py
[2.801s] -- Up-to-date symlink: /ws/src/install/ti_mmwave_ros2_examples/share/ti_mmwave_ros2_examples/launch/rviz_view_launch.py
[2.801s] -- Up-to-date symlink: /ws/src/install/ti_mmwave_ros2_examples/share/ti_mmwave_ros2_examples/param/go1_params.yaml
[2.801s] -- Up-to-date symlink: /ws/src/install/ti_mmwave_ros2_examples/share/ti_mmwave_ros2_examples/param/navigate_w_replanning_and_recovery.xml
[2.801s] -- Up-to-date symlink: /ws/src/install/ti_mmwave_ros2_examples/share/ti_mmwave_ros2_examples/param/neuronbot_params.yaml
[2.801s] -- Up-to-date symlink: /ws/src/install/ti_mmwave_ros2_examples/share/ti_mmwave_ros2_examples/rviz/laser_scan.rviz
[2.802s] -- Up-to-date symlink: /ws/src/install/ti_mmwave_ros2_examples/share/ti_mmwave_ros2_examples/rviz/nav2.rviz
[2.802s] -- Up-to-date symlink: /ws/src/install/ti_mmwave_ros2_examples/share/ti_mmwave_ros2_examples/rviz/nav2_default_view.rviz
[2.803s] -- Up-to-date symlink: /ws/src/install/ti_mmwave_ros2_examples/share/ti_mmwave_ros2_examples/rviz/nav2_namespaced_view.rviz
[2.803s] -- Up-to-date symlink: /ws/src/install/ti_mmwave_ros2_examples/share/ti_mmwave_ros2_examples/map/hy_map_editted.pgm
[2.803s] -- Up-to-date symlink: /ws/src/install/ti_mmwave_ros2_examples/share/ti_mmwave_ros2_examples/map/hy_map_editted.yaml
[2.804s] -- Up-to-date symlink: /ws/src/install/ti_mmwave_ros2_examples/share/ti_mmwave_ros2_examples/map/mememan.pgm
[2.804s] -- Up-to-date symlink: /ws/src/install/ti_mmwave_ros2_examples/share/ti_mmwave_ros2_examples/map/mememan.yaml
[2.804s] -- Up-to-date symlink: /ws/src/install/ti_mmwave_ros2_examples/share/ament_index/resource_index/package_run_dependencies/ti_mmwave_ros2_examples
[2.805s] -- Up-to-date symlink: /ws/src/install/ti_mmwave_ros2_examples/share/ament_index/resource_index/parent_prefix_path/ti_mmwave_ros2_examples
[2.805s] -- Up-to-date symlink: /ws/src/install/ti_mmwave_ros2_examples/share/ti_mmwave_ros2_examples/environment/ament_prefix_path.sh
[2.806s] -- Up-to-date symlink: /ws/src/install/ti_mmwave_ros2_examples/share/ti_mmwave_ros2_examples/environment/ament_prefix_path.dsv
[2.806s] -- Up-to-date symlink: /ws/src/install/ti_mmwave_ros2_examples/share/ti_mmwave_ros2_examples/environment/path.sh
[2.806s] -- Up-to-date symlink: /ws/src/install/ti_mmwave_ros2_examples/share/ti_mmwave_ros2_examples/environment/path.dsv
[2.807s] -- Up-to-date symlink: /ws/src/install/ti_mmwave_ros2_examples/share/ti_mmwave_ros2_examples/local_setup.bash
[2.807s] -- Up-to-date symlink: /ws/src/install/ti_mmwave_ros2_examples/share/ti_mmwave_ros2_examples/local_setup.sh
[2.808s] -- Up-to-date symlink: /ws/src/install/ti_mmwave_ros2_examples/share/ti_mmwave_ros2_examples/local_setup.zsh
[2.808s] -- Up-to-date symlink: /ws/src/install/ti_mmwave_ros2_examples/share/ti_mmwave_ros2_examples/local_setup.dsv
[2.808s] -- Symlinking: /ws/src/install/ti_mmwave_ros2_examples/share/ti_mmwave_ros2_examples/package.dsv
[2.816s] -- Up-to-date symlink: /ws/src/install/ti_mmwave_ros2_examples/share/ament_index/resource_index/packages/ti_mmwave_ros2_examples
[2.816s] -- Up-to-date symlink: /ws/src/install/ti_mmwave_ros2_examples/share/ament_index/resource_index/rclcpp_components/ti_mmwave_ros2_examples
[2.816s] -- Up-to-date symlink: /ws/src/install/ti_mmwave_ros2_examples/share/ti_mmwave_ros2_examples/cmake/ti_mmwave_ros2_examplesConfig.cmake
[2.816s] -- Up-to-date symlink: /ws/src/install/ti_mmwave_ros2_examples/share/ti_mmwave_ros2_examples/cmake/ti_mmwave_ros2_examplesConfig-version.cmake
[2.817s] -- Up-to-date symlink: /ws/src/install/ti_mmwave_ros2_examples/share/ti_mmwave_ros2_examples/package.xml
[2.844s] Invoked command in '/ws/src/build/ti_mmwave_ros2_examples' returned '0': /usr/local/bin/cmake --install /ws/src/build/ti_mmwave_ros2_examples
