[0.141s] Invoking command in '/ws/build/ti_mmwave_ros2_interfaces': /usr/local/bin/cmake /ws/src/mmwave_ti_ros/ti_mmwave_ros2_interfaces -DAMENT_CMAKE_SYMLINK_INSTALL=1 -DCMAKE_INSTALL_PREFIX=/ws/install/ti_mmwave_ros2_interfaces
[0.436s] -- The C compiler identification is GNU 9.4.0
[0.649s] -- The CXX compiler identification is GNU 9.4.0
[0.724s] -- Detecting C compiler ABI info
[0.957s] -- Detecting C compiler ABI info - done
[0.996s] -- Check for working C compiler: /usr/bin/cc - skipped
[0.997s] -- Detecting C compile features
[0.998s] -- Detecting C compile features - done
[1.042s] -- Detecting CXX compiler ABI info
[1.303s] -- Detecting CXX compiler ABI info - done
[1.341s] -- Check for working CXX compiler: /usr/bin/c++ - skipped
[1.344s] -- Detecting CXX compile features
[1.344s] -- Detecting CXX compile features - done
[1.361s] -- Found ament_cmake: 1.1.6 (/opt/ros/galactic/install/share/ament_cmake/cmake)
[1.382s] [33mCMake Warning (dev) at /opt/ros/galactic/install/share/ament_cmake_core/cmake/core/python.cmake:22 (find_package):
[1.382s]   Policy CMP0148 is not set: The FindPythonInterp and FindPythonLibs modules
[1.383s]   are removed.  Run "cmake --help-policy CMP0148" for policy details.  Use
[1.384s]   the cmake_policy command to set the policy and suppress this warning.
[1.384s] 
[1.384s] Call Stack (most recent call first):
[1.384s]   /opt/ros/galactic/install/share/ament_cmake_core/cmake/core/all.cmake:53 (include)
[1.384s]   /opt/ros/galactic/install/share/ament_cmake_core/cmake/ament_cmake_core-extras.cmake:17 (include)
[1.385s]   /opt/ros/galactic/install/share/ament_cmake_core/cmake/ament_cmake_coreConfig.cmake:41 (include)
[1.385s]   /opt/ros/galactic/install/share/ament_cmake/cmake/ament_cmake_export_dependencies-extras.cmake:15 (find_package)
[1.385s]   /opt/ros/galactic/install/share/ament_cmake/cmake/ament_cmakeConfig.cmake:41 (include)
[1.385s]   CMakeLists.txt:19 (find_package)
[1.385s] This warning is for project developers.  Use -Wno-dev to suppress it.
[1.386s] [0m
[1.464s] -- Found PythonInterp: /usr/bin/python3 (found suitable version "3.8.10", minimum required is "3") 
[1.467s] -- Using PYTHON_EXECUTABLE: /usr/bin/python3
[1.690s] -- Override CMake install command with custom implementation using symlinks instead of copying resources
[1.830s] -- Found rosidl_default_generators: 1.1.1 (/opt/ros/galactic/install/share/rosidl_default_generators/cmake)
[1.849s] -- Using all available rosidl_typesupport_c: rosidl_typesupport_fastrtps_c;rosidl_typesupport_introspection_c
[1.885s] -- Found rosidl_adapter: 2.2.3 (/opt/ros/galactic/install/share/rosidl_adapter/cmake)
[2.384s] -- Found OpenSSL: /usr/lib/aarch64-linux-gnu/libcrypto.so (found version "1.1.1f")  
[2.586s] -- Found FastRTPS: /opt/ros/galactic/install/include  
[3.087s] -- Using all available rosidl_typesupport_cpp: rosidl_typesupport_fastrtps_cpp;rosidl_typesupport_introspection_cpp
[3.275s] -- Found std_msgs: 2.2.4 (/opt/ros/galactic/install/share/std_msgs/cmake)
[3.421s] -- Found ament_lint_auto: 0.10.7 (/opt/ros/galactic/install/share/ament_lint_auto/cmake)
[3.731s] [33mCMake Warning (dev) at /opt/ros/galactic/install/share/rosidl_adapter/cmake/rosidl_adapt_interfaces.cmake:40 (find_package):
[3.731s]   Policy CMP0148 is not set: The FindPythonInterp and FindPythonLibs modules
[3.731s]   are removed.  Run "cmake --help-policy CMP0148" for policy details.  Use
[3.732s]   the cmake_policy command to set the policy and suppress this warning.
[3.732s] 
[3.732s] Call Stack (most recent call first):
[3.732s]   /opt/ros/galactic/install/share/rosidl_cmake/cmake/rosidl_generate_interfaces.cmake:130 (rosidl_adapt_interfaces)
[3.732s]   CMakeLists.txt:39 (rosidl_generate_interfaces)
[3.733s] This warning is for project developers.  Use -Wno-dev to suppress it.
[3.733s] [0m
[3.817s] -- Found PythonInterp: /usr/bin/python3 (found version "3.8.10") 
[4.206s] -- Found ament_cmake_ros: 0.9.2 (/opt/ros/galactic/install/share/ament_cmake_ros/cmake)
[4.999s] -- Using all available rosidl_typesupport_c: rosidl_typesupport_fastrtps_c;rosidl_typesupport_introspection_c
[5.243s] -- Using all available rosidl_typesupport_cpp: rosidl_typesupport_fastrtps_cpp;rosidl_typesupport_introspection_cpp
[5.256s] [33mCMake Warning (dev) at /opt/ros/galactic/install/share/rosidl_generator_py/cmake/rosidl_generator_py_generate_interfaces.cmake:20 (find_package):
[5.257s]   Policy CMP0148 is not set: The FindPythonInterp and FindPythonLibs modules
[5.257s]   are removed.  Run "cmake --help-policy CMP0148" for policy details.  Use
[5.257s]   the cmake_policy command to set the policy and suppress this warning.
[5.257s] 
[5.258s] Call Stack (most recent call first):
[5.259s]   /opt/ros/galactic/install/share/ament_cmake_core/cmake/core/ament_execute_extensions.cmake:48 (include)
[5.259s]   /opt/ros/galactic/install/share/rosidl_cmake/cmake/rosidl_generate_interfaces.cmake:286 (ament_execute_extensions)
[5.259s]   CMakeLists.txt:39 (rosidl_generate_interfaces)
[5.259s] This warning is for project developers.  Use -Wno-dev to suppress it.
[5.259s] [0m
[5.343s] -- Found PythonInterp: /usr/bin/python3 (found suitable version "3.8.10", minimum required is "3.5") 
[5.363s] -- Found python_cmake_module: 0.8.1 (/opt/ros/galactic/install/share/python_cmake_module/cmake)
[5.364s] [33mCMake Warning (dev) at /opt/ros/galactic/install/share/python_cmake_module/cmake/Modules/FindPythonExtra.cmake:45 (find_package):
[5.364s]   Policy CMP0148 is not set: The FindPythonInterp and FindPythonLibs modules
[5.364s]   are removed.  Run "cmake --help-policy CMP0148" for policy details.  Use
[5.364s]   the cmake_policy command to set the policy and suppress this warning.
[5.364s] 
[5.365s] Call Stack (most recent call first):
[5.365s]   /opt/ros/galactic/install/share/rosidl_generator_py/cmake/rosidl_generator_py_generate_interfaces.cmake:23 (find_package)
[5.365s]   /opt/ros/galactic/install/share/ament_cmake_core/cmake/core/ament_execute_extensions.cmake:48 (include)
[5.365s]   /opt/ros/galactic/install/share/rosidl_cmake/cmake/rosidl_generate_interfaces.cmake:286 (ament_execute_extensions)
[5.365s]   CMakeLists.txt:39 (rosidl_generate_interfaces)
[5.366s] This warning is for project developers.  Use -Wno-dev to suppress it.
[5.366s] [0m
[5.440s] [33mCMake Warning (dev) at /opt/ros/galactic/install/share/python_cmake_module/cmake/Modules/FindPythonExtra.cmake:133 (find_package):
[5.441s]   Policy CMP0148 is not set: The FindPythonInterp and FindPythonLibs modules
[5.441s]   are removed.  Run "cmake --help-policy CMP0148" for policy details.  Use
[5.442s]   the cmake_policy command to set the policy and suppress this warning.
[5.442s] 
[5.442s] Call Stack (most recent call first):
[5.442s]   /opt/ros/galactic/install/share/rosidl_generator_py/cmake/rosidl_generator_py_generate_interfaces.cmake:23 (find_package)
[5.443s]   /opt/ros/galactic/install/share/ament_cmake_core/cmake/core/ament_execute_extensions.cmake:48 (include)
[5.443s]   /opt/ros/galactic/install/share/rosidl_cmake/cmake/rosidl_generate_interfaces.cmake:286 (ament_execute_extensions)
[5.443s]   CMakeLists.txt:39 (rosidl_generate_interfaces)
[5.444s] This warning is for project developers.  Use -Wno-dev to suppress it.
[5.444s] [0m
[5.459s] -- Found PythonLibs: /usr/lib/aarch64-linux-gnu/libpython3.8.so (found suitable version "3.8.10", minimum required is "3.5") 
[5.466s] -- Using PYTHON_EXECUTABLE: /usr/bin/python3
[5.467s] -- Using PYTHON_INCLUDE_DIRS: /usr/include/python3.8
[5.467s] -- Using PYTHON_LIBRARIES: /usr/lib/aarch64-linux-gnu/libpython3.8.so
[5.551s] -- Found PythonExtra: .so  
[6.418s] -- Using numpy include directory: /usr/local/lib/python3.8/dist-packages/numpy/core/include
[6.481s] -- Added test 'copyright' to check source files copyright and LICENSE
[6.492s] -- Added test 'lint_cmake' to check CMake code style
[6.498s] -- Added test 'xmllint' to check XML markup files
[6.524s] -- Configuring done (6.3s)
[6.691s] -- Generating done (0.1s)
[6.702s] -- Build files have been written to: /ws/build/ti_mmwave_ros2_interfaces
[6.752s] Invoked command in '/ws/build/ti_mmwave_ros2_interfaces' returned '0': /usr/local/bin/cmake /ws/src/mmwave_ti_ros/ti_mmwave_ros2_interfaces -DAMENT_CMAKE_SYMLINK_INSTALL=1 -DCMAKE_INSTALL_PREFIX=/ws/install/ti_mmwave_ros2_interfaces
[6.759s] Invoking command in '/ws/build/ti_mmwave_ros2_interfaces': /usr/local/bin/cmake --build /ws/build/ti_mmwave_ros2_interfaces -- -j4 -l4
[6.909s] [  2%] [34m[1mGenerating C code for ROS interfaces[0m
[6.925s] [  5%] [34m[1mGenerating C++ code for ROS interfaces[0m
[8.213s] [  5%] Built target ti_mmwave_ros2_interfaces__cpp
[8.221s] [  7%] [32mBuilding C object CMakeFiles/ti_mmwave_ros2_interfaces__rosidl_generator_c.dir/rosidl_generator_c/ti_mmwave_ros2_interfaces/msg/detail/radar_scan__functions.c.o[0m
[8.239s] [ 10%] [32mBuilding C object CMakeFiles/ti_mmwave_ros2_interfaces__rosidl_generator_c.dir/rosidl_generator_c/ti_mmwave_ros2_interfaces/srv/detail/mm_wave_cli__functions.c.o[0m
[8.251s] [ 12%] [34m[1mGenerating C++ type support dispatch for ROS interfaces[0m
[8.268s] [ 15%] [34m[1mGenerating C++ type support for eProsima Fast-RTPS[0m
[8.585s] [ 17%] [34m[1mGenerating C++ introspection for ROS interfaces[0m
[8.622s] [ 20%] [32m[1mLinking C shared library libti_mmwave_ros2_interfaces__rosidl_generator_c.so[0m
[8.848s] [ 20%] Built target ti_mmwave_ros2_interfaces__rosidl_generator_c
[8.900s] [ 23%] [34m[1mGenerating C introspection for ROS interfaces[0m
[9.943s] [ 25%] [32mBuilding CXX object CMakeFiles/ti_mmwave_ros2_interfaces__rosidl_typesupport_cpp.dir/rosidl_typesupport_cpp/ti_mmwave_ros2_interfaces/msg/radar_scan__type_support.cpp.o[0m
[10.128s] [ 28%] [32mBuilding CXX object CMakeFiles/ti_mmwave_ros2_interfaces__rosidl_typesupport_introspection_cpp.dir/rosidl_typesupport_introspection_cpp/ti_mmwave_ros2_interfaces/msg/detail/radar_scan__type_support.cpp.o[0m
[10.199s] [ 30%] [32mBuilding CXX object CMakeFiles/ti_mmwave_ros2_interfaces__rosidl_typesupport_fastrtps_cpp.dir/rosidl_typesupport_fastrtps_cpp/ti_mmwave_ros2_interfaces/msg/detail/dds_fastrtps/radar_scan__type_support.cpp.o[0m
[10.847s] [ 33%] [32mBuilding C object CMakeFiles/ti_mmwave_ros2_interfaces__rosidl_typesupport_introspection_c.dir/rosidl_typesupport_introspection_c/ti_mmwave_ros2_interfaces/msg/detail/radar_scan__type_support.c.o[0m
[11.119s] [ 35%] [32mBuilding C object CMakeFiles/ti_mmwave_ros2_interfaces__rosidl_typesupport_introspection_c.dir/rosidl_typesupport_introspection_c/ti_mmwave_ros2_interfaces/srv/detail/mm_wave_cli__type_support.c.o[0m
[11.416s] [ 38%] [32m[1mLinking C shared library libti_mmwave_ros2_interfaces__rosidl_typesupport_introspection_c.so[0m
[11.616s] [ 38%] Built target ti_mmwave_ros2_interfaces__rosidl_typesupport_introspection_c
[11.659s] [ 41%] [32mBuilding CXX object CMakeFiles/ti_mmwave_ros2_interfaces__rosidl_typesupport_fastrtps_cpp.dir/rosidl_typesupport_fastrtps_cpp/ti_mmwave_ros2_interfaces/srv/detail/dds_fastrtps/mm_wave_cli__type_support.cpp.o[0m
[11.817s] [ 43%] [32mBuilding CXX object CMakeFiles/ti_mmwave_ros2_interfaces__rosidl_typesupport_cpp.dir/rosidl_typesupport_cpp/ti_mmwave_ros2_interfaces/srv/mm_wave_cli__type_support.cpp.o[0m
[11.915s] [ 46%] [32mBuilding CXX object CMakeFiles/ti_mmwave_ros2_interfaces__rosidl_typesupport_introspection_cpp.dir/rosidl_typesupport_introspection_cpp/ti_mmwave_ros2_interfaces/srv/detail/mm_wave_cli__type_support.cpp.o[0m
[13.187s] [ 48%] [34m[1mGenerating C type support dispatch for ROS interfaces[0m
[13.394s] [ 51%] [32m[1mLinking CXX shared library libti_mmwave_ros2_interfaces__rosidl_typesupport_cpp.so[0m
[13.644s] [ 51%] Built target ti_mmwave_ros2_interfaces__rosidl_typesupport_cpp
[13.802s] [ 53%] [32m[1mLinking CXX shared library libti_mmwave_ros2_interfaces__rosidl_typesupport_introspection_cpp.so[0m
[14.168s] [ 53%] Built target ti_mmwave_ros2_interfaces__rosidl_typesupport_introspection_cpp
[14.184s] [ 56%] [32m[1mLinking CXX shared library libti_mmwave_ros2_interfaces__rosidl_typesupport_fastrtps_cpp.so[0m
[14.529s] [ 56%] Built target ti_mmwave_ros2_interfaces__rosidl_typesupport_fastrtps_cpp
[14.578s] [ 58%] [34m[1mGenerating C type support for eProsima Fast-RTPS[0m
[14.679s] [ 61%] [32mBuilding CXX object CMakeFiles/ti_mmwave_ros2_interfaces__rosidl_typesupport_c.dir/rosidl_typesupport_c/ti_mmwave_ros2_interfaces/srv/mm_wave_cli__type_support.cpp.o[0m
[14.681s] [ 64%] [32mBuilding CXX object CMakeFiles/ti_mmwave_ros2_interfaces__rosidl_typesupport_c.dir/rosidl_typesupport_c/ti_mmwave_ros2_interfaces/msg/radar_scan__type_support.cpp.o[0m
[14.930s] [ 66%] [32m[1mLinking CXX shared library libti_mmwave_ros2_interfaces__rosidl_typesupport_c.so[0m
[15.126s] [ 66%] Built target ti_mmwave_ros2_interfaces__rosidl_typesupport_c
[15.737s] [ 69%] [32mBuilding CXX object CMakeFiles/ti_mmwave_ros2_interfaces__rosidl_typesupport_fastrtps_c.dir/rosidl_typesupport_fastrtps_c/ti_mmwave_ros2_interfaces/srv/detail/mm_wave_cli__type_support_c.cpp.o[0m
[15.746s] [ 71%] [32mBuilding CXX object CMakeFiles/ti_mmwave_ros2_interfaces__rosidl_typesupport_fastrtps_c.dir/rosidl_typesupport_fastrtps_c/ti_mmwave_ros2_interfaces/msg/detail/radar_scan__type_support_c.cpp.o[0m
[17.434s] [ 74%] [32m[1mLinking CXX shared library libti_mmwave_ros2_interfaces__rosidl_typesupport_fastrtps_c.so[0m
[17.665s] [ 74%] Built target ti_mmwave_ros2_interfaces__rosidl_typesupport_fastrtps_c
[17.698s] [ 74%] Built target ti_mmwave_ros2_interfaces
[17.742s] [ 76%] [34m[1mGenerating Python code for ROS interfaces[0m
[19.571s] [ 76%] Built target ti_mmwave_ros2_interfaces__py
[19.608s] [ 79%] [32mBuilding C object CMakeFiles/ti_mmwave_ros2_interfaces__python.dir/rosidl_generator_py/ti_mmwave_ros2_interfaces/srv/_mm_wave_cli_s.c.o[0m
[19.614s] [ 82%] [32mBuilding C object CMakeFiles/ti_mmwave_ros2_interfaces__python.dir/rosidl_generator_py/ti_mmwave_ros2_interfaces/msg/_radar_scan_s.c.o[0m
[20.203s] [ 84%] [32m[1mLinking C shared library rosidl_generator_py/ti_mmwave_ros2_interfaces/libti_mmwave_ros2_interfaces__python.so[0m
[20.309s] [ 84%] Built target ti_mmwave_ros2_interfaces__python
[20.361s] [ 87%] [32mBuilding C object CMakeFiles/ti_mmwave_ros2_interfaces__rosidl_typesupport_fastrtps_c__pyext.dir/rosidl_generator_py/ti_mmwave_ros2_interfaces/_ti_mmwave_ros2_interfaces_s.ep.rosidl_typesupport_fastrtps_c.c.o[0m
[20.403s] [ 89%] [32mBuilding C object CMakeFiles/ti_mmwave_ros2_interfaces__rosidl_typesupport_c__pyext.dir/rosidl_generator_py/ti_mmwave_ros2_interfaces/_ti_mmwave_ros2_interfaces_s.ep.rosidl_typesupport_c.c.o[0m
[20.443s] [ 92%] [32mBuilding C object CMakeFiles/ti_mmwave_ros2_interfaces__rosidl_typesupport_introspection_c__pyext.dir/rosidl_generator_py/ti_mmwave_ros2_interfaces/_ti_mmwave_ros2_interfaces_s.ep.rosidl_typesupport_introspection_c.c.o[0m
[20.848s] [ 94%] [32m[1mLinking CXX shared library rosidl_generator_py/ti_mmwave_ros2_interfaces/ti_mmwave_ros2_interfaces_s__rosidl_typesupport_fastrtps_c.cpython-38-aarch64-linux-gnu.so[0m
[20.852s] [ 97%] [32m[1mLinking C shared library rosidl_generator_py/ti_mmwave_ros2_interfaces/ti_mmwave_ros2_interfaces_s__rosidl_typesupport_introspection_c.cpython-38-aarch64-linux-gnu.so[0m
[20.959s] [ 97%] Built target ti_mmwave_ros2_interfaces__rosidl_typesupport_introspection_c__pyext
[20.975s] [100%] [32m[1mLinking C shared library rosidl_generator_py/ti_mmwave_ros2_interfaces/ti_mmwave_ros2_interfaces_s__rosidl_typesupport_c.cpython-38-aarch64-linux-gnu.so[0m
[21.122s] [100%] Built target ti_mmwave_ros2_interfaces__rosidl_typesupport_fastrtps_c__pyext
[21.154s] [100%] Built target ti_mmwave_ros2_interfaces__rosidl_typesupport_c__pyext
[21.204s] Invoked command in '/ws/build/ti_mmwave_ros2_interfaces' returned '0': /usr/local/bin/cmake --build /ws/build/ti_mmwave_ros2_interfaces -- -j4 -l4
[21.612s] Invoking command in '/ws/build/ti_mmwave_ros2_interfaces': /usr/local/bin/cmake --install /ws/build/ti_mmwave_ros2_interfaces
[21.711s] -- Install configuration: ""
[21.722s] -- Execute custom install script
[21.722s] -- Symlinking: /ws/install/ti_mmwave_ros2_interfaces/share/ament_index/resource_index/rosidl_interfaces/ti_mmwave_ros2_interfaces
[21.735s] -- Symlinking: /ws/install/ti_mmwave_ros2_interfaces/include/ti_mmwave_ros2_interfaces/msg/detail/radar_scan__functions.h
[21.743s] -- Symlinking: /ws/install/ti_mmwave_ros2_interfaces/include/ti_mmwave_ros2_interfaces/msg/detail/radar_scan__struct.h
[21.757s] -- Symlinking: /ws/install/ti_mmwave_ros2_interfaces/include/ti_mmwave_ros2_interfaces/msg/detail/radar_scan__type_support.h
[21.764s] -- Symlinking: /ws/install/ti_mmwave_ros2_interfaces/include/ti_mmwave_ros2_interfaces/msg/radar_scan.h
[21.776s] -- Symlinking: /ws/install/ti_mmwave_ros2_interfaces/include/ti_mmwave_ros2_interfaces/msg/rosidl_generator_c__visibility_control.h
[21.797s] -- Symlinking: /ws/install/ti_mmwave_ros2_interfaces/include/ti_mmwave_ros2_interfaces/srv/detail/mm_wave_cli__functions.h
[21.808s] -- Symlinking: /ws/install/ti_mmwave_ros2_interfaces/include/ti_mmwave_ros2_interfaces/srv/detail/mm_wave_cli__struct.h
[21.818s] -- Symlinking: /ws/install/ti_mmwave_ros2_interfaces/include/ti_mmwave_ros2_interfaces/srv/detail/mm_wave_cli__type_support.h
[21.831s] -- Symlinking: /ws/install/ti_mmwave_ros2_interfaces/include/ti_mmwave_ros2_interfaces/srv/mm_wave_cli.h
[21.842s] -- Symlinking: /ws/install/ti_mmwave_ros2_interfaces/share/ti_mmwave_ros2_interfaces/environment/library_path.sh
[21.855s] -- Symlinking: /ws/install/ti_mmwave_ros2_interfaces/share/ti_mmwave_ros2_interfaces/environment/library_path.dsv
[21.873s] -- Symlinking: /ws/install/ti_mmwave_ros2_interfaces/include/ti_mmwave_ros2_interfaces/msg/detail/radar_scan__rosidl_typesupport_fastrtps_c.h
[21.883s] -- Symlinking: /ws/install/ti_mmwave_ros2_interfaces/include/ti_mmwave_ros2_interfaces/msg/rosidl_typesupport_fastrtps_c__visibility_control.h
[21.891s] -- Symlinking: /ws/install/ti_mmwave_ros2_interfaces/include/ti_mmwave_ros2_interfaces/srv/detail/mm_wave_cli__rosidl_typesupport_fastrtps_c.h
[21.901s] -- Symlinking: /ws/install/ti_mmwave_ros2_interfaces/lib/libti_mmwave_ros2_interfaces__rosidl_typesupport_fastrtps_c.so
[21.911s] -- Symlinking: /ws/install/ti_mmwave_ros2_interfaces/include/ti_mmwave_ros2_interfaces/msg/detail/radar_scan__rosidl_typesupport_fastrtps_cpp.hpp
[21.919s] -- Symlinking: /ws/install/ti_mmwave_ros2_interfaces/include/ti_mmwave_ros2_interfaces/msg/rosidl_typesupport_fastrtps_cpp__visibility_control.h
[21.928s] -- Symlinking: /ws/install/ti_mmwave_ros2_interfaces/include/ti_mmwave_ros2_interfaces/srv/detail/mm_wave_cli__rosidl_typesupport_fastrtps_cpp.hpp
[21.941s] -- Symlinking: /ws/install/ti_mmwave_ros2_interfaces/lib/libti_mmwave_ros2_interfaces__rosidl_typesupport_fastrtps_cpp.so
[21.952s] -- Symlinking: /ws/install/ti_mmwave_ros2_interfaces/include/ti_mmwave_ros2_interfaces/msg/detail/radar_scan__rosidl_typesupport_introspection_c.h
[21.965s] -- Symlinking: /ws/install/ti_mmwave_ros2_interfaces/include/ti_mmwave_ros2_interfaces/msg/rosidl_typesupport_introspection_c__visibility_control.h
[21.974s] -- Symlinking: /ws/install/ti_mmwave_ros2_interfaces/include/ti_mmwave_ros2_interfaces/srv/detail/mm_wave_cli__rosidl_typesupport_introspection_c.h
[21.985s] -- Symlinking: /ws/install/ti_mmwave_ros2_interfaces/include/ti_mmwave_ros2_interfaces/msg/detail/radar_scan__builder.hpp
[21.994s] -- Symlinking: /ws/install/ti_mmwave_ros2_interfaces/include/ti_mmwave_ros2_interfaces/msg/detail/radar_scan__struct.hpp
[22.003s] -- Symlinking: /ws/install/ti_mmwave_ros2_interfaces/include/ti_mmwave_ros2_interfaces/msg/detail/radar_scan__traits.hpp
[22.012s] -- Symlinking: /ws/install/ti_mmwave_ros2_interfaces/include/ti_mmwave_ros2_interfaces/msg/radar_scan.hpp
[22.022s] -- Symlinking: /ws/install/ti_mmwave_ros2_interfaces/include/ti_mmwave_ros2_interfaces/srv/detail/mm_wave_cli__builder.hpp
[22.035s] -- Symlinking: /ws/install/ti_mmwave_ros2_interfaces/include/ti_mmwave_ros2_interfaces/srv/detail/mm_wave_cli__struct.hpp
[22.043s] -- Symlinking: /ws/install/ti_mmwave_ros2_interfaces/include/ti_mmwave_ros2_interfaces/srv/detail/mm_wave_cli__traits.hpp
[22.053s] -- Symlinking: /ws/install/ti_mmwave_ros2_interfaces/include/ti_mmwave_ros2_interfaces/srv/mm_wave_cli.hpp
[22.069s] -- Symlinking: /ws/install/ti_mmwave_ros2_interfaces/include/ti_mmwave_ros2_interfaces/msg/detail/radar_scan__rosidl_typesupport_introspection_cpp.hpp
[22.083s] -- Symlinking: /ws/install/ti_mmwave_ros2_interfaces/include/ti_mmwave_ros2_interfaces/srv/detail/mm_wave_cli__rosidl_typesupport_introspection_cpp.hpp
[22.092s] -- Symlinking: /ws/install/ti_mmwave_ros2_interfaces/share/ti_mmwave_ros2_interfaces/environment/pythonpath.sh
[22.102s] -- Symlinking: /ws/install/ti_mmwave_ros2_interfaces/share/ti_mmwave_ros2_interfaces/environment/pythonpath.dsv
[22.113s] -- Symlinking: /ws/install/ti_mmwave_ros2_interfaces/lib/python3.8/site-packages/ti_mmwave_ros2_interfaces/__init__.py
[22.125s] -- Symlinking: /ws/install/ti_mmwave_ros2_interfaces/lib/python3.8/site-packages/ti_mmwave_ros2_interfaces/msg/__init__.py
[22.131s] -- Symlinking: /ws/install/ti_mmwave_ros2_interfaces/lib/python3.8/site-packages/ti_mmwave_ros2_interfaces/msg/_radar_scan.py
[22.143s] -- Symlinking: /ws/install/ti_mmwave_ros2_interfaces/lib/python3.8/site-packages/ti_mmwave_ros2_interfaces/srv/__init__.py
[22.152s] -- Symlinking: /ws/install/ti_mmwave_ros2_interfaces/lib/python3.8/site-packages/ti_mmwave_ros2_interfaces/srv/_mm_wave_cli.py
[22.168s] -- Symlinking: /ws/install/ti_mmwave_ros2_interfaces/lib/python3.8/site-packages/ti_mmwave_ros2_interfaces/ti_mmwave_ros2_interfaces_s__rosidl_typesupport_fastrtps_c.cpython-38-aarch64-linux-gnu.so
[22.179s] -- Symlinking: /ws/install/ti_mmwave_ros2_interfaces/lib/python3.8/site-packages/ti_mmwave_ros2_interfaces/ti_mmwave_ros2_interfaces_s__rosidl_typesupport_introspection_c.cpython-38-aarch64-linux-gnu.so
[22.191s] -- Symlinking: /ws/install/ti_mmwave_ros2_interfaces/lib/python3.8/site-packages/ti_mmwave_ros2_interfaces/ti_mmwave_ros2_interfaces_s__rosidl_typesupport_c.cpython-38-aarch64-linux-gnu.so
[22.201s] -- Symlinking: /ws/install/ti_mmwave_ros2_interfaces/lib/libti_mmwave_ros2_interfaces__python.so
[22.212s] -- Symlinking: /ws/install/ti_mmwave_ros2_interfaces/share/ti_mmwave_ros2_interfaces/msg/RadarScan.idl
[22.226s] -- Symlinking: /ws/install/ti_mmwave_ros2_interfaces/share/ti_mmwave_ros2_interfaces/srv/MMWaveCLI.idl
[22.236s] -- Symlinking: /ws/install/ti_mmwave_ros2_interfaces/share/ti_mmwave_ros2_interfaces/msg/RadarScan.msg
[22.248s] -- Symlinking: /ws/install/ti_mmwave_ros2_interfaces/share/ti_mmwave_ros2_interfaces/srv/MMWaveCLI.srv
[22.263s] -- Symlinking: /ws/install/ti_mmwave_ros2_interfaces/share/ti_mmwave_ros2_interfaces/srv/MMWaveCLI_Request.msg
[22.278s] -- Symlinking: /ws/install/ti_mmwave_ros2_interfaces/share/ti_mmwave_ros2_interfaces/srv/MMWaveCLI_Response.msg
[22.290s] -- Symlinking: /ws/install/ti_mmwave_ros2_interfaces/share/ament_index/resource_index/package_run_dependencies/ti_mmwave_ros2_interfaces
[22.301s] -- Symlinking: /ws/install/ti_mmwave_ros2_interfaces/share/ament_index/resource_index/parent_prefix_path/ti_mmwave_ros2_interfaces
[22.311s] -- Symlinking: /ws/install/ti_mmwave_ros2_interfaces/share/ti_mmwave_ros2_interfaces/environment/ament_prefix_path.sh
[22.323s] -- Symlinking: /ws/install/ti_mmwave_ros2_interfaces/share/ti_mmwave_ros2_interfaces/environment/ament_prefix_path.dsv
[22.330s] -- Symlinking: /ws/install/ti_mmwave_ros2_interfaces/share/ti_mmwave_ros2_interfaces/environment/path.sh
[22.339s] -- Symlinking: /ws/install/ti_mmwave_ros2_interfaces/share/ti_mmwave_ros2_interfaces/environment/path.dsv
[22.349s] -- Symlinking: /ws/install/ti_mmwave_ros2_interfaces/share/ti_mmwave_ros2_interfaces/local_setup.bash
[22.360s] -- Symlinking: /ws/install/ti_mmwave_ros2_interfaces/share/ti_mmwave_ros2_interfaces/local_setup.sh
[22.374s] -- Symlinking: /ws/install/ti_mmwave_ros2_interfaces/share/ti_mmwave_ros2_interfaces/local_setup.zsh
[22.385s] -- Symlinking: /ws/install/ti_mmwave_ros2_interfaces/share/ti_mmwave_ros2_interfaces/local_setup.dsv
[22.393s] -- Symlinking: /ws/install/ti_mmwave_ros2_interfaces/share/ti_mmwave_ros2_interfaces/package.dsv
[22.403s] -- Symlinking: /ws/install/ti_mmwave_ros2_interfaces/share/ament_index/resource_index/packages/ti_mmwave_ros2_interfaces
[22.413s] -- Symlinking: /ws/install/ti_mmwave_ros2_interfaces/share/ti_mmwave_ros2_interfaces/cmake/rosidl_cmake-extras.cmake
[22.423s] -- Symlinking: /ws/install/ti_mmwave_ros2_interfaces/share/ti_mmwave_ros2_interfaces/cmake/ament_cmake_export_dependencies-extras.cmake
[22.431s] -- Symlinking: /ws/install/ti_mmwave_ros2_interfaces/share/ti_mmwave_ros2_interfaces/cmake/ament_cmake_export_libraries-extras.cmake
[22.441s] -- Symlinking: /ws/install/ti_mmwave_ros2_interfaces/share/ti_mmwave_ros2_interfaces/cmake/ament_cmake_export_targets-extras.cmake
[22.452s] -- Symlinking: /ws/install/ti_mmwave_ros2_interfaces/share/ti_mmwave_ros2_interfaces/cmake/ament_cmake_export_include_directories-extras.cmake
[22.464s] -- Symlinking: /ws/install/ti_mmwave_ros2_interfaces/share/ti_mmwave_ros2_interfaces/cmake/rosidl_cmake_export_typesupport_libraries-extras.cmake
[22.476s] -- Symlinking: /ws/install/ti_mmwave_ros2_interfaces/share/ti_mmwave_ros2_interfaces/cmake/rosidl_cmake_export_typesupport_targets-extras.cmake
[22.486s] -- Symlinking: /ws/install/ti_mmwave_ros2_interfaces/share/ti_mmwave_ros2_interfaces/cmake/ti_mmwave_ros2_interfacesConfig.cmake
[22.495s] -- Symlinking: /ws/install/ti_mmwave_ros2_interfaces/share/ti_mmwave_ros2_interfaces/cmake/ti_mmwave_ros2_interfacesConfig-version.cmake
[22.511s] -- Symlinking: /ws/install/ti_mmwave_ros2_interfaces/share/ti_mmwave_ros2_interfaces/package.xml
[22.519s] -- Installing: /ws/install/ti_mmwave_ros2_interfaces/lib/libti_mmwave_ros2_interfaces__rosidl_generator_c.so
[22.520s] -- Set runtime path of "/ws/install/ti_mmwave_ros2_interfaces/lib/libti_mmwave_ros2_interfaces__rosidl_generator_c.so" to ""
[22.520s] -- Installing: /ws/install/ti_mmwave_ros2_interfaces/lib/libti_mmwave_ros2_interfaces__rosidl_typesupport_introspection_c.so
[22.523s] -- Set runtime path of "/ws/install/ti_mmwave_ros2_interfaces/lib/libti_mmwave_ros2_interfaces__rosidl_typesupport_introspection_c.so" to ""
[22.524s] -- Installing: /ws/install/ti_mmwave_ros2_interfaces/lib/libti_mmwave_ros2_interfaces__rosidl_typesupport_c.so
[22.524s] -- Set runtime path of "/ws/install/ti_mmwave_ros2_interfaces/lib/libti_mmwave_ros2_interfaces__rosidl_typesupport_c.so" to ""
[22.524s] -- Installing: /ws/install/ti_mmwave_ros2_interfaces/lib/libti_mmwave_ros2_interfaces__rosidl_typesupport_introspection_cpp.so
[22.525s] -- Set runtime path of "/ws/install/ti_mmwave_ros2_interfaces/lib/libti_mmwave_ros2_interfaces__rosidl_typesupport_introspection_cpp.so" to ""
[22.525s] -- Installing: /ws/install/ti_mmwave_ros2_interfaces/lib/libti_mmwave_ros2_interfaces__rosidl_typesupport_cpp.so
[22.526s] -- Set runtime path of "/ws/install/ti_mmwave_ros2_interfaces/lib/libti_mmwave_ros2_interfaces__rosidl_typesupport_cpp.so" to ""
[22.638s] Compiling '/ws/install/ti_mmwave_ros2_interfaces/lib/python3.8/site-packages/ti_mmwave_ros2_interfaces/__init__.py'...
[22.670s] -- Installing: /ws/install/ti_mmwave_ros2_interfaces/share/ti_mmwave_ros2_interfaces/cmake/ti_mmwave_ros2_interfaces__rosidl_generator_cExport.cmake
[22.671s] -- Installing: /ws/install/ti_mmwave_ros2_interfaces/share/ti_mmwave_ros2_interfaces/cmake/ti_mmwave_ros2_interfaces__rosidl_generator_cExport-noconfig.cmake
[22.671s] -- Installing: /ws/install/ti_mmwave_ros2_interfaces/share/ti_mmwave_ros2_interfaces/cmake/ti_mmwave_ros2_interfaces__rosidl_typesupport_introspection_cExport.cmake
[22.671s] -- Installing: /ws/install/ti_mmwave_ros2_interfaces/share/ti_mmwave_ros2_interfaces/cmake/ti_mmwave_ros2_interfaces__rosidl_typesupport_introspection_cExport-noconfig.cmake
[22.672s] -- Installing: /ws/install/ti_mmwave_ros2_interfaces/share/ti_mmwave_ros2_interfaces/cmake/ti_mmwave_ros2_interfaces__rosidl_typesupport_cExport.cmake
[22.672s] -- Installing: /ws/install/ti_mmwave_ros2_interfaces/share/ti_mmwave_ros2_interfaces/cmake/ti_mmwave_ros2_interfaces__rosidl_typesupport_cExport-noconfig.cmake
[22.672s] -- Installing: /ws/install/ti_mmwave_ros2_interfaces/share/ti_mmwave_ros2_interfaces/cmake/ti_mmwave_ros2_interfaces__rosidl_generator_cppExport.cmake
[22.672s] -- Installing: /ws/install/ti_mmwave_ros2_interfaces/share/ti_mmwave_ros2_interfaces/cmake/ti_mmwave_ros2_interfaces__rosidl_typesupport_introspection_cppExport.cmake
[22.672s] -- Installing: /ws/install/ti_mmwave_ros2_interfaces/share/ti_mmwave_ros2_interfaces/cmake/ti_mmwave_ros2_interfaces__rosidl_typesupport_introspection_cppExport-noconfig.cmake
[22.673s] -- Installing: /ws/install/ti_mmwave_ros2_interfaces/share/ti_mmwave_ros2_interfaces/cmake/ti_mmwave_ros2_interfaces__rosidl_typesupport_cppExport.cmake
[22.673s] -- Installing: /ws/install/ti_mmwave_ros2_interfaces/share/ti_mmwave_ros2_interfaces/cmake/ti_mmwave_ros2_interfaces__rosidl_typesupport_cppExport-noconfig.cmake
[22.695s] Invoked command in '/ws/build/ti_mmwave_ros2_interfaces' returned '0': /usr/local/bin/cmake --install /ws/build/ti_mmwave_ros2_interfaces
