[0.124s] Invoking command in '/ws/src/build/serial': /usr/local/bin/cmake --build /ws/src/build/serial -- -j6 -l6
[0.267s] [100%] Built target serial
[0.305s] Invoked command in '/ws/src/build/serial' returned '0': /usr/local/bin/cmake --build /ws/src/build/serial -- -j6 -l6
[0.567s] Invoking command in '/ws/src/build/serial': /usr/local/bin/cmake --install /ws/src/build/serial
[0.658s] -- Install configuration: ""
[0.660s] -- Execute custom install script
[0.661s] -- Up-to-date symlink: /ws/src/install/serial/share/serial/environment/library_path.sh
[0.664s] -- Up-to-date symlink: /ws/src/install/serial/share/serial/environment/library_path.dsv
[0.665s] -- Up-to-date symlink: /ws/src/install/serial/lib/libserial.a
[0.665s] -- Up-to-date symlink: /ws/src/install/serial/include/serial/serial.h
[0.665s] -- Up-to-date symlink: /ws/src/install/serial/include/serial/v8stdint.h
[0.665s] -- Up-to-date symlink: /ws/src/install/serial/share/ament_index/resource_index/package_run_dependencies/serial
[0.665s] -- Up-to-date symlink: /ws/src/install/serial/share/ament_index/resource_index/parent_prefix_path/serial
[0.665s] -- Up-to-date symlink: /ws/src/install/serial/share/serial/environment/ament_prefix_path.sh
[0.666s] -- Up-to-date symlink: /ws/src/install/serial/share/serial/environment/ament_prefix_path.dsv
[0.666s] -- Up-to-date symlink: /ws/src/install/serial/share/serial/environment/path.sh
[0.667s] -- Up-to-date symlink: /ws/src/install/serial/share/serial/environment/path.dsv
[0.667s] -- Up-to-date symlink: /ws/src/install/serial/share/serial/local_setup.bash
[0.667s] -- Up-to-date symlink: /ws/src/install/serial/share/serial/local_setup.sh
[0.667s] -- Up-to-date symlink: /ws/src/install/serial/share/serial/local_setup.zsh
[0.668s] -- Up-to-date symlink: /ws/src/install/serial/share/serial/local_setup.dsv
[0.668s] -- Symlinking: /ws/src/install/serial/share/serial/package.dsv
[0.689s] -- Up-to-date symlink: /ws/src/install/serial/share/ament_index/resource_index/packages/serial
[0.691s] -- Up-to-date symlink: /ws/src/install/serial/share/serial/cmake/ament_cmake_export_include_directories-extras.cmake
[0.691s] -- Up-to-date symlink: /ws/src/install/serial/share/serial/cmake/ament_cmake_export_libraries-extras.cmake
[0.692s] -- Up-to-date symlink: /ws/src/install/serial/share/serial/cmake/serialConfig.cmake
[0.692s] -- Up-to-date symlink: /ws/src/install/serial/share/serial/cmake/serialConfig-version.cmake
[0.693s] -- Up-to-date symlink: /ws/src/install/serial/share/serial/package.xml
[0.712s] Invoked command in '/ws/src/build/serial' returned '0': /usr/local/bin/cmake --install /ws/src/build/serial
