-- The C compiler identification is GNU 9.4.0
-- The CXX compiler identification is GNU 9.4.0
-- Detecting C compiler ABI info
-- Detecting C compiler ABI info - done
-- Check for working C compiler: /usr/bin/cc - skipped
-- Detecting C compile features
-- Detecting C compile features - done
-- Detecting CXX compiler ABI info
-- Detecting CXX compiler ABI info - done
-- Check for working CXX compiler: /usr/bin/c++ - skipped
-- Detecting CXX compile features
-- Detecting CXX compile features - done
-- Found ament_cmake: 1.1.6 (/opt/ros/galactic/install/share/ament_cmake/cmake)
-- Found PythonInterp: /usr/bin/python3 (found suitable version "3.8.10", minimum required is "3") 
-- Using PYTHON_EXECUTABLE: /usr/bin/python3
-- Override CMake install command with custom implementation using symlinks instead of copying resources
-- Found rosidl_default_generators: 1.1.1 (/opt/ros/galactic/install/share/rosidl_default_generators/cmake)
-- Using all available rosidl_typesupport_c: rosidl_typesupport_fastrtps_c;rosidl_typesupport_introspection_c
-- Found rosidl_adapter: 2.2.3 (/opt/ros/galactic/install/share/rosidl_adapter/cmake)
-- Found OpenSSL: /usr/lib/aarch64-linux-gnu/libcrypto.so (found version "1.1.1f")  
-- Found FastRTPS: /opt/ros/galactic/install/include  
-- Using all available rosidl_typesupport_cpp: rosidl_typesupport_fastrtps_cpp;rosidl_typesupport_introspection_cpp
-- Found std_msgs: 2.2.4 (/opt/ros/galactic/install/share/std_msgs/cmake)
-- Found ament_lint_auto: 0.10.7 (/opt/ros/galactic/install/share/ament_lint_auto/cmake)
-- Found PythonInterp: /usr/bin/python3 (found version "3.8.10") 
-- Found ament_cmake_ros: 0.9.2 (/opt/ros/galactic/install/share/ament_cmake_ros/cmake)
-- Using all available rosidl_typesupport_c: rosidl_typesupport_fastrtps_c;rosidl_typesupport_introspection_c
-- Using all available rosidl_typesupport_cpp: rosidl_typesupport_fastrtps_cpp;rosidl_typesupport_introspection_cpp
-- Found PythonInterp: /usr/bin/python3 (found suitable version "3.8.10", minimum required is "3.5") 
-- Found python_cmake_module: 0.8.1 (/opt/ros/galactic/install/share/python_cmake_module/cmake)
-- Found PythonLibs: /usr/lib/aarch64-linux-gnu/libpython3.8.so (found suitable version "3.8.10", minimum required is "3.5") 
-- Using PYTHON_EXECUTABLE: /usr/bin/python3
-- Using PYTHON_INCLUDE_DIRS: /usr/include/python3.8
-- Using PYTHON_LIBRARIES: /usr/lib/aarch64-linux-gnu/libpython3.8.so
-- Found PythonExtra: .so  
-- Using numpy include directory: /usr/local/lib/python3.8/dist-packages/numpy/core/include
-- Added test 'copyright' to check source files copyright and LICENSE
-- Added test 'lint_cmake' to check CMake code style
-- Added test 'xmllint' to check XML markup files
-- Configuring done (3.2s)
-- Generating done (0.1s)
-- Build files have been written to: /ws/src/build/ti_mmwave_ros2_interfaces
[  2%] [34m[1mGenerating C code for ROS interfaces[0m
[  5%] [34m[1mGenerating C++ code for ROS interfaces[0m
[  5%] Built target ti_mmwave_ros2_interfaces__cpp
[  7%] [34m[1mGenerating C++ type support dispatch for ROS interfaces[0m
[ 10%] [34m[1mGenerating C++ type support for eProsima Fast-RTPS[0m
[ 12%] [34m[1mGenerating C++ introspection for ROS interfaces[0m
[ 17%] [32mBuilding C object CMakeFiles/ti_mmwave_ros2_interfaces__rosidl_generator_c.dir/rosidl_generator_c/ti_mmwave_ros2_interfaces/srv/detail/mm_wave_cli__functions.c.o[0m
[ 17%] [32mBuilding C object CMakeFiles/ti_mmwave_ros2_interfaces__rosidl_generator_c.dir/rosidl_generator_c/ti_mmwave_ros2_interfaces/msg/detail/radar_scan__functions.c.o[0m
[ 20%] [32m[1mLinking C shared library libti_mmwave_ros2_interfaces__rosidl_generator_c.so[0m
[ 20%] Built target ti_mmwave_ros2_interfaces__rosidl_generator_c
[ 25%] [34m[1mGenerating C type support dispatch for ROS interfaces[0m
[ 25%] [34m[1mGenerating C introspection for ROS interfaces[0m
[ 30%] [32mBuilding CXX object CMakeFiles/ti_mmwave_ros2_interfaces__rosidl_typesupport_cpp.dir/rosidl_typesupport_cpp/ti_mmwave_ros2_interfaces/srv/mm_wave_cli__type_support.cpp.o[0m
[ 30%] [32mBuilding CXX object CMakeFiles/ti_mmwave_ros2_interfaces__rosidl_typesupport_cpp.dir/rosidl_typesupport_cpp/ti_mmwave_ros2_interfaces/msg/radar_scan__type_support.cpp.o[0m
[ 33%] [32mBuilding CXX object CMakeFiles/ti_mmwave_ros2_interfaces__rosidl_typesupport_introspection_cpp.dir/rosidl_typesupport_introspection_cpp/ti_mmwave_ros2_interfaces/msg/detail/radar_scan__type_support.cpp.o[0m
[ 35%] [32mBuilding CXX object CMakeFiles/ti_mmwave_ros2_interfaces__rosidl_typesupport_fastrtps_cpp.dir/rosidl_typesupport_fastrtps_cpp/ti_mmwave_ros2_interfaces/msg/detail/dds_fastrtps/radar_scan__type_support.cpp.o[0m
[ 38%] [32mBuilding CXX object CMakeFiles/ti_mmwave_ros2_interfaces__rosidl_typesupport_c.dir/rosidl_typesupport_c/ti_mmwave_ros2_interfaces/msg/radar_scan__type_support.cpp.o[0m
[ 41%] [32mBuilding CXX object CMakeFiles/ti_mmwave_ros2_interfaces__rosidl_typesupport_c.dir/rosidl_typesupport_c/ti_mmwave_ros2_interfaces/srv/mm_wave_cli__type_support.cpp.o[0m
[ 43%] [32mBuilding C object CMakeFiles/ti_mmwave_ros2_interfaces__rosidl_typesupport_introspection_c.dir/rosidl_typesupport_introspection_c/ti_mmwave_ros2_interfaces/msg/detail/radar_scan__type_support.c.o[0m
[ 46%] [32m[1mLinking CXX shared library libti_mmwave_ros2_interfaces__rosidl_typesupport_c.so[0m
[ 48%] [32mBuilding C object CMakeFiles/ti_mmwave_ros2_interfaces__rosidl_typesupport_introspection_c.dir/rosidl_typesupport_introspection_c/ti_mmwave_ros2_interfaces/srv/detail/mm_wave_cli__type_support.c.o[0m
[ 48%] Built target ti_mmwave_ros2_interfaces__rosidl_typesupport_c
[ 51%] [32mBuilding CXX object CMakeFiles/ti_mmwave_ros2_interfaces__rosidl_typesupport_fastrtps_cpp.dir/rosidl_typesupport_fastrtps_cpp/ti_mmwave_ros2_interfaces/srv/detail/dds_fastrtps/mm_wave_cli__type_support.cpp.o[0m
[ 53%] [32m[1mLinking C shared library libti_mmwave_ros2_interfaces__rosidl_typesupport_introspection_c.so[0m
[ 53%] Built target ti_mmwave_ros2_interfaces__rosidl_typesupport_introspection_c
[ 56%] [32mBuilding CXX object CMakeFiles/ti_mmwave_ros2_interfaces__rosidl_typesupport_introspection_cpp.dir/rosidl_typesupport_introspection_cpp/ti_mmwave_ros2_interfaces/srv/detail/mm_wave_cli__type_support.cpp.o[0m
[ 58%] [32m[1mLinking CXX shared library libti_mmwave_ros2_interfaces__rosidl_typesupport_cpp.so[0m
[ 58%] Built target ti_mmwave_ros2_interfaces__rosidl_typesupport_cpp
[ 61%] [32m[1mLinking CXX shared library libti_mmwave_ros2_interfaces__rosidl_typesupport_introspection_cpp.so[0m
[ 61%] Built target ti_mmwave_ros2_interfaces__rosidl_typesupport_introspection_cpp
[ 64%] [32m[1mLinking CXX shared library libti_mmwave_ros2_interfaces__rosidl_typesupport_fastrtps_cpp.so[0m
[ 64%] Built target ti_mmwave_ros2_interfaces__rosidl_typesupport_fastrtps_cpp
[ 66%] [34m[1mGenerating C type support for eProsima Fast-RTPS[0m
[ 69%] [32mBuilding CXX object CMakeFiles/ti_mmwave_ros2_interfaces__rosidl_typesupport_fastrtps_c.dir/rosidl_typesupport_fastrtps_c/ti_mmwave_ros2_interfaces/msg/detail/radar_scan__type_support_c.cpp.o[0m
[ 71%] [32mBuilding CXX object CMakeFiles/ti_mmwave_ros2_interfaces__rosidl_typesupport_fastrtps_c.dir/rosidl_typesupport_fastrtps_c/ti_mmwave_ros2_interfaces/srv/detail/mm_wave_cli__type_support_c.cpp.o[0m
[ 74%] [32m[1mLinking CXX shared library libti_mmwave_ros2_interfaces__rosidl_typesupport_fastrtps_c.so[0m
[ 74%] Built target ti_mmwave_ros2_interfaces__rosidl_typesupport_fastrtps_c
[ 74%] Built target ti_mmwave_ros2_interfaces
[ 76%] [34m[1mGenerating Python code for ROS interfaces[0m
[ 76%] Built target ti_mmwave_ros2_interfaces__py
[ 79%] [32mBuilding C object CMakeFiles/ti_mmwave_ros2_interfaces__python.dir/rosidl_generator_py/ti_mmwave_ros2_interfaces/msg/_radar_scan_s.c.o[0m
[ 82%] [32mBuilding C object CMakeFiles/ti_mmwave_ros2_interfaces__python.dir/rosidl_generator_py/ti_mmwave_ros2_interfaces/srv/_mm_wave_cli_s.c.o[0m
[ 84%] [32m[1mLinking C shared library rosidl_generator_py/ti_mmwave_ros2_interfaces/libti_mmwave_ros2_interfaces__python.so[0m
[ 84%] Built target ti_mmwave_ros2_interfaces__python
[ 89%] [32mBuilding C object CMakeFiles/ti_mmwave_ros2_interfaces__rosidl_typesupport_c__pyext.dir/rosidl_generator_py/ti_mmwave_ros2_interfaces/_ti_mmwave_ros2_interfaces_s.ep.rosidl_typesupport_c.c.o[0m
[ 89%] [32mBuilding C object CMakeFiles/ti_mmwave_ros2_interfaces__rosidl_typesupport_fastrtps_c__pyext.dir/rosidl_generator_py/ti_mmwave_ros2_interfaces/_ti_mmwave_ros2_interfaces_s.ep.rosidl_typesupport_fastrtps_c.c.o[0m
[ 92%] [32mBuilding C object CMakeFiles/ti_mmwave_ros2_interfaces__rosidl_typesupport_introspection_c__pyext.dir/rosidl_generator_py/ti_mmwave_ros2_interfaces/_ti_mmwave_ros2_interfaces_s.ep.rosidl_typesupport_introspection_c.c.o[0m
[ 97%] [32m[1mLinking C shared library rosidl_generator_py/ti_mmwave_ros2_interfaces/ti_mmwave_ros2_interfaces_s__rosidl_typesupport_introspection_c.cpython-38-aarch64-linux-gnu.so[0m
[ 97%] [32m[1mLinking C shared library rosidl_generator_py/ti_mmwave_ros2_interfaces/ti_mmwave_ros2_interfaces_s__rosidl_typesupport_c.cpython-38-aarch64-linux-gnu.so[0m
[100%] [32m[1mLinking CXX shared library rosidl_generator_py/ti_mmwave_ros2_interfaces/ti_mmwave_ros2_interfaces_s__rosidl_typesupport_fastrtps_c.cpython-38-aarch64-linux-gnu.so[0m
[100%] Built target ti_mmwave_ros2_interfaces__rosidl_typesupport_introspection_c__pyext
[100%] Built target ti_mmwave_ros2_interfaces__rosidl_typesupport_c__pyext
[100%] Built target ti_mmwave_ros2_interfaces__rosidl_typesupport_fastrtps_c__pyext
-- Install configuration: ""
-- Execute custom install script
-- Symlinking: /ws/src/install/ti_mmwave_ros2_interfaces/share/ament_index/resource_index/rosidl_interfaces/ti_mmwave_ros2_interfaces
-- Symlinking: /ws/src/install/ti_mmwave_ros2_interfaces/include/ti_mmwave_ros2_interfaces/msg/detail/radar_scan__functions.h
-- Symlinking: /ws/src/install/ti_mmwave_ros2_interfaces/include/ti_mmwave_ros2_interfaces/msg/detail/radar_scan__struct.h
-- Symlinking: /ws/src/install/ti_mmwave_ros2_interfaces/include/ti_mmwave_ros2_interfaces/msg/detail/radar_scan__type_support.h
-- Symlinking: /ws/src/install/ti_mmwave_ros2_interfaces/include/ti_mmwave_ros2_interfaces/msg/radar_scan.h
-- Symlinking: /ws/src/install/ti_mmwave_ros2_interfaces/include/ti_mmwave_ros2_interfaces/msg/rosidl_generator_c__visibility_control.h
-- Symlinking: /ws/src/install/ti_mmwave_ros2_interfaces/include/ti_mmwave_ros2_interfaces/srv/detail/mm_wave_cli__functions.h
-- Symlinking: /ws/src/install/ti_mmwave_ros2_interfaces/include/ti_mmwave_ros2_interfaces/srv/detail/mm_wave_cli__struct.h
-- Symlinking: /ws/src/install/ti_mmwave_ros2_interfaces/include/ti_mmwave_ros2_interfaces/srv/detail/mm_wave_cli__type_support.h
-- Symlinking: /ws/src/install/ti_mmwave_ros2_interfaces/include/ti_mmwave_ros2_interfaces/srv/mm_wave_cli.h
-- Symlinking: /ws/src/install/ti_mmwave_ros2_interfaces/share/ti_mmwave_ros2_interfaces/environment/library_path.sh
-- Symlinking: /ws/src/install/ti_mmwave_ros2_interfaces/share/ti_mmwave_ros2_interfaces/environment/library_path.dsv
-- Symlinking: /ws/src/install/ti_mmwave_ros2_interfaces/include/ti_mmwave_ros2_interfaces/msg/detail/radar_scan__rosidl_typesupport_fastrtps_c.h
-- Symlinking: /ws/src/install/ti_mmwave_ros2_interfaces/include/ti_mmwave_ros2_interfaces/msg/rosidl_typesupport_fastrtps_c__visibility_control.h
-- Symlinking: /ws/src/install/ti_mmwave_ros2_interfaces/include/ti_mmwave_ros2_interfaces/srv/detail/mm_wave_cli__rosidl_typesupport_fastrtps_c.h
-- Symlinking: /ws/src/install/ti_mmwave_ros2_interfaces/lib/libti_mmwave_ros2_interfaces__rosidl_typesupport_fastrtps_c.so
-- Symlinking: /ws/src/install/ti_mmwave_ros2_interfaces/include/ti_mmwave_ros2_interfaces/msg/detail/radar_scan__rosidl_typesupport_fastrtps_cpp.hpp
-- Symlinking: /ws/src/install/ti_mmwave_ros2_interfaces/include/ti_mmwave_ros2_interfaces/msg/rosidl_typesupport_fastrtps_cpp__visibility_control.h
-- Symlinking: /ws/src/install/ti_mmwave_ros2_interfaces/include/ti_mmwave_ros2_interfaces/srv/detail/mm_wave_cli__rosidl_typesupport_fastrtps_cpp.hpp
-- Symlinking: /ws/src/install/ti_mmwave_ros2_interfaces/lib/libti_mmwave_ros2_interfaces__rosidl_typesupport_fastrtps_cpp.so
-- Symlinking: /ws/src/install/ti_mmwave_ros2_interfaces/include/ti_mmwave_ros2_interfaces/msg/detail/radar_scan__rosidl_typesupport_introspection_c.h
-- Symlinking: /ws/src/install/ti_mmwave_ros2_interfaces/include/ti_mmwave_ros2_interfaces/msg/rosidl_typesupport_introspection_c__visibility_control.h
-- Symlinking: /ws/src/install/ti_mmwave_ros2_interfaces/include/ti_mmwave_ros2_interfaces/srv/detail/mm_wave_cli__rosidl_typesupport_introspection_c.h
-- Symlinking: /ws/src/install/ti_mmwave_ros2_interfaces/include/ti_mmwave_ros2_interfaces/msg/detail/radar_scan__builder.hpp
-- Symlinking: /ws/src/install/ti_mmwave_ros2_interfaces/include/ti_mmwave_ros2_interfaces/msg/detail/radar_scan__struct.hpp
-- Symlinking: /ws/src/install/ti_mmwave_ros2_interfaces/include/ti_mmwave_ros2_interfaces/msg/detail/radar_scan__traits.hpp
-- Symlinking: /ws/src/install/ti_mmwave_ros2_interfaces/include/ti_mmwave_ros2_interfaces/msg/radar_scan.hpp
-- Symlinking: /ws/src/install/ti_mmwave_ros2_interfaces/include/ti_mmwave_ros2_interfaces/srv/detail/mm_wave_cli__builder.hpp
-- Symlinking: /ws/src/install/ti_mmwave_ros2_interfaces/include/ti_mmwave_ros2_interfaces/srv/detail/mm_wave_cli__struct.hpp
-- Symlinking: /ws/src/install/ti_mmwave_ros2_interfaces/include/ti_mmwave_ros2_interfaces/srv/detail/mm_wave_cli__traits.hpp
-- Symlinking: /ws/src/install/ti_mmwave_ros2_interfaces/include/ti_mmwave_ros2_interfaces/srv/mm_wave_cli.hpp
-- Symlinking: /ws/src/install/ti_mmwave_ros2_interfaces/include/ti_mmwave_ros2_interfaces/msg/detail/radar_scan__rosidl_typesupport_introspection_cpp.hpp
-- Symlinking: /ws/src/install/ti_mmwave_ros2_interfaces/include/ti_mmwave_ros2_interfaces/srv/detail/mm_wave_cli__rosidl_typesupport_introspection_cpp.hpp
-- Symlinking: /ws/src/install/ti_mmwave_ros2_interfaces/share/ti_mmwave_ros2_interfaces/environment/pythonpath.sh
-- Symlinking: /ws/src/install/ti_mmwave_ros2_interfaces/share/ti_mmwave_ros2_interfaces/environment/pythonpath.dsv
-- Symlinking: /ws/src/install/ti_mmwave_ros2_interfaces/lib/python3.8/site-packages/ti_mmwave_ros2_interfaces/__init__.py
-- Symlinking: /ws/src/install/ti_mmwave_ros2_interfaces/lib/python3.8/site-packages/ti_mmwave_ros2_interfaces/msg/__init__.py
-- Symlinking: /ws/src/install/ti_mmwave_ros2_interfaces/lib/python3.8/site-packages/ti_mmwave_ros2_interfaces/msg/_radar_scan.py
-- Symlinking: /ws/src/install/ti_mmwave_ros2_interfaces/lib/python3.8/site-packages/ti_mmwave_ros2_interfaces/srv/__init__.py
-- Symlinking: /ws/src/install/ti_mmwave_ros2_interfaces/lib/python3.8/site-packages/ti_mmwave_ros2_interfaces/srv/_mm_wave_cli.py
-- Symlinking: /ws/src/install/ti_mmwave_ros2_interfaces/lib/python3.8/site-packages/ti_mmwave_ros2_interfaces/ti_mmwave_ros2_interfaces_s__rosidl_typesupport_fastrtps_c.cpython-38-aarch64-linux-gnu.so
-- Symlinking: /ws/src/install/ti_mmwave_ros2_interfaces/lib/python3.8/site-packages/ti_mmwave_ros2_interfaces/ti_mmwave_ros2_interfaces_s__rosidl_typesupport_introspection_c.cpython-38-aarch64-linux-gnu.so
-- Symlinking: /ws/src/install/ti_mmwave_ros2_interfaces/lib/python3.8/site-packages/ti_mmwave_ros2_interfaces/ti_mmwave_ros2_interfaces_s__rosidl_typesupport_c.cpython-38-aarch64-linux-gnu.so
-- Symlinking: /ws/src/install/ti_mmwave_ros2_interfaces/lib/libti_mmwave_ros2_interfaces__python.so
-- Symlinking: /ws/src/install/ti_mmwave_ros2_interfaces/share/ti_mmwave_ros2_interfaces/msg/RadarScan.idl
-- Symlinking: /ws/src/install/ti_mmwave_ros2_interfaces/share/ti_mmwave_ros2_interfaces/srv/MMWaveCLI.idl
-- Symlinking: /ws/src/install/ti_mmwave_ros2_interfaces/share/ti_mmwave_ros2_interfaces/msg/RadarScan.msg
-- Symlinking: /ws/src/install/ti_mmwave_ros2_interfaces/share/ti_mmwave_ros2_interfaces/srv/MMWaveCLI.srv
-- Symlinking: /ws/src/install/ti_mmwave_ros2_interfaces/share/ti_mmwave_ros2_interfaces/srv/MMWaveCLI_Request.msg
-- Symlinking: /ws/src/install/ti_mmwave_ros2_interfaces/share/ti_mmwave_ros2_interfaces/srv/MMWaveCLI_Response.msg
-- Symlinking: /ws/src/install/ti_mmwave_ros2_interfaces/share/ament_index/resource_index/package_run_dependencies/ti_mmwave_ros2_interfaces
-- Symlinking: /ws/src/install/ti_mmwave_ros2_interfaces/share/ament_index/resource_index/parent_prefix_path/ti_mmwave_ros2_interfaces
-- Symlinking: /ws/src/install/ti_mmwave_ros2_interfaces/share/ti_mmwave_ros2_interfaces/environment/ament_prefix_path.sh
-- Symlinking: /ws/src/install/ti_mmwave_ros2_interfaces/share/ti_mmwave_ros2_interfaces/environment/ament_prefix_path.dsv
-- Symlinking: /ws/src/install/ti_mmwave_ros2_interfaces/share/ti_mmwave_ros2_interfaces/environment/path.sh
-- Symlinking: /ws/src/install/ti_mmwave_ros2_interfaces/share/ti_mmwave_ros2_interfaces/environment/path.dsv
-- Symlinking: /ws/src/install/ti_mmwave_ros2_interfaces/share/ti_mmwave_ros2_interfaces/local_setup.bash
-- Symlinking: /ws/src/install/ti_mmwave_ros2_interfaces/share/ti_mmwave_ros2_interfaces/local_setup.sh
-- Symlinking: /ws/src/install/ti_mmwave_ros2_interfaces/share/ti_mmwave_ros2_interfaces/local_setup.zsh
-- Symlinking: /ws/src/install/ti_mmwave_ros2_interfaces/share/ti_mmwave_ros2_interfaces/local_setup.dsv
-- Symlinking: /ws/src/install/ti_mmwave_ros2_interfaces/share/ti_mmwave_ros2_interfaces/package.dsv
-- Symlinking: /ws/src/install/ti_mmwave_ros2_interfaces/share/ament_index/resource_index/packages/ti_mmwave_ros2_interfaces
-- Symlinking: /ws/src/install/ti_mmwave_ros2_interfaces/share/ti_mmwave_ros2_interfaces/cmake/rosidl_cmake-extras.cmake
-- Symlinking: /ws/src/install/ti_mmwave_ros2_interfaces/share/ti_mmwave_ros2_interfaces/cmake/ament_cmake_export_dependencies-extras.cmake
-- Symlinking: /ws/src/install/ti_mmwave_ros2_interfaces/share/ti_mmwave_ros2_interfaces/cmake/ament_cmake_export_libraries-extras.cmake
-- Symlinking: /ws/src/install/ti_mmwave_ros2_interfaces/share/ti_mmwave_ros2_interfaces/cmake/ament_cmake_export_targets-extras.cmake
-- Symlinking: /ws/src/install/ti_mmwave_ros2_interfaces/share/ti_mmwave_ros2_interfaces/cmake/ament_cmake_export_include_directories-extras.cmake
-- Symlinking: /ws/src/install/ti_mmwave_ros2_interfaces/share/ti_mmwave_ros2_interfaces/cmake/rosidl_cmake_export_typesupport_libraries-extras.cmake
-- Symlinking: /ws/src/install/ti_mmwave_ros2_interfaces/share/ti_mmwave_ros2_interfaces/cmake/rosidl_cmake_export_typesupport_targets-extras.cmake
-- Symlinking: /ws/src/install/ti_mmwave_ros2_interfaces/share/ti_mmwave_ros2_interfaces/cmake/ti_mmwave_ros2_interfacesConfig.cmake
-- Symlinking: /ws/src/install/ti_mmwave_ros2_interfaces/share/ti_mmwave_ros2_interfaces/cmake/ti_mmwave_ros2_interfacesConfig-version.cmake
-- Symlinking: /ws/src/install/ti_mmwave_ros2_interfaces/share/ti_mmwave_ros2_interfaces/package.xml
-- Installing: /ws/src/install/ti_mmwave_ros2_interfaces/lib/libti_mmwave_ros2_interfaces__rosidl_generator_c.so
-- Set runtime path of "/ws/src/install/ti_mmwave_ros2_interfaces/lib/libti_mmwave_ros2_interfaces__rosidl_generator_c.so" to ""
-- Installing: /ws/src/install/ti_mmwave_ros2_interfaces/lib/libti_mmwave_ros2_interfaces__rosidl_typesupport_introspection_c.so
-- Set runtime path of "/ws/src/install/ti_mmwave_ros2_interfaces/lib/libti_mmwave_ros2_interfaces__rosidl_typesupport_introspection_c.so" to ""
-- Installing: /ws/src/install/ti_mmwave_ros2_interfaces/lib/libti_mmwave_ros2_interfaces__rosidl_typesupport_c.so
-- Set runtime path of "/ws/src/install/ti_mmwave_ros2_interfaces/lib/libti_mmwave_ros2_interfaces__rosidl_typesupport_c.so" to ""
-- Installing: /ws/src/install/ti_mmwave_ros2_interfaces/lib/libti_mmwave_ros2_interfaces__rosidl_typesupport_introspection_cpp.so
-- Set runtime path of "/ws/src/install/ti_mmwave_ros2_interfaces/lib/libti_mmwave_ros2_interfaces__rosidl_typesupport_introspection_cpp.so" to ""
-- Installing: /ws/src/install/ti_mmwave_ros2_interfaces/lib/libti_mmwave_ros2_interfaces__rosidl_typesupport_cpp.so
-- Set runtime path of "/ws/src/install/ti_mmwave_ros2_interfaces/lib/libti_mmwave_ros2_interfaces__rosidl_typesupport_cpp.so" to ""
Compiling '/ws/src/install/ti_mmwave_ros2_interfaces/lib/python3.8/site-packages/ti_mmwave_ros2_interfaces/__init__.py'...
-- Installing: /ws/src/install/ti_mmwave_ros2_interfaces/share/ti_mmwave_ros2_interfaces/cmake/ti_mmwave_ros2_interfaces__rosidl_generator_cExport.cmake
-- Installing: /ws/src/install/ti_mmwave_ros2_interfaces/share/ti_mmwave_ros2_interfaces/cmake/ti_mmwave_ros2_interfaces__rosidl_generator_cExport-noconfig.cmake
-- Installing: /ws/src/install/ti_mmwave_ros2_interfaces/share/ti_mmwave_ros2_interfaces/cmake/ti_mmwave_ros2_interfaces__rosidl_typesupport_introspection_cExport.cmake
-- Installing: /ws/src/install/ti_mmwave_ros2_interfaces/share/ti_mmwave_ros2_interfaces/cmake/ti_mmwave_ros2_interfaces__rosidl_typesupport_introspection_cExport-noconfig.cmake
-- Installing: /ws/src/install/ti_mmwave_ros2_interfaces/share/ti_mmwave_ros2_interfaces/cmake/ti_mmwave_ros2_interfaces__rosidl_typesupport_cExport.cmake
-- Installing: /ws/src/install/ti_mmwave_ros2_interfaces/share/ti_mmwave_ros2_interfaces/cmake/ti_mmwave_ros2_interfaces__rosidl_typesupport_cExport-noconfig.cmake
-- Installing: /ws/src/install/ti_mmwave_ros2_interfaces/share/ti_mmwave_ros2_interfaces/cmake/ti_mmwave_ros2_interfaces__rosidl_generator_cppExport.cmake
-- Installing: /ws/src/install/ti_mmwave_ros2_interfaces/share/ti_mmwave_ros2_interfaces/cmake/ti_mmwave_ros2_interfaces__rosidl_typesupport_introspection_cppExport.cmake
-- Installing: /ws/src/install/ti_mmwave_ros2_interfaces/share/ti_mmwave_ros2_interfaces/cmake/ti_mmwave_ros2_interfaces__rosidl_typesupport_introspection_cppExport-noconfig.cmake
-- Installing: /ws/src/install/ti_mmwave_ros2_interfaces/share/ti_mmwave_ros2_interfaces/cmake/ti_mmwave_ros2_interfaces__rosidl_typesupport_cppExport.cmake
-- Installing: /ws/src/install/ti_mmwave_ros2_interfaces/share/ti_mmwave_ros2_interfaces/cmake/ti_mmwave_ros2_interfaces__rosidl_typesupport_cppExport-noconfig.cmake
