[0.052s] Invoking command in '/ws/src/build/ti_mmwave_ros2_interfaces': /usr/local/bin/cmake /ws/src/mmwave_ti_ros/ti_mmwave_ros2_interfaces -DAMENT_CMAKE_SYMLINK_INSTALL=1 -DCMAKE_INSTALL_PREFIX=/ws/src/install/ti_mmwave_ros2_interfaces
[0.201s] -- The C compiler identification is GNU 9.4.0
[0.310s] -- The CXX compiler identification is GNU 9.4.0
[0.355s] -- Detecting C compiler ABI info
[0.484s] -- Detecting C compiler ABI info - done
[0.510s] -- Check for working C compiler: /usr/bin/cc - skipped
[0.511s] -- Detecting C compile features
[0.512s] -- Detecting C compile features - done
[0.537s] -- Detecting CXX compiler ABI info
[0.685s] -- Detecting CXX compiler ABI info - done
[0.717s] -- Check for working CXX compiler: /usr/bin/c++ - skipped
[0.718s] -- Detecting CXX compile features
[0.719s] -- Detecting CXX compile features - done
[0.725s] -- Found ament_cmake: 1.1.6 (/opt/ros/galactic/install/share/ament_cmake/cmake)
[0.733s] [33mCMake Warning (dev) at /opt/ros/galactic/install/share/ament_cmake_core/cmake/core/python.cmake:22 (find_package):
[0.734s]   Policy CMP0148 is not set: The FindPythonInterp and FindPythonLibs modules
[0.734s]   are removed.  Run "cmake --help-policy CMP0148" for policy details.  Use
[0.734s]   the cmake_policy command to set the policy and suppress this warning.
[0.734s] 
[0.734s] Call Stack (most recent call first):
[0.734s]   /opt/ros/galactic/install/share/ament_cmake_core/cmake/core/all.cmake:53 (include)
[0.735s]   /opt/ros/galactic/install/share/ament_cmake_core/cmake/ament_cmake_core-extras.cmake:17 (include)
[0.735s]   /opt/ros/galactic/install/share/ament_cmake_core/cmake/ament_cmake_coreConfig.cmake:41 (include)
[0.735s]   /opt/ros/galactic/install/share/ament_cmake/cmake/ament_cmake_export_dependencies-extras.cmake:15 (find_package)
[0.735s]   /opt/ros/galactic/install/share/ament_cmake/cmake/ament_cmakeConfig.cmake:41 (include)
[0.735s]   CMakeLists.txt:19 (find_package)
[0.735s] This warning is for project developers.  Use -Wno-dev to suppress it.
[0.735s] [0m
[0.777s] -- Found PythonInterp: /usr/bin/python3 (found suitable version "3.8.10", minimum required is "3") 
[0.777s] -- Using PYTHON_EXECUTABLE: /usr/bin/python3
[0.899s] -- Override CMake install command with custom implementation using symlinks instead of copying resources
[0.954s] -- Found rosidl_default_generators: 1.1.1 (/opt/ros/galactic/install/share/rosidl_default_generators/cmake)
[0.960s] -- Using all available rosidl_typesupport_c: rosidl_typesupport_fastrtps_c;rosidl_typesupport_introspection_c
[0.975s] -- Found rosidl_adapter: 2.2.3 (/opt/ros/galactic/install/share/rosidl_adapter/cmake)
[1.195s] -- Found OpenSSL: /usr/lib/aarch64-linux-gnu/libcrypto.so (found version "1.1.1f")  
[1.266s] -- Found FastRTPS: /opt/ros/galactic/install/include  
[1.457s] -- Using all available rosidl_typesupport_cpp: rosidl_typesupport_fastrtps_cpp;rosidl_typesupport_introspection_cpp
[1.516s] -- Found std_msgs: 2.2.4 (/opt/ros/galactic/install/share/std_msgs/cmake)
[1.584s] -- Found ament_lint_auto: 0.10.7 (/opt/ros/galactic/install/share/ament_lint_auto/cmake)
[1.740s] [33mCMake Warning (dev) at /opt/ros/galactic/install/share/rosidl_adapter/cmake/rosidl_adapt_interfaces.cmake:40 (find_package):
[1.741s]   Policy CMP0148 is not set: The FindPythonInterp and FindPythonLibs modules
[1.741s]   are removed.  Run "cmake --help-policy CMP0148" for policy details.  Use
[1.741s]   the cmake_policy command to set the policy and suppress this warning.
[1.741s] 
[1.741s] Call Stack (most recent call first):
[1.741s]   /opt/ros/galactic/install/share/rosidl_cmake/cmake/rosidl_generate_interfaces.cmake:130 (rosidl_adapt_interfaces)
[1.741s]   CMakeLists.txt:39 (rosidl_generate_interfaces)
[1.742s] This warning is for project developers.  Use -Wno-dev to suppress it.
[1.742s] [0m
[1.787s] -- Found PythonInterp: /usr/bin/python3 (found version "3.8.10") 
[2.006s] -- Found ament_cmake_ros: 0.9.2 (/opt/ros/galactic/install/share/ament_cmake_ros/cmake)
[2.429s] -- Using all available rosidl_typesupport_c: rosidl_typesupport_fastrtps_c;rosidl_typesupport_introspection_c
[2.564s] -- Using all available rosidl_typesupport_cpp: rosidl_typesupport_fastrtps_cpp;rosidl_typesupport_introspection_cpp
[2.572s] [33mCMake Warning (dev) at /opt/ros/galactic/install/share/rosidl_generator_py/cmake/rosidl_generator_py_generate_interfaces.cmake:20 (find_package):
[2.572s]   Policy CMP0148 is not set: The FindPythonInterp and FindPythonLibs modules
[2.572s]   are removed.  Run "cmake --help-policy CMP0148" for policy details.  Use
[2.572s]   the cmake_policy command to set the policy and suppress this warning.
[2.572s] 
[2.573s] Call Stack (most recent call first):
[2.573s]   /opt/ros/galactic/install/share/ament_cmake_core/cmake/core/ament_execute_extensions.cmake:48 (include)
[2.573s]   /opt/ros/galactic/install/share/rosidl_cmake/cmake/rosidl_generate_interfaces.cmake:286 (ament_execute_extensions)
[2.573s]   CMakeLists.txt:39 (rosidl_generate_interfaces)
[2.573s] This warning is for project developers.  Use -Wno-dev to suppress it.
[2.573s] [0m
[2.616s] -- Found PythonInterp: /usr/bin/python3 (found suitable version "3.8.10", minimum required is "3.5") 
[2.620s] -- Found python_cmake_module: 0.8.1 (/opt/ros/galactic/install/share/python_cmake_module/cmake)
[2.620s] [33mCMake Warning (dev) at /opt/ros/galactic/install/share/python_cmake_module/cmake/Modules/FindPythonExtra.cmake:45 (find_package):
[2.621s]   Policy CMP0148 is not set: The FindPythonInterp and FindPythonLibs modules
[2.621s]   are removed.  Run "cmake --help-policy CMP0148" for policy details.  Use
[2.621s]   the cmake_policy command to set the policy and suppress this warning.
[2.621s] 
[2.621s] Call Stack (most recent call first):
[2.621s]   /opt/ros/galactic/install/share/rosidl_generator_py/cmake/rosidl_generator_py_generate_interfaces.cmake:23 (find_package)
[2.621s]   /opt/ros/galactic/install/share/ament_cmake_core/cmake/core/ament_execute_extensions.cmake:48 (include)
[2.622s]   /opt/ros/galactic/install/share/rosidl_cmake/cmake/rosidl_generate_interfaces.cmake:286 (ament_execute_extensions)
[2.622s]   CMakeLists.txt:39 (rosidl_generate_interfaces)
[2.622s] This warning is for project developers.  Use -Wno-dev to suppress it.
[2.622s] [0m
[2.666s] [33mCMake Warning (dev) at /opt/ros/galactic/install/share/python_cmake_module/cmake/Modules/FindPythonExtra.cmake:133 (find_package):
[2.666s]   Policy CMP0148 is not set: The FindPythonInterp and FindPythonLibs modules
[2.667s]   are removed.  Run "cmake --help-policy CMP0148" for policy details.  Use
[2.667s]   the cmake_policy command to set the policy and suppress this warning.
[2.667s] 
[2.667s] Call Stack (most recent call first):
[2.667s]   /opt/ros/galactic/install/share/rosidl_generator_py/cmake/rosidl_generator_py_generate_interfaces.cmake:23 (find_package)
[2.667s]   /opt/ros/galactic/install/share/ament_cmake_core/cmake/core/ament_execute_extensions.cmake:48 (include)
[2.668s]   /opt/ros/galactic/install/share/rosidl_cmake/cmake/rosidl_generate_interfaces.cmake:286 (ament_execute_extensions)
[2.668s]   CMakeLists.txt:39 (rosidl_generate_interfaces)
[2.668s] This warning is for project developers.  Use -Wno-dev to suppress it.
[2.668s] [0m
[2.676s] -- Found PythonLibs: /usr/lib/aarch64-linux-gnu/libpython3.8.so (found suitable version "3.8.10", minimum required is "3.5") 
[2.676s] -- Using PYTHON_EXECUTABLE: /usr/bin/python3
[2.676s] -- Using PYTHON_INCLUDE_DIRS: /usr/include/python3.8
[2.677s] -- Using PYTHON_LIBRARIES: /usr/lib/aarch64-linux-gnu/libpython3.8.so
[2.722s] -- Found PythonExtra: .so  
[3.243s] -- Using numpy include directory: /usr/local/lib/python3.8/dist-packages/numpy/core/include
[3.293s] -- Added test 'copyright' to check source files copyright and LICENSE
[3.297s] -- Added test 'lint_cmake' to check CMake code style
[3.299s] -- Added test 'xmllint' to check XML markup files
[3.315s] -- Configuring done (3.2s)
[3.417s] -- Generating done (0.1s)
[3.424s] -- Build files have been written to: /ws/src/build/ti_mmwave_ros2_interfaces
[3.452s] Invoked command in '/ws/src/build/ti_mmwave_ros2_interfaces' returned '0': /usr/local/bin/cmake /ws/src/mmwave_ti_ros/ti_mmwave_ros2_interfaces -DAMENT_CMAKE_SYMLINK_INSTALL=1 -DCMAKE_INSTALL_PREFIX=/ws/src/install/ti_mmwave_ros2_interfaces
[3.459s] Invoking command in '/ws/src/build/ti_mmwave_ros2_interfaces': /usr/local/bin/cmake --build /ws/src/build/ti_mmwave_ros2_interfaces -- -j6 -l6
[3.550s] [  2%] [34m[1mGenerating C code for ROS interfaces[0m
[3.560s] [  5%] [34m[1mGenerating C++ code for ROS interfaces[0m
[4.093s] [  5%] Built target ti_mmwave_ros2_interfaces__cpp
[4.103s] [  7%] [34m[1mGenerating C++ type support dispatch for ROS interfaces[0m
[4.104s] [ 10%] [34m[1mGenerating C++ type support for eProsima Fast-RTPS[0m
[4.105s] [ 12%] [34m[1mGenerating C++ introspection for ROS interfaces[0m
[4.137s] [ 17%] [32mBuilding C object CMakeFiles/ti_mmwave_ros2_interfaces__rosidl_generator_c.dir/rosidl_generator_c/ti_mmwave_ros2_interfaces/srv/detail/mm_wave_cli__functions.c.o[0m
[4.137s] [ 17%] [32mBuilding C object CMakeFiles/ti_mmwave_ros2_interfaces__rosidl_generator_c.dir/rosidl_generator_c/ti_mmwave_ros2_interfaces/msg/detail/radar_scan__functions.c.o[0m
[4.257s] [ 20%] [32m[1mLinking C shared library libti_mmwave_ros2_interfaces__rosidl_generator_c.so[0m
[4.309s] [ 20%] Built target ti_mmwave_ros2_interfaces__rosidl_generator_c
[4.320s] [ 25%] [34m[1mGenerating C type support dispatch for ROS interfaces[0m
[4.320s] [ 25%] [34m[1mGenerating C introspection for ROS interfaces[0m
[4.560s] [ 30%] [32mBuilding CXX object CMakeFiles/ti_mmwave_ros2_interfaces__rosidl_typesupport_cpp.dir/rosidl_typesupport_cpp/ti_mmwave_ros2_interfaces/srv/mm_wave_cli__type_support.cpp.o[0m
[4.560s] [ 30%] [32mBuilding CXX object CMakeFiles/ti_mmwave_ros2_interfaces__rosidl_typesupport_cpp.dir/rosidl_typesupport_cpp/ti_mmwave_ros2_interfaces/msg/radar_scan__type_support.cpp.o[0m
[4.630s] [ 33%] [32mBuilding CXX object CMakeFiles/ti_mmwave_ros2_interfaces__rosidl_typesupport_introspection_cpp.dir/rosidl_typesupport_introspection_cpp/ti_mmwave_ros2_interfaces/msg/detail/radar_scan__type_support.cpp.o[0m
[4.677s] [ 35%] [32mBuilding CXX object CMakeFiles/ti_mmwave_ros2_interfaces__rosidl_typesupport_fastrtps_cpp.dir/rosidl_typesupport_fastrtps_cpp/ti_mmwave_ros2_interfaces/msg/detail/dds_fastrtps/radar_scan__type_support.cpp.o[0m
[4.794s] [ 38%] [32mBuilding CXX object CMakeFiles/ti_mmwave_ros2_interfaces__rosidl_typesupport_c.dir/rosidl_typesupport_c/ti_mmwave_ros2_interfaces/msg/radar_scan__type_support.cpp.o[0m
[4.855s] [ 41%] [32mBuilding CXX object CMakeFiles/ti_mmwave_ros2_interfaces__rosidl_typesupport_c.dir/rosidl_typesupport_c/ti_mmwave_ros2_interfaces/srv/mm_wave_cli__type_support.cpp.o[0m
[4.919s] [ 43%] [32mBuilding C object CMakeFiles/ti_mmwave_ros2_interfaces__rosidl_typesupport_introspection_c.dir/rosidl_typesupport_introspection_c/ti_mmwave_ros2_interfaces/msg/detail/radar_scan__type_support.c.o[0m
[4.927s] [ 46%] [32m[1mLinking CXX shared library libti_mmwave_ros2_interfaces__rosidl_typesupport_c.so[0m
[4.991s] [ 48%] [32mBuilding C object CMakeFiles/ti_mmwave_ros2_interfaces__rosidl_typesupport_introspection_c.dir/rosidl_typesupport_introspection_c/ti_mmwave_ros2_interfaces/srv/detail/mm_wave_cli__type_support.c.o[0m
[4.992s] [ 48%] Built target ti_mmwave_ros2_interfaces__rosidl_typesupport_c
[5.000s] [ 51%] [32mBuilding CXX object CMakeFiles/ti_mmwave_ros2_interfaces__rosidl_typesupport_fastrtps_cpp.dir/rosidl_typesupport_fastrtps_cpp/ti_mmwave_ros2_interfaces/srv/detail/dds_fastrtps/mm_wave_cli__type_support.cpp.o[0m
[5.063s] [ 53%] [32m[1mLinking C shared library libti_mmwave_ros2_interfaces__rosidl_typesupport_introspection_c.so[0m
[5.109s] [ 53%] Built target ti_mmwave_ros2_interfaces__rosidl_typesupport_introspection_c
[5.117s] [ 56%] [32mBuilding CXX object CMakeFiles/ti_mmwave_ros2_interfaces__rosidl_typesupport_introspection_cpp.dir/rosidl_typesupport_introspection_cpp/ti_mmwave_ros2_interfaces/srv/detail/mm_wave_cli__type_support.cpp.o[0m
[5.223s] [ 58%] [32m[1mLinking CXX shared library libti_mmwave_ros2_interfaces__rosidl_typesupport_cpp.so[0m
[5.279s] [ 58%] Built target ti_mmwave_ros2_interfaces__rosidl_typesupport_cpp
[5.799s] [ 61%] [32m[1mLinking CXX shared library libti_mmwave_ros2_interfaces__rosidl_typesupport_introspection_cpp.so[0m
[5.896s] [ 61%] Built target ti_mmwave_ros2_interfaces__rosidl_typesupport_introspection_cpp
[5.968s] [ 64%] [32m[1mLinking CXX shared library libti_mmwave_ros2_interfaces__rosidl_typesupport_fastrtps_cpp.so[0m
[6.100s] [ 64%] Built target ti_mmwave_ros2_interfaces__rosidl_typesupport_fastrtps_cpp
[6.109s] [ 66%] [34m[1mGenerating C type support for eProsima Fast-RTPS[0m
[6.630s] [ 69%] [32mBuilding CXX object CMakeFiles/ti_mmwave_ros2_interfaces__rosidl_typesupport_fastrtps_c.dir/rosidl_typesupport_fastrtps_c/ti_mmwave_ros2_interfaces/msg/detail/radar_scan__type_support_c.cpp.o[0m
[6.630s] [ 71%] [32mBuilding CXX object CMakeFiles/ti_mmwave_ros2_interfaces__rosidl_typesupport_fastrtps_c.dir/rosidl_typesupport_fastrtps_c/ti_mmwave_ros2_interfaces/srv/detail/mm_wave_cli__type_support_c.cpp.o[0m
[7.418s] [ 74%] [32m[1mLinking CXX shared library libti_mmwave_ros2_interfaces__rosidl_typesupport_fastrtps_c.so[0m
[7.545s] [ 74%] Built target ti_mmwave_ros2_interfaces__rosidl_typesupport_fastrtps_c
[7.563s] [ 74%] Built target ti_mmwave_ros2_interfaces
[7.581s] [ 76%] [34m[1mGenerating Python code for ROS interfaces[0m
[8.492s] [ 76%] Built target ti_mmwave_ros2_interfaces__py
[8.510s] [ 79%] [32mBuilding C object CMakeFiles/ti_mmwave_ros2_interfaces__python.dir/rosidl_generator_py/ti_mmwave_ros2_interfaces/msg/_radar_scan_s.c.o[0m
[8.510s] [ 82%] [32mBuilding C object CMakeFiles/ti_mmwave_ros2_interfaces__python.dir/rosidl_generator_py/ti_mmwave_ros2_interfaces/srv/_mm_wave_cli_s.c.o[0m
[8.704s] [ 84%] [32m[1mLinking C shared library rosidl_generator_py/ti_mmwave_ros2_interfaces/libti_mmwave_ros2_interfaces__python.so[0m
[8.763s] [ 84%] Built target ti_mmwave_ros2_interfaces__python
[8.784s] [ 89%] [32mBuilding C object CMakeFiles/ti_mmwave_ros2_interfaces__rosidl_typesupport_c__pyext.dir/rosidl_generator_py/ti_mmwave_ros2_interfaces/_ti_mmwave_ros2_interfaces_s.ep.rosidl_typesupport_c.c.o[0m
[8.785s] [ 89%] [32mBuilding C object CMakeFiles/ti_mmwave_ros2_interfaces__rosidl_typesupport_fastrtps_c__pyext.dir/rosidl_generator_py/ti_mmwave_ros2_interfaces/_ti_mmwave_ros2_interfaces_s.ep.rosidl_typesupport_fastrtps_c.c.o[0m
[8.785s] [ 92%] [32mBuilding C object CMakeFiles/ti_mmwave_ros2_interfaces__rosidl_typesupport_introspection_c__pyext.dir/rosidl_generator_py/ti_mmwave_ros2_interfaces/_ti_mmwave_ros2_interfaces_s.ep.rosidl_typesupport_introspection_c.c.o[0m
[8.962s] [ 97%] [32m[1mLinking C shared library rosidl_generator_py/ti_mmwave_ros2_interfaces/ti_mmwave_ros2_interfaces_s__rosidl_typesupport_introspection_c.cpython-38-aarch64-linux-gnu.so[0m
[8.962s] [ 97%] [32m[1mLinking C shared library rosidl_generator_py/ti_mmwave_ros2_interfaces/ti_mmwave_ros2_interfaces_s__rosidl_typesupport_c.cpython-38-aarch64-linux-gnu.so[0m
[8.962s] [100%] [32m[1mLinking CXX shared library rosidl_generator_py/ti_mmwave_ros2_interfaces/ti_mmwave_ros2_interfaces_s__rosidl_typesupport_fastrtps_c.cpython-38-aarch64-linux-gnu.so[0m
[9.023s] [100%] Built target ti_mmwave_ros2_interfaces__rosidl_typesupport_introspection_c__pyext
[9.023s] [100%] Built target ti_mmwave_ros2_interfaces__rosidl_typesupport_c__pyext
[9.067s] [100%] Built target ti_mmwave_ros2_interfaces__rosidl_typesupport_fastrtps_c__pyext
[9.088s] Invoked command in '/ws/src/build/ti_mmwave_ros2_interfaces' returned '0': /usr/local/bin/cmake --build /ws/src/build/ti_mmwave_ros2_interfaces -- -j6 -l6
[9.366s] Invoking command in '/ws/src/build/ti_mmwave_ros2_interfaces': /usr/local/bin/cmake --install /ws/src/build/ti_mmwave_ros2_interfaces
[9.439s] -- Install configuration: ""
[9.440s] -- Execute custom install script
[9.440s] -- Symlinking: /ws/src/install/ti_mmwave_ros2_interfaces/share/ament_index/resource_index/rosidl_interfaces/ti_mmwave_ros2_interfaces
[9.446s] -- Symlinking: /ws/src/install/ti_mmwave_ros2_interfaces/include/ti_mmwave_ros2_interfaces/msg/detail/radar_scan__functions.h
[9.452s] -- Symlinking: /ws/src/install/ti_mmwave_ros2_interfaces/include/ti_mmwave_ros2_interfaces/msg/detail/radar_scan__struct.h
[9.457s] -- Symlinking: /ws/src/install/ti_mmwave_ros2_interfaces/include/ti_mmwave_ros2_interfaces/msg/detail/radar_scan__type_support.h
[9.463s] -- Symlinking: /ws/src/install/ti_mmwave_ros2_interfaces/include/ti_mmwave_ros2_interfaces/msg/radar_scan.h
[9.468s] -- Symlinking: /ws/src/install/ti_mmwave_ros2_interfaces/include/ti_mmwave_ros2_interfaces/msg/rosidl_generator_c__visibility_control.h
[9.474s] -- Symlinking: /ws/src/install/ti_mmwave_ros2_interfaces/include/ti_mmwave_ros2_interfaces/srv/detail/mm_wave_cli__functions.h
[9.480s] -- Symlinking: /ws/src/install/ti_mmwave_ros2_interfaces/include/ti_mmwave_ros2_interfaces/srv/detail/mm_wave_cli__struct.h
[9.485s] -- Symlinking: /ws/src/install/ti_mmwave_ros2_interfaces/include/ti_mmwave_ros2_interfaces/srv/detail/mm_wave_cli__type_support.h
[9.491s] -- Symlinking: /ws/src/install/ti_mmwave_ros2_interfaces/include/ti_mmwave_ros2_interfaces/srv/mm_wave_cli.h
[9.497s] -- Symlinking: /ws/src/install/ti_mmwave_ros2_interfaces/share/ti_mmwave_ros2_interfaces/environment/library_path.sh
[9.503s] -- Symlinking: /ws/src/install/ti_mmwave_ros2_interfaces/share/ti_mmwave_ros2_interfaces/environment/library_path.dsv
[9.510s] -- Symlinking: /ws/src/install/ti_mmwave_ros2_interfaces/include/ti_mmwave_ros2_interfaces/msg/detail/radar_scan__rosidl_typesupport_fastrtps_c.h
[9.515s] -- Symlinking: /ws/src/install/ti_mmwave_ros2_interfaces/include/ti_mmwave_ros2_interfaces/msg/rosidl_typesupport_fastrtps_c__visibility_control.h
[9.522s] -- Symlinking: /ws/src/install/ti_mmwave_ros2_interfaces/include/ti_mmwave_ros2_interfaces/srv/detail/mm_wave_cli__rosidl_typesupport_fastrtps_c.h
[9.529s] -- Symlinking: /ws/src/install/ti_mmwave_ros2_interfaces/lib/libti_mmwave_ros2_interfaces__rosidl_typesupport_fastrtps_c.so
[9.535s] -- Symlinking: /ws/src/install/ti_mmwave_ros2_interfaces/include/ti_mmwave_ros2_interfaces/msg/detail/radar_scan__rosidl_typesupport_fastrtps_cpp.hpp
[9.541s] -- Symlinking: /ws/src/install/ti_mmwave_ros2_interfaces/include/ti_mmwave_ros2_interfaces/msg/rosidl_typesupport_fastrtps_cpp__visibility_control.h
[9.547s] -- Symlinking: /ws/src/install/ti_mmwave_ros2_interfaces/include/ti_mmwave_ros2_interfaces/srv/detail/mm_wave_cli__rosidl_typesupport_fastrtps_cpp.hpp
[9.553s] -- Symlinking: /ws/src/install/ti_mmwave_ros2_interfaces/lib/libti_mmwave_ros2_interfaces__rosidl_typesupport_fastrtps_cpp.so
[9.559s] -- Symlinking: /ws/src/install/ti_mmwave_ros2_interfaces/include/ti_mmwave_ros2_interfaces/msg/detail/radar_scan__rosidl_typesupport_introspection_c.h
[9.565s] -- Symlinking: /ws/src/install/ti_mmwave_ros2_interfaces/include/ti_mmwave_ros2_interfaces/msg/rosidl_typesupport_introspection_c__visibility_control.h
[9.570s] -- Symlinking: /ws/src/install/ti_mmwave_ros2_interfaces/include/ti_mmwave_ros2_interfaces/srv/detail/mm_wave_cli__rosidl_typesupport_introspection_c.h
[9.578s] -- Symlinking: /ws/src/install/ti_mmwave_ros2_interfaces/include/ti_mmwave_ros2_interfaces/msg/detail/radar_scan__builder.hpp
[9.583s] -- Symlinking: /ws/src/install/ti_mmwave_ros2_interfaces/include/ti_mmwave_ros2_interfaces/msg/detail/radar_scan__struct.hpp
[9.590s] -- Symlinking: /ws/src/install/ti_mmwave_ros2_interfaces/include/ti_mmwave_ros2_interfaces/msg/detail/radar_scan__traits.hpp
[9.595s] -- Symlinking: /ws/src/install/ti_mmwave_ros2_interfaces/include/ti_mmwave_ros2_interfaces/msg/radar_scan.hpp
[9.601s] -- Symlinking: /ws/src/install/ti_mmwave_ros2_interfaces/include/ti_mmwave_ros2_interfaces/srv/detail/mm_wave_cli__builder.hpp
[9.607s] -- Symlinking: /ws/src/install/ti_mmwave_ros2_interfaces/include/ti_mmwave_ros2_interfaces/srv/detail/mm_wave_cli__struct.hpp
[9.612s] -- Symlinking: /ws/src/install/ti_mmwave_ros2_interfaces/include/ti_mmwave_ros2_interfaces/srv/detail/mm_wave_cli__traits.hpp
[9.618s] -- Symlinking: /ws/src/install/ti_mmwave_ros2_interfaces/include/ti_mmwave_ros2_interfaces/srv/mm_wave_cli.hpp
[9.624s] -- Symlinking: /ws/src/install/ti_mmwave_ros2_interfaces/include/ti_mmwave_ros2_interfaces/msg/detail/radar_scan__rosidl_typesupport_introspection_cpp.hpp
[9.630s] -- Symlinking: /ws/src/install/ti_mmwave_ros2_interfaces/include/ti_mmwave_ros2_interfaces/srv/detail/mm_wave_cli__rosidl_typesupport_introspection_cpp.hpp
[9.635s] -- Symlinking: /ws/src/install/ti_mmwave_ros2_interfaces/share/ti_mmwave_ros2_interfaces/environment/pythonpath.sh
[9.641s] -- Symlinking: /ws/src/install/ti_mmwave_ros2_interfaces/share/ti_mmwave_ros2_interfaces/environment/pythonpath.dsv
[9.647s] -- Symlinking: /ws/src/install/ti_mmwave_ros2_interfaces/lib/python3.8/site-packages/ti_mmwave_ros2_interfaces/__init__.py
[9.653s] -- Symlinking: /ws/src/install/ti_mmwave_ros2_interfaces/lib/python3.8/site-packages/ti_mmwave_ros2_interfaces/msg/__init__.py
[9.659s] -- Symlinking: /ws/src/install/ti_mmwave_ros2_interfaces/lib/python3.8/site-packages/ti_mmwave_ros2_interfaces/msg/_radar_scan.py
[9.665s] -- Symlinking: /ws/src/install/ti_mmwave_ros2_interfaces/lib/python3.8/site-packages/ti_mmwave_ros2_interfaces/srv/__init__.py
[9.671s] -- Symlinking: /ws/src/install/ti_mmwave_ros2_interfaces/lib/python3.8/site-packages/ti_mmwave_ros2_interfaces/srv/_mm_wave_cli.py
[9.678s] -- Symlinking: /ws/src/install/ti_mmwave_ros2_interfaces/lib/python3.8/site-packages/ti_mmwave_ros2_interfaces/ti_mmwave_ros2_interfaces_s__rosidl_typesupport_fastrtps_c.cpython-38-aarch64-linux-gnu.so
[9.684s] -- Symlinking: /ws/src/install/ti_mmwave_ros2_interfaces/lib/python3.8/site-packages/ti_mmwave_ros2_interfaces/ti_mmwave_ros2_interfaces_s__rosidl_typesupport_introspection_c.cpython-38-aarch64-linux-gnu.so
[9.692s] -- Symlinking: /ws/src/install/ti_mmwave_ros2_interfaces/lib/python3.8/site-packages/ti_mmwave_ros2_interfaces/ti_mmwave_ros2_interfaces_s__rosidl_typesupport_c.cpython-38-aarch64-linux-gnu.so
[9.698s] -- Symlinking: /ws/src/install/ti_mmwave_ros2_interfaces/lib/libti_mmwave_ros2_interfaces__python.so
[9.706s] -- Symlinking: /ws/src/install/ti_mmwave_ros2_interfaces/share/ti_mmwave_ros2_interfaces/msg/RadarScan.idl
[9.713s] -- Symlinking: /ws/src/install/ti_mmwave_ros2_interfaces/share/ti_mmwave_ros2_interfaces/srv/MMWaveCLI.idl
[9.720s] -- Symlinking: /ws/src/install/ti_mmwave_ros2_interfaces/share/ti_mmwave_ros2_interfaces/msg/RadarScan.msg
[9.727s] -- Symlinking: /ws/src/install/ti_mmwave_ros2_interfaces/share/ti_mmwave_ros2_interfaces/srv/MMWaveCLI.srv
[9.732s] -- Symlinking: /ws/src/install/ti_mmwave_ros2_interfaces/share/ti_mmwave_ros2_interfaces/srv/MMWaveCLI_Request.msg
[9.740s] -- Symlinking: /ws/src/install/ti_mmwave_ros2_interfaces/share/ti_mmwave_ros2_interfaces/srv/MMWaveCLI_Response.msg
[9.748s] -- Symlinking: /ws/src/install/ti_mmwave_ros2_interfaces/share/ament_index/resource_index/package_run_dependencies/ti_mmwave_ros2_interfaces
[9.754s] -- Symlinking: /ws/src/install/ti_mmwave_ros2_interfaces/share/ament_index/resource_index/parent_prefix_path/ti_mmwave_ros2_interfaces
[9.761s] -- Symlinking: /ws/src/install/ti_mmwave_ros2_interfaces/share/ti_mmwave_ros2_interfaces/environment/ament_prefix_path.sh
[9.767s] -- Symlinking: /ws/src/install/ti_mmwave_ros2_interfaces/share/ti_mmwave_ros2_interfaces/environment/ament_prefix_path.dsv
[9.774s] -- Symlinking: /ws/src/install/ti_mmwave_ros2_interfaces/share/ti_mmwave_ros2_interfaces/environment/path.sh
[9.780s] -- Symlinking: /ws/src/install/ti_mmwave_ros2_interfaces/share/ti_mmwave_ros2_interfaces/environment/path.dsv
[9.786s] -- Symlinking: /ws/src/install/ti_mmwave_ros2_interfaces/share/ti_mmwave_ros2_interfaces/local_setup.bash
[9.793s] -- Symlinking: /ws/src/install/ti_mmwave_ros2_interfaces/share/ti_mmwave_ros2_interfaces/local_setup.sh
[9.799s] -- Symlinking: /ws/src/install/ti_mmwave_ros2_interfaces/share/ti_mmwave_ros2_interfaces/local_setup.zsh
[9.807s] -- Symlinking: /ws/src/install/ti_mmwave_ros2_interfaces/share/ti_mmwave_ros2_interfaces/local_setup.dsv
[9.814s] -- Symlinking: /ws/src/install/ti_mmwave_ros2_interfaces/share/ti_mmwave_ros2_interfaces/package.dsv
[9.820s] -- Symlinking: /ws/src/install/ti_mmwave_ros2_interfaces/share/ament_index/resource_index/packages/ti_mmwave_ros2_interfaces
[9.828s] -- Symlinking: /ws/src/install/ti_mmwave_ros2_interfaces/share/ti_mmwave_ros2_interfaces/cmake/rosidl_cmake-extras.cmake
[9.833s] -- Symlinking: /ws/src/install/ti_mmwave_ros2_interfaces/share/ti_mmwave_ros2_interfaces/cmake/ament_cmake_export_dependencies-extras.cmake
[9.840s] -- Symlinking: /ws/src/install/ti_mmwave_ros2_interfaces/share/ti_mmwave_ros2_interfaces/cmake/ament_cmake_export_libraries-extras.cmake
[9.848s] -- Symlinking: /ws/src/install/ti_mmwave_ros2_interfaces/share/ti_mmwave_ros2_interfaces/cmake/ament_cmake_export_targets-extras.cmake
[9.855s] -- Symlinking: /ws/src/install/ti_mmwave_ros2_interfaces/share/ti_mmwave_ros2_interfaces/cmake/ament_cmake_export_include_directories-extras.cmake
[9.862s] -- Symlinking: /ws/src/install/ti_mmwave_ros2_interfaces/share/ti_mmwave_ros2_interfaces/cmake/rosidl_cmake_export_typesupport_libraries-extras.cmake
[9.869s] -- Symlinking: /ws/src/install/ti_mmwave_ros2_interfaces/share/ti_mmwave_ros2_interfaces/cmake/rosidl_cmake_export_typesupport_targets-extras.cmake
[9.876s] -- Symlinking: /ws/src/install/ti_mmwave_ros2_interfaces/share/ti_mmwave_ros2_interfaces/cmake/ti_mmwave_ros2_interfacesConfig.cmake
[9.882s] -- Symlinking: /ws/src/install/ti_mmwave_ros2_interfaces/share/ti_mmwave_ros2_interfaces/cmake/ti_mmwave_ros2_interfacesConfig-version.cmake
[9.888s] -- Symlinking: /ws/src/install/ti_mmwave_ros2_interfaces/share/ti_mmwave_ros2_interfaces/package.xml
[9.894s] -- Installing: /ws/src/install/ti_mmwave_ros2_interfaces/lib/libti_mmwave_ros2_interfaces__rosidl_generator_c.so
[9.895s] -- Set runtime path of "/ws/src/install/ti_mmwave_ros2_interfaces/lib/libti_mmwave_ros2_interfaces__rosidl_generator_c.so" to ""
[9.895s] -- Installing: /ws/src/install/ti_mmwave_ros2_interfaces/lib/libti_mmwave_ros2_interfaces__rosidl_typesupport_introspection_c.so
[9.896s] -- Set runtime path of "/ws/src/install/ti_mmwave_ros2_interfaces/lib/libti_mmwave_ros2_interfaces__rosidl_typesupport_introspection_c.so" to ""
[9.896s] -- Installing: /ws/src/install/ti_mmwave_ros2_interfaces/lib/libti_mmwave_ros2_interfaces__rosidl_typesupport_c.so
[9.897s] -- Set runtime path of "/ws/src/install/ti_mmwave_ros2_interfaces/lib/libti_mmwave_ros2_interfaces__rosidl_typesupport_c.so" to ""
[9.897s] -- Installing: /ws/src/install/ti_mmwave_ros2_interfaces/lib/libti_mmwave_ros2_interfaces__rosidl_typesupport_introspection_cpp.so
[9.898s] -- Set runtime path of "/ws/src/install/ti_mmwave_ros2_interfaces/lib/libti_mmwave_ros2_interfaces__rosidl_typesupport_introspection_cpp.so" to ""
[9.898s] -- Installing: /ws/src/install/ti_mmwave_ros2_interfaces/lib/libti_mmwave_ros2_interfaces__rosidl_typesupport_cpp.so
[9.898s] -- Set runtime path of "/ws/src/install/ti_mmwave_ros2_interfaces/lib/libti_mmwave_ros2_interfaces__rosidl_typesupport_cpp.so" to ""
[9.965s] Compiling '/ws/src/install/ti_mmwave_ros2_interfaces/lib/python3.8/site-packages/ti_mmwave_ros2_interfaces/__init__.py'...
[9.977s] -- Installing: /ws/src/install/ti_mmwave_ros2_interfaces/share/ti_mmwave_ros2_interfaces/cmake/ti_mmwave_ros2_interfaces__rosidl_generator_cExport.cmake
[9.978s] -- Installing: /ws/src/install/ti_mmwave_ros2_interfaces/share/ti_mmwave_ros2_interfaces/cmake/ti_mmwave_ros2_interfaces__rosidl_generator_cExport-noconfig.cmake
[9.978s] -- Installing: /ws/src/install/ti_mmwave_ros2_interfaces/share/ti_mmwave_ros2_interfaces/cmake/ti_mmwave_ros2_interfaces__rosidl_typesupport_introspection_cExport.cmake
[9.979s] -- Installing: /ws/src/install/ti_mmwave_ros2_interfaces/share/ti_mmwave_ros2_interfaces/cmake/ti_mmwave_ros2_interfaces__rosidl_typesupport_introspection_cExport-noconfig.cmake
[9.979s] -- Installing: /ws/src/install/ti_mmwave_ros2_interfaces/share/ti_mmwave_ros2_interfaces/cmake/ti_mmwave_ros2_interfaces__rosidl_typesupport_cExport.cmake
[9.979s] -- Installing: /ws/src/install/ti_mmwave_ros2_interfaces/share/ti_mmwave_ros2_interfaces/cmake/ti_mmwave_ros2_interfaces__rosidl_typesupport_cExport-noconfig.cmake
[9.980s] -- Installing: /ws/src/install/ti_mmwave_ros2_interfaces/share/ti_mmwave_ros2_interfaces/cmake/ti_mmwave_ros2_interfaces__rosidl_generator_cppExport.cmake
[9.980s] -- Installing: /ws/src/install/ti_mmwave_ros2_interfaces/share/ti_mmwave_ros2_interfaces/cmake/ti_mmwave_ros2_interfaces__rosidl_typesupport_introspection_cppExport.cmake
[9.981s] -- Installing: /ws/src/install/ti_mmwave_ros2_interfaces/share/ti_mmwave_ros2_interfaces/cmake/ti_mmwave_ros2_interfaces__rosidl_typesupport_introspection_cppExport-noconfig.cmake
[9.981s] -- Installing: /ws/src/install/ti_mmwave_ros2_interfaces/share/ti_mmwave_ros2_interfaces/cmake/ti_mmwave_ros2_interfaces__rosidl_typesupport_cppExport.cmake
[9.982s] -- Installing: /ws/src/install/ti_mmwave_ros2_interfaces/share/ti_mmwave_ros2_interfaces/cmake/ti_mmwave_ros2_interfaces__rosidl_typesupport_cppExport-noconfig.cmake
[10.001s] Invoked command in '/ws/src/build/ti_mmwave_ros2_interfaces' returned '0': /usr/local/bin/cmake --install /ws/src/build/ti_mmwave_ros2_interfaces
