[0.112s] Invoking command in '/ws/src/build/ti_mmwave_ros2_examples': /usr/local/bin/cmake --build /ws/src/build/ti_mmwave_ros2_examples -- -j6 -l6
[0.301s] [ 33%] Built target pointcloud_to_laserscan
[0.301s] [ 66%] Built target pointcloud_to_laserscan_node
[0.306s] [100%] Built target dummy_pointcloud_publisher
[0.336s] Invoked command in '/ws/src/build/ti_mmwave_ros2_examples' returned '0': /usr/local/bin/cmake --build /ws/src/build/ti_mmwave_ros2_examples -- -j6 -l6
[0.539s] Invoking command in '/ws/src/build/ti_mmwave_ros2_examples': /usr/local/bin/cmake --install /ws/src/build/ti_mmwave_ros2_examples
[0.628s] -- Install configuration: ""
[0.630s] -- Execute custom install script
[0.630s] -- Up-to-date symlink: /ws/src/install/ti_mmwave_ros2_examples/lib/ti_mmwave_ros2_examples/pointcloud_to_laserscan_node
[0.631s] -- Up-to-date symlink: /ws/src/install/ti_mmwave_ros2_examples/lib/libpointcloud_to_laserscan.so
[0.632s] -- Up-to-date symlink: /ws/src/install/ti_mmwave_ros2_examples/lib/ti_mmwave_ros2_examples/dummy_pointcloud_publisher
[0.633s] -- Up-to-date symlink: /ws/src/install/ti_mmwave_ros2_examples/share/ti_mmwave_ros2_examples/launch/bringup_launch.py
[0.633s] -- Up-to-date symlink: /ws/src/install/ti_mmwave_ros2_examples/share/ti_mmwave_ros2_examples/launch/fake_nav_launch.py
[0.633s] -- Up-to-date symlink: /ws/src/install/ti_mmwave_ros2_examples/share/ti_mmwave_ros2_examples/launch/lidar_nav.launch.py
[0.634s] -- Up-to-date symlink: /ws/src/install/ti_mmwave_ros2_examples/share/ti_mmwave_ros2_examples/launch/localization_launch.py
[0.634s] -- Up-to-date symlink: /ws/src/install/ti_mmwave_ros2_examples/share/ti_mmwave_ros2_examples/launch/navigation_launch.py
[0.634s] -- Up-to-date symlink: /ws/src/install/ti_mmwave_ros2_examples/share/ti_mmwave_ros2_examples/launch/pointcloud_to_laserscan.launch.py
[0.634s] -- Up-to-date symlink: /ws/src/install/ti_mmwave_ros2_examples/share/ti_mmwave_ros2_examples/launch/rviz_view_launch.py
[0.635s] -- Up-to-date symlink: /ws/src/install/ti_mmwave_ros2_examples/share/ti_mmwave_ros2_examples/param/go1_params.yaml
[0.635s] -- Up-to-date symlink: /ws/src/install/ti_mmwave_ros2_examples/share/ti_mmwave_ros2_examples/param/navigate_w_replanning_and_recovery.xml
[0.635s] -- Up-to-date symlink: /ws/src/install/ti_mmwave_ros2_examples/share/ti_mmwave_ros2_examples/param/neuronbot_params.yaml
[0.636s] -- Up-to-date symlink: /ws/src/install/ti_mmwave_ros2_examples/share/ti_mmwave_ros2_examples/rviz/laser_scan.rviz
[0.637s] -- Up-to-date symlink: /ws/src/install/ti_mmwave_ros2_examples/share/ti_mmwave_ros2_examples/rviz/nav2.rviz
[0.639s] -- Up-to-date symlink: /ws/src/install/ti_mmwave_ros2_examples/share/ti_mmwave_ros2_examples/rviz/nav2_default_view.rviz
[0.639s] -- Up-to-date symlink: /ws/src/install/ti_mmwave_ros2_examples/share/ti_mmwave_ros2_examples/rviz/nav2_namespaced_view.rviz
[0.641s] -- Up-to-date symlink: /ws/src/install/ti_mmwave_ros2_examples/share/ti_mmwave_ros2_examples/map/hy_map_editted.pgm
[0.641s] -- Up-to-date symlink: /ws/src/install/ti_mmwave_ros2_examples/share/ti_mmwave_ros2_examples/map/hy_map_editted.yaml
[0.641s] -- Up-to-date symlink: /ws/src/install/ti_mmwave_ros2_examples/share/ti_mmwave_ros2_examples/map/mememan.pgm
[0.642s] -- Up-to-date symlink: /ws/src/install/ti_mmwave_ros2_examples/share/ti_mmwave_ros2_examples/map/mememan.yaml
[0.643s] -- Up-to-date symlink: /ws/src/install/ti_mmwave_ros2_examples/share/ament_index/resource_index/package_run_dependencies/ti_mmwave_ros2_examples
[0.643s] -- Up-to-date symlink: /ws/src/install/ti_mmwave_ros2_examples/share/ament_index/resource_index/parent_prefix_path/ti_mmwave_ros2_examples
[0.643s] -- Up-to-date symlink: /ws/src/install/ti_mmwave_ros2_examples/share/ti_mmwave_ros2_examples/environment/ament_prefix_path.sh
[0.643s] -- Up-to-date symlink: /ws/src/install/ti_mmwave_ros2_examples/share/ti_mmwave_ros2_examples/environment/ament_prefix_path.dsv
[0.658s] -- Up-to-date symlink: /ws/src/install/ti_mmwave_ros2_examples/share/ti_mmwave_ros2_examples/environment/path.sh
[0.659s] -- Up-to-date symlink: /ws/src/install/ti_mmwave_ros2_examples/share/ti_mmwave_ros2_examples/environment/path.dsv
[0.660s] -- Up-to-date symlink: /ws/src/install/ti_mmwave_ros2_examples/share/ti_mmwave_ros2_examples/local_setup.bash
[0.660s] -- Up-to-date symlink: /ws/src/install/ti_mmwave_ros2_examples/share/ti_mmwave_ros2_examples/local_setup.sh
[0.661s] -- Up-to-date symlink: /ws/src/install/ti_mmwave_ros2_examples/share/ti_mmwave_ros2_examples/local_setup.zsh
[0.661s] -- Up-to-date symlink: /ws/src/install/ti_mmwave_ros2_examples/share/ti_mmwave_ros2_examples/local_setup.dsv
[0.661s] -- Symlinking: /ws/src/install/ti_mmwave_ros2_examples/share/ti_mmwave_ros2_examples/package.dsv
[0.662s] -- Up-to-date symlink: /ws/src/install/ti_mmwave_ros2_examples/share/ament_index/resource_index/packages/ti_mmwave_ros2_examples
[0.668s] -- Up-to-date symlink: /ws/src/install/ti_mmwave_ros2_examples/share/ament_index/resource_index/rclcpp_components/ti_mmwave_ros2_examples
[0.669s] -- Up-to-date symlink: /ws/src/install/ti_mmwave_ros2_examples/share/ti_mmwave_ros2_examples/cmake/ti_mmwave_ros2_examplesConfig.cmake
[0.672s] -- Up-to-date symlink: /ws/src/install/ti_mmwave_ros2_examples/share/ti_mmwave_ros2_examples/cmake/ti_mmwave_ros2_examplesConfig-version.cmake
[0.672s] -- Up-to-date symlink: /ws/src/install/ti_mmwave_ros2_examples/share/ti_mmwave_ros2_examples/package.xml
[0.733s] Invoked command in '/ws/src/build/ti_mmwave_ros2_examples' returned '0': /usr/local/bin/cmake --install /ws/src/build/ti_mmwave_ros2_examples
