[0.159s] Invoking command in '/ws/build/ti_mmwave_ros2_interfaces': /usr/local/bin/cmake --build /ws/build/ti_mmwave_ros2_interfaces -- -j4 -l4
[0.337s] [  2%] Built target ti_mmwave_ros2_interfaces__cpp
[0.358s] [ 12%] Built target ti_mmwave_ros2_interfaces__rosidl_generator_c
[0.427s] [ 23%] Built target ti_mmwave_ros2_interfaces__rosidl_typesupport_cpp
[0.441s] [ 33%] Built target ti_mmwave_ros2_interfaces__rosidl_typesupport_fastrtps_cpp
[0.451s] [ 43%] Built target ti_mmwave_ros2_interfaces__rosidl_typesupport_introspection_cpp
[0.483s] [ 53%] Built target ti_mmwave_ros2_interfaces__rosidl_typesupport_introspection_c
[0.506s] [ 64%] Built target ti_mmwave_ros2_interfaces__rosidl_typesupport_c
[0.532s] [ 74%] Built target ti_mmwave_ros2_interfaces__rosidl_typesupport_fastrtps_c
[0.567s] [ 74%] Built target ti_mmwave_ros2_interfaces
[0.600s] [ 76%] Built target ti_mmwave_ros2_interfaces__py
[0.647s] [ 84%] Built target ti_mmwave_ros2_interfaces__python
[0.705s] [ 94%] Built target ti_mmwave_ros2_interfaces__rosidl_typesupport_c__pyext
[0.705s] [ 94%] Built target ti_mmwave_ros2_interfaces__rosidl_typesupport_introspection_c__pyext
[0.717s] [100%] Built target ti_mmwave_ros2_interfaces__rosidl_typesupport_fastrtps_c__pyext
[0.865s] Invoked command in '/ws/build/ti_mmwave_ros2_interfaces' returned '0': /usr/local/bin/cmake --build /ws/build/ti_mmwave_ros2_interfaces -- -j4 -l4
[1.255s] Invoking command in '/ws/build/ti_mmwave_ros2_interfaces': /usr/local/bin/cmake --install /ws/build/ti_mmwave_ros2_interfaces
[1.370s] -- Install configuration: ""
[1.374s] -- Execute custom install script
[1.374s] -- Up-to-date symlink: /ws/install/ti_mmwave_ros2_interfaces/share/ament_index/resource_index/rosidl_interfaces/ti_mmwave_ros2_interfaces
[1.374s] -- Up-to-date symlink: /ws/install/ti_mmwave_ros2_interfaces/include/ti_mmwave_ros2_interfaces/msg/detail/radar_scan__functions.h
[1.375s] -- Up-to-date symlink: /ws/install/ti_mmwave_ros2_interfaces/include/ti_mmwave_ros2_interfaces/msg/detail/radar_scan__struct.h
[1.375s] -- Up-to-date symlink: /ws/install/ti_mmwave_ros2_interfaces/include/ti_mmwave_ros2_interfaces/msg/detail/radar_scan__type_support.h
[1.375s] -- Up-to-date symlink: /ws/install/ti_mmwave_ros2_interfaces/include/ti_mmwave_ros2_interfaces/msg/radar_scan.h
[1.376s] -- Up-to-date symlink: /ws/install/ti_mmwave_ros2_interfaces/include/ti_mmwave_ros2_interfaces/msg/rosidl_generator_c__visibility_control.h
[1.376s] -- Up-to-date symlink: /ws/install/ti_mmwave_ros2_interfaces/include/ti_mmwave_ros2_interfaces/srv/detail/mm_wave_cli__functions.h
[1.376s] -- Up-to-date symlink: /ws/install/ti_mmwave_ros2_interfaces/include/ti_mmwave_ros2_interfaces/srv/detail/mm_wave_cli__struct.h
[1.377s] -- Up-to-date symlink: /ws/install/ti_mmwave_ros2_interfaces/include/ti_mmwave_ros2_interfaces/srv/detail/mm_wave_cli__type_support.h
[1.377s] -- Up-to-date symlink: /ws/install/ti_mmwave_ros2_interfaces/include/ti_mmwave_ros2_interfaces/srv/mm_wave_cli.h
[1.378s] -- Up-to-date symlink: /ws/install/ti_mmwave_ros2_interfaces/share/ti_mmwave_ros2_interfaces/environment/library_path.sh
[1.378s] -- Up-to-date symlink: /ws/install/ti_mmwave_ros2_interfaces/share/ti_mmwave_ros2_interfaces/environment/library_path.dsv
[1.380s] -- Up-to-date symlink: /ws/install/ti_mmwave_ros2_interfaces/include/ti_mmwave_ros2_interfaces/msg/detail/radar_scan__rosidl_typesupport_fastrtps_c.h
[1.380s] -- Up-to-date symlink: /ws/install/ti_mmwave_ros2_interfaces/include/ti_mmwave_ros2_interfaces/msg/rosidl_typesupport_fastrtps_c__visibility_control.h
[1.381s] -- Up-to-date symlink: /ws/install/ti_mmwave_ros2_interfaces/include/ti_mmwave_ros2_interfaces/srv/detail/mm_wave_cli__rosidl_typesupport_fastrtps_c.h
[1.382s] -- Up-to-date symlink: /ws/install/ti_mmwave_ros2_interfaces/lib/libti_mmwave_ros2_interfaces__rosidl_typesupport_fastrtps_c.so
[1.384s] -- Up-to-date symlink: /ws/install/ti_mmwave_ros2_interfaces/include/ti_mmwave_ros2_interfaces/msg/detail/radar_scan__rosidl_typesupport_fastrtps_cpp.hpp
[1.384s] -- Up-to-date symlink: /ws/install/ti_mmwave_ros2_interfaces/include/ti_mmwave_ros2_interfaces/msg/rosidl_typesupport_fastrtps_cpp__visibility_control.h
[1.385s] -- Up-to-date symlink: /ws/install/ti_mmwave_ros2_interfaces/include/ti_mmwave_ros2_interfaces/srv/detail/mm_wave_cli__rosidl_typesupport_fastrtps_cpp.hpp
[1.386s] -- Up-to-date symlink: /ws/install/ti_mmwave_ros2_interfaces/lib/libti_mmwave_ros2_interfaces__rosidl_typesupport_fastrtps_cpp.so
[1.387s] -- Up-to-date symlink: /ws/install/ti_mmwave_ros2_interfaces/include/ti_mmwave_ros2_interfaces/msg/detail/radar_scan__rosidl_typesupport_introspection_c.h
[1.388s] -- Up-to-date symlink: /ws/install/ti_mmwave_ros2_interfaces/include/ti_mmwave_ros2_interfaces/msg/rosidl_typesupport_introspection_c__visibility_control.h
[1.388s] -- Up-to-date symlink: /ws/install/ti_mmwave_ros2_interfaces/include/ti_mmwave_ros2_interfaces/srv/detail/mm_wave_cli__rosidl_typesupport_introspection_c.h
[1.390s] -- Up-to-date symlink: /ws/install/ti_mmwave_ros2_interfaces/include/ti_mmwave_ros2_interfaces/msg/detail/radar_scan__builder.hpp
[1.390s] -- Up-to-date symlink: /ws/install/ti_mmwave_ros2_interfaces/include/ti_mmwave_ros2_interfaces/msg/detail/radar_scan__struct.hpp
[1.390s] -- Up-to-date symlink: /ws/install/ti_mmwave_ros2_interfaces/include/ti_mmwave_ros2_interfaces/msg/detail/radar_scan__traits.hpp
[1.391s] -- Up-to-date symlink: /ws/install/ti_mmwave_ros2_interfaces/include/ti_mmwave_ros2_interfaces/msg/radar_scan.hpp
[1.391s] -- Up-to-date symlink: /ws/install/ti_mmwave_ros2_interfaces/include/ti_mmwave_ros2_interfaces/srv/detail/mm_wave_cli__builder.hpp
[1.392s] -- Up-to-date symlink: /ws/install/ti_mmwave_ros2_interfaces/include/ti_mmwave_ros2_interfaces/srv/detail/mm_wave_cli__struct.hpp
[1.392s] -- Up-to-date symlink: /ws/install/ti_mmwave_ros2_interfaces/include/ti_mmwave_ros2_interfaces/srv/detail/mm_wave_cli__traits.hpp
[1.393s] -- Up-to-date symlink: /ws/install/ti_mmwave_ros2_interfaces/include/ti_mmwave_ros2_interfaces/srv/mm_wave_cli.hpp
[1.398s] -- Up-to-date symlink: /ws/install/ti_mmwave_ros2_interfaces/include/ti_mmwave_ros2_interfaces/msg/detail/radar_scan__rosidl_typesupport_introspection_cpp.hpp
[1.399s] -- Up-to-date symlink: /ws/install/ti_mmwave_ros2_interfaces/include/ti_mmwave_ros2_interfaces/srv/detail/mm_wave_cli__rosidl_typesupport_introspection_cpp.hpp
[1.399s] -- Up-to-date symlink: /ws/install/ti_mmwave_ros2_interfaces/share/ti_mmwave_ros2_interfaces/environment/pythonpath.sh
[1.399s] -- Up-to-date symlink: /ws/install/ti_mmwave_ros2_interfaces/share/ti_mmwave_ros2_interfaces/environment/pythonpath.dsv
[1.399s] -- Up-to-date symlink: /ws/install/ti_mmwave_ros2_interfaces/lib/python3.8/site-packages/ti_mmwave_ros2_interfaces/__init__.py
[1.400s] -- Up-to-date symlink: /ws/install/ti_mmwave_ros2_interfaces/lib/python3.8/site-packages/ti_mmwave_ros2_interfaces/msg/__init__.py
[1.400s] -- Up-to-date symlink: /ws/install/ti_mmwave_ros2_interfaces/lib/python3.8/site-packages/ti_mmwave_ros2_interfaces/msg/_radar_scan.py
[1.400s] -- Up-to-date symlink: /ws/install/ti_mmwave_ros2_interfaces/lib/python3.8/site-packages/ti_mmwave_ros2_interfaces/srv/__init__.py
[1.400s] -- Up-to-date symlink: /ws/install/ti_mmwave_ros2_interfaces/lib/python3.8/site-packages/ti_mmwave_ros2_interfaces/srv/_mm_wave_cli.py
[1.401s] -- Up-to-date symlink: /ws/install/ti_mmwave_ros2_interfaces/lib/python3.8/site-packages/ti_mmwave_ros2_interfaces/ti_mmwave_ros2_interfaces_s__rosidl_typesupport_fastrtps_c.cpython-38-aarch64-linux-gnu.so
[1.401s] -- Up-to-date symlink: /ws/install/ti_mmwave_ros2_interfaces/lib/python3.8/site-packages/ti_mmwave_ros2_interfaces/ti_mmwave_ros2_interfaces_s__rosidl_typesupport_introspection_c.cpython-38-aarch64-linux-gnu.so
[1.403s] -- Up-to-date symlink: /ws/install/ti_mmwave_ros2_interfaces/lib/python3.8/site-packages/ti_mmwave_ros2_interfaces/ti_mmwave_ros2_interfaces_s__rosidl_typesupport_c.cpython-38-aarch64-linux-gnu.so
[1.403s] -- Up-to-date symlink: /ws/install/ti_mmwave_ros2_interfaces/lib/libti_mmwave_ros2_interfaces__python.so
[1.403s] -- Up-to-date symlink: /ws/install/ti_mmwave_ros2_interfaces/share/ti_mmwave_ros2_interfaces/msg/RadarScan.idl
[1.404s] -- Up-to-date symlink: /ws/install/ti_mmwave_ros2_interfaces/share/ti_mmwave_ros2_interfaces/srv/MMWaveCLI.idl
[1.404s] -- Up-to-date symlink: /ws/install/ti_mmwave_ros2_interfaces/share/ti_mmwave_ros2_interfaces/msg/RadarScan.msg
[1.406s] -- Up-to-date symlink: /ws/install/ti_mmwave_ros2_interfaces/share/ti_mmwave_ros2_interfaces/srv/MMWaveCLI.srv
[1.406s] -- Up-to-date symlink: /ws/install/ti_mmwave_ros2_interfaces/share/ti_mmwave_ros2_interfaces/srv/MMWaveCLI_Request.msg
[1.407s] -- Up-to-date symlink: /ws/install/ti_mmwave_ros2_interfaces/share/ti_mmwave_ros2_interfaces/srv/MMWaveCLI_Response.msg
[1.407s] -- Up-to-date symlink: /ws/install/ti_mmwave_ros2_interfaces/share/ament_index/resource_index/package_run_dependencies/ti_mmwave_ros2_interfaces
[1.407s] -- Up-to-date symlink: /ws/install/ti_mmwave_ros2_interfaces/share/ament_index/resource_index/parent_prefix_path/ti_mmwave_ros2_interfaces
[1.408s] -- Up-to-date symlink: /ws/install/ti_mmwave_ros2_interfaces/share/ti_mmwave_ros2_interfaces/environment/ament_prefix_path.sh
[1.408s] -- Up-to-date symlink: /ws/install/ti_mmwave_ros2_interfaces/share/ti_mmwave_ros2_interfaces/environment/ament_prefix_path.dsv
[1.409s] -- Up-to-date symlink: /ws/install/ti_mmwave_ros2_interfaces/share/ti_mmwave_ros2_interfaces/environment/path.sh
[1.410s] -- Up-to-date symlink: /ws/install/ti_mmwave_ros2_interfaces/share/ti_mmwave_ros2_interfaces/environment/path.dsv
[1.410s] -- Up-to-date symlink: /ws/install/ti_mmwave_ros2_interfaces/share/ti_mmwave_ros2_interfaces/local_setup.bash
[1.411s] -- Up-to-date symlink: /ws/install/ti_mmwave_ros2_interfaces/share/ti_mmwave_ros2_interfaces/local_setup.sh
[1.411s] -- Up-to-date symlink: /ws/install/ti_mmwave_ros2_interfaces/share/ti_mmwave_ros2_interfaces/local_setup.zsh
[1.412s] -- Up-to-date symlink: /ws/install/ti_mmwave_ros2_interfaces/share/ti_mmwave_ros2_interfaces/local_setup.dsv
[1.412s] -- Symlinking: /ws/install/ti_mmwave_ros2_interfaces/share/ti_mmwave_ros2_interfaces/package.dsv
[1.422s] -- Up-to-date symlink: /ws/install/ti_mmwave_ros2_interfaces/share/ament_index/resource_index/packages/ti_mmwave_ros2_interfaces
[1.422s] -- Up-to-date symlink: /ws/install/ti_mmwave_ros2_interfaces/share/ti_mmwave_ros2_interfaces/cmake/rosidl_cmake-extras.cmake
[1.423s] -- Up-to-date symlink: /ws/install/ti_mmwave_ros2_interfaces/share/ti_mmwave_ros2_interfaces/cmake/ament_cmake_export_dependencies-extras.cmake
[1.423s] -- Up-to-date symlink: /ws/install/ti_mmwave_ros2_interfaces/share/ti_mmwave_ros2_interfaces/cmake/ament_cmake_export_libraries-extras.cmake
[1.424s] -- Up-to-date symlink: /ws/install/ti_mmwave_ros2_interfaces/share/ti_mmwave_ros2_interfaces/cmake/ament_cmake_export_targets-extras.cmake
[1.424s] -- Up-to-date symlink: /ws/install/ti_mmwave_ros2_interfaces/share/ti_mmwave_ros2_interfaces/cmake/ament_cmake_export_include_directories-extras.cmake
[1.425s] -- Up-to-date symlink: /ws/install/ti_mmwave_ros2_interfaces/share/ti_mmwave_ros2_interfaces/cmake/rosidl_cmake_export_typesupport_libraries-extras.cmake
[1.425s] -- Up-to-date symlink: /ws/install/ti_mmwave_ros2_interfaces/share/ti_mmwave_ros2_interfaces/cmake/rosidl_cmake_export_typesupport_targets-extras.cmake
[1.426s] -- Up-to-date symlink: /ws/install/ti_mmwave_ros2_interfaces/share/ti_mmwave_ros2_interfaces/cmake/ti_mmwave_ros2_interfacesConfig.cmake
[1.426s] -- Up-to-date symlink: /ws/install/ti_mmwave_ros2_interfaces/share/ti_mmwave_ros2_interfaces/cmake/ti_mmwave_ros2_interfacesConfig-version.cmake
[1.427s] -- Up-to-date symlink: /ws/install/ti_mmwave_ros2_interfaces/share/ti_mmwave_ros2_interfaces/package.xml
[1.428s] -- Up-to-date: /ws/install/ti_mmwave_ros2_interfaces/lib/libti_mmwave_ros2_interfaces__rosidl_generator_c.so
[1.429s] -- Up-to-date: /ws/install/ti_mmwave_ros2_interfaces/lib/libti_mmwave_ros2_interfaces__rosidl_typesupport_introspection_c.so
[1.429s] -- Up-to-date: /ws/install/ti_mmwave_ros2_interfaces/lib/libti_mmwave_ros2_interfaces__rosidl_typesupport_c.so
[1.430s] -- Up-to-date: /ws/install/ti_mmwave_ros2_interfaces/lib/libti_mmwave_ros2_interfaces__rosidl_typesupport_introspection_cpp.so
[1.431s] -- Up-to-date: /ws/install/ti_mmwave_ros2_interfaces/lib/libti_mmwave_ros2_interfaces__rosidl_typesupport_cpp.so
[1.547s] -- Up-to-date: /ws/install/ti_mmwave_ros2_interfaces/share/ti_mmwave_ros2_interfaces/cmake/ti_mmwave_ros2_interfaces__rosidl_generator_cExport.cmake
[1.548s] -- Up-to-date: /ws/install/ti_mmwave_ros2_interfaces/share/ti_mmwave_ros2_interfaces/cmake/ti_mmwave_ros2_interfaces__rosidl_generator_cExport-noconfig.cmake
[1.549s] -- Up-to-date: /ws/install/ti_mmwave_ros2_interfaces/share/ti_mmwave_ros2_interfaces/cmake/ti_mmwave_ros2_interfaces__rosidl_typesupport_introspection_cExport.cmake
[1.549s] -- Up-to-date: /ws/install/ti_mmwave_ros2_interfaces/share/ti_mmwave_ros2_interfaces/cmake/ti_mmwave_ros2_interfaces__rosidl_typesupport_introspection_cExport-noconfig.cmake
[1.549s] -- Up-to-date: /ws/install/ti_mmwave_ros2_interfaces/share/ti_mmwave_ros2_interfaces/cmake/ti_mmwave_ros2_interfaces__rosidl_typesupport_cExport.cmake
[1.550s] -- Up-to-date: /ws/install/ti_mmwave_ros2_interfaces/share/ti_mmwave_ros2_interfaces/cmake/ti_mmwave_ros2_interfaces__rosidl_typesupport_cExport-noconfig.cmake
[1.550s] -- Up-to-date: /ws/install/ti_mmwave_ros2_interfaces/share/ti_mmwave_ros2_interfaces/cmake/ti_mmwave_ros2_interfaces__rosidl_generator_cppExport.cmake
[1.550s] -- Up-to-date: /ws/install/ti_mmwave_ros2_interfaces/share/ti_mmwave_ros2_interfaces/cmake/ti_mmwave_ros2_interfaces__rosidl_typesupport_introspection_cppExport.cmake
[1.550s] -- Up-to-date: /ws/install/ti_mmwave_ros2_interfaces/share/ti_mmwave_ros2_interfaces/cmake/ti_mmwave_ros2_interfaces__rosidl_typesupport_introspection_cppExport-noconfig.cmake
[1.551s] -- Up-to-date: /ws/install/ti_mmwave_ros2_interfaces/share/ti_mmwave_ros2_interfaces/cmake/ti_mmwave_ros2_interfaces__rosidl_typesupport_cppExport.cmake
[1.551s] -- Up-to-date: /ws/install/ti_mmwave_ros2_interfaces/share/ti_mmwave_ros2_interfaces/cmake/ti_mmwave_ros2_interfaces__rosidl_typesupport_cppExport-noconfig.cmake
[1.567s] Invoked command in '/ws/build/ti_mmwave_ros2_interfaces' returned '0': /usr/local/bin/cmake --install /ws/build/ti_mmwave_ros2_interfaces
