[0.701s] DEBUG:colcon:Command line arguments: ['/usr/bin/colcon', 'build', '--symlink-install']
[0.701s] DEBUG:colcon:Parsed command line arguments: Namespace(ament_cmake_args=None, base_paths=['.'], build_base='build', catkin_cmake_args=None, catkin_skip_building_tests=False, cmake_args=None, cmake_clean_cache=False, cmake_clean_first=False, cmake_force_configure=False, cmake_target=None, cmake_target_skip_unavailable=False, continue_on_error=False, event_handlers=None, executor='parallel', ignore_user_meta=False, install_base='install', log_base=None, log_level=None, main=<bound method BuildVerb.main of <colcon_core.verb.build.BuildVerb object at 0xffffb0a4e3d0>>, merge_install=False, metas=['./colcon.meta'], packages_above=None, packages_above_and_dependencies=None, packages_above_depth=None, packages_end=None, packages_ignore=None, packages_ignore_regex=None, packages_select=None, packages_select_build_failed=False, packages_select_by_dep=None, packages_select_regex=None, packages_select_test_failures=False, packages_skip=None, packages_skip_build_finished=False, packages_skip_by_dep=None, packages_skip_regex=None, packages_skip_test_passed=False, packages_skip_up_to=None, packages_start=None, packages_up_to=None, packages_up_to_regex=None, parallel_workers=4, paths=None, symlink_install=True, test_result_base=None, verb_extension=<colcon_core.verb.build.BuildVerb object at 0xffffb0a4e3d0>, verb_name='build', verb_parser=<colcon_defaults.argument_parser.defaults.DefaultArgumentsDecorator object at 0xffffb087a1f0>)
[0.863s] Level 1:colcon.colcon_core.package_discovery:discover_packages(colcon_meta) check parameters
[0.864s] Level 1:colcon.colcon_core.package_discovery:discover_packages(recursive) check parameters
[0.864s] Level 1:colcon.colcon_core.package_discovery:discover_packages(ignore) check parameters
[0.864s] Level 1:colcon.colcon_core.package_discovery:discover_packages(path) check parameters
[0.864s] Level 1:colcon.colcon_core.package_discovery:discover_packages(colcon_meta) discover
[0.864s] Level 1:colcon.colcon_core.package_discovery:discover_packages(recursive) discover
[0.865s] INFO:colcon.colcon_core.package_discovery:Crawling recursively for packages in '/ws'
[0.865s] Level 1:colcon.colcon_core.package_identification:_identify(.) by extensions ['ignore', 'ignore_ament_install']
[0.865s] Level 1:colcon.colcon_core.package_identification:_identify(.) by extension 'ignore'
[0.866s] Level 1:colcon.colcon_core.package_identification:_identify(.) by extension 'ignore_ament_install'
[0.866s] Level 1:colcon.colcon_core.package_identification:_identify(.) by extensions ['colcon_pkg']
[0.866s] Level 1:colcon.colcon_core.package_identification:_identify(.) by extension 'colcon_pkg'
[0.866s] Level 1:colcon.colcon_core.package_identification:_identify(.) by extensions ['colcon_meta']
[0.866s] Level 1:colcon.colcon_core.package_identification:_identify(.) by extension 'colcon_meta'
[0.866s] Level 1:colcon.colcon_core.package_identification:_identify(.) by extensions ['ros']
[0.866s] Level 1:colcon.colcon_core.package_identification:_identify(.) by extension 'ros'
[0.913s] Level 1:colcon.colcon_core.package_identification:_identify(.) by extensions ['cmake', 'python']
[0.914s] Level 1:colcon.colcon_core.package_identification:_identify(.) by extension 'cmake'
[0.914s] Level 1:colcon.colcon_core.package_identification:_identify(.) by extension 'python'
[0.914s] Level 1:colcon.colcon_core.package_identification:_identify(.) by extensions ['python_setup_py']
[0.914s] Level 1:colcon.colcon_core.package_identification:_identify(.) by extension 'python_setup_py'
[0.915s] Level 1:colcon.colcon_core.package_identification:_identify(build) by extensions ['ignore', 'ignore_ament_install']
[0.915s] Level 1:colcon.colcon_core.package_identification:_identify(build) by extension 'ignore'
[0.915s] Level 1:colcon.colcon_core.package_identification:_identify(build) ignored
[0.916s] Level 1:colcon.colcon_core.package_identification:_identify(install) by extensions ['ignore', 'ignore_ament_install']
[0.916s] Level 1:colcon.colcon_core.package_identification:_identify(install) by extension 'ignore'
[0.916s] Level 1:colcon.colcon_core.package_identification:_identify(install) ignored
[0.917s] Level 1:colcon.colcon_core.package_identification:_identify(log) by extensions ['ignore', 'ignore_ament_install']
[0.917s] Level 1:colcon.colcon_core.package_identification:_identify(log) by extension 'ignore'
[0.917s] Level 1:colcon.colcon_core.package_identification:_identify(log) ignored
[0.917s] Level 1:colcon.colcon_core.package_identification:_identify(src) by extensions ['ignore', 'ignore_ament_install']
[0.918s] Level 1:colcon.colcon_core.package_identification:_identify(src) by extension 'ignore'
[0.918s] Level 1:colcon.colcon_core.package_identification:_identify(src) by extension 'ignore_ament_install'
[0.918s] Level 1:colcon.colcon_core.package_identification:_identify(src) by extensions ['colcon_pkg']
[0.918s] Level 1:colcon.colcon_core.package_identification:_identify(src) by extension 'colcon_pkg'
[0.918s] Level 1:colcon.colcon_core.package_identification:_identify(src) by extensions ['colcon_meta']
[0.919s] Level 1:colcon.colcon_core.package_identification:_identify(src) by extension 'colcon_meta'
[0.919s] Level 1:colcon.colcon_core.package_identification:_identify(src) by extensions ['ros']
[0.919s] Level 1:colcon.colcon_core.package_identification:_identify(src) by extension 'ros'
[0.919s] Level 1:colcon.colcon_core.package_identification:_identify(src) by extensions ['cmake', 'python']
[0.919s] Level 1:colcon.colcon_core.package_identification:_identify(src) by extension 'cmake'
[0.919s] Level 1:colcon.colcon_core.package_identification:_identify(src) by extension 'python'
[0.919s] Level 1:colcon.colcon_core.package_identification:_identify(src) by extensions ['python_setup_py']
[0.920s] Level 1:colcon.colcon_core.package_identification:_identify(src) by extension 'python_setup_py'
[0.920s] Level 1:colcon.colcon_core.package_identification:_identify(src/build) by extensions ['ignore', 'ignore_ament_install']
[0.920s] Level 1:colcon.colcon_core.package_identification:_identify(src/build) by extension 'ignore'
[0.920s] Level 1:colcon.colcon_core.package_identification:_identify(src/build) ignored
[0.921s] Level 1:colcon.colcon_core.package_identification:_identify(src/install) by extensions ['ignore', 'ignore_ament_install']
[0.921s] Level 1:colcon.colcon_core.package_identification:_identify(src/install) by extension 'ignore'
[0.921s] Level 1:colcon.colcon_core.package_identification:_identify(src/install) ignored
[0.922s] Level 1:colcon.colcon_core.package_identification:_identify(src/log) by extensions ['ignore', 'ignore_ament_install']
[0.922s] Level 1:colcon.colcon_core.package_identification:_identify(src/log) by extension 'ignore'
[0.922s] Level 1:colcon.colcon_core.package_identification:_identify(src/log) ignored
[0.923s] Level 1:colcon.colcon_core.package_identification:_identify(src/mmwave_ti_ros) by extensions ['ignore', 'ignore_ament_install']
[0.923s] Level 1:colcon.colcon_core.package_identification:_identify(src/mmwave_ti_ros) by extension 'ignore'
[0.923s] Level 1:colcon.colcon_core.package_identification:_identify(src/mmwave_ti_ros) by extension 'ignore_ament_install'
[0.923s] Level 1:colcon.colcon_core.package_identification:_identify(src/mmwave_ti_ros) by extensions ['colcon_pkg']
[0.923s] Level 1:colcon.colcon_core.package_identification:_identify(src/mmwave_ti_ros) by extension 'colcon_pkg'
[0.924s] Level 1:colcon.colcon_core.package_identification:_identify(src/mmwave_ti_ros) by extensions ['colcon_meta']
[0.924s] Level 1:colcon.colcon_core.package_identification:_identify(src/mmwave_ti_ros) by extension 'colcon_meta'
[0.924s] Level 1:colcon.colcon_core.package_identification:_identify(src/mmwave_ti_ros) by extensions ['ros']
[0.924s] Level 1:colcon.colcon_core.package_identification:_identify(src/mmwave_ti_ros) by extension 'ros'
[0.924s] Level 1:colcon.colcon_core.package_identification:_identify(src/mmwave_ti_ros) by extensions ['cmake', 'python']
[0.924s] Level 1:colcon.colcon_core.package_identification:_identify(src/mmwave_ti_ros) by extension 'cmake'
[0.924s] Level 1:colcon.colcon_core.package_identification:_identify(src/mmwave_ti_ros) by extension 'python'
[0.925s] Level 1:colcon.colcon_core.package_identification:_identify(src/mmwave_ti_ros) by extensions ['python_setup_py']
[0.925s] Level 1:colcon.colcon_core.package_identification:_identify(src/mmwave_ti_ros) by extension 'python_setup_py'
[0.925s] Level 1:colcon.colcon_core.package_identification:_identify(src/mmwave_ti_ros/CAD) by extensions ['ignore', 'ignore_ament_install']
[0.925s] Level 1:colcon.colcon_core.package_identification:_identify(src/mmwave_ti_ros/CAD) by extension 'ignore'
[0.926s] Level 1:colcon.colcon_core.package_identification:_identify(src/mmwave_ti_ros/CAD) by extension 'ignore_ament_install'
[0.926s] Level 1:colcon.colcon_core.package_identification:_identify(src/mmwave_ti_ros/CAD) by extensions ['colcon_pkg']
[0.926s] Level 1:colcon.colcon_core.package_identification:_identify(src/mmwave_ti_ros/CAD) by extension 'colcon_pkg'
[0.926s] Level 1:colcon.colcon_core.package_identification:_identify(src/mmwave_ti_ros/CAD) by extensions ['colcon_meta']
[0.926s] Level 1:colcon.colcon_core.package_identification:_identify(src/mmwave_ti_ros/CAD) by extension 'colcon_meta'
[0.926s] Level 1:colcon.colcon_core.package_identification:_identify(src/mmwave_ti_ros/CAD) by extensions ['ros']
[0.926s] Level 1:colcon.colcon_core.package_identification:_identify(src/mmwave_ti_ros/CAD) by extension 'ros'
[0.927s] Level 1:colcon.colcon_core.package_identification:_identify(src/mmwave_ti_ros/CAD) by extensions ['cmake', 'python']
[0.927s] Level 1:colcon.colcon_core.package_identification:_identify(src/mmwave_ti_ros/CAD) by extension 'cmake'
[0.927s] Level 1:colcon.colcon_core.package_identification:_identify(src/mmwave_ti_ros/CAD) by extension 'python'
[0.927s] Level 1:colcon.colcon_core.package_identification:_identify(src/mmwave_ti_ros/CAD) by extensions ['python_setup_py']
[0.927s] Level 1:colcon.colcon_core.package_identification:_identify(src/mmwave_ti_ros/CAD) by extension 'python_setup_py'
[0.928s] Level 1:colcon.colcon_core.package_identification:_identify(src/mmwave_ti_ros/img) by extensions ['ignore', 'ignore_ament_install']
[0.928s] Level 1:colcon.colcon_core.package_identification:_identify(src/mmwave_ti_ros/img) by extension 'ignore'
[0.928s] Level 1:colcon.colcon_core.package_identification:_identify(src/mmwave_ti_ros/img) by extension 'ignore_ament_install'
[0.928s] Level 1:colcon.colcon_core.package_identification:_identify(src/mmwave_ti_ros/img) by extensions ['colcon_pkg']
[0.928s] Level 1:colcon.colcon_core.package_identification:_identify(src/mmwave_ti_ros/img) by extension 'colcon_pkg'
[0.928s] Level 1:colcon.colcon_core.package_identification:_identify(src/mmwave_ti_ros/img) by extensions ['colcon_meta']
[0.929s] Level 1:colcon.colcon_core.package_identification:_identify(src/mmwave_ti_ros/img) by extension 'colcon_meta'
[0.929s] Level 1:colcon.colcon_core.package_identification:_identify(src/mmwave_ti_ros/img) by extensions ['ros']
[0.929s] Level 1:colcon.colcon_core.package_identification:_identify(src/mmwave_ti_ros/img) by extension 'ros'
[0.929s] Level 1:colcon.colcon_core.package_identification:_identify(src/mmwave_ti_ros/img) by extensions ['cmake', 'python']
[0.929s] Level 1:colcon.colcon_core.package_identification:_identify(src/mmwave_ti_ros/img) by extension 'cmake'
[0.929s] Level 1:colcon.colcon_core.package_identification:_identify(src/mmwave_ti_ros/img) by extension 'python'
[0.929s] Level 1:colcon.colcon_core.package_identification:_identify(src/mmwave_ti_ros/img) by extensions ['python_setup_py']
[0.930s] Level 1:colcon.colcon_core.package_identification:_identify(src/mmwave_ti_ros/img) by extension 'python_setup_py'
[0.930s] Level 1:colcon.colcon_core.package_identification:_identify(src/mmwave_ti_ros/serial-ros2) by extensions ['ignore', 'ignore_ament_install']
[0.930s] Level 1:colcon.colcon_core.package_identification:_identify(src/mmwave_ti_ros/serial-ros2) by extension 'ignore'
[0.930s] Level 1:colcon.colcon_core.package_identification:_identify(src/mmwave_ti_ros/serial-ros2) by extension 'ignore_ament_install'
[0.931s] Level 1:colcon.colcon_core.package_identification:_identify(src/mmwave_ti_ros/serial-ros2) by extensions ['colcon_pkg']
[0.931s] Level 1:colcon.colcon_core.package_identification:_identify(src/mmwave_ti_ros/serial-ros2) by extension 'colcon_pkg'
[0.931s] Level 1:colcon.colcon_core.package_identification:_identify(src/mmwave_ti_ros/serial-ros2) by extensions ['colcon_meta']
[0.931s] Level 1:colcon.colcon_core.package_identification:_identify(src/mmwave_ti_ros/serial-ros2) by extension 'colcon_meta'
[0.931s] Level 1:colcon.colcon_core.package_identification:_identify(src/mmwave_ti_ros/serial-ros2) by extensions ['ros']
[0.931s] Level 1:colcon.colcon_core.package_identification:_identify(src/mmwave_ti_ros/serial-ros2) by extension 'ros'
[0.939s] DEBUG:colcon.colcon_core.package_identification:Package 'src/mmwave_ti_ros/serial-ros2' with type 'ros.ament_cmake' and name 'serial'
[0.939s] Level 1:colcon.colcon_core.package_identification:_identify(src/mmwave_ti_ros/ti_mmwave_ros2_examples) by extensions ['ignore', 'ignore_ament_install']
[0.939s] Level 1:colcon.colcon_core.package_identification:_identify(src/mmwave_ti_ros/ti_mmwave_ros2_examples) by extension 'ignore'
[0.940s] Level 1:colcon.colcon_core.package_identification:_identify(src/mmwave_ti_ros/ti_mmwave_ros2_examples) by extension 'ignore_ament_install'
[0.940s] Level 1:colcon.colcon_core.package_identification:_identify(src/mmwave_ti_ros/ti_mmwave_ros2_examples) by extensions ['colcon_pkg']
[0.940s] Level 1:colcon.colcon_core.package_identification:_identify(src/mmwave_ti_ros/ti_mmwave_ros2_examples) by extension 'colcon_pkg'
[0.940s] Level 1:colcon.colcon_core.package_identification:_identify(src/mmwave_ti_ros/ti_mmwave_ros2_examples) by extensions ['colcon_meta']
[0.940s] Level 1:colcon.colcon_core.package_identification:_identify(src/mmwave_ti_ros/ti_mmwave_ros2_examples) by extension 'colcon_meta'
[0.941s] Level 1:colcon.colcon_core.package_identification:_identify(src/mmwave_ti_ros/ti_mmwave_ros2_examples) by extensions ['ros']
[0.941s] Level 1:colcon.colcon_core.package_identification:_identify(src/mmwave_ti_ros/ti_mmwave_ros2_examples) by extension 'ros'
[0.942s] DEBUG:colcon.colcon_core.package_identification:Package 'src/mmwave_ti_ros/ti_mmwave_ros2_examples' with type 'ros.ament_cmake' and name 'ti_mmwave_ros2_examples'
[0.943s] Level 1:colcon.colcon_core.package_identification:_identify(src/mmwave_ti_ros/ti_mmwave_ros2_interfaces) by extensions ['ignore', 'ignore_ament_install']
[0.943s] Level 1:colcon.colcon_core.package_identification:_identify(src/mmwave_ti_ros/ti_mmwave_ros2_interfaces) by extension 'ignore'
[0.943s] Level 1:colcon.colcon_core.package_identification:_identify(src/mmwave_ti_ros/ti_mmwave_ros2_interfaces) by extension 'ignore_ament_install'
[0.943s] Level 1:colcon.colcon_core.package_identification:_identify(src/mmwave_ti_ros/ti_mmwave_ros2_interfaces) by extensions ['colcon_pkg']
[0.943s] Level 1:colcon.colcon_core.package_identification:_identify(src/mmwave_ti_ros/ti_mmwave_ros2_interfaces) by extension 'colcon_pkg'
[0.944s] Level 1:colcon.colcon_core.package_identification:_identify(src/mmwave_ti_ros/ti_mmwave_ros2_interfaces) by extensions ['colcon_meta']
[0.944s] Level 1:colcon.colcon_core.package_identification:_identify(src/mmwave_ti_ros/ti_mmwave_ros2_interfaces) by extension 'colcon_meta'
[0.944s] Level 1:colcon.colcon_core.package_identification:_identify(src/mmwave_ti_ros/ti_mmwave_ros2_interfaces) by extensions ['ros']
[0.944s] Level 1:colcon.colcon_core.package_identification:_identify(src/mmwave_ti_ros/ti_mmwave_ros2_interfaces) by extension 'ros'
[0.946s] DEBUG:colcon.colcon_core.package_identification:Package 'src/mmwave_ti_ros/ti_mmwave_ros2_interfaces' with type 'ros.ament_cmake' and name 'ti_mmwave_ros2_interfaces'
[0.946s] Level 1:colcon.colcon_core.package_identification:_identify(src/mmwave_ti_ros/ti_mmwave_ros2_pkg) by extensions ['ignore', 'ignore_ament_install']
[0.946s] Level 1:colcon.colcon_core.package_identification:_identify(src/mmwave_ti_ros/ti_mmwave_ros2_pkg) by extension 'ignore'
[0.947s] Level 1:colcon.colcon_core.package_identification:_identify(src/mmwave_ti_ros/ti_mmwave_ros2_pkg) by extension 'ignore_ament_install'
[0.947s] Level 1:colcon.colcon_core.package_identification:_identify(src/mmwave_ti_ros/ti_mmwave_ros2_pkg) by extensions ['colcon_pkg']
[0.947s] Level 1:colcon.colcon_core.package_identification:_identify(src/mmwave_ti_ros/ti_mmwave_ros2_pkg) by extension 'colcon_pkg'
[0.947s] Level 1:colcon.colcon_core.package_identification:_identify(src/mmwave_ti_ros/ti_mmwave_ros2_pkg) by extensions ['colcon_meta']
[0.947s] Level 1:colcon.colcon_core.package_identification:_identify(src/mmwave_ti_ros/ti_mmwave_ros2_pkg) by extension 'colcon_meta'
[0.947s] Level 1:colcon.colcon_core.package_identification:_identify(src/mmwave_ti_ros/ti_mmwave_ros2_pkg) by extensions ['ros']
[0.948s] Level 1:colcon.colcon_core.package_identification:_identify(src/mmwave_ti_ros/ti_mmwave_ros2_pkg) by extension 'ros'
[0.950s] DEBUG:colcon.colcon_core.package_identification:Package 'src/mmwave_ti_ros/ti_mmwave_ros2_pkg' with type 'ros.ament_cmake' and name 'ti_mmwave_ros2_pkg'
[0.951s] Level 1:colcon.colcon_core.package_identification:_identify(src/point_cloud_processor_pkg) by extensions ['ignore', 'ignore_ament_install']
[0.951s] Level 1:colcon.colcon_core.package_identification:_identify(src/point_cloud_processor_pkg) by extension 'ignore'
[0.951s] Level 1:colcon.colcon_core.package_identification:_identify(src/point_cloud_processor_pkg) by extension 'ignore_ament_install'
[0.951s] Level 1:colcon.colcon_core.package_identification:_identify(src/point_cloud_processor_pkg) by extensions ['colcon_pkg']
[0.952s] Level 1:colcon.colcon_core.package_identification:_identify(src/point_cloud_processor_pkg) by extension 'colcon_pkg'
[0.952s] Level 1:colcon.colcon_core.package_identification:_identify(src/point_cloud_processor_pkg) by extensions ['colcon_meta']
[0.952s] Level 1:colcon.colcon_core.package_identification:_identify(src/point_cloud_processor_pkg) by extension 'colcon_meta'
[0.952s] Level 1:colcon.colcon_core.package_identification:_identify(src/point_cloud_processor_pkg) by extensions ['ros']
[0.952s] Level 1:colcon.colcon_core.package_identification:_identify(src/point_cloud_processor_pkg) by extension 'ros'
[0.953s] Level 1:colcon.colcon_core.package_identification:_identify(src/point_cloud_processor_pkg) by extensions ['cmake', 'python']
[0.953s] Level 1:colcon.colcon_core.package_identification:_identify(src/point_cloud_processor_pkg) by extension 'cmake'
[0.953s] Level 1:colcon.colcon_core.package_identification:_identify(src/point_cloud_processor_pkg) by extension 'python'
[0.953s] Level 1:colcon.colcon_core.package_identification:_identify(src/point_cloud_processor_pkg) by extensions ['python_setup_py']
[0.953s] Level 1:colcon.colcon_core.package_identification:_identify(src/point_cloud_processor_pkg) by extension 'python_setup_py'
[0.953s] Level 1:colcon.colcon_core.package_identification:_identify(src/point_cloud_processor_pkg/scripts) by extensions ['ignore', 'ignore_ament_install']
[0.954s] Level 1:colcon.colcon_core.package_identification:_identify(src/point_cloud_processor_pkg/scripts) by extension 'ignore'
[0.954s] Level 1:colcon.colcon_core.package_identification:_identify(src/point_cloud_processor_pkg/scripts) by extension 'ignore_ament_install'
[0.954s] Level 1:colcon.colcon_core.package_identification:_identify(src/point_cloud_processor_pkg/scripts) by extensions ['colcon_pkg']
[0.954s] Level 1:colcon.colcon_core.package_identification:_identify(src/point_cloud_processor_pkg/scripts) by extension 'colcon_pkg'
[0.954s] Level 1:colcon.colcon_core.package_identification:_identify(src/point_cloud_processor_pkg/scripts) by extensions ['colcon_meta']
[0.955s] Level 1:colcon.colcon_core.package_identification:_identify(src/point_cloud_processor_pkg/scripts) by extension 'colcon_meta'
[0.955s] Level 1:colcon.colcon_core.package_identification:_identify(src/point_cloud_processor_pkg/scripts) by extensions ['ros']
[0.955s] Level 1:colcon.colcon_core.package_identification:_identify(src/point_cloud_processor_pkg/scripts) by extension 'ros'
[0.955s] Level 1:colcon.colcon_core.package_identification:_identify(src/point_cloud_processor_pkg/scripts) by extensions ['cmake', 'python']
[0.955s] Level 1:colcon.colcon_core.package_identification:_identify(src/point_cloud_processor_pkg/scripts) by extension 'cmake'
[0.956s] Level 1:colcon.colcon_core.package_identification:_identify(src/point_cloud_processor_pkg/scripts) by extension 'python'
[0.956s] Level 1:colcon.colcon_core.package_identification:_identify(src/point_cloud_processor_pkg/scripts) by extensions ['python_setup_py']
[0.956s] Level 1:colcon.colcon_core.package_identification:_identify(src/point_cloud_processor_pkg/scripts) by extension 'python_setup_py'
[0.956s] Level 1:colcon.colcon_core.package_discovery:discover_packages(recursive) using defaults
[0.956s] Level 1:colcon.colcon_core.package_discovery:discover_packages(ignore) discover
[0.956s] Level 1:colcon.colcon_core.package_discovery:discover_packages(ignore) using defaults
[0.957s] Level 1:colcon.colcon_core.package_discovery:discover_packages(path) discover
[0.957s] Level 1:colcon.colcon_core.package_discovery:discover_packages(path) using defaults
[1.021s] Level 5:colcon.colcon_core.verb:set package 'serial' build argument 'cmake_args' from command line to 'None'
[1.021s] Level 5:colcon.colcon_core.verb:set package 'serial' build argument 'cmake_target' from command line to 'None'
[1.021s] Level 5:colcon.colcon_core.verb:set package 'serial' build argument 'cmake_target_skip_unavailable' from command line to 'False'
[1.021s] Level 5:colcon.colcon_core.verb:set package 'serial' build argument 'cmake_clean_cache' from command line to 'False'
[1.021s] Level 5:colcon.colcon_core.verb:set package 'serial' build argument 'cmake_clean_first' from command line to 'False'
[1.021s] Level 5:colcon.colcon_core.verb:set package 'serial' build argument 'cmake_force_configure' from command line to 'False'
[1.021s] Level 5:colcon.colcon_core.verb:set package 'serial' build argument 'ament_cmake_args' from command line to 'None'
[1.022s] Level 5:colcon.colcon_core.verb:set package 'serial' build argument 'catkin_cmake_args' from command line to 'None'
[1.022s] Level 5:colcon.colcon_core.verb:set package 'serial' build argument 'catkin_skip_building_tests' from command line to 'False'
[1.022s] DEBUG:colcon.colcon_core.verb:Building package 'serial' with the following arguments: {'ament_cmake_args': None, 'build_base': '/ws/build/serial', 'catkin_cmake_args': None, 'catkin_skip_building_tests': False, 'cmake_args': None, 'cmake_clean_cache': False, 'cmake_clean_first': False, 'cmake_force_configure': False, 'cmake_target': None, 'cmake_target_skip_unavailable': False, 'install_base': '/ws/install/serial', 'merge_install': False, 'path': '/ws/src/mmwave_ti_ros/serial-ros2', 'symlink_install': True, 'test_result_base': None}
[1.023s] Level 5:colcon.colcon_core.verb:set package 'ti_mmwave_ros2_examples' build argument 'cmake_args' from command line to 'None'
[1.023s] Level 5:colcon.colcon_core.verb:set package 'ti_mmwave_ros2_examples' build argument 'cmake_target' from command line to 'None'
[1.023s] Level 5:colcon.colcon_core.verb:set package 'ti_mmwave_ros2_examples' build argument 'cmake_target_skip_unavailable' from command line to 'False'
[1.023s] Level 5:colcon.colcon_core.verb:set package 'ti_mmwave_ros2_examples' build argument 'cmake_clean_cache' from command line to 'False'
[1.023s] Level 5:colcon.colcon_core.verb:set package 'ti_mmwave_ros2_examples' build argument 'cmake_clean_first' from command line to 'False'
[1.023s] Level 5:colcon.colcon_core.verb:set package 'ti_mmwave_ros2_examples' build argument 'cmake_force_configure' from command line to 'False'
[1.023s] Level 5:colcon.colcon_core.verb:set package 'ti_mmwave_ros2_examples' build argument 'ament_cmake_args' from command line to 'None'
[1.024s] Level 5:colcon.colcon_core.verb:set package 'ti_mmwave_ros2_examples' build argument 'catkin_cmake_args' from command line to 'None'
[1.024s] Level 5:colcon.colcon_core.verb:set package 'ti_mmwave_ros2_examples' build argument 'catkin_skip_building_tests' from command line to 'False'
[1.024s] DEBUG:colcon.colcon_core.verb:Building package 'ti_mmwave_ros2_examples' with the following arguments: {'ament_cmake_args': None, 'build_base': '/ws/build/ti_mmwave_ros2_examples', 'catkin_cmake_args': None, 'catkin_skip_building_tests': False, 'cmake_args': None, 'cmake_clean_cache': False, 'cmake_clean_first': False, 'cmake_force_configure': False, 'cmake_target': None, 'cmake_target_skip_unavailable': False, 'install_base': '/ws/install/ti_mmwave_ros2_examples', 'merge_install': False, 'path': '/ws/src/mmwave_ti_ros/ti_mmwave_ros2_examples', 'symlink_install': True, 'test_result_base': None}
[1.025s] Level 5:colcon.colcon_core.verb:set package 'ti_mmwave_ros2_interfaces' build argument 'cmake_args' from command line to 'None'
[1.025s] Level 5:colcon.colcon_core.verb:set package 'ti_mmwave_ros2_interfaces' build argument 'cmake_target' from command line to 'None'
[1.025s] Level 5:colcon.colcon_core.verb:set package 'ti_mmwave_ros2_interfaces' build argument 'cmake_target_skip_unavailable' from command line to 'False'
[1.025s] Level 5:colcon.colcon_core.verb:set package 'ti_mmwave_ros2_interfaces' build argument 'cmake_clean_cache' from command line to 'False'
[1.025s] Level 5:colcon.colcon_core.verb:set package 'ti_mmwave_ros2_interfaces' build argument 'cmake_clean_first' from command line to 'False'
[1.025s] Level 5:colcon.colcon_core.verb:set package 'ti_mmwave_ros2_interfaces' build argument 'cmake_force_configure' from command line to 'False'
[1.025s] Level 5:colcon.colcon_core.verb:set package 'ti_mmwave_ros2_interfaces' build argument 'ament_cmake_args' from command line to 'None'
[1.025s] Level 5:colcon.colcon_core.verb:set package 'ti_mmwave_ros2_interfaces' build argument 'catkin_cmake_args' from command line to 'None'
[1.025s] Level 5:colcon.colcon_core.verb:set package 'ti_mmwave_ros2_interfaces' build argument 'catkin_skip_building_tests' from command line to 'False'
[1.026s] DEBUG:colcon.colcon_core.verb:Building package 'ti_mmwave_ros2_interfaces' with the following arguments: {'ament_cmake_args': None, 'build_base': '/ws/build/ti_mmwave_ros2_interfaces', 'catkin_cmake_args': None, 'catkin_skip_building_tests': False, 'cmake_args': None, 'cmake_clean_cache': False, 'cmake_clean_first': False, 'cmake_force_configure': False, 'cmake_target': None, 'cmake_target_skip_unavailable': False, 'install_base': '/ws/install/ti_mmwave_ros2_interfaces', 'merge_install': False, 'path': '/ws/src/mmwave_ti_ros/ti_mmwave_ros2_interfaces', 'symlink_install': True, 'test_result_base': None}
[1.027s] Level 5:colcon.colcon_core.verb:set package 'ti_mmwave_ros2_pkg' build argument 'cmake_args' from command line to 'None'
[1.027s] Level 5:colcon.colcon_core.verb:set package 'ti_mmwave_ros2_pkg' build argument 'cmake_target' from command line to 'None'
[1.027s] Level 5:colcon.colcon_core.verb:set package 'ti_mmwave_ros2_pkg' build argument 'cmake_target_skip_unavailable' from command line to 'False'
[1.027s] Level 5:colcon.colcon_core.verb:set package 'ti_mmwave_ros2_pkg' build argument 'cmake_clean_cache' from command line to 'False'
[1.027s] Level 5:colcon.colcon_core.verb:set package 'ti_mmwave_ros2_pkg' build argument 'cmake_clean_first' from command line to 'False'
[1.027s] Level 5:colcon.colcon_core.verb:set package 'ti_mmwave_ros2_pkg' build argument 'cmake_force_configure' from command line to 'False'
[1.027s] Level 5:colcon.colcon_core.verb:set package 'ti_mmwave_ros2_pkg' build argument 'ament_cmake_args' from command line to 'None'
[1.027s] Level 5:colcon.colcon_core.verb:set package 'ti_mmwave_ros2_pkg' build argument 'catkin_cmake_args' from command line to 'None'
[1.027s] Level 5:colcon.colcon_core.verb:set package 'ti_mmwave_ros2_pkg' build argument 'catkin_skip_building_tests' from command line to 'False'
[1.028s] DEBUG:colcon.colcon_core.verb:Building package 'ti_mmwave_ros2_pkg' with the following arguments: {'ament_cmake_args': None, 'build_base': '/ws/build/ti_mmwave_ros2_pkg', 'catkin_cmake_args': None, 'catkin_skip_building_tests': False, 'cmake_args': None, 'cmake_clean_cache': False, 'cmake_clean_first': False, 'cmake_force_configure': False, 'cmake_target': None, 'cmake_target_skip_unavailable': False, 'install_base': '/ws/install/ti_mmwave_ros2_pkg', 'merge_install': False, 'path': '/ws/src/mmwave_ti_ros/ti_mmwave_ros2_pkg', 'symlink_install': True, 'test_result_base': None}
[1.028s] INFO:colcon.colcon_core.executor:Executing jobs using 'parallel' executor
[1.031s] DEBUG:colcon.colcon_parallel_executor.executor.parallel:run_until_complete
[1.032s] INFO:colcon.colcon_ros.task.ament_cmake.build:Building ROS package in '/ws/src/mmwave_ti_ros/ti_mmwave_ros2_interfaces' with build type 'ament_cmake'
[1.033s] INFO:colcon.colcon_cmake.task.cmake.build:Building CMake package in '/ws/src/mmwave_ti_ros/ti_mmwave_ros2_interfaces'
[1.040s] INFO:colcon.colcon_core.plugin_system:Skipping extension 'colcon_core.shell.bat': Not used on non-Windows systems
[1.040s] INFO:colcon.colcon_core.shell:Skip shell extension 'powershell' for command environment: Not usable outside of PowerShell
[1.040s] DEBUG:colcon.colcon_core.shell:Skip shell extension 'dsv' for command environment
[1.082s] INFO:colcon.colcon_ros.task.ament_cmake.build:Building ROS package in '/ws/src/mmwave_ti_ros/serial-ros2' with build type 'ament_cmake'
[1.083s] INFO:colcon.colcon_cmake.task.cmake.build:Building CMake package in '/ws/src/mmwave_ti_ros/serial-ros2'
[1.084s] INFO:colcon.colcon_core.shell:Skip shell extension 'powershell' for command environment: Not usable outside of PowerShell
[1.084s] DEBUG:colcon.colcon_core.shell:Skip shell extension 'dsv' for command environment
[1.127s] INFO:colcon.colcon_ros.task.ament_cmake.build:Building ROS package in '/ws/src/mmwave_ti_ros/ti_mmwave_ros2_examples' with build type 'ament_cmake'
[1.128s] INFO:colcon.colcon_cmake.task.cmake.build:Building CMake package in '/ws/src/mmwave_ti_ros/ti_mmwave_ros2_examples'
[1.129s] INFO:colcon.colcon_core.shell:Skip shell extension 'powershell' for command environment: Not usable outside of PowerShell
[1.130s] DEBUG:colcon.colcon_core.shell:Skip shell extension 'dsv' for command environment
[1.193s] DEBUG:colcon.colcon_core.event_handler.log_command:Invoking command in '/ws/build/ti_mmwave_ros2_interfaces': /usr/local/bin/cmake --build /ws/build/ti_mmwave_ros2_interfaces -- -j4 -l4
[1.206s] DEBUG:colcon.colcon_core.event_handler.log_command:Invoking command in '/ws/build/serial': /usr/local/bin/cmake --build /ws/build/serial -- -j4 -l4
[1.226s] DEBUG:colcon.colcon_core.event_handler.log_command:Invoking command in '/ws/build/ti_mmwave_ros2_examples': /usr/local/bin/cmake --build /ws/build/ti_mmwave_ros2_examples -- -j4 -l4
[1.516s] DEBUG:colcon.colcon_core.event_handler.log_command:Invoked command in '/ws/build/serial' returned '0': /usr/local/bin/cmake --build /ws/build/serial -- -j4 -l4
[1.590s] DEBUG:colcon.colcon_core.event_handler.log_command:Invoked command in '/ws/build/ti_mmwave_ros2_examples' returned '0': /usr/local/bin/cmake --build /ws/build/ti_mmwave_ros2_examples -- -j4 -l4
[1.883s] DEBUG:colcon.colcon_core.event_handler.log_command:Invoking command in '/ws/build/serial': /usr/local/bin/cmake --install /ws/build/serial
[1.895s] DEBUG:colcon.colcon_core.event_handler.log_command:Invoking command in '/ws/build/ti_mmwave_ros2_examples': /usr/local/bin/cmake --install /ws/build/ti_mmwave_ros2_examples
[1.899s] DEBUG:colcon.colcon_core.event_handler.log_command:Invoked command in '/ws/build/ti_mmwave_ros2_interfaces' returned '0': /usr/local/bin/cmake --build /ws/build/ti_mmwave_ros2_interfaces -- -j4 -l4
[2.018s] Level 1:colcon.colcon_core.environment:create_environment_scripts_only(serial)
[2.020s] DEBUG:colcon.colcon_core.event_handler.log_command:Invoked command in '/ws/build/serial' returned '0': /usr/local/bin/cmake --install /ws/build/serial
[2.031s] Level 1:colcon.colcon_core.environment:checking '/ws/install/serial' for CMake module files
[2.033s] Level 1:colcon.colcon_core.environment:checking '/ws/install/serial' for CMake config files
[2.034s] Level 1:colcon.colcon_core.shell:create_environment_hook('serial', 'cmake_prefix_path')
[2.034s] INFO:colcon.colcon_core.shell:Creating environment hook '/ws/install/serial/share/serial/hook/cmake_prefix_path.ps1'
[2.038s] INFO:colcon.colcon_core.shell:Creating environment descriptor '/ws/install/serial/share/serial/hook/cmake_prefix_path.dsv'
[2.040s] INFO:colcon.colcon_core.shell:Creating environment hook '/ws/install/serial/share/serial/hook/cmake_prefix_path.sh'
[2.043s] Level 1:colcon.colcon_core.environment:checking '/ws/install/serial/lib'
[2.043s] Level 1:colcon.colcon_core.environment:checking '/ws/install/serial/bin'
[2.043s] Level 1:colcon.colcon_core.environment:checking '/ws/install/serial/lib/pkgconfig/serial.pc'
[2.046s] Level 1:colcon.colcon_core.environment:checking '/ws/install/serial/lib/python3.8/site-packages'
[2.046s] Level 1:colcon.colcon_core.environment:checking '/ws/install/serial/bin'
[2.047s] INFO:colcon.colcon_core.shell:Creating package script '/ws/install/serial/share/serial/package.ps1'
[2.050s] INFO:colcon.colcon_core.shell:Creating package descriptor '/ws/install/serial/share/serial/package.dsv'
[2.051s] INFO:colcon.colcon_core.shell:Creating package script '/ws/install/serial/share/serial/package.sh'
[2.053s] INFO:colcon.colcon_core.shell:Creating package script '/ws/install/serial/share/serial/package.bash'
[2.055s] INFO:colcon.colcon_core.shell:Creating package script '/ws/install/serial/share/serial/package.zsh'
[2.058s] Level 1:colcon.colcon_core.environment:create_file_with_runtime_dependencies(/ws/install/serial/share/colcon-core/packages/serial)
[2.069s] Level 1:colcon.colcon_core.environment:create_environment_scripts_only(ti_mmwave_ros2_examples)
[2.070s] DEBUG:colcon.colcon_core.event_handler.log_command:Invoked command in '/ws/build/ti_mmwave_ros2_examples' returned '0': /usr/local/bin/cmake --install /ws/build/ti_mmwave_ros2_examples
[2.071s] Level 1:colcon.colcon_core.environment:checking '/ws/install/ti_mmwave_ros2_examples' for CMake module files
[2.081s] Level 1:colcon.colcon_core.environment:checking '/ws/install/ti_mmwave_ros2_examples' for CMake config files
[2.083s] Level 1:colcon.colcon_core.shell:create_environment_hook('ti_mmwave_ros2_examples', 'cmake_prefix_path')
[2.084s] INFO:colcon.colcon_core.shell:Creating environment hook '/ws/install/ti_mmwave_ros2_examples/share/ti_mmwave_ros2_examples/hook/cmake_prefix_path.ps1'
[2.086s] INFO:colcon.colcon_core.shell:Creating environment descriptor '/ws/install/ti_mmwave_ros2_examples/share/ti_mmwave_ros2_examples/hook/cmake_prefix_path.dsv'
[2.087s] INFO:colcon.colcon_core.shell:Creating environment hook '/ws/install/ti_mmwave_ros2_examples/share/ti_mmwave_ros2_examples/hook/cmake_prefix_path.sh'
[2.089s] Level 1:colcon.colcon_core.environment:checking '/ws/install/ti_mmwave_ros2_examples/lib'
[2.089s] Level 1:colcon.colcon_core.shell:create_environment_hook('ti_mmwave_ros2_examples', 'ld_library_path_lib')
[2.090s] INFO:colcon.colcon_core.shell:Creating environment hook '/ws/install/ti_mmwave_ros2_examples/share/ti_mmwave_ros2_examples/hook/ld_library_path_lib.ps1'
[2.091s] INFO:colcon.colcon_core.shell:Creating environment descriptor '/ws/install/ti_mmwave_ros2_examples/share/ti_mmwave_ros2_examples/hook/ld_library_path_lib.dsv'
[2.092s] INFO:colcon.colcon_core.shell:Creating environment hook '/ws/install/ti_mmwave_ros2_examples/share/ti_mmwave_ros2_examples/hook/ld_library_path_lib.sh'
[2.093s] Level 1:colcon.colcon_core.environment:checking '/ws/install/ti_mmwave_ros2_examples/bin'
[2.093s] Level 1:colcon.colcon_core.environment:checking '/ws/install/ti_mmwave_ros2_examples/lib/pkgconfig/ti_mmwave_ros2_examples.pc'
[2.094s] Level 1:colcon.colcon_core.environment:checking '/ws/install/ti_mmwave_ros2_examples/lib/python3.8/site-packages'
[2.094s] Level 1:colcon.colcon_core.environment:checking '/ws/install/ti_mmwave_ros2_examples/bin'
[2.095s] INFO:colcon.colcon_core.shell:Creating package script '/ws/install/ti_mmwave_ros2_examples/share/ti_mmwave_ros2_examples/package.ps1'
[2.097s] INFO:colcon.colcon_core.shell:Creating package descriptor '/ws/install/ti_mmwave_ros2_examples/share/ti_mmwave_ros2_examples/package.dsv'
[2.098s] INFO:colcon.colcon_core.shell:Creating package script '/ws/install/ti_mmwave_ros2_examples/share/ti_mmwave_ros2_examples/package.sh'
[2.099s] INFO:colcon.colcon_core.shell:Creating package script '/ws/install/ti_mmwave_ros2_examples/share/ti_mmwave_ros2_examples/package.bash'
[2.100s] INFO:colcon.colcon_core.shell:Creating package script '/ws/install/ti_mmwave_ros2_examples/share/ti_mmwave_ros2_examples/package.zsh'
[2.101s] Level 1:colcon.colcon_core.environment:create_file_with_runtime_dependencies(/ws/install/ti_mmwave_ros2_examples/share/colcon-core/packages/ti_mmwave_ros2_examples)
[2.249s] Level 1:colcon.colcon_core.environment:create_environment_scripts_only(serial)
[2.250s] Level 1:colcon.colcon_core.environment:checking '/ws/install/serial' for CMake module files
[2.252s] Level 1:colcon.colcon_core.environment:checking '/ws/install/serial' for CMake config files
[2.253s] Level 1:colcon.colcon_core.shell:create_environment_hook('serial', 'cmake_prefix_path')
[2.253s] INFO:colcon.colcon_core.shell:Creating environment hook '/ws/install/serial/share/serial/hook/cmake_prefix_path.ps1'
[2.255s] INFO:colcon.colcon_core.shell:Creating environment descriptor '/ws/install/serial/share/serial/hook/cmake_prefix_path.dsv'
[2.256s] INFO:colcon.colcon_core.shell:Creating environment hook '/ws/install/serial/share/serial/hook/cmake_prefix_path.sh'
[2.258s] Level 1:colcon.colcon_core.environment:checking '/ws/install/serial/lib'
[2.258s] Level 1:colcon.colcon_core.environment:checking '/ws/install/serial/bin'
[2.259s] Level 1:colcon.colcon_core.environment:checking '/ws/install/serial/lib/pkgconfig/serial.pc'
[2.259s] Level 1:colcon.colcon_core.environment:checking '/ws/install/serial/lib/python3.8/site-packages'
[2.260s] Level 1:colcon.colcon_core.environment:checking '/ws/install/serial/bin'
[2.261s] INFO:colcon.colcon_core.shell:Creating package script '/ws/install/serial/share/serial/package.ps1'
[2.262s] INFO:colcon.colcon_core.shell:Creating package descriptor '/ws/install/serial/share/serial/package.dsv'
[2.264s] INFO:colcon.colcon_core.shell:Creating package script '/ws/install/serial/share/serial/package.sh'
[2.265s] INFO:colcon.colcon_core.shell:Creating package script '/ws/install/serial/share/serial/package.bash'
[2.267s] INFO:colcon.colcon_core.shell:Creating package script '/ws/install/serial/share/serial/package.zsh'
[2.268s] Level 1:colcon.colcon_core.environment:create_file_with_runtime_dependencies(/ws/install/serial/share/colcon-core/packages/serial)
[2.289s] DEBUG:colcon.colcon_core.event_handler.log_command:Invoking command in '/ws/build/ti_mmwave_ros2_interfaces': /usr/local/bin/cmake --install /ws/build/ti_mmwave_ros2_interfaces
[2.302s] Level 1:colcon.colcon_core.environment:create_environment_scripts_only(ti_mmwave_ros2_examples)
[2.303s] Level 1:colcon.colcon_core.environment:checking '/ws/install/ti_mmwave_ros2_examples' for CMake module files
[2.305s] Level 1:colcon.colcon_core.environment:checking '/ws/install/ti_mmwave_ros2_examples' for CMake config files
[2.307s] Level 1:colcon.colcon_core.shell:create_environment_hook('ti_mmwave_ros2_examples', 'cmake_prefix_path')
[2.307s] INFO:colcon.colcon_core.shell:Creating environment hook '/ws/install/ti_mmwave_ros2_examples/share/ti_mmwave_ros2_examples/hook/cmake_prefix_path.ps1'
[2.309s] INFO:colcon.colcon_core.shell:Creating environment descriptor '/ws/install/ti_mmwave_ros2_examples/share/ti_mmwave_ros2_examples/hook/cmake_prefix_path.dsv'
[2.310s] INFO:colcon.colcon_core.shell:Creating environment hook '/ws/install/ti_mmwave_ros2_examples/share/ti_mmwave_ros2_examples/hook/cmake_prefix_path.sh'
[2.312s] Level 1:colcon.colcon_core.environment:checking '/ws/install/ti_mmwave_ros2_examples/lib'
[2.312s] Level 1:colcon.colcon_core.shell:create_environment_hook('ti_mmwave_ros2_examples', 'ld_library_path_lib')
[2.313s] INFO:colcon.colcon_core.shell:Creating environment hook '/ws/install/ti_mmwave_ros2_examples/share/ti_mmwave_ros2_examples/hook/ld_library_path_lib.ps1'
[2.314s] INFO:colcon.colcon_core.shell:Creating environment descriptor '/ws/install/ti_mmwave_ros2_examples/share/ti_mmwave_ros2_examples/hook/ld_library_path_lib.dsv'
[2.315s] INFO:colcon.colcon_core.shell:Creating environment hook '/ws/install/ti_mmwave_ros2_examples/share/ti_mmwave_ros2_examples/hook/ld_library_path_lib.sh'
[2.316s] Level 1:colcon.colcon_core.environment:checking '/ws/install/ti_mmwave_ros2_examples/bin'
[2.316s] Level 1:colcon.colcon_core.environment:checking '/ws/install/ti_mmwave_ros2_examples/lib/pkgconfig/ti_mmwave_ros2_examples.pc'
[2.317s] Level 1:colcon.colcon_core.environment:checking '/ws/install/ti_mmwave_ros2_examples/lib/python3.8/site-packages'
[2.317s] Level 1:colcon.colcon_core.environment:checking '/ws/install/ti_mmwave_ros2_examples/bin'
[2.318s] INFO:colcon.colcon_core.shell:Creating package script '/ws/install/ti_mmwave_ros2_examples/share/ti_mmwave_ros2_examples/package.ps1'
[2.320s] INFO:colcon.colcon_core.shell:Creating package descriptor '/ws/install/ti_mmwave_ros2_examples/share/ti_mmwave_ros2_examples/package.dsv'
[2.321s] INFO:colcon.colcon_core.shell:Creating package script '/ws/install/ti_mmwave_ros2_examples/share/ti_mmwave_ros2_examples/package.sh'
[2.323s] INFO:colcon.colcon_core.shell:Creating package script '/ws/install/ti_mmwave_ros2_examples/share/ti_mmwave_ros2_examples/package.bash'
[2.324s] INFO:colcon.colcon_core.shell:Creating package script '/ws/install/ti_mmwave_ros2_examples/share/ti_mmwave_ros2_examples/package.zsh'
[2.325s] Level 1:colcon.colcon_core.environment:create_file_with_runtime_dependencies(/ws/install/ti_mmwave_ros2_examples/share/colcon-core/packages/ti_mmwave_ros2_examples)
[2.598s] Level 1:colcon.colcon_core.environment:create_environment_scripts_only(ti_mmwave_ros2_interfaces)
[2.599s] Level 1:colcon.colcon_core.environment:checking '/ws/install/ti_mmwave_ros2_interfaces' for CMake module files
[2.601s] DEBUG:colcon.colcon_core.event_handler.log_command:Invoked command in '/ws/build/ti_mmwave_ros2_interfaces' returned '0': /usr/local/bin/cmake --install /ws/build/ti_mmwave_ros2_interfaces
[2.603s] Level 1:colcon.colcon_core.environment:checking '/ws/install/ti_mmwave_ros2_interfaces' for CMake config files
[2.604s] Level 1:colcon.colcon_core.shell:create_environment_hook('ti_mmwave_ros2_interfaces', 'cmake_prefix_path')
[2.605s] INFO:colcon.colcon_core.shell:Creating environment hook '/ws/install/ti_mmwave_ros2_interfaces/share/ti_mmwave_ros2_interfaces/hook/cmake_prefix_path.ps1'
[2.607s] INFO:colcon.colcon_core.shell:Creating environment descriptor '/ws/install/ti_mmwave_ros2_interfaces/share/ti_mmwave_ros2_interfaces/hook/cmake_prefix_path.dsv'
[2.608s] INFO:colcon.colcon_core.shell:Creating environment hook '/ws/install/ti_mmwave_ros2_interfaces/share/ti_mmwave_ros2_interfaces/hook/cmake_prefix_path.sh'
[2.609s] Level 1:colcon.colcon_core.environment:checking '/ws/install/ti_mmwave_ros2_interfaces/lib'
[2.610s] Level 1:colcon.colcon_core.shell:create_environment_hook('ti_mmwave_ros2_interfaces', 'ld_library_path_lib')
[2.610s] INFO:colcon.colcon_core.shell:Creating environment hook '/ws/install/ti_mmwave_ros2_interfaces/share/ti_mmwave_ros2_interfaces/hook/ld_library_path_lib.ps1'
[2.611s] INFO:colcon.colcon_core.shell:Creating environment descriptor '/ws/install/ti_mmwave_ros2_interfaces/share/ti_mmwave_ros2_interfaces/hook/ld_library_path_lib.dsv'
[2.612s] INFO:colcon.colcon_core.shell:Creating environment hook '/ws/install/ti_mmwave_ros2_interfaces/share/ti_mmwave_ros2_interfaces/hook/ld_library_path_lib.sh'
[2.613s] Level 1:colcon.colcon_core.environment:checking '/ws/install/ti_mmwave_ros2_interfaces/bin'
[2.614s] Level 1:colcon.colcon_core.environment:checking '/ws/install/ti_mmwave_ros2_interfaces/lib/pkgconfig/ti_mmwave_ros2_interfaces.pc'
[2.614s] Level 1:colcon.colcon_core.environment:checking '/ws/install/ti_mmwave_ros2_interfaces/lib/python3.8/site-packages'
[2.614s] Level 1:colcon.colcon_core.shell:create_environment_hook('ti_mmwave_ros2_interfaces', 'pythonpath')
[2.615s] INFO:colcon.colcon_core.shell:Creating environment hook '/ws/install/ti_mmwave_ros2_interfaces/share/ti_mmwave_ros2_interfaces/hook/pythonpath.ps1'
[2.616s] INFO:colcon.colcon_core.shell:Creating environment descriptor '/ws/install/ti_mmwave_ros2_interfaces/share/ti_mmwave_ros2_interfaces/hook/pythonpath.dsv'
[2.617s] INFO:colcon.colcon_core.shell:Creating environment hook '/ws/install/ti_mmwave_ros2_interfaces/share/ti_mmwave_ros2_interfaces/hook/pythonpath.sh'
[2.618s] Level 1:colcon.colcon_core.environment:checking '/ws/install/ti_mmwave_ros2_interfaces/bin'
[2.620s] INFO:colcon.colcon_core.shell:Creating package script '/ws/install/ti_mmwave_ros2_interfaces/share/ti_mmwave_ros2_interfaces/package.ps1'
[2.621s] INFO:colcon.colcon_core.shell:Creating package descriptor '/ws/install/ti_mmwave_ros2_interfaces/share/ti_mmwave_ros2_interfaces/package.dsv'
[2.622s] INFO:colcon.colcon_core.shell:Creating package script '/ws/install/ti_mmwave_ros2_interfaces/share/ti_mmwave_ros2_interfaces/package.sh'
[2.624s] INFO:colcon.colcon_core.shell:Creating package script '/ws/install/ti_mmwave_ros2_interfaces/share/ti_mmwave_ros2_interfaces/package.bash'
[2.625s] INFO:colcon.colcon_core.shell:Creating package script '/ws/install/ti_mmwave_ros2_interfaces/share/ti_mmwave_ros2_interfaces/package.zsh'
[2.626s] Level 1:colcon.colcon_core.environment:create_file_with_runtime_dependencies(/ws/install/ti_mmwave_ros2_interfaces/share/colcon-core/packages/ti_mmwave_ros2_interfaces)
[2.961s] Level 1:colcon.colcon_core.environment:create_environment_scripts_only(ti_mmwave_ros2_interfaces)
[2.962s] Level 1:colcon.colcon_core.environment:checking '/ws/install/ti_mmwave_ros2_interfaces' for CMake module files
[2.965s] Level 1:colcon.colcon_core.environment:checking '/ws/install/ti_mmwave_ros2_interfaces' for CMake config files
[2.967s] Level 1:colcon.colcon_core.shell:create_environment_hook('ti_mmwave_ros2_interfaces', 'cmake_prefix_path')
[2.967s] INFO:colcon.colcon_core.shell:Creating environment hook '/ws/install/ti_mmwave_ros2_interfaces/share/ti_mmwave_ros2_interfaces/hook/cmake_prefix_path.ps1'
[2.969s] INFO:colcon.colcon_core.shell:Creating environment descriptor '/ws/install/ti_mmwave_ros2_interfaces/share/ti_mmwave_ros2_interfaces/hook/cmake_prefix_path.dsv'
[2.971s] INFO:colcon.colcon_core.shell:Creating environment hook '/ws/install/ti_mmwave_ros2_interfaces/share/ti_mmwave_ros2_interfaces/hook/cmake_prefix_path.sh'
[2.973s] Level 1:colcon.colcon_core.environment:checking '/ws/install/ti_mmwave_ros2_interfaces/lib'
[2.973s] Level 1:colcon.colcon_core.shell:create_environment_hook('ti_mmwave_ros2_interfaces', 'ld_library_path_lib')
[2.974s] INFO:colcon.colcon_core.shell:Creating environment hook '/ws/install/ti_mmwave_ros2_interfaces/share/ti_mmwave_ros2_interfaces/hook/ld_library_path_lib.ps1'
[2.975s] INFO:colcon.colcon_core.shell:Creating environment descriptor '/ws/install/ti_mmwave_ros2_interfaces/share/ti_mmwave_ros2_interfaces/hook/ld_library_path_lib.dsv'
[2.977s] INFO:colcon.colcon_core.shell:Creating environment hook '/ws/install/ti_mmwave_ros2_interfaces/share/ti_mmwave_ros2_interfaces/hook/ld_library_path_lib.sh'
[2.978s] Level 1:colcon.colcon_core.environment:checking '/ws/install/ti_mmwave_ros2_interfaces/bin'
[2.978s] Level 1:colcon.colcon_core.environment:checking '/ws/install/ti_mmwave_ros2_interfaces/lib/pkgconfig/ti_mmwave_ros2_interfaces.pc'
[2.979s] Level 1:colcon.colcon_core.environment:checking '/ws/install/ti_mmwave_ros2_interfaces/lib/python3.8/site-packages'
[2.979s] Level 1:colcon.colcon_core.shell:create_environment_hook('ti_mmwave_ros2_interfaces', 'pythonpath')
[2.982s] INFO:colcon.colcon_core.shell:Creating environment hook '/ws/install/ti_mmwave_ros2_interfaces/share/ti_mmwave_ros2_interfaces/hook/pythonpath.ps1'
[2.983s] INFO:colcon.colcon_core.shell:Creating environment descriptor '/ws/install/ti_mmwave_ros2_interfaces/share/ti_mmwave_ros2_interfaces/hook/pythonpath.dsv'
[2.984s] INFO:colcon.colcon_core.shell:Creating environment hook '/ws/install/ti_mmwave_ros2_interfaces/share/ti_mmwave_ros2_interfaces/hook/pythonpath.sh'
[2.986s] Level 1:colcon.colcon_core.environment:checking '/ws/install/ti_mmwave_ros2_interfaces/bin'
[2.987s] INFO:colcon.colcon_core.shell:Creating package script '/ws/install/ti_mmwave_ros2_interfaces/share/ti_mmwave_ros2_interfaces/package.ps1'
[2.989s] INFO:colcon.colcon_core.shell:Creating package descriptor '/ws/install/ti_mmwave_ros2_interfaces/share/ti_mmwave_ros2_interfaces/package.dsv'
[2.991s] INFO:colcon.colcon_core.shell:Creating package script '/ws/install/ti_mmwave_ros2_interfaces/share/ti_mmwave_ros2_interfaces/package.sh'
[2.992s] INFO:colcon.colcon_core.shell:Creating package script '/ws/install/ti_mmwave_ros2_interfaces/share/ti_mmwave_ros2_interfaces/package.bash'
[2.993s] INFO:colcon.colcon_core.shell:Creating package script '/ws/install/ti_mmwave_ros2_interfaces/share/ti_mmwave_ros2_interfaces/package.zsh'
[2.995s] Level 1:colcon.colcon_core.environment:create_file_with_runtime_dependencies(/ws/install/ti_mmwave_ros2_interfaces/share/colcon-core/packages/ti_mmwave_ros2_interfaces)
[2.996s] INFO:colcon.colcon_ros.task.ament_cmake.build:Building ROS package in '/ws/src/mmwave_ti_ros/ti_mmwave_ros2_pkg' with build type 'ament_cmake'
[2.996s] INFO:colcon.colcon_cmake.task.cmake.build:Building CMake package in '/ws/src/mmwave_ti_ros/ti_mmwave_ros2_pkg'
[2.997s] INFO:colcon.colcon_core.shell:Skip shell extension 'powershell' for command environment: Not usable outside of PowerShell
[2.998s] DEBUG:colcon.colcon_core.shell:Skip shell extension 'dsv' for command environment
[3.061s] DEBUG:colcon.colcon_core.event_handler.log_command:Invoking command in '/ws/build/ti_mmwave_ros2_pkg': CMAKE_PREFIX_PATH=/ws/install/ti_mmwave_ros2_interfaces:/ws/install/ti_mmwave_ros2_pkg:/ws/install/ti_mmwave_ros2_examples:/ws/install/serial:/ws/src/install/ti_mmwave_ros2_pkg:/ws/src/install/ti_mmwave_ros2_interfaces:/ws/src/install/ti_mmwave_ros2_examples:/ws/src/install/serial:/opt/ros/galactic/install LD_LIBRARY_PATH=/ws/install/ti_mmwave_ros2_interfaces/lib:/ws/install/ti_mmwave_ros2_pkg/lib:/ws/install/ti_mmwave_ros2_examples/lib:/ws/install/serial/lib:/ws/src/install/ti_mmwave_ros2_pkg/lib:/ws/src/install/ti_mmwave_ros2_interfaces/lib:/ws/src/install/ti_mmwave_ros2_examples/lib:/ws/src/install/serial/lib:/opt/ros/galactic/install/opt/yaml_cpp_vendor/lib:/opt/ros/galactic/install/opt/rviz_ogre_vendor/lib:/opt/ros/galactic/install/lib:/usr/local/cuda/lib64 /usr/local/bin/cmake --build /ws/build/ti_mmwave_ros2_pkg -- -j4 -l4
[3.532s] DEBUG:colcon.colcon_core.event_handler.log_command:Invoked command in '/ws/build/ti_mmwave_ros2_pkg' returned '0': CMAKE_PREFIX_PATH=/ws/install/ti_mmwave_ros2_interfaces:/ws/install/ti_mmwave_ros2_pkg:/ws/install/ti_mmwave_ros2_examples:/ws/install/serial:/ws/src/install/ti_mmwave_ros2_pkg:/ws/src/install/ti_mmwave_ros2_interfaces:/ws/src/install/ti_mmwave_ros2_examples:/ws/src/install/serial:/opt/ros/galactic/install LD_LIBRARY_PATH=/ws/install/ti_mmwave_ros2_interfaces/lib:/ws/install/ti_mmwave_ros2_pkg/lib:/ws/install/ti_mmwave_ros2_examples/lib:/ws/install/serial/lib:/ws/src/install/ti_mmwave_ros2_pkg/lib:/ws/src/install/ti_mmwave_ros2_interfaces/lib:/ws/src/install/ti_mmwave_ros2_examples/lib:/ws/src/install/serial/lib:/opt/ros/galactic/install/opt/yaml_cpp_vendor/lib:/opt/ros/galactic/install/opt/rviz_ogre_vendor/lib:/opt/ros/galactic/install/lib:/usr/local/cuda/lib64 /usr/local/bin/cmake --build /ws/build/ti_mmwave_ros2_pkg -- -j4 -l4
[3.760s] DEBUG:colcon.colcon_core.event_handler.log_command:Invoking command in '/ws/build/ti_mmwave_ros2_pkg': CMAKE_PREFIX_PATH=/ws/install/ti_mmwave_ros2_interfaces:/ws/install/ti_mmwave_ros2_pkg:/ws/install/ti_mmwave_ros2_examples:/ws/install/serial:/ws/src/install/ti_mmwave_ros2_pkg:/ws/src/install/ti_mmwave_ros2_interfaces:/ws/src/install/ti_mmwave_ros2_examples:/ws/src/install/serial:/opt/ros/galactic/install LD_LIBRARY_PATH=/ws/install/ti_mmwave_ros2_interfaces/lib:/ws/install/ti_mmwave_ros2_pkg/lib:/ws/install/ti_mmwave_ros2_examples/lib:/ws/install/serial/lib:/ws/src/install/ti_mmwave_ros2_pkg/lib:/ws/src/install/ti_mmwave_ros2_interfaces/lib:/ws/src/install/ti_mmwave_ros2_examples/lib:/ws/src/install/serial/lib:/opt/ros/galactic/install/opt/yaml_cpp_vendor/lib:/opt/ros/galactic/install/opt/rviz_ogre_vendor/lib:/opt/ros/galactic/install/lib:/usr/local/cuda/lib64 /usr/local/bin/cmake --install /ws/build/ti_mmwave_ros2_pkg
[3.908s] Level 1:colcon.colcon_core.environment:create_environment_scripts_only(ti_mmwave_ros2_pkg)
[3.910s] Level 1:colcon.colcon_core.environment:checking '/ws/install/ti_mmwave_ros2_pkg' for CMake module files
[3.912s] DEBUG:colcon.colcon_core.event_handler.log_command:Invoked command in '/ws/build/ti_mmwave_ros2_pkg' returned '0': CMAKE_PREFIX_PATH=/ws/install/ti_mmwave_ros2_interfaces:/ws/install/ti_mmwave_ros2_pkg:/ws/install/ti_mmwave_ros2_examples:/ws/install/serial:/ws/src/install/ti_mmwave_ros2_pkg:/ws/src/install/ti_mmwave_ros2_interfaces:/ws/src/install/ti_mmwave_ros2_examples:/ws/src/install/serial:/opt/ros/galactic/install LD_LIBRARY_PATH=/ws/install/ti_mmwave_ros2_interfaces/lib:/ws/install/ti_mmwave_ros2_pkg/lib:/ws/install/ti_mmwave_ros2_examples/lib:/ws/install/serial/lib:/ws/src/install/ti_mmwave_ros2_pkg/lib:/ws/src/install/ti_mmwave_ros2_interfaces/lib:/ws/src/install/ti_mmwave_ros2_examples/lib:/ws/src/install/serial/lib:/opt/ros/galactic/install/opt/yaml_cpp_vendor/lib:/opt/ros/galactic/install/opt/rviz_ogre_vendor/lib:/opt/ros/galactic/install/lib:/usr/local/cuda/lib64 /usr/local/bin/cmake --install /ws/build/ti_mmwave_ros2_pkg
[3.914s] Level 1:colcon.colcon_core.environment:checking '/ws/install/ti_mmwave_ros2_pkg' for CMake config files
[3.915s] Level 1:colcon.colcon_core.shell:create_environment_hook('ti_mmwave_ros2_pkg', 'cmake_prefix_path')
[3.916s] INFO:colcon.colcon_core.shell:Creating environment hook '/ws/install/ti_mmwave_ros2_pkg/share/ti_mmwave_ros2_pkg/hook/cmake_prefix_path.ps1'
[3.918s] INFO:colcon.colcon_core.shell:Creating environment descriptor '/ws/install/ti_mmwave_ros2_pkg/share/ti_mmwave_ros2_pkg/hook/cmake_prefix_path.dsv'
[3.919s] INFO:colcon.colcon_core.shell:Creating environment hook '/ws/install/ti_mmwave_ros2_pkg/share/ti_mmwave_ros2_pkg/hook/cmake_prefix_path.sh'
[3.921s] Level 1:colcon.colcon_core.environment:checking '/ws/install/ti_mmwave_ros2_pkg/lib'
[3.922s] Level 1:colcon.colcon_core.shell:create_environment_hook('ti_mmwave_ros2_pkg', 'ld_library_path_lib')
[3.922s] INFO:colcon.colcon_core.shell:Creating environment hook '/ws/install/ti_mmwave_ros2_pkg/share/ti_mmwave_ros2_pkg/hook/ld_library_path_lib.ps1'
[3.924s] INFO:colcon.colcon_core.shell:Creating environment descriptor '/ws/install/ti_mmwave_ros2_pkg/share/ti_mmwave_ros2_pkg/hook/ld_library_path_lib.dsv'
[3.925s] INFO:colcon.colcon_core.shell:Creating environment hook '/ws/install/ti_mmwave_ros2_pkg/share/ti_mmwave_ros2_pkg/hook/ld_library_path_lib.sh'
[3.926s] Level 1:colcon.colcon_core.environment:checking '/ws/install/ti_mmwave_ros2_pkg/bin'
[3.926s] Level 1:colcon.colcon_core.environment:checking '/ws/install/ti_mmwave_ros2_pkg/lib/pkgconfig/ti_mmwave_ros2_pkg.pc'
[3.926s] Level 1:colcon.colcon_core.environment:checking '/ws/install/ti_mmwave_ros2_pkg/lib/python3.8/site-packages'
[3.927s] Level 1:colcon.colcon_core.environment:checking '/ws/install/ti_mmwave_ros2_pkg/bin'
[3.928s] INFO:colcon.colcon_core.shell:Creating package script '/ws/install/ti_mmwave_ros2_pkg/share/ti_mmwave_ros2_pkg/package.ps1'
[3.929s] INFO:colcon.colcon_core.shell:Creating package descriptor '/ws/install/ti_mmwave_ros2_pkg/share/ti_mmwave_ros2_pkg/package.dsv'
[3.931s] INFO:colcon.colcon_core.shell:Creating package script '/ws/install/ti_mmwave_ros2_pkg/share/ti_mmwave_ros2_pkg/package.sh'
[3.932s] INFO:colcon.colcon_core.shell:Creating package script '/ws/install/ti_mmwave_ros2_pkg/share/ti_mmwave_ros2_pkg/package.bash'
[3.933s] INFO:colcon.colcon_core.shell:Creating package script '/ws/install/ti_mmwave_ros2_pkg/share/ti_mmwave_ros2_pkg/package.zsh'
[3.934s] Level 1:colcon.colcon_core.environment:create_file_with_runtime_dependencies(/ws/install/ti_mmwave_ros2_pkg/share/colcon-core/packages/ti_mmwave_ros2_pkg)
[4.157s] Level 1:colcon.colcon_core.environment:create_environment_scripts_only(ti_mmwave_ros2_pkg)
[4.158s] Level 1:colcon.colcon_core.environment:checking '/ws/install/ti_mmwave_ros2_pkg' for CMake module files
[4.160s] Level 1:colcon.colcon_core.environment:checking '/ws/install/ti_mmwave_ros2_pkg' for CMake config files
[4.162s] Level 1:colcon.colcon_core.shell:create_environment_hook('ti_mmwave_ros2_pkg', 'cmake_prefix_path')
[4.163s] INFO:colcon.colcon_core.shell:Creating environment hook '/ws/install/ti_mmwave_ros2_pkg/share/ti_mmwave_ros2_pkg/hook/cmake_prefix_path.ps1'
[4.165s] INFO:colcon.colcon_core.shell:Creating environment descriptor '/ws/install/ti_mmwave_ros2_pkg/share/ti_mmwave_ros2_pkg/hook/cmake_prefix_path.dsv'
[4.166s] INFO:colcon.colcon_core.shell:Creating environment hook '/ws/install/ti_mmwave_ros2_pkg/share/ti_mmwave_ros2_pkg/hook/cmake_prefix_path.sh'
[4.168s] Level 1:colcon.colcon_core.environment:checking '/ws/install/ti_mmwave_ros2_pkg/lib'
[4.168s] Level 1:colcon.colcon_core.shell:create_environment_hook('ti_mmwave_ros2_pkg', 'ld_library_path_lib')
[4.169s] INFO:colcon.colcon_core.shell:Creating environment hook '/ws/install/ti_mmwave_ros2_pkg/share/ti_mmwave_ros2_pkg/hook/ld_library_path_lib.ps1'
[4.171s] INFO:colcon.colcon_core.shell:Creating environment descriptor '/ws/install/ti_mmwave_ros2_pkg/share/ti_mmwave_ros2_pkg/hook/ld_library_path_lib.dsv'
[4.172s] INFO:colcon.colcon_core.shell:Creating environment hook '/ws/install/ti_mmwave_ros2_pkg/share/ti_mmwave_ros2_pkg/hook/ld_library_path_lib.sh'
[4.173s] Level 1:colcon.colcon_core.environment:checking '/ws/install/ti_mmwave_ros2_pkg/bin'
[4.173s] Level 1:colcon.colcon_core.environment:checking '/ws/install/ti_mmwave_ros2_pkg/lib/pkgconfig/ti_mmwave_ros2_pkg.pc'
[4.174s] Level 1:colcon.colcon_core.environment:checking '/ws/install/ti_mmwave_ros2_pkg/lib/python3.8/site-packages'
[4.174s] Level 1:colcon.colcon_core.environment:checking '/ws/install/ti_mmwave_ros2_pkg/bin'
[4.175s] INFO:colcon.colcon_core.shell:Creating package script '/ws/install/ti_mmwave_ros2_pkg/share/ti_mmwave_ros2_pkg/package.ps1'
[4.177s] INFO:colcon.colcon_core.shell:Creating package descriptor '/ws/install/ti_mmwave_ros2_pkg/share/ti_mmwave_ros2_pkg/package.dsv'
[4.179s] INFO:colcon.colcon_core.shell:Creating package script '/ws/install/ti_mmwave_ros2_pkg/share/ti_mmwave_ros2_pkg/package.sh'
[4.180s] INFO:colcon.colcon_core.shell:Creating package script '/ws/install/ti_mmwave_ros2_pkg/share/ti_mmwave_ros2_pkg/package.bash'
[4.181s] INFO:colcon.colcon_core.shell:Creating package script '/ws/install/ti_mmwave_ros2_pkg/share/ti_mmwave_ros2_pkg/package.zsh'
[4.182s] Level 1:colcon.colcon_core.environment:create_file_with_runtime_dependencies(/ws/install/ti_mmwave_ros2_pkg/share/colcon-core/packages/ti_mmwave_ros2_pkg)
[4.183s] DEBUG:colcon.colcon_parallel_executor.executor.parallel:closing loop
[4.185s] DEBUG:colcon.colcon_parallel_executor.executor.parallel:loop closed
[4.185s] DEBUG:colcon.colcon_parallel_executor.executor.parallel:run_until_complete finished with '0'
[4.185s] DEBUG:colcon.colcon_core.event_reactor:joining thread
[4.211s] INFO:colcon.colcon_core.plugin_system:Skipping extension 'colcon_notification.desktop_notification.notify_send': Could not find 'notify-send'
[4.211s] INFO:colcon.colcon_core.plugin_system:Skipping extension 'colcon_notification.desktop_notification.terminal_notifier': Not used on non-Darwin systems
[4.211s] INFO:colcon.colcon_core.plugin_system:Skipping extension 'colcon_notification.desktop_notification.win32': Not used on non-Windows systems
[4.211s] INFO:colcon.colcon_notification.desktop_notification:Sending desktop notification using 'notify2'
[4.232s] DEBUG:colcon.colcon_notification.desktop_notification.notify2:Failed to initialize notify2: org.freedesktop.DBus.Error.ServiceUnknown: The name org.freedesktop.Notifications was not provided by any .service files
[4.232s] DEBUG:colcon.colcon_core.event_reactor:joined thread
[4.234s] INFO:colcon.colcon_core.shell:Creating prefix script '/ws/install/local_setup.ps1'
[4.238s] INFO:colcon.colcon_core.shell:Creating prefix util module '/ws/install/_local_setup_util_ps1.py'
[4.241s] INFO:colcon.colcon_core.shell:Creating prefix chain script '/ws/install/setup.ps1'
[4.247s] INFO:colcon.colcon_core.shell:Creating prefix script '/ws/install/local_setup.sh'
[4.248s] INFO:colcon.colcon_core.shell:Creating prefix util module '/ws/install/_local_setup_util_sh.py'
[4.249s] INFO:colcon.colcon_core.shell:Creating prefix chain script '/ws/install/setup.sh'
[4.254s] INFO:colcon.colcon_core.shell:Creating prefix script '/ws/install/local_setup.bash'
[4.255s] INFO:colcon.colcon_core.shell:Creating prefix chain script '/ws/install/setup.bash'
[4.259s] INFO:colcon.colcon_core.shell:Creating prefix script '/ws/install/local_setup.zsh'
[4.261s] INFO:colcon.colcon_core.shell:Creating prefix chain script '/ws/install/setup.zsh'
