[0.152s] Invoking command in '/ws/src/build/ti_mmwave_ros2_interfaces': CMAKE_PREFIX_PATH=${CMAKE_PREFIX_PATH}:/opt/ros/galactic /usr/local/bin/cmake --build /ws/src/build/ti_mmwave_ros2_interfaces -- -j4 -l4
[0.354s] [  2%] Built target ti_mmwave_ros2_interfaces__cpp
[0.401s] [ 12%] Built target ti_mmwave_ros2_interfaces__rosidl_generator_c
[0.456s] [ 23%] Built target ti_mmwave_ros2_interfaces__rosidl_typesupport_fastrtps_cpp
[0.461s] [ 33%] Built target ti_mmwave_ros2_interfaces__rosidl_typesupport_introspection_cpp
[0.478s] [ 43%] Built target ti_mmwave_ros2_interfaces__rosidl_typesupport_cpp
[0.508s] [ 53%] Built target ti_mmwave_ros2_interfaces__rosidl_typesupport_introspection_c
[0.523s] [ 64%] Built target ti_mmwave_ros2_interfaces__rosidl_typesupport_c
[0.563s] [ 74%] Built target ti_mmwave_ros2_interfaces__rosidl_typesupport_fastrtps_c
[0.598s] [ 74%] Built target ti_mmwave_ros2_interfaces
[0.636s] [ 76%] Built target ti_mmwave_ros2_interfaces__py
[0.694s] [ 84%] Built target ti_mmwave_ros2_interfaces__python
[0.764s] [ 89%] Built target ti_mmwave_ros2_interfaces__rosidl_typesupport_introspection_c__pyext
[0.776s] [ 94%] Built target ti_mmwave_ros2_interfaces__rosidl_typesupport_fastrtps_c__pyext
[0.782s] [100%] Built target ti_mmwave_ros2_interfaces__rosidl_typesupport_c__pyext
[0.873s] Invoked command in '/ws/src/build/ti_mmwave_ros2_interfaces' returned '0': CMAKE_PREFIX_PATH=${CMAKE_PREFIX_PATH}:/opt/ros/galactic /usr/local/bin/cmake --build /ws/src/build/ti_mmwave_ros2_interfaces -- -j4 -l4
[1.385s] Invoking command in '/ws/src/build/ti_mmwave_ros2_interfaces': CMAKE_PREFIX_PATH=${CMAKE_PREFIX_PATH}:/opt/ros/galactic /usr/local/bin/cmake --install /ws/src/build/ti_mmwave_ros2_interfaces
[1.486s] -- Install configuration: ""
[1.489s] -- Execute custom install script
[1.490s] -- Up-to-date symlink: /ws/src/install/ti_mmwave_ros2_interfaces/share/ament_index/resource_index/rosidl_interfaces/ti_mmwave_ros2_interfaces
[1.492s] -- Up-to-date symlink: /ws/src/install/ti_mmwave_ros2_interfaces/include/ti_mmwave_ros2_interfaces/msg/detail/radar_scan__functions.h
[1.494s] -- Up-to-date symlink: /ws/src/install/ti_mmwave_ros2_interfaces/include/ti_mmwave_ros2_interfaces/msg/detail/radar_scan__struct.h
[1.495s] -- Up-to-date symlink: /ws/src/install/ti_mmwave_ros2_interfaces/include/ti_mmwave_ros2_interfaces/msg/detail/radar_scan__type_support.h
[1.495s] -- Up-to-date symlink: /ws/src/install/ti_mmwave_ros2_interfaces/include/ti_mmwave_ros2_interfaces/msg/radar_scan.h
[1.495s] -- Up-to-date symlink: /ws/src/install/ti_mmwave_ros2_interfaces/include/ti_mmwave_ros2_interfaces/msg/rosidl_generator_c__visibility_control.h
[1.497s] -- Up-to-date symlink: /ws/src/install/ti_mmwave_ros2_interfaces/include/ti_mmwave_ros2_interfaces/srv/detail/mm_wave_cli__functions.h
[1.498s] -- Up-to-date symlink: /ws/src/install/ti_mmwave_ros2_interfaces/include/ti_mmwave_ros2_interfaces/srv/detail/mm_wave_cli__struct.h
[1.500s] -- Up-to-date symlink: /ws/src/install/ti_mmwave_ros2_interfaces/include/ti_mmwave_ros2_interfaces/srv/detail/mm_wave_cli__type_support.h
[1.500s] -- Up-to-date symlink: /ws/src/install/ti_mmwave_ros2_interfaces/include/ti_mmwave_ros2_interfaces/srv/mm_wave_cli.h
[1.500s] -- Up-to-date symlink: /ws/src/install/ti_mmwave_ros2_interfaces/share/ti_mmwave_ros2_interfaces/environment/library_path.sh
[1.501s] -- Up-to-date symlink: /ws/src/install/ti_mmwave_ros2_interfaces/share/ti_mmwave_ros2_interfaces/environment/library_path.dsv
[1.501s] -- Up-to-date symlink: /ws/src/install/ti_mmwave_ros2_interfaces/include/ti_mmwave_ros2_interfaces/msg/detail/radar_scan__rosidl_typesupport_introspection_c.h
[1.501s] -- Up-to-date symlink: /ws/src/install/ti_mmwave_ros2_interfaces/include/ti_mmwave_ros2_interfaces/msg/rosidl_typesupport_introspection_c__visibility_control.h
[1.506s] -- Up-to-date symlink: /ws/src/install/ti_mmwave_ros2_interfaces/include/ti_mmwave_ros2_interfaces/srv/detail/mm_wave_cli__rosidl_typesupport_introspection_c.h
[1.506s] -- Up-to-date symlink: /ws/src/install/ti_mmwave_ros2_interfaces/include/ti_mmwave_ros2_interfaces/msg/detail/radar_scan__rosidl_typesupport_fastrtps_c.h
[1.506s] -- Up-to-date symlink: /ws/src/install/ti_mmwave_ros2_interfaces/include/ti_mmwave_ros2_interfaces/msg/rosidl_typesupport_fastrtps_c__visibility_control.h
[1.507s] -- Up-to-date symlink: /ws/src/install/ti_mmwave_ros2_interfaces/include/ti_mmwave_ros2_interfaces/srv/detail/mm_wave_cli__rosidl_typesupport_fastrtps_c.h
[1.507s] -- Up-to-date symlink: /ws/src/install/ti_mmwave_ros2_interfaces/lib/libti_mmwave_ros2_interfaces__rosidl_typesupport_fastrtps_c.so
[1.507s] -- Up-to-date symlink: /ws/src/install/ti_mmwave_ros2_interfaces/include/ti_mmwave_ros2_interfaces/msg/detail/radar_scan__rosidl_typesupport_fastrtps_cpp.hpp
[1.509s] -- Up-to-date symlink: /ws/src/install/ti_mmwave_ros2_interfaces/include/ti_mmwave_ros2_interfaces/msg/rosidl_typesupport_fastrtps_cpp__visibility_control.h
[1.509s] -- Up-to-date symlink: /ws/src/install/ti_mmwave_ros2_interfaces/include/ti_mmwave_ros2_interfaces/srv/detail/mm_wave_cli__rosidl_typesupport_fastrtps_cpp.hpp
[1.509s] -- Up-to-date symlink: /ws/src/install/ti_mmwave_ros2_interfaces/lib/libti_mmwave_ros2_interfaces__rosidl_typesupport_fastrtps_cpp.so
[1.511s] -- Up-to-date symlink: /ws/src/install/ti_mmwave_ros2_interfaces/include/ti_mmwave_ros2_interfaces/msg/detail/radar_scan__builder.hpp
[1.512s] -- Up-to-date symlink: /ws/src/install/ti_mmwave_ros2_interfaces/include/ti_mmwave_ros2_interfaces/msg/detail/radar_scan__struct.hpp
[1.512s] -- Up-to-date symlink: /ws/src/install/ti_mmwave_ros2_interfaces/include/ti_mmwave_ros2_interfaces/msg/detail/radar_scan__traits.hpp
[1.512s] -- Up-to-date symlink: /ws/src/install/ti_mmwave_ros2_interfaces/include/ti_mmwave_ros2_interfaces/msg/radar_scan.hpp
[1.513s] -- Up-to-date symlink: /ws/src/install/ti_mmwave_ros2_interfaces/include/ti_mmwave_ros2_interfaces/srv/detail/mm_wave_cli__builder.hpp
[1.514s] -- Up-to-date symlink: /ws/src/install/ti_mmwave_ros2_interfaces/include/ti_mmwave_ros2_interfaces/srv/detail/mm_wave_cli__struct.hpp
[1.515s] -- Up-to-date symlink: /ws/src/install/ti_mmwave_ros2_interfaces/include/ti_mmwave_ros2_interfaces/srv/detail/mm_wave_cli__traits.hpp
[1.515s] -- Up-to-date symlink: /ws/src/install/ti_mmwave_ros2_interfaces/include/ti_mmwave_ros2_interfaces/srv/mm_wave_cli.hpp
[1.516s] -- Up-to-date symlink: /ws/src/install/ti_mmwave_ros2_interfaces/include/ti_mmwave_ros2_interfaces/msg/detail/radar_scan__rosidl_typesupport_introspection_cpp.hpp
[1.517s] -- Up-to-date symlink: /ws/src/install/ti_mmwave_ros2_interfaces/include/ti_mmwave_ros2_interfaces/srv/detail/mm_wave_cli__rosidl_typesupport_introspection_cpp.hpp
[1.517s] -- Up-to-date symlink: /ws/src/install/ti_mmwave_ros2_interfaces/share/ti_mmwave_ros2_interfaces/environment/pythonpath.sh
[1.518s] -- Up-to-date symlink: /ws/src/install/ti_mmwave_ros2_interfaces/share/ti_mmwave_ros2_interfaces/environment/pythonpath.dsv
[1.518s] -- Up-to-date symlink: /ws/src/install/ti_mmwave_ros2_interfaces/lib/python3.8/site-packages/ti_mmwave_ros2_interfaces/__init__.py
[1.519s] -- Up-to-date symlink: /ws/src/install/ti_mmwave_ros2_interfaces/lib/python3.8/site-packages/ti_mmwave_ros2_interfaces/msg/__init__.py
[1.520s] -- Up-to-date symlink: /ws/src/install/ti_mmwave_ros2_interfaces/lib/python3.8/site-packages/ti_mmwave_ros2_interfaces/msg/_radar_scan.py
[1.521s] -- Up-to-date symlink: /ws/src/install/ti_mmwave_ros2_interfaces/lib/python3.8/site-packages/ti_mmwave_ros2_interfaces/srv/__init__.py
[1.522s] -- Up-to-date symlink: /ws/src/install/ti_mmwave_ros2_interfaces/lib/python3.8/site-packages/ti_mmwave_ros2_interfaces/srv/_mm_wave_cli.py
[1.523s] -- Up-to-date symlink: /ws/src/install/ti_mmwave_ros2_interfaces/lib/python3.8/site-packages/ti_mmwave_ros2_interfaces/ti_mmwave_ros2_interfaces_s__rosidl_typesupport_introspection_c.cpython-38-aarch64-linux-gnu.so
[1.523s] -- Up-to-date symlink: /ws/src/install/ti_mmwave_ros2_interfaces/lib/python3.8/site-packages/ti_mmwave_ros2_interfaces/ti_mmwave_ros2_interfaces_s__rosidl_typesupport_fastrtps_c.cpython-38-aarch64-linux-gnu.so
[1.524s] -- Up-to-date symlink: /ws/src/install/ti_mmwave_ros2_interfaces/lib/python3.8/site-packages/ti_mmwave_ros2_interfaces/ti_mmwave_ros2_interfaces_s__rosidl_typesupport_c.cpython-38-aarch64-linux-gnu.so
[1.525s] -- Up-to-date symlink: /ws/src/install/ti_mmwave_ros2_interfaces/lib/libti_mmwave_ros2_interfaces__python.so
[1.526s] -- Up-to-date symlink: /ws/src/install/ti_mmwave_ros2_interfaces/share/ti_mmwave_ros2_interfaces/msg/RadarScan.idl
[1.526s] -- Up-to-date symlink: /ws/src/install/ti_mmwave_ros2_interfaces/share/ti_mmwave_ros2_interfaces/srv/MMWaveCLI.idl
[1.527s] -- Up-to-date symlink: /ws/src/install/ti_mmwave_ros2_interfaces/share/ti_mmwave_ros2_interfaces/msg/RadarScan.msg
[1.527s] -- Up-to-date symlink: /ws/src/install/ti_mmwave_ros2_interfaces/share/ti_mmwave_ros2_interfaces/srv/MMWaveCLI.srv
[1.528s] -- Up-to-date symlink: /ws/src/install/ti_mmwave_ros2_interfaces/share/ti_mmwave_ros2_interfaces/srv/MMWaveCLI_Request.msg
[1.529s] -- Up-to-date symlink: /ws/src/install/ti_mmwave_ros2_interfaces/share/ti_mmwave_ros2_interfaces/srv/MMWaveCLI_Response.msg
[1.530s] -- Up-to-date symlink: /ws/src/install/ti_mmwave_ros2_interfaces/share/ament_index/resource_index/package_run_dependencies/ti_mmwave_ros2_interfaces
[1.530s] -- Up-to-date symlink: /ws/src/install/ti_mmwave_ros2_interfaces/share/ament_index/resource_index/parent_prefix_path/ti_mmwave_ros2_interfaces
[1.531s] -- Up-to-date symlink: /ws/src/install/ti_mmwave_ros2_interfaces/share/ti_mmwave_ros2_interfaces/environment/ament_prefix_path.sh
[1.532s] -- Up-to-date symlink: /ws/src/install/ti_mmwave_ros2_interfaces/share/ti_mmwave_ros2_interfaces/environment/ament_prefix_path.dsv
[1.532s] -- Up-to-date symlink: /ws/src/install/ti_mmwave_ros2_interfaces/share/ti_mmwave_ros2_interfaces/environment/path.sh
[1.533s] -- Up-to-date symlink: /ws/src/install/ti_mmwave_ros2_interfaces/share/ti_mmwave_ros2_interfaces/environment/path.dsv
[1.533s] -- Up-to-date symlink: /ws/src/install/ti_mmwave_ros2_interfaces/share/ti_mmwave_ros2_interfaces/local_setup.bash
[1.534s] -- Up-to-date symlink: /ws/src/install/ti_mmwave_ros2_interfaces/share/ti_mmwave_ros2_interfaces/local_setup.sh
[1.534s] -- Up-to-date symlink: /ws/src/install/ti_mmwave_ros2_interfaces/share/ti_mmwave_ros2_interfaces/local_setup.zsh
[1.535s] -- Up-to-date symlink: /ws/src/install/ti_mmwave_ros2_interfaces/share/ti_mmwave_ros2_interfaces/local_setup.dsv
[1.535s] -- Symlinking: /ws/src/install/ti_mmwave_ros2_interfaces/share/ti_mmwave_ros2_interfaces/package.dsv
[1.547s] -- Up-to-date symlink: /ws/src/install/ti_mmwave_ros2_interfaces/share/ament_index/resource_index/packages/ti_mmwave_ros2_interfaces
[1.547s] -- Up-to-date symlink: /ws/src/install/ti_mmwave_ros2_interfaces/share/ti_mmwave_ros2_interfaces/cmake/rosidl_cmake-extras.cmake
[1.547s] -- Up-to-date symlink: /ws/src/install/ti_mmwave_ros2_interfaces/share/ti_mmwave_ros2_interfaces/cmake/ament_cmake_export_dependencies-extras.cmake
[1.548s] -- Up-to-date symlink: /ws/src/install/ti_mmwave_ros2_interfaces/share/ti_mmwave_ros2_interfaces/cmake/ament_cmake_export_libraries-extras.cmake
[1.549s] -- Up-to-date symlink: /ws/src/install/ti_mmwave_ros2_interfaces/share/ti_mmwave_ros2_interfaces/cmake/ament_cmake_export_targets-extras.cmake
[1.550s] -- Up-to-date symlink: /ws/src/install/ti_mmwave_ros2_interfaces/share/ti_mmwave_ros2_interfaces/cmake/ament_cmake_export_include_directories-extras.cmake
[1.550s] -- Up-to-date symlink: /ws/src/install/ti_mmwave_ros2_interfaces/share/ti_mmwave_ros2_interfaces/cmake/rosidl_cmake_export_typesupport_targets-extras.cmake
[1.551s] -- Up-to-date symlink: /ws/src/install/ti_mmwave_ros2_interfaces/share/ti_mmwave_ros2_interfaces/cmake/rosidl_cmake_export_typesupport_libraries-extras.cmake
[1.551s] -- Up-to-date symlink: /ws/src/install/ti_mmwave_ros2_interfaces/share/ti_mmwave_ros2_interfaces/cmake/ti_mmwave_ros2_interfacesConfig.cmake
[1.552s] -- Up-to-date symlink: /ws/src/install/ti_mmwave_ros2_interfaces/share/ti_mmwave_ros2_interfaces/cmake/ti_mmwave_ros2_interfacesConfig-version.cmake
[1.552s] -- Up-to-date symlink: /ws/src/install/ti_mmwave_ros2_interfaces/share/ti_mmwave_ros2_interfaces/package.xml
[1.553s] -- Up-to-date: /ws/src/install/ti_mmwave_ros2_interfaces/lib/libti_mmwave_ros2_interfaces__rosidl_generator_c.so
[1.556s] -- Up-to-date: /ws/src/install/ti_mmwave_ros2_interfaces/lib/libti_mmwave_ros2_interfaces__rosidl_typesupport_introspection_c.so
[1.557s] -- Up-to-date: /ws/src/install/ti_mmwave_ros2_interfaces/lib/libti_mmwave_ros2_interfaces__rosidl_typesupport_c.so
[1.558s] -- Up-to-date: /ws/src/install/ti_mmwave_ros2_interfaces/lib/libti_mmwave_ros2_interfaces__rosidl_typesupport_introspection_cpp.so
[1.558s] -- Up-to-date: /ws/src/install/ti_mmwave_ros2_interfaces/lib/libti_mmwave_ros2_interfaces__rosidl_typesupport_cpp.so
[1.667s] -- Up-to-date: /ws/src/install/ti_mmwave_ros2_interfaces/share/ti_mmwave_ros2_interfaces/cmake/ti_mmwave_ros2_interfaces__rosidl_generator_cExport.cmake
[1.668s] -- Up-to-date: /ws/src/install/ti_mmwave_ros2_interfaces/share/ti_mmwave_ros2_interfaces/cmake/ti_mmwave_ros2_interfaces__rosidl_generator_cExport-noconfig.cmake
[1.668s] -- Up-to-date: /ws/src/install/ti_mmwave_ros2_interfaces/share/ti_mmwave_ros2_interfaces/cmake/ti_mmwave_ros2_interfaces__rosidl_typesupport_introspection_cExport.cmake
[1.668s] -- Up-to-date: /ws/src/install/ti_mmwave_ros2_interfaces/share/ti_mmwave_ros2_interfaces/cmake/ti_mmwave_ros2_interfaces__rosidl_typesupport_introspection_cExport-noconfig.cmake
[1.669s] -- Up-to-date: /ws/src/install/ti_mmwave_ros2_interfaces/share/ti_mmwave_ros2_interfaces/cmake/ti_mmwave_ros2_interfaces__rosidl_typesupport_cExport.cmake
[1.669s] -- Up-to-date: /ws/src/install/ti_mmwave_ros2_interfaces/share/ti_mmwave_ros2_interfaces/cmake/ti_mmwave_ros2_interfaces__rosidl_typesupport_cExport-noconfig.cmake
[1.669s] -- Up-to-date: /ws/src/install/ti_mmwave_ros2_interfaces/share/ti_mmwave_ros2_interfaces/cmake/ti_mmwave_ros2_interfaces__rosidl_generator_cppExport.cmake
[1.670s] -- Up-to-date: /ws/src/install/ti_mmwave_ros2_interfaces/share/ti_mmwave_ros2_interfaces/cmake/ti_mmwave_ros2_interfaces__rosidl_typesupport_introspection_cppExport.cmake
[1.670s] -- Up-to-date: /ws/src/install/ti_mmwave_ros2_interfaces/share/ti_mmwave_ros2_interfaces/cmake/ti_mmwave_ros2_interfaces__rosidl_typesupport_introspection_cppExport-noconfig.cmake
[1.670s] -- Up-to-date: /ws/src/install/ti_mmwave_ros2_interfaces/share/ti_mmwave_ros2_interfaces/cmake/ti_mmwave_ros2_interfaces__rosidl_typesupport_cppExport.cmake
[1.670s] -- Up-to-date: /ws/src/install/ti_mmwave_ros2_interfaces/share/ti_mmwave_ros2_interfaces/cmake/ti_mmwave_ros2_interfaces__rosidl_typesupport_cppExport-noconfig.cmake
[1.688s] Invoked command in '/ws/src/build/ti_mmwave_ros2_interfaces' returned '0': CMAKE_PREFIX_PATH=${CMAKE_PREFIX_PATH}:/opt/ros/galactic /usr/local/bin/cmake --install /ws/src/build/ti_mmwave_ros2_interfaces
