[1.026s] DEBUG:colcon:Command line arguments: ['/usr/bin/colcon', 'build']
[1.027s] DEBUG:colcon:Parsed command line arguments: Namespace(ament_cmake_args=None, base_paths=['.'], build_base='build', catkin_cmake_args=None, catkin_skip_building_tests=False, cmake_args=None, cmake_clean_cache=False, cmake_clean_first=False, cmake_force_configure=False, cmake_target=None, cmake_target_skip_unavailable=False, continue_on_error=False, event_handlers=None, executor='parallel', ignore_user_meta=False, install_base='install', log_base=None, log_level=None, main=<bound method BuildVerb.main of <colcon_core.verb.build.BuildVerb object at 0xffff84c11fd0>>, merge_install=False, metas=['./colcon.meta'], packages_above=None, packages_above_and_dependencies=None, packages_above_depth=None, packages_end=None, packages_ignore=None, packages_ignore_regex=None, packages_select=None, packages_select_build_failed=False, packages_select_by_dep=None, packages_select_regex=None, packages_select_test_failures=False, packages_skip=None, packages_skip_build_finished=False, packages_skip_by_dep=None, packages_skip_regex=None, packages_skip_test_passed=False, packages_skip_up_to=None, packages_start=None, packages_up_to=None, packages_up_to_regex=None, parallel_workers=4, paths=None, symlink_install=False, test_result_base=None, verb_extension=<colcon_core.verb.build.BuildVerb object at 0xffff84c11fd0>, verb_name='build', verb_parser=<colcon_defaults.argument_parser.defaults.DefaultArgumentsDecorator object at 0xffff84b567c0>)
[1.177s] Level 1:colcon.colcon_core.package_discovery:discover_packages(colcon_meta) check parameters
[1.178s] Level 1:colcon.colcon_core.package_discovery:discover_packages(recursive) check parameters
[1.178s] Level 1:colcon.colcon_core.package_discovery:discover_packages(ignore) check parameters
[1.178s] Level 1:colcon.colcon_core.package_discovery:discover_packages(path) check parameters
[1.178s] Level 1:colcon.colcon_core.package_discovery:discover_packages(colcon_meta) discover
[1.178s] Level 1:colcon.colcon_core.package_discovery:discover_packages(recursive) discover
[1.178s] INFO:colcon.colcon_core.package_discovery:Crawling recursively for packages in '/ws/person_det_and_loc_d435i'
[1.179s] Level 1:colcon.colcon_core.package_identification:_identify(.) by extensions ['ignore', 'ignore_ament_install']
[1.179s] Level 1:colcon.colcon_core.package_identification:_identify(.) by extension 'ignore'
[1.180s] Level 1:colcon.colcon_core.package_identification:_identify(.) by extension 'ignore_ament_install'
[1.180s] Level 1:colcon.colcon_core.package_identification:_identify(.) by extensions ['colcon_pkg']
[1.180s] Level 1:colcon.colcon_core.package_identification:_identify(.) by extension 'colcon_pkg'
[1.180s] Level 1:colcon.colcon_core.package_identification:_identify(.) by extensions ['colcon_meta']
[1.180s] Level 1:colcon.colcon_core.package_identification:_identify(.) by extension 'colcon_meta'
[1.180s] Level 1:colcon.colcon_core.package_identification:_identify(.) by extensions ['ros']
[1.180s] Level 1:colcon.colcon_core.package_identification:_identify(.) by extension 'ros'
[1.226s] Level 1:colcon.colcon_core.package_identification:_identify(.) by extensions ['cmake', 'python']
[1.227s] Level 1:colcon.colcon_core.package_identification:_identify(.) by extension 'cmake'
[1.227s] Level 1:colcon.colcon_core.package_identification:_identify(.) by extension 'python'
[1.227s] Level 1:colcon.colcon_core.package_identification:_identify(.) by extensions ['python_setup_py']
[1.227s] Level 1:colcon.colcon_core.package_identification:_identify(.) by extension 'python_setup_py'
[1.228s] Level 1:colcon.colcon_core.package_identification:_identify(__pycache__) by extensions ['ignore', 'ignore_ament_install']
[1.228s] Level 1:colcon.colcon_core.package_identification:_identify(__pycache__) by extension 'ignore'
[1.228s] Level 1:colcon.colcon_core.package_identification:_identify(__pycache__) by extension 'ignore_ament_install'
[1.229s] Level 1:colcon.colcon_core.package_identification:_identify(__pycache__) by extensions ['colcon_pkg']
[1.229s] Level 1:colcon.colcon_core.package_identification:_identify(__pycache__) by extension 'colcon_pkg'
[1.229s] Level 1:colcon.colcon_core.package_identification:_identify(__pycache__) by extensions ['colcon_meta']
[1.229s] Level 1:colcon.colcon_core.package_identification:_identify(__pycache__) by extension 'colcon_meta'
[1.229s] Level 1:colcon.colcon_core.package_identification:_identify(__pycache__) by extensions ['ros']
[1.229s] Level 1:colcon.colcon_core.package_identification:_identify(__pycache__) by extension 'ros'
[1.230s] Level 1:colcon.colcon_core.package_identification:_identify(__pycache__) by extensions ['cmake', 'python']
[1.230s] Level 1:colcon.colcon_core.package_identification:_identify(__pycache__) by extension 'cmake'
[1.230s] Level 1:colcon.colcon_core.package_identification:_identify(__pycache__) by extension 'python'
[1.230s] Level 1:colcon.colcon_core.package_identification:_identify(__pycache__) by extensions ['python_setup_py']
[1.230s] Level 1:colcon.colcon_core.package_identification:_identify(__pycache__) by extension 'python_setup_py'
[1.231s] Level 1:colcon.colcon_core.package_identification:_identify(build) by extensions ['ignore', 'ignore_ament_install']
[1.231s] Level 1:colcon.colcon_core.package_identification:_identify(build) by extension 'ignore'
[1.231s] Level 1:colcon.colcon_core.package_identification:_identify(build) ignored
[1.232s] Level 1:colcon.colcon_core.package_identification:_identify(dnn) by extensions ['ignore', 'ignore_ament_install']
[1.232s] Level 1:colcon.colcon_core.package_identification:_identify(dnn) by extension 'ignore'
[1.232s] Level 1:colcon.colcon_core.package_identification:_identify(dnn) by extension 'ignore_ament_install'
[1.232s] Level 1:colcon.colcon_core.package_identification:_identify(dnn) by extensions ['colcon_pkg']
[1.233s] Level 1:colcon.colcon_core.package_identification:_identify(dnn) by extension 'colcon_pkg'
[1.233s] Level 1:colcon.colcon_core.package_identification:_identify(dnn) by extensions ['colcon_meta']
[1.233s] Level 1:colcon.colcon_core.package_identification:_identify(dnn) by extension 'colcon_meta'
[1.233s] Level 1:colcon.colcon_core.package_identification:_identify(dnn) by extensions ['ros']
[1.233s] Level 1:colcon.colcon_core.package_identification:_identify(dnn) by extension 'ros'
[1.233s] Level 1:colcon.colcon_core.package_identification:_identify(dnn) by extensions ['cmake', 'python']
[1.234s] Level 1:colcon.colcon_core.package_identification:_identify(dnn) by extension 'cmake'
[1.234s] Level 1:colcon.colcon_core.package_identification:_identify(dnn) by extension 'python'
[1.234s] Level 1:colcon.colcon_core.package_identification:_identify(dnn) by extensions ['python_setup_py']
[1.234s] Level 1:colcon.colcon_core.package_identification:_identify(dnn) by extension 'python_setup_py'
[1.234s] Level 1:colcon.colcon_core.package_identification:_identify(install) by extensions ['ignore', 'ignore_ament_install']
[1.235s] Level 1:colcon.colcon_core.package_identification:_identify(install) by extension 'ignore'
[1.235s] Level 1:colcon.colcon_core.package_identification:_identify(install) ignored
[1.235s] Level 1:colcon.colcon_core.package_identification:_identify(log) by extensions ['ignore', 'ignore_ament_install']
[1.236s] Level 1:colcon.colcon_core.package_identification:_identify(log) by extension 'ignore'
[1.236s] Level 1:colcon.colcon_core.package_identification:_identify(log) ignored
[1.236s] Level 1:colcon.colcon_core.package_discovery:discover_packages(recursive) using defaults
[1.236s] Level 1:colcon.colcon_core.package_discovery:discover_packages(ignore) discover
[1.236s] Level 1:colcon.colcon_core.package_discovery:discover_packages(ignore) using defaults
[1.236s] Level 1:colcon.colcon_core.package_discovery:discover_packages(path) discover
[1.236s] Level 1:colcon.colcon_core.package_discovery:discover_packages(path) using defaults
[1.323s] INFO:colcon.colcon_core.executor:Executing jobs using 'parallel' executor
[1.348s] DEBUG:colcon.colcon_parallel_executor.executor.parallel:run_until_complete
[1.349s] DEBUG:colcon.colcon_parallel_executor.executor.parallel:closing loop
[1.349s] DEBUG:colcon.colcon_parallel_executor.executor.parallel:loop closed
[1.349s] DEBUG:colcon.colcon_parallel_executor.executor.parallel:run_until_complete finished with '0'
[1.349s] DEBUG:colcon.colcon_core.event_reactor:joining thread
[1.365s] INFO:colcon.colcon_core.plugin_system:Skipping extension 'colcon_notification.desktop_notification.notify_send': Could not find 'notify-send'
[1.365s] INFO:colcon.colcon_core.plugin_system:Skipping extension 'colcon_notification.desktop_notification.terminal_notifier': Not used on non-Darwin systems
[1.366s] INFO:colcon.colcon_core.plugin_system:Skipping extension 'colcon_notification.desktop_notification.win32': Not used on non-Windows systems
[1.366s] INFO:colcon.colcon_notification.desktop_notification:Sending desktop notification using 'notify2'
[1.394s] DEBUG:colcon.colcon_notification.desktop_notification.notify2:Failed to initialize notify2: org.freedesktop.DBus.Error.ServiceUnknown: The name org.freedesktop.Notifications was not provided by any .service files
[1.395s] DEBUG:colcon.colcon_core.event_reactor:joined thread
[1.417s] INFO:colcon.colcon_core.plugin_system:Skipping extension 'colcon_core.shell.bat': Not used on non-Windows systems
[1.418s] INFO:colcon.colcon_core.shell:Creating prefix script '/ws/person_det_and_loc_d435i/install/local_setup.ps1'
[1.422s] INFO:colcon.colcon_core.shell:Creating prefix util module '/ws/person_det_and_loc_d435i/install/_local_setup_util_ps1.py'
[1.426s] INFO:colcon.colcon_core.shell:Creating prefix chain script '/ws/person_det_and_loc_d435i/install/setup.ps1'
[1.434s] INFO:colcon.colcon_core.shell:Creating prefix script '/ws/person_det_and_loc_d435i/install/local_setup.sh'
[1.436s] INFO:colcon.colcon_core.shell:Creating prefix util module '/ws/person_det_and_loc_d435i/install/_local_setup_util_sh.py'
[1.437s] INFO:colcon.colcon_core.shell:Creating prefix chain script '/ws/person_det_and_loc_d435i/install/setup.sh'
[1.443s] INFO:colcon.colcon_core.shell:Creating prefix script '/ws/person_det_and_loc_d435i/install/local_setup.bash'
[1.445s] INFO:colcon.colcon_core.shell:Creating prefix chain script '/ws/person_det_and_loc_d435i/install/setup.bash'
[1.450s] INFO:colcon.colcon_core.shell:Creating prefix script '/ws/person_det_and_loc_d435i/install/local_setup.zsh'
[1.452s] INFO:colcon.colcon_core.shell:Creating prefix chain script '/ws/person_det_and_loc_d435i/install/setup.zsh'
