[0.197s] Invoking command in '/ws/src/build/serial': /usr/local/bin/cmake /ws/src/mmwave_ti_ros/serial-ros2 -DAMENT_CMAKE_SYMLINK_INSTALL=1 -DCMAKE_INSTALL_PREFIX=/ws/src/install/serial
[0.461s] -- Found ament_cmake: 1.1.6 (/opt/ros/galactic/install/share/ament_cmake/cmake)
[0.467s] [33mCMake Warning (dev) at /opt/ros/galactic/install/share/ament_cmake_core/cmake/core/python.cmake:22 (find_package):
[0.467s]   Policy CMP0148 is not set: The FindPythonInterp and FindPythonLibs modules
[0.468s]   are removed.  Run "cmake --help-policy CMP0148" for policy details.  Use
[0.468s]   the cmake_policy command to set the policy and suppress this warning.
[0.468s] 
[0.468s] Call Stack (most recent call first):
[0.468s]   /opt/ros/galactic/install/share/ament_cmake_core/cmake/core/all.cmake:53 (include)
[0.469s]   /opt/ros/galactic/install/share/ament_cmake_core/cmake/ament_cmake_core-extras.cmake:17 (include)
[0.469s]   /opt/ros/galactic/install/share/ament_cmake_core/cmake/ament_cmake_coreConfig.cmake:41 (include)
[0.469s]   /opt/ros/galactic/install/share/ament_cmake/cmake/ament_cmake_export_dependencies-extras.cmake:15 (find_package)
[0.469s]   /opt/ros/galactic/install/share/ament_cmake/cmake/ament_cmakeConfig.cmake:41 (include)
[0.469s]   CMakeLists.txt:6 (find_package)
[0.470s] This warning is for project developers.  Use -Wno-dev to suppress it.
[0.470s] [0m
[0.611s] -- Using PYTHON_EXECUTABLE: /usr/bin/python3
[0.885s] -- Override CMake install command with custom implementation using symlinks instead of copying resources
[1.352s] -- Configuring done (0.9s)
[1.420s] -- Generating done (0.1s)
[1.429s] -- Build files have been written to: /ws/src/build/serial
[1.452s] Invoked command in '/ws/src/build/serial' returned '0': /usr/local/bin/cmake /ws/src/mmwave_ti_ros/serial-ros2 -DAMENT_CMAKE_SYMLINK_INSTALL=1 -DCMAKE_INSTALL_PREFIX=/ws/src/install/serial
[1.453s] Invoking command in '/ws/src/build/serial': /usr/local/bin/cmake --build /ws/src/build/serial -- -j4 -l4
[1.709s] [100%] Built target serial
[1.761s] Invoked command in '/ws/src/build/serial' returned '0': /usr/local/bin/cmake --build /ws/src/build/serial -- -j4 -l4
[2.326s] Invoking command in '/ws/src/build/serial': /usr/local/bin/cmake --install /ws/src/build/serial
[2.430s] -- Install configuration: ""
[2.433s] -- Execute custom install script
[2.435s] -- Up-to-date symlink: /ws/src/install/serial/share/serial/environment/library_path.sh
[2.436s] -- Up-to-date symlink: /ws/src/install/serial/share/serial/environment/library_path.dsv
[2.438s] -- Up-to-date symlink: /ws/src/install/serial/lib/libserial.a
[2.439s] -- Up-to-date symlink: /ws/src/install/serial/include/serial/serial.h
[2.440s] -- Up-to-date symlink: /ws/src/install/serial/include/serial/v8stdint.h
[2.442s] -- Up-to-date symlink: /ws/src/install/serial/share/ament_index/resource_index/package_run_dependencies/serial
[2.445s] -- Up-to-date symlink: /ws/src/install/serial/share/ament_index/resource_index/parent_prefix_path/serial
[2.449s] -- Up-to-date symlink: /ws/src/install/serial/share/serial/environment/ament_prefix_path.sh
[2.451s] -- Up-to-date symlink: /ws/src/install/serial/share/serial/environment/ament_prefix_path.dsv
[2.453s] -- Up-to-date symlink: /ws/src/install/serial/share/serial/environment/path.sh
[2.454s] -- Up-to-date symlink: /ws/src/install/serial/share/serial/environment/path.dsv
[2.455s] -- Up-to-date symlink: /ws/src/install/serial/share/serial/local_setup.bash
[2.456s] -- Up-to-date symlink: /ws/src/install/serial/share/serial/local_setup.sh
[2.457s] -- Up-to-date symlink: /ws/src/install/serial/share/serial/local_setup.zsh
[2.458s] -- Up-to-date symlink: /ws/src/install/serial/share/serial/local_setup.dsv
[2.459s] -- Symlinking: /ws/src/install/serial/share/serial/package.dsv
[2.477s] -- Up-to-date symlink: /ws/src/install/serial/share/ament_index/resource_index/packages/serial
[2.477s] -- Up-to-date symlink: /ws/src/install/serial/share/serial/cmake/ament_cmake_export_include_directories-extras.cmake
[2.477s] -- Up-to-date symlink: /ws/src/install/serial/share/serial/cmake/ament_cmake_export_libraries-extras.cmake
[2.477s] -- Up-to-date symlink: /ws/src/install/serial/share/serial/cmake/serialConfig.cmake
[2.478s] -- Up-to-date symlink: /ws/src/install/serial/share/serial/cmake/serialConfig-version.cmake
[2.478s] -- Up-to-date symlink: /ws/src/install/serial/share/serial/package.xml
[2.503s] Invoked command in '/ws/src/build/serial' returned '0': /usr/local/bin/cmake --install /ws/src/build/serial
