[0.121s] Invoking command in '/ws/build/ti_mmwave_ros2_pkg': AMENT_PREFIX_PATH=/ws/install/ti_mmwave_ros2_interfaces:${AMENT_PREFIX_PATH} CMAKE_PREFIX_PATH=/ws/install/ti_mmwave_ros2_interfaces:${CMAKE_PREFIX_PATH} LD_LIBRARY_PATH=/ws/install/ti_mmwave_ros2_interfaces/lib:/ws/src/install/ti_mmwave_ros2_pkg/lib:/ws/src/install/ti_mmwave_ros2_interfaces/lib:/ws/src/install/ti_mmwave_ros2_examples/lib:/ws/src/install/serial/lib:/opt/ros/galactic/install/opt/yaml_cpp_vendor/lib:/opt/ros/galactic/install/opt/rviz_ogre_vendor/lib:/opt/ros/galactic/install/lib:/usr/local/cuda/lib64 PYTHONPATH=/ws/install/ti_mmwave_ros2_interfaces/lib/python3.8/site-packages:${PYTHONPATH} /usr/local/bin/cmake /ws/src/mmwave_ti_ros/ti_mmwave_ros2_pkg -DAMENT_CMAKE_SYMLINK_INSTALL=1 -DCMAKE_INSTALL_PREFIX=/ws/install/ti_mmwave_ros2_pkg
[0.423s] -- The C compiler identification is GNU 9.4.0
[0.619s] -- The CXX compiler identification is GNU 9.4.0
[0.698s] -- Detecting C compiler ABI info
[0.940s] -- Detecting C compiler ABI info - done
[0.980s] -- Check for working C compiler: /usr/bin/cc - skipped
[0.981s] -- Detecting C compile features
[0.983s] -- Detecting C compile features - done
[1.026s] -- Detecting CXX compiler ABI info
[1.312s] -- Detecting CXX compiler ABI info - done
[1.346s] -- Check for working CXX compiler: /usr/bin/c++ - skipped
[1.347s] -- Detecting CXX compile features
[1.348s] -- Detecting CXX compile features - done
[1.366s] -- Found ament_cmake: 1.1.6 (/opt/ros/galactic/install/share/ament_cmake/cmake)
[1.389s] [33mCMake Warning (dev) at /opt/ros/galactic/install/share/ament_cmake_core/cmake/core/python.cmake:22 (find_package):
[1.389s]   Policy CMP0148 is not set: The FindPythonInterp and FindPythonLibs modules
[1.390s]   are removed.  Run "cmake --help-policy CMP0148" for policy details.  Use
[1.390s]   the cmake_policy command to set the policy and suppress this warning.
[1.390s] 
[1.390s] Call Stack (most recent call first):
[1.391s]   /opt/ros/galactic/install/share/ament_cmake_core/cmake/core/all.cmake:53 (include)
[1.391s]   /opt/ros/galactic/install/share/ament_cmake_core/cmake/ament_cmake_core-extras.cmake:17 (include)
[1.391s]   /opt/ros/galactic/install/share/ament_cmake_core/cmake/ament_cmake_coreConfig.cmake:41 (include)
[1.391s]   /opt/ros/galactic/install/share/ament_cmake/cmake/ament_cmake_export_dependencies-extras.cmake:15 (find_package)
[1.391s]   /opt/ros/galactic/install/share/ament_cmake/cmake/ament_cmakeConfig.cmake:41 (include)
[1.392s]   CMakeLists.txt:19 (find_package)
[1.392s] This warning is for project developers.  Use -Wno-dev to suppress it.
[1.392s] [0m
[1.479s] -- Found PythonInterp: /usr/bin/python3 (found suitable version "3.8.10", minimum required is "3") 
[1.480s] -- Using PYTHON_EXECUTABLE: /usr/bin/python3
[1.682s] -- Override CMake install command with custom implementation using symlinks instead of copying resources
[1.817s] -- Found rosidl_default_generators: 1.1.1 (/opt/ros/galactic/install/share/rosidl_default_generators/cmake)
[1.838s] -- Using all available rosidl_typesupport_c: rosidl_typesupport_fastrtps_c;rosidl_typesupport_introspection_c
[1.882s] -- Found rosidl_adapter: 2.2.3 (/opt/ros/galactic/install/share/rosidl_adapter/cmake)
[2.320s] -- Found OpenSSL: /usr/lib/aarch64-linux-gnu/libcrypto.so (found version "1.1.1f")  
[2.463s] -- Found FastRTPS: /opt/ros/galactic/install/include  
[2.858s] -- Using all available rosidl_typesupport_cpp: rosidl_typesupport_fastrtps_cpp;rosidl_typesupport_introspection_cpp
[2.971s] -- Found rclcpp: 9.2.2 (/opt/ros/galactic/install/share/rclcpp/cmake)
[3.242s] -- Found rmw_implementation_cmake: 3.3.1 (/opt/ros/galactic/install/share/rmw_implementation_cmake/cmake)
[3.255s] -- Found rmw_cyclonedds_cpp: 0.22.6 (/opt/ros/galactic/install/share/rmw_cyclonedds_cpp/cmake)
[3.321s] -- Using RMW implementation 'rmw_cyclonedds_cpp' as default
[3.324s] -- Performing Test CMAKE_HAVE_LIBC_PTHREAD
[3.523s] -- Performing Test CMAKE_HAVE_LIBC_PTHREAD - Failed
[3.523s] -- Looking for pthread_create in pthreads
[3.681s] -- Looking for pthread_create in pthreads - not found
[3.681s] -- Looking for pthread_create in pthread
[3.859s] -- Looking for pthread_create in pthread - found
[3.864s] -- Found Threads: TRUE  
[4.405s] -- Found rclcpp_components: 9.2.2 (/opt/ros/galactic/install/share/rclcpp_components/cmake)
[4.606s] -- Found composition: 0.14.4 (/opt/ros/galactic/install/share/composition/cmake)
[4.614s] -- Found pcl_conversions: 2.3.2 (/opt/ros/galactic/install/share/pcl_conversions/cmake)
[5.659s] -- Found visualization_msgs: 2.2.4 (/opt/ros/galactic/install/share/visualization_msgs/cmake)
[5.886s] -- Found ti_mmwave_ros2_interfaces: 0.0.0 (/ws/install/ti_mmwave_ros2_interfaces/share/ti_mmwave_ros2_interfaces/cmake)
[5.986s] -- Found serial: 1.2.1 (/ws/src/install/serial/share/serial/cmake)
[6.049s] -- Found Boost: /usr/lib/aarch64-linux-gnu/cmake/Boost-1.71.0/BoostConfig.cmake (found suitable version "1.71.0", minimum required is "1.65.1") found components: system filesystem 
[6.090s] [33mCMake Warning (dev) at /usr/lib/aarch64-linux-gnu/cmake/pcl/PCLConfig.cmake:152 (find_package):
[6.090s]   Policy CMP0144 is not set: find_package uses upper-case <PACKAGENAME>_ROOT
[6.090s]   variables.  Run "cmake --help-policy CMP0144" for policy details.  Use the
[6.091s]   cmake_policy command to set the policy and suppress this warning.
[6.091s] 
[6.091s]   CMake variable EIGEN_ROOT is set to:
[6.091s] 
[6.092s]     /usr/include/eigen3
[6.092s] 
[6.092s]   For compatibility, find_package is ignoring the variable, but code in a
[6.092s]   .cmake module might still use it.
[6.092s] Call Stack (most recent call first):
[6.093s]   /usr/lib/aarch64-linux-gnu/cmake/pcl/PCLConfig.cmake:316 (find_eigen)
[6.093s]   /usr/lib/aarch64-linux-gnu/cmake/pcl/PCLConfig.cmake:551 (find_external_library)
[6.093s]   CMakeLists.txt:42 (find_package)
[6.093s] This warning is for project developers.  Use -Wno-dev to suppress it.
[6.093s] [0m
[6.111s] -- Checking for module 'eigen3'
[6.172s] --   Found eigen3, version 3.3.7
[6.321s] -- Found Eigen: /usr/include/eigen3 (Required is at least version "3.1") 
[6.321s] -- Eigen found (include: /usr/include/eigen3, version: 3.3.7)
[6.389s] -- Found Boost: /usr/include (found suitable version "1.71.0", minimum required is "1.55.0") found components: system filesystem date_time iostreams regex 
[6.393s] [33mCMake Warning (dev) at /usr/lib/aarch64-linux-gnu/cmake/pcl/Modules/FindFLANN.cmake:44 (find_package):
[6.393s]   Policy CMP0144 is not set: find_package uses upper-case <PACKAGENAME>_ROOT
[6.394s]   variables.  Run "cmake --help-policy CMP0144" for policy details.  Use the
[6.394s]   cmake_policy command to set the policy and suppress this warning.
[6.394s] 
[6.394s]   CMake variable FLANN_ROOT is set to:
[6.394s] 
[6.395s]     /usr
[6.395s] 
[6.395s]   For compatibility, find_package is ignoring the variable, but code in a
[6.395s]   .cmake module might still use it.
[6.395s] Call Stack (most recent call first):
[6.396s]   /usr/lib/aarch64-linux-gnu/cmake/pcl/PCLConfig.cmake:263 (find_package)
[6.396s]   /usr/lib/aarch64-linux-gnu/cmake/pcl/PCLConfig.cmake:318 (find_flann)
[6.396s]   /usr/lib/aarch64-linux-gnu/cmake/pcl/PCLConfig.cmake:551 (find_external_library)
[6.396s]   CMakeLists.txt:42 (find_package)
[6.396s] This warning is for project developers.  Use -Wno-dev to suppress it.
[6.397s] [0m
[6.468s] -- Checking for module 'flann'
[6.534s] --   Found flann, version 1.9.1
[6.690s] -- Found FLANN: /usr/lib/aarch64-linux-gnu/libflann_cpp.so  
[6.811s] -- The imported target "vtkParseOGLExt" references the file
[6.811s]    "/usr/bin/vtkParseOGLExt-7.1"
[6.811s] but this file does not exist.  Possible reasons include:
[6.812s] * The file was deleted, renamed, or moved to another location.
[6.812s] * An install or uninstall procedure did not complete successfully.
[6.812s] * The installation package was faulty and contained
[6.813s]    "/usr/lib/cmake/vtk-7.1/VTKTargets.cmake"
[6.813s] but not all the files it references.
[6.813s] 
[6.814s] -- The imported target "vtkRenderingPythonTkWidgets" references the file
[6.814s]    "/usr/lib/aarch64-linux-gnu/libvtkRenderingPythonTkWidgets.so"
[6.814s] but this file does not exist.  Possible reasons include:
[6.814s] * The file was deleted, renamed, or moved to another location.
[6.814s] * An install or uninstall procedure did not complete successfully.
[6.815s] * The installation package was faulty and contained
[6.815s]    "/usr/lib/cmake/vtk-7.1/VTKTargets.cmake"
[6.815s] but not all the files it references.
[6.816s] 
[6.816s] -- The imported target "vtk" references the file
[6.816s]    "/usr/bin/vtk"
[6.816s] but this file does not exist.  Possible reasons include:
[6.816s] * The file was deleted, renamed, or moved to another location.
[6.817s] * An install or uninstall procedure did not complete successfully.
[6.817s] * The installation package was faulty and contained
[6.817s]    "/usr/lib/cmake/vtk-7.1/VTKTargets.cmake"
[6.817s] but not all the files it references.
[6.817s] 
[6.817s] -- The imported target "pvtk" references the file
[6.818s]    "/usr/bin/pvtk"
[6.818s] but this file does not exist.  Possible reasons include:
[6.818s] * The file was deleted, renamed, or moved to another location.
[6.818s] * An install or uninstall procedure did not complete successfully.
[6.818s] * The installation package was faulty and contained
[6.819s]    "/usr/lib/cmake/vtk-7.1/VTKTargets.cmake"
[6.819s] but not all the files it references.
[6.819s] 
[6.876s] -- Checking for module 'libusb-1.0'
[6.945s] --   Found libusb-1.0, version 1.0.23
[7.099s] [33mCMake Warning (dev) at /usr/local/lib/python3.8/dist-packages/cmake/data/share/cmake-3.27/Modules/FindPackageHandleStandardArgs.cmake:438 (message):
[7.100s]   The package name passed to `find_package_handle_standard_args` (USB_10)
[7.100s]   does not match the name of the calling package (OpenNI).  This can lead to
[7.100s]   problems in calling code that expects `find_package` result variables
[7.100s]   (e.g., `_FOUND`) to follow a certain pattern.
[7.101s] Call Stack (most recent call first):
[7.101s]   /usr/lib/aarch64-linux-gnu/cmake/pcl/Modules/FindOpenNI.cmake:28 (find_package_handle_standard_args)
[7.101s]   /usr/lib/aarch64-linux-gnu/cmake/pcl/PCLConfig.cmake:179 (find_package)
[7.101s]   /usr/lib/aarch64-linux-gnu/cmake/pcl/PCLConfig.cmake:322 (find_openni)
[7.101s]   /usr/lib/aarch64-linux-gnu/cmake/pcl/PCLConfig.cmake:548 (find_external_library)
[7.102s]   CMakeLists.txt:42 (find_package)
[7.102s] This warning is for project developers.  Use -Wno-dev to suppress it.
[7.102s] [0m
[7.102s] -- Found USB_10: /usr/lib/aarch64-linux-gnu/libusb-1.0.so  
[7.337s] -- Found OpenNI: /usr/lib/libOpenNI.so  
[7.338s] -- OpenNI found (include: /usr/include/ni, lib: /usr/lib/libOpenNI.so)
[7.364s] [33mCMake Warning (dev) at /usr/local/lib/python3.8/dist-packages/cmake/data/share/cmake-3.27/Modules/FindPackageHandleStandardArgs.cmake:438 (message):
[7.365s]   The package name passed to `find_package_handle_standard_args` (USB_10)
[7.365s]   does not match the name of the calling package (OpenNI2).  This can lead to
[7.365s]   problems in calling code that expects `find_package` result variables
[7.365s]   (e.g., `_FOUND`) to follow a certain pattern.
[7.365s] Call Stack (most recent call first):
[7.366s]   /usr/lib/aarch64-linux-gnu/cmake/pcl/Modules/FindOpenNI2.cmake:28 (find_package_handle_standard_args)
[7.366s]   /usr/lib/aarch64-linux-gnu/cmake/pcl/PCLConfig.cmake:193 (find_package)
[7.366s]   /usr/lib/aarch64-linux-gnu/cmake/pcl/PCLConfig.cmake:324 (find_openni2)
[7.366s]   /usr/lib/aarch64-linux-gnu/cmake/pcl/PCLConfig.cmake:548 (find_external_library)
[7.366s]   CMakeLists.txt:42 (find_package)
[7.367s] This warning is for project developers.  Use -Wno-dev to suppress it.
[7.367s] [0m
[7.590s] -- Found OpenNI2: /usr/lib/libOpenNI2.so  
[7.590s] -- OpenNI2 found (include: /usr/include/openni2, lib: /usr/lib/libOpenNI2.so)
[7.590s] [0m** WARNING ** io features related to pcap will be disabled[0m
[7.591s] [0m** WARNING ** io features related to png will be disabled[0m
[7.642s] [33mCMake Warning (dev) at /usr/local/lib/python3.8/dist-packages/cmake/data/share/cmake-3.27/Modules/FindPackageHandleStandardArgs.cmake:438 (message):
[7.642s]   The package name passed to `find_package_handle_standard_args` (libusb-1.0)
[7.642s]   does not match the name of the calling package (PCL).  This can lead to
[7.642s]   problems in calling code that expects `find_package` result variables
[7.643s]   (e.g., `_FOUND`) to follow a certain pattern.
[7.643s] Call Stack (most recent call first):
[7.643s]   /usr/lib/aarch64-linux-gnu/cmake/pcl/PCLConfig.cmake:291 (find_package_handle_standard_args)
[7.643s]   /usr/lib/aarch64-linux-gnu/cmake/pcl/PCLConfig.cmake:338 (find_libusb)
[7.643s]   /usr/lib/aarch64-linux-gnu/cmake/pcl/PCLConfig.cmake:548 (find_external_library)
[7.644s]   CMakeLists.txt:42 (find_package)
[7.644s] This warning is for project developers.  Use -Wno-dev to suppress it.
[7.644s] [0m
[7.644s] -- Found libusb-1.0: /usr/include  
[7.644s] [0m** WARNING ** io features related to libusb-1.0 will be disabled[0m
[7.661s] [33mCMake Warning (dev) at /usr/local/lib/python3.8/dist-packages/cmake/data/share/cmake-3.27/Modules/FindPackageHandleStandardArgs.cmake:438 (message):
[7.661s]   The package name passed to `find_package_handle_standard_args` (USB_10)
[7.661s]   does not match the name of the calling package (OpenNI).  This can lead to
[7.661s]   problems in calling code that expects `find_package` result variables
[7.662s]   (e.g., `_FOUND`) to follow a certain pattern.
[7.662s] Call Stack (most recent call first):
[7.662s]   /usr/lib/aarch64-linux-gnu/cmake/pcl/Modules/FindOpenNI.cmake:28 (find_package_handle_standard_args)
[7.662s]   /usr/lib/aarch64-linux-gnu/cmake/pcl/PCLConfig.cmake:179 (find_package)
[7.662s]   /usr/lib/aarch64-linux-gnu/cmake/pcl/PCLConfig.cmake:322 (find_openni)
[7.663s]   /usr/lib/aarch64-linux-gnu/cmake/pcl/PCLConfig.cmake:548 (find_external_library)
[7.663s]   CMakeLists.txt:42 (find_package)
[7.663s] This warning is for project developers.  Use -Wno-dev to suppress it.
[7.663s] [0m
[7.665s] -- OpenNI found (include: /usr/include/ni, lib: /usr/lib/libOpenNI.so)
[7.684s] [33mCMake Warning (dev) at /usr/local/lib/python3.8/dist-packages/cmake/data/share/cmake-3.27/Modules/FindPackageHandleStandardArgs.cmake:438 (message):
[7.684s]   The package name passed to `find_package_handle_standard_args` (USB_10)
[7.685s]   does not match the name of the calling package (OpenNI2).  This can lead to
[7.685s]   problems in calling code that expects `find_package` result variables
[7.685s]   (e.g., `_FOUND`) to follow a certain pattern.
[7.685s] Call Stack (most recent call first):
[7.686s]   /usr/lib/aarch64-linux-gnu/cmake/pcl/Modules/FindOpenNI2.cmake:28 (find_package_handle_standard_args)
[7.686s]   /usr/lib/aarch64-linux-gnu/cmake/pcl/PCLConfig.cmake:193 (find_package)
[7.686s]   /usr/lib/aarch64-linux-gnu/cmake/pcl/PCLConfig.cmake:324 (find_openni2)
[7.686s]   /usr/lib/aarch64-linux-gnu/cmake/pcl/PCLConfig.cmake:548 (find_external_library)
[7.686s]   CMakeLists.txt:42 (find_package)
[7.686s] This warning is for project developers.  Use -Wno-dev to suppress it.
[7.687s] [0m
[7.689s] -- OpenNI2 found (include: /usr/include/openni2, lib: /usr/lib/libOpenNI2.so)
[7.730s] [33mCMake Warning (dev) at /usr/lib/aarch64-linux-gnu/cmake/pcl/PCLConfig.cmake:165 (find_package):
[7.730s]   Policy CMP0144 is not set: find_package uses upper-case <PACKAGENAME>_ROOT
[7.730s]   variables.  Run "cmake --help-policy CMP0144" for policy details.  Use the
[7.731s]   cmake_policy command to set the policy and suppress this warning.
[7.731s] 
[7.731s]   CMake variable QHULL_ROOT is set to:
[7.731s] 
[7.731s]     /usr
[7.732s] 
[7.732s]   For compatibility, find_package is ignoring the variable, but code in a
[7.732s]   .cmake module might still use it.
[7.732s] Call Stack (most recent call first):
[7.732s]   /usr/lib/aarch64-linux-gnu/cmake/pcl/PCLConfig.cmake:320 (find_qhull)
[7.732s]   /usr/lib/aarch64-linux-gnu/cmake/pcl/PCLConfig.cmake:548 (find_external_library)
[7.733s]   CMakeLists.txt:42 (find_package)
[7.733s] This warning is for project developers.  Use -Wno-dev to suppress it.
[7.733s] [0m
[7.780s] -- Found Qhull: optimized;/usr/lib/aarch64-linux-gnu/libqhull.so;debug;/usr/lib/aarch64-linux-gnu/libqhull.so  
[7.780s] -- QHULL found (include: /usr/include, lib: optimized;/usr/lib/aarch64-linux-gnu/libqhull.so;debug;/usr/lib/aarch64-linux-gnu/libqhull.so)
[7.799s] [33mCMake Warning (dev) at /usr/local/lib/python3.8/dist-packages/cmake/data/share/cmake-3.27/Modules/FindPackageHandleStandardArgs.cmake:438 (message):
[7.800s]   The package name passed to `find_package_handle_standard_args` (USB_10)
[7.800s]   does not match the name of the calling package (OpenNI).  This can lead to
[7.800s]   problems in calling code that expects `find_package` result variables
[7.800s]   (e.g., `_FOUND`) to follow a certain pattern.
[7.801s] Call Stack (most recent call first):
[7.801s]   /usr/lib/aarch64-linux-gnu/cmake/pcl/Modules/FindOpenNI.cmake:28 (find_package_handle_standard_args)
[7.801s]   /usr/lib/aarch64-linux-gnu/cmake/pcl/PCLConfig.cmake:179 (find_package)
[7.801s]   /usr/lib/aarch64-linux-gnu/cmake/pcl/PCLConfig.cmake:322 (find_openni)
[7.801s]   /usr/lib/aarch64-linux-gnu/cmake/pcl/PCLConfig.cmake:548 (find_external_library)
[7.802s]   CMakeLists.txt:42 (find_package)
[7.802s] This warning is for project developers.  Use -Wno-dev to suppress it.
[7.802s] [0m
[7.803s] -- OpenNI found (include: /usr/include/ni, lib: /usr/lib/libOpenNI.so)
[7.844s] -- looking for PCL_COMMON
[7.847s] [33mCMake Warning (dev) at /usr/local/lib/python3.8/dist-packages/cmake/data/share/cmake-3.27/Modules/FindPackageHandleStandardArgs.cmake:438 (message):
[7.847s]   The package name passed to `find_package_handle_standard_args` (PCL_COMMON)
[7.848s]   does not match the name of the calling package (PCL).  This can lead to
[7.848s]   problems in calling code that expects `find_package` result variables
[7.848s]   (e.g., `_FOUND`) to follow a certain pattern.
[7.848s] Call Stack (most recent call first):
[7.848s]   /usr/lib/aarch64-linux-gnu/cmake/pcl/PCLConfig.cmake:616 (find_package_handle_standard_args)
[7.849s]   CMakeLists.txt:42 (find_package)
[7.849s] This warning is for project developers.  Use -Wno-dev to suppress it.
[7.849s] -- Found PCL_COMMON: /usr/lib/aarch64-linux-gnu/libpcl_common.so  
[7.850s] -- looking for PCL_KDTREE
[7.850s] [0m
[7.851s] [33mCMake Warning (dev) at /usr/local/lib/python3.8/dist-packages/cmake/data/share/cmake-3.27/Modules/FindPackageHandleStandardArgs.cmake:438 (message):
[7.851s]   The package name passed to `find_package_handle_standard_args` (PCL_KDTREE)
[7.851s]   does not match the name of the calling package (PCL).  This can lead to
[7.851s]   problems in calling code that expects `find_package` result variables
[7.852s]   (e.g., `_FOUND`) to follow a certain pattern.
[7.852s] Call Stack (most recent call first):
[7.852s]   /usr/lib/aarch64-linux-gnu/cmake/pcl/PCLConfig.cmake:616 (find_package_handle_standard_args)
[7.852s]   CMakeLists.txt:42 (find_package)
[7.852s] This warning is for project developers.  Use -Wno-dev to suppress it.
[7.852s] [0m
[7.861s] -- Found PCL_KDTREE: /usr/lib/aarch64-linux-gnu/libpcl_kdtree.so  
[7.861s] -- looking for PCL_OCTREE
[7.861s] [33mCMake Warning (dev) at /usr/local/lib/python3.8/dist-packages/cmake/data/share/cmake-3.27/Modules/FindPackageHandleStandardArgs.cmake:438 (message):
[7.862s]   The package name passed to `find_package_handle_standard_args` (PCL_OCTREE)
[7.862s]   does not match the name of the calling package (PCL).  This can lead to
[7.863s]   problems in calling code that expects `find_package` result variables
[7.863s]   (e.g., `_FOUND`) to follow a certain pattern.
[7.863s] Call Stack (most recent call first):
[7.864s]   /usr/lib/aarch64-linux-gnu/cmake/pcl/PCLConfig.cmake:616 (find_package_handle_standard_args)
[7.864s]   CMakeLists.txt:42 (find_package)
[7.864s] This warning is for project developers.  Use -Wno-dev to suppress it.
[7.864s] [0m
[7.865s] [33mCMake Warning (dev) at /usr/local/lib/python3.8/dist-packages/cmake/data/share/cmake-3.27/Modules/FindPackageHandleStandardArgs.cmake:438 (message):
[7.865s]   The package name passed to `find_package_handle_standard_args` (PCL_SEARCH)
[7.865s]   does not match the name of the calling package (PCL).  This can lead to
[7.865s]   problems in calling code that expects `find_package` result variables
[7.866s]   (e.g., `_FOUND`) to follow a certain pattern.
[7.866s] Call Stack (most recent call first):
[7.866s]   /usr/lib/aarch64-linux-gnu/cmake/pcl/PCLConfig.cmake:616 (find_package_handle_standard_args)
[7.866s]   CMakeLists.txt:42 (find_package)
[7.867s] This warning is for project developers.  Use -Wno-dev to suppress it.
[7.867s] [0m
[7.867s] [33mCMake Warning (dev) at /usr/local/lib/python3.8/dist-packages/cmake/data/share/cmake-3.27/Modules/FindPackageHandleStandardArgs.cmake:438 (message):
[7.867s]   The package name passed to `find_package_handle_standard_args`
[7.868s]   (PCL_SAMPLE_CONSENSUS) does not match the name of the calling package
[7.868s]   (PCL).  This can lead to problems in calling code that expects
[7.868s]   `find_package` result variables (e.g., `_FOUND`) to follow a certain
[7.868s]   pattern.
[7.869s] Call Stack (most recent call first):
[7.869s]   /usr/lib/aarch64-linux-gnu/cmake/pcl/PCLConfig.cmake:616 (find_package_handle_standard_args)
[7.869s]   CMakeLists.txt:42 (find_package)
[7.869s] This warning is for project developers.  Use -Wno-dev to suppress it.
[7.869s] [0m
[7.870s] -- Found PCL_OCTREE: /usr/lib/aarch64-linux-gnu/libpcl_octree.so  
[7.870s] -- looking for PCL_SEARCH
[7.870s] -- Found PCL_SEARCH: /usr/lib/aarch64-linux-gnu/libpcl_search.so  
[7.870s] -- looking for PCL_SAMPLE_CONSENSUS
[7.871s] -- Found PCL_SAMPLE_CONSENSUS: /usr/lib/aarch64-linux-gnu/libpcl_sample_consensus.so  
[7.871s] -- looking for PCL_FILTERS
[7.871s] [33mCMake Warning (dev) at /usr/local/lib/python3.8/dist-packages/cmake/data/share/cmake-3.27/Modules/FindPackageHandleStandardArgs.cmake:438 (message):
[7.871s]   The package name passed to `find_package_handle_standard_args`
[7.871s]   (PCL_FILTERS) does not match the name of the calling package (PCL).  This
[7.872s]   can lead to problems in calling code that expects `find_package` result
[7.872s]   variables (e.g., `_FOUND`) to follow a certain pattern.
[7.872s] Call Stack (most recent call first):
[7.872s]   /usr/lib/aarch64-linux-gnu/cmake/pcl/PCLConfig.cmake:616 (find_package_handle_standard_args)
[7.873s]   CMakeLists.txt:42 (find_package)
[7.873s] This warning is for project developers.  Use -Wno-dev to suppress it.
[7.873s] [0m
[7.873s] -- Found PCL_FILTERS: /usr/lib/aarch64-linux-gnu/libpcl_filters.so  
[7.873s] -- looking for PCL_2D
[7.875s] [33mCMake Warning (dev) at /usr/local/lib/python3.8/dist-packages/cmake/data/share/cmake-3.27/Modules/FindPackageHandleStandardArgs.cmake:438 (message):
[7.875s]   The package name passed to `find_package_handle_standard_args` (PCL_2D)
[7.875s]   does not match the name of the calling package (PCL).  This can lead to
[7.876s]   problems in calling code that expects `find_package` result variables
[7.876s]   (e.g., `_FOUND`) to follow a certain pattern.
[7.876s] Call Stack (most recent call first):
[7.876s]   /usr/lib/aarch64-linux-gnu/cmake/pcl/PCLConfig.cmake:619 (find_package_handle_standard_args)
[7.877s]   CMakeLists.txt:42 (find_package)
[7.877s] This warning is for project developers.  Use -Wno-dev to suppress it.
[7.877s] [0m
[7.877s] -- Found PCL_2D: /usr/include/pcl-1.10  
[7.877s] -- looking for PCL_GEOMETRY
[7.878s] [33mCMake Warning (dev) at /usr/local/lib/python3.8/dist-packages/cmake/data/share/cmake-3.27/Modules/FindPackageHandleStandardArgs.cmake:438 (message):
[7.878s]   The package name passed to `find_package_handle_standard_args`
[7.878s]   (PCL_GEOMETRY) does not match the name of the calling package (PCL).  This
[7.878s]   can lead to problems in calling code that expects `find_package` result
[7.878s]   variables (e.g., `_FOUND`) to follow a certain pattern.
[7.879s] Call Stack (most recent call first):
[7.879s]   /usr/lib/aarch64-linux-gnu/cmake/pcl/PCLConfig.cmake:619 (find_package_handle_standard_args)
[7.880s]   CMakeLists.txt:42 (find_package)
[7.880s] This warning is for project developers.  Use -Wno-dev to suppress it.
[7.880s] [0m
[7.880s] -- Found PCL_GEOMETRY: /usr/include/pcl-1.10  
[7.881s] -- looking for PCL_IO
[7.881s] [33mCMake Warning (dev) at /usr/local/lib/python3.8/dist-packages/cmake/data/share/cmake-3.27/Modules/FindPackageHandleStandardArgs.cmake:438 (message):
[7.881s]   The package name passed to `find_package_handle_standard_args` (PCL_IO)
[7.881s]   does not match the name of the calling package (PCL).  This can lead to
[7.881s]   problems in calling code that expects `find_package` result variables
[7.882s]   (e.g., `_FOUND`) to follow a certain pattern.
[7.882s] Call Stack (most recent call first):
[7.882s]   /usr/lib/aarch64-linux-gnu/cmake/pcl/PCLConfig.cmake:616 (find_package_handle_standard_args)
[7.882s]   CMakeLists.txt:42 (find_package)
[7.883s] This warning is for project developers.  Use -Wno-dev to suppress it.
[7.883s] [0m
[7.883s] -- Found PCL_IO: /usr/lib/aarch64-linux-gnu/libpcl_io.so  
[7.883s] -- looking for PCL_FEATURES
[7.884s] [33mCMake Warning (dev) at /usr/local/lib/python3.8/dist-packages/cmake/data/share/cmake-3.27/Modules/FindPackageHandleStandardArgs.cmake:438 (message):
[7.884s]   The package name passed to `find_package_handle_standard_args`
[7.884s]   (PCL_FEATURES) does not match the name of the calling package (PCL).  This
[7.884s]   can lead to problems in calling code that expects `find_package` result
[7.884s]   variables (e.g., `_FOUND`) to follow a certain pattern.
[7.885s] Call Stack (most recent call first):
[7.885s]   /usr/lib/aarch64-linux-gnu/cmake/pcl/PCLConfig.cmake:616 (find_package_handle_standard_args)
[7.885s]   CMakeLists.txt:42 (find_package)
[7.885s] This warning is for project developers.  Use -Wno-dev to suppress it.
[7.885s] [0m
[7.885s] -- Found PCL_FEATURES: /usr/lib/aarch64-linux-gnu/libpcl_features.so  
[7.886s] -- looking for PCL_ML
[7.886s] [33mCMake Warning (dev) at /usr/local/lib/python3.8/dist-packages/cmake/data/share/cmake-3.27/Modules/FindPackageHandleStandardArgs.cmake:438 (message):
[7.886s]   The package name passed to `find_package_handle_standard_args` (PCL_ML)
[7.887s]   does not match the name of the calling package (PCL).  This can lead to
[7.887s]   problems in calling code that expects `find_package` result variables
[7.887s]   (e.g., `_FOUND`) to follow a certain pattern.
[7.887s] Call Stack (most recent call first):
[7.887s]   /usr/lib/aarch64-linux-gnu/cmake/pcl/PCLConfig.cmake:616 (find_package_handle_standard_args)
[7.888s]   CMakeLists.txt:42 (find_package)
[7.888s] This warning is for project developers.  Use -Wno-dev to suppress it.
[7.888s] [0m
[7.888s] -- Found PCL_ML: /usr/lib/aarch64-linux-gnu/libpcl_ml.so  
[7.888s] -- looking for PCL_SEGMENTATION
[7.889s] [33mCMake Warning (dev) at /usr/local/lib/python3.8/dist-packages/cmake/data/share/cmake-3.27/Modules/FindPackageHandleStandardArgs.cmake:438 (message):
[7.889s]   The package name passed to `find_package_handle_standard_args`
[7.889s]   (PCL_SEGMENTATION) does not match the name of the calling package (PCL).
[7.889s]   This can lead to problems in calling code that expects `find_package`
[7.890s]   result variables (e.g., `_FOUND`) to follow a certain pattern.
[7.890s] Call Stack (most recent call first):
[7.890s]   /usr/lib/aarch64-linux-gnu/cmake/pcl/PCLConfig.cmake:616 (find_package_handle_standard_args)
[7.890s]   CMakeLists.txt:42 (find_package)
[7.890s] This warning is for project developers.  Use -Wno-dev to suppress it.
[7.891s] [0m
[7.891s] -- Found PCL_SEGMENTATION: /usr/lib/aarch64-linux-gnu/libpcl_segmentation.so  
[7.891s] -- looking for PCL_VISUALIZATION
[7.891s] [33mCMake Warning (dev) at /usr/local/lib/python3.8/dist-packages/cmake/data/share/cmake-3.27/Modules/FindPackageHandleStandardArgs.cmake:438 (message):
[7.892s]   The package name passed to `find_package_handle_standard_args`
[7.892s]   (PCL_VISUALIZATION) does not match the name of the calling package (PCL).
[7.892s]   This can lead to problems in calling code that expects `find_package`
[7.892s]   result variables (e.g., `_FOUND`) to follow a certain pattern.
[7.892s] Call Stack (most recent call first):
[7.893s]   /usr/lib/aarch64-linux-gnu/cmake/pcl/PCLConfig.cmake:616 (find_package_handle_standard_args)
[7.893s]   CMakeLists.txt:42 (find_package)
[7.893s] This warning is for project developers.  Use -Wno-dev to suppress it.
[7.893s] [0m
[7.894s] -- Found PCL_VISUALIZATION: /usr/lib/aarch64-linux-gnu/libpcl_visualization.so  
[7.894s] -- looking for PCL_SURFACE
[7.894s] [33mCMake Warning (dev) at /usr/local/lib/python3.8/dist-packages/cmake/data/share/cmake-3.27/Modules/FindPackageHandleStandardArgs.cmake:438 (message):
[7.894s]   The package name passed to `find_package_handle_standard_args`
[7.894s]   (PCL_SURFACE) does not match the name of the calling package (PCL).  This
[7.895s]   can lead to problems in calling code that expects `find_package` result
[7.895s]   variables (e.g., `_FOUND`) to follow a certain pattern.
[7.895s] Call Stack (most recent call first):
[7.895s]   /usr/lib/aarch64-linux-gnu/cmake/pcl/PCLConfig.cmake:616 (find_package_handle_standard_args)
[7.895s]   CMakeLists.txt:42 (find_package)
[7.896s] This warning is for project developers.  Use -Wno-dev to suppress it.
[7.896s] [0m
[7.896s] -- Found PCL_SURFACE: /usr/lib/aarch64-linux-gnu/libpcl_surface.so  
[7.896s] -- looking for PCL_REGISTRATION
[7.896s] [33mCMake Warning (dev) at /usr/local/lib/python3.8/dist-packages/cmake/data/share/cmake-3.27/Modules/FindPackageHandleStandardArgs.cmake:438 (message):
[7.897s]   The package name passed to `find_package_handle_standard_args`
[7.897s]   (PCL_REGISTRATION) does not match the name of the calling package (PCL).
[7.897s]   This can lead to problems in calling code that expects `find_package`
[7.897s]   result variables (e.g., `_FOUND`) to follow a certain pattern.
[7.899s] Call Stack (most recent call first):
[7.899s]   /usr/lib/aarch64-linux-gnu/cmake/pcl/PCLConfig.cmake:616 (find_package_handle_standard_args)
[7.899s]   CMakeLists.txt:42 (find_package)
[7.899s] This warning is for project developers.  Use -Wno-dev to suppress it.
[7.900s] [0m
[7.900s] -- Found PCL_REGISTRATION: /usr/lib/aarch64-linux-gnu/libpcl_registration.so  
[7.900s] -- looking for PCL_KEYPOINTS
[7.900s] [33mCMake Warning (dev) at /usr/local/lib/python3.8/dist-packages/cmake/data/share/cmake-3.27/Modules/FindPackageHandleStandardArgs.cmake:438 (message):
[7.901s]   The package name passed to `find_package_handle_standard_args`
[7.901s]   (PCL_KEYPOINTS) does not match the name of the calling package (PCL).  This
[7.901s]   can lead to problems in calling code that expects `find_package` result
[7.901s]   variables (e.g., `_FOUND`) to follow a certain pattern.
[7.901s] Call Stack (most recent call first):
[7.902s]   /usr/lib/aarch64-linux-gnu/cmake/pcl/PCLConfig.cmake:616 (find_package_handle_standard_args)
[7.902s]   CMakeLists.txt:42 (find_package)
[7.902s] This warning is for project developers.  Use -Wno-dev to suppress it.
[7.902s] [0m
[7.902s] -- Found PCL_KEYPOINTS: /usr/lib/aarch64-linux-gnu/libpcl_keypoints.so  
[7.903s] -- looking for PCL_TRACKING
[7.903s] [33mCMake Warning (dev) at /usr/local/lib/python3.8/dist-packages/cmake/data/share/cmake-3.27/Modules/FindPackageHandleStandardArgs.cmake:438 (message):
[7.903s]   The package name passed to `find_package_handle_standard_args`
[7.903s]   (PCL_TRACKING) does not match the name of the calling package (PCL).  This
[7.903s]   can lead to problems in calling code that expects `find_package` result
[7.904s]   variables (e.g., `_FOUND`) to follow a certain pattern.
[7.904s] Call Stack (most recent call first):
[7.904s]   /usr/lib/aarch64-linux-gnu/cmake/pcl/PCLConfig.cmake:616 (find_package_handle_standard_args)
[7.904s]   CMakeLists.txt:42 (find_package)
[7.905s] This warning is for project developers.  Use -Wno-dev to suppress it.
[7.905s] [0m
[7.905s] -- Found PCL_TRACKING: /usr/lib/aarch64-linux-gnu/libpcl_tracking.so  
[7.905s] -- looking for PCL_RECOGNITION
[7.906s] [33mCMake Warning (dev) at /usr/local/lib/python3.8/dist-packages/cmake/data/share/cmake-3.27/Modules/FindPackageHandleStandardArgs.cmake:438 (message):
[7.906s]   The package name passed to `find_package_handle_standard_args`
[7.906s]   (PCL_RECOGNITION) does not match the name of the calling package (PCL).
[7.906s]   This can lead to problems in calling code that expects `find_package`
[7.906s]   result variables (e.g., `_FOUND`) to follow a certain pattern.
[7.907s] Call Stack (most recent call first):
[7.907s]   /usr/lib/aarch64-linux-gnu/cmake/pcl/PCLConfig.cmake:616 (find_package_handle_standard_args)
[7.907s]   CMakeLists.txt:42 (find_package)
[7.907s] This warning is for project developers.  Use -Wno-dev to suppress it.
[7.908s] [0m
[7.908s] -- Found PCL_RECOGNITION: /usr/lib/aarch64-linux-gnu/libpcl_recognition.so  
[7.908s] -- looking for PCL_STEREO
[7.908s] [33mCMake Warning (dev) at /usr/local/lib/python3.8/dist-packages/cmake/data/share/cmake-3.27/Modules/FindPackageHandleStandardArgs.cmake:438 (message):
[7.909s]   The package name passed to `find_package_handle_standard_args` (PCL_STEREO)
[7.909s]   does not match the name of the calling package (PCL).  This can lead to
[7.909s]   problems in calling code that expects `find_package` result variables
[7.909s]   (e.g., `_FOUND`) to follow a certain pattern.
[7.909s] Call Stack (most recent call first):
[7.909s]   /usr/lib/aarch64-linux-gnu/cmake/pcl/PCLConfig.cmake:616 (find_package_handle_standard_args)
[7.910s]   CMakeLists.txt:42 (find_package)
[7.910s] This warning is for project developers.  Use -Wno-dev to suppress it.
[7.910s] [0m
[7.910s] -- Found PCL_STEREO: /usr/lib/aarch64-linux-gnu/libpcl_stereo.so  
[7.910s] -- looking for PCL_APPS
[7.911s] [33mCMake Warning (dev) at /usr/local/lib/python3.8/dist-packages/cmake/data/share/cmake-3.27/Modules/FindPackageHandleStandardArgs.cmake:438 (message):
[7.911s]   The package name passed to `find_package_handle_standard_args` (PCL_APPS)
[7.911s]   does not match the name of the calling package (PCL).  This can lead to
[7.911s]   problems in calling code that expects `find_package` result variables
[7.912s]   (e.g., `_FOUND`) to follow a certain pattern.
[7.912s] Call Stack (most recent call first):
[7.912s]   /usr/lib/aarch64-linux-gnu/cmake/pcl/PCLConfig.cmake:616 (find_package_handle_standard_args)
[7.912s]   CMakeLists.txt:42 (find_package)
[7.912s] This warning is for project developers.  Use -Wno-dev to suppress it.
[7.912s] [0m
[7.913s] -- Found PCL_APPS: /usr/lib/aarch64-linux-gnu/libpcl_apps.so  
[7.915s] -- looking for PCL_IN_HAND_SCANNER
[7.916s] -- Found PCL_IN_HAND_SCANNER: /usr/include/pcl-1.10  
[7.916s] -- looking for PCL_POINT_CLOUD_EDITOR
[7.916s] [33mCMake Warning (dev) at /usr/local/lib/python3.8/dist-packages/cmake/data/share/cmake-3.27/Modules/FindPackageHandleStandardArgs.cmake:438 (message):
[7.922s]   The package name passed to `find_package_handle_standard_args`
[7.923s]   (PCL_IN_HAND_SCANNER) does not match the name of the calling package (PCL).
[7.923s]   This can lead to problems in calling code that expects `find_package`
[7.924s]   result variables (e.g., `_FOUND`) to follow a certain pattern.
[7.924s] Call Stack (most recent call first):
[7.924s]   /usr/lib/aarch64-linux-gnu/cmake/pcl/PCLConfig.cmake:619 (find_package_handle_standard_args)
[7.924s]   CMakeLists.txt:42 (find_package)
[7.924s] This warning is for project developers.  Use -Wno-dev to suppress it.
[7.925s] [0m
[7.925s] [33mCMake Warning (dev) at /usr/local/lib/python3.8/dist-packages/cmake/data/share/cmake-3.27/Modules/FindPackageHandleStandardArgs.cmake:438 (message):
[7.925s]   The package name passed to `find_package_handle_standard_args`
[7.925s]   (PCL_POINT_CLOUD_EDITOR) does not match the name of the calling package
[7.925s]   (PCL).  This can lead to problems in calling code that expects
[7.926s]   `find_package` result variables (e.g., `_FOUND`) to follow a certain
[7.926s]   pattern.
[7.927s] Call Stack (most recent call first):
[7.927s]   /usr/lib/aarch64-linux-gnu/cmake/pcl/PCLConfig.cmake:619 (find_package_handle_standard_args)
[7.927s]   CMakeLists.txt:42 (find_package)
[7.927s] This warning is for project developers.  Use -Wno-dev to suppress it.
[7.927s] [0m
[7.928s] -- Found PCL_POINT_CLOUD_EDITOR: /usr/include/pcl-1.10  
[7.928s] -- looking for PCL_OUTOFCORE
[7.928s] [33mCMake Warning (dev) at /usr/local/lib/python3.8/dist-packages/cmake/data/share/cmake-3.27/Modules/FindPackageHandleStandardArgs.cmake:438 (message):
[7.928s]   The package name passed to `find_package_handle_standard_args`
[7.928s]   (PCL_OUTOFCORE) does not match the name of the calling package (PCL).  This
[7.929s]   can lead to problems in calling code that expects `find_package` result
[7.929s]   variables (e.g., `_FOUND`) to follow a certain pattern.
[7.929s] Call Stack (most recent call first):
[7.929s]   /usr/lib/aarch64-linux-gnu/cmake/pcl/PCLConfig.cmake:616 (find_package_handle_standard_args)
[7.929s]   CMakeLists.txt:42 (find_package)
[7.929s] This warning is for project developers.  Use -Wno-dev to suppress it.
[7.930s] [0m
[7.930s] -- Found PCL_OUTOFCORE: /usr/lib/aarch64-linux-gnu/libpcl_outofcore.so  
[7.931s] -- looking for PCL_PEOPLE
[7.931s] -- Found PCL_PEOPLE: /usr/lib/aarch64-linux-gnu/libpcl_people.so  
[7.931s] [33mCMake Warning (dev) at /usr/local/lib/python3.8/dist-packages/cmake/data/share/cmake-3.27/Modules/FindPackageHandleStandardArgs.cmake:438 (message):
[7.931s]   The package name passed to `find_package_handle_standard_args` (PCL_PEOPLE)
[7.932s]   does not match the name of the calling package (PCL).  This can lead to
[7.932s]   problems in calling code that expects `find_package` result variables
[7.932s]   (e.g., `_FOUND`) to follow a certain pattern.
[7.932s] Call Stack (most recent call first):
[7.932s]   /usr/lib/aarch64-linux-gnu/cmake/pcl/PCLConfig.cmake:616 (find_package_handle_standard_args)
[7.933s]   CMakeLists.txt:42 (find_package)
[7.933s] This warning is for project developers.  Use -Wno-dev to suppress it.
[7.933s] [0m
[7.933s] -- Found PCL: pcl_common;pcl_kdtree;pcl_octree;pcl_search;pcl_sample_consensus;pcl_filters;pcl_io;pcl_features;pcl_ml;pcl_segmentation;pcl_visualization;pcl_surface;pcl_registration;pcl_keypoints;pcl_tracking;pcl_recognition;pcl_stereo;pcl_apps;pcl_outofcore;pcl_people;/usr/lib/aarch64-linux-gnu/libboost_system.so.1.71.0;/usr/lib/aarch64-linux-gnu/libboost_filesystem.so.1.71.0;/usr/lib/aarch64-linux-gnu/libboost_date_time.so;/usr/lib/aarch64-linux-gnu/libboost_iostreams.so;/usr/lib/aarch64-linux-gnu/libboost_regex.so;optimized;/usr/lib/aarch64-linux-gnu/libqhull.so;debug;/usr/lib/aarch64-linux-gnu/libqhull.so;/usr/lib/libOpenNI.so;/usr/lib/libOpenNI2.so;vtkChartsCore;vtkCommonColor;vtkCommonCore;vtksys;vtkCommonDataModel;vtkCommonMath;vtkCommonMisc;vtkCommonSystem;vtkCommonTransforms;vtkCommonExecutionModel;vtkFiltersGeneral;vtkCommonComputationalGeometry;vtkFiltersCore;vtkInfovisCore;vtkFiltersExtraction;vtkFiltersStatistics;vtkImagingFourier;vtkImagingCore;vtkalglib;vtkRenderingContext2D;vtkRenderingCore;vtkFiltersGeometry;vtkFiltersSources;vtkRenderingFreeType;/usr/lib/aarch64-linux-gnu/libfreetype.so;/usr/lib/aarch64-linux-gnu/libz.so;vtkFiltersModeling;vtkImagingSources;vtkInteractionStyle;vtkInteractionWidgets;vtkFiltersHybrid;vtkImagingColor;vtkImagingGeneral;vtkImagingHybrid;vtkIOImage;vtkDICOMParser;vtkmetaio;/usr/lib/aarch64-linux-gnu/libjpeg.so;/usr/lib/aarch64-linux-gnu/libpng.so;/usr/lib/aarch64-linux-gnu/libtiff.so;vtkRenderingAnnotation;vtkRenderingVolume;vtkIOXML;vtkIOCore;vtkIOXMLParser;/usr/lib/aarch64-linux-gnu/libexpat.so;vtkIOGeometry;vtkIOLegacy;vtkIOPLY;vtkRenderingLOD;vtkViewsContext2D;vtkViewsCore;vtkRenderingContextOpenGL2;vtkRenderingOpenGL2;FLANN::FLANN (Required is at least version "1.7.2") 
[8.523s] -- Found ament_lint_auto: 0.10.7 (/opt/ros/galactic/install/share/ament_lint_auto/cmake)
[8.804s] -- Added test 'copyright' to check source files copyright and LICENSE
[8.815s] -- Added test 'cppcheck' to perform static code analysis on C / C++ code
[8.819s] -- Configured cppcheck include dirs: /ws/src/mmwave_ti_ros/ti_mmwave_ros2_pkg/include
[8.819s] -- Configured cppcheck exclude dirs and/or files: 
[8.827s] -- Added test 'cpplint' to check C / C++ code against the Google style
[8.827s] -- Configured cpplint exclude dirs and/or files: 
[8.829s] -- Added test 'flake8' to check Python code syntax and style conventions
[8.833s] -- Added test 'lint_cmake' to check CMake code style
[8.835s] -- Added test 'pep257' to check Python code against some of the style conventions in PEP 257
[8.844s] -- Added test 'uncrustify' to check C / C++ code style
[8.844s] -- Configured uncrustify additional arguments: 
[8.846s] -- Added test 'xmllint' to check XML markup files
[8.853s] -- Configuring done (8.6s)
[9.039s] -- Generating done (0.1s)
[9.047s] -- Build files have been written to: /ws/build/ti_mmwave_ros2_pkg
[9.107s] Invoked command in '/ws/build/ti_mmwave_ros2_pkg' returned '0': AMENT_PREFIX_PATH=/ws/install/ti_mmwave_ros2_interfaces:${AMENT_PREFIX_PATH} CMAKE_PREFIX_PATH=/ws/install/ti_mmwave_ros2_interfaces:${CMAKE_PREFIX_PATH} LD_LIBRARY_PATH=/ws/install/ti_mmwave_ros2_interfaces/lib:/ws/src/install/ti_mmwave_ros2_pkg/lib:/ws/src/install/ti_mmwave_ros2_interfaces/lib:/ws/src/install/ti_mmwave_ros2_examples/lib:/ws/src/install/serial/lib:/opt/ros/galactic/install/opt/yaml_cpp_vendor/lib:/opt/ros/galactic/install/opt/rviz_ogre_vendor/lib:/opt/ros/galactic/install/lib:/usr/local/cuda/lib64 PYTHONPATH=/ws/install/ti_mmwave_ros2_interfaces/lib/python3.8/site-packages:${PYTHONPATH} /usr/local/bin/cmake /ws/src/mmwave_ti_ros/ti_mmwave_ros2_pkg -DAMENT_CMAKE_SYMLINK_INSTALL=1 -DCMAKE_INSTALL_PREFIX=/ws/install/ti_mmwave_ros2_pkg
[9.109s] Invoking command in '/ws/build/ti_mmwave_ros2_pkg': AMENT_PREFIX_PATH=/ws/install/ti_mmwave_ros2_interfaces:${AMENT_PREFIX_PATH} CMAKE_PREFIX_PATH=/ws/install/ti_mmwave_ros2_interfaces:${CMAKE_PREFIX_PATH} LD_LIBRARY_PATH=/ws/install/ti_mmwave_ros2_interfaces/lib:/ws/src/install/ti_mmwave_ros2_pkg/lib:/ws/src/install/ti_mmwave_ros2_interfaces/lib:/ws/src/install/ti_mmwave_ros2_examples/lib:/ws/src/install/serial/lib:/opt/ros/galactic/install/opt/yaml_cpp_vendor/lib:/opt/ros/galactic/install/opt/rviz_ogre_vendor/lib:/opt/ros/galactic/install/lib:/usr/local/cuda/lib64 PYTHONPATH=/ws/install/ti_mmwave_ros2_interfaces/lib/python3.8/site-packages:${PYTHONPATH} /usr/local/bin/cmake --build /ws/build/ti_mmwave_ros2_pkg -- -j4 -l4
[9.286s] [  8%] [32mBuilding CXX object CMakeFiles/mmwave_comm_srv_node.dir/src/mmWaveCommSrvNode.cpp.o[0m
[9.289s] [ 16%] [32mBuilding CXX object CMakeFiles/mmwave.dir/src/mmWaveDataHdl.cpp.o[0m
[9.292s] [ 25%] [32mBuilding CXX object CMakeFiles/mmwave.dir/src/DataHandlerClass.cpp.o[0m
[9.299s] [ 33%] [32mBuilding CXX object CMakeFiles/mmwave.dir/src/mmWaveCommSrv.cpp.o[0m
[23.149s] [ 41%] [32m[1mLinking CXX executable mmwave_comm_srv_node[0m
[23.845s] [ 41%] Built target mmwave_comm_srv_node
[42.729s] [ 58%] [32mBuilding CXX object CMakeFiles/mmwave.dir/src/ParameterParser.cpp.o[0m
[42.730s] [ 58%] [32mBuilding CXX object CMakeFiles/mmwave.dir/src/mmWaveQuickConfig.cpp.o[0m
[49.490s] [01m[K/ws/src/mmwave_ti_ros/ti_mmwave_ros2_pkg/src/ParameterParser.cpp:[m[K In member function ‘[01m[Kvoid ti_mmwave_ros2_pkg::ParameterParser::callbackGlobalParam(std::shared_future<std::vector<rcl_interfaces::msg::SetParametersResult_<std::allocator<void> > > >)[m[K’:
[49.491s] [01m[K/ws/src/mmwave_ti_ros/ti_mmwave_ros2_pkg/src/ParameterParser.cpp:188:9:[m[K [01;35m[Kwarning: [m[Kunused parameter ‘[01m[Kfuture[m[K’ [[01;35m[K-Wunused-parameter[m[K]
[49.491s]   187 |     [01;35m[Kstd::shared_future<std::vector<rcl_interfaces::msg::SetParametersResult>>[m[K
[49.491s]       |     [01;35m[K~~~~~~~~~~~~~~~~~~~~~~~~~~~~~~~~~~~~~~~~~~~~~~~~~~~~~~~~~~~~~~~~~~~~~~~~~[m[K
[49.491s]   188 | [01;35m[K        future[m[K) {
[49.492s]       |         [01;35m[K^~~~~~[m[K
[49.602s] In file included from [01m[K/opt/ros/galactic/install/include/rclcpp/client.hpp:40[m[K,
[49.602s]                  from [01m[K/opt/ros/galactic/install/include/rclcpp/callback_group.hpp:23[m[K,
[49.602s]                  from [01m[K/opt/ros/galactic/install/include/rclcpp/any_executable.hpp:20[m[K,
[49.603s]                  from [01m[K/opt/ros/galactic/install/include/rclcpp/memory_strategy.hpp:25[m[K,
[49.603s]                  from [01m[K/opt/ros/galactic/install/include/rclcpp/memory_strategies.hpp:18[m[K,
[49.603s]                  from [01m[K/opt/ros/galactic/install/include/rclcpp/executor_options.hpp:20[m[K,
[49.603s]                  from [01m[K/opt/ros/galactic/install/include/rclcpp/executor.hpp:36[m[K,
[49.604s]                  from [01m[K/opt/ros/galactic/install/include/rclcpp/executors/multi_threaded_executor.hpp:26[m[K,
[49.604s]                  from [01m[K/opt/ros/galactic/install/include/rclcpp/executors.hpp:21[m[K,
[49.604s]                  from [01m[K/opt/ros/galactic/install/include/rclcpp/rclcpp.hpp:156[m[K,
[49.604s]                  from [01m[K/ws/src/mmwave_ti_ros/ti_mmwave_ros2_pkg/src/mmWaveQuickConfig.cpp:40[m[K:
[49.604s] [01m[K/ws/src/mmwave_ti_ros/ti_mmwave_ros2_pkg/src/mmWaveQuickConfig.cpp:[m[K In function ‘[01m[Kint main(int, char**)[m[K’:
[49.605s] [01m[K/ws/src/mmwave_ti_ros/ti_mmwave_ros2_pkg/src/mmWaveQuickConfig.cpp:145:26:[m[K [01;35m[Kwarning: [m[Kformat ‘[01m[K%s[m[K’ expects argument of type ‘[01m[Kchar*[m[K’, but argument 5 has type ‘[01m[Kti_mmwave_ros2_interfaces::srv::MMWaveCLI_Response_<std::allocator<void> >::_resp_type[m[K’ {aka ‘[01m[Kstd::__cxx11::basic_string<char>[m[K’} [[01;35m[K-Wformat=[m[K]
[49.605s]   145 |                          [01;35m[K"mmWaveQuickConfig: Response: '%s'"[m[K, result->resp);
[49.605s]       |                          [01;35m[K^~~~~~~~~~~~~~~~~~~~~~~~~~~~~~~~~~~[m[K
[49.605s] [01m[K/ws/src/mmwave_ti_ros/ti_mmwave_ros2_pkg/src/mmWaveQuickConfig.cpp:145:58:[m[K [01;36m[Knote: [m[Kformat string is defined here
[49.605s]   145 |                          "mmWaveQuickConfig: Response: '[01;36m[K%s[m[K'", result->resp);
[49.606s]       |                                                         [01;36m[K~^[m[K
[49.606s]       |                                                          [01;36m[K|[m[K
[49.607s]       |                                                          [01;36m[Kchar*[m[K
[57.894s] [ 66%] [32m[1mLinking CXX shared library libmmwave.so[0m
[59.282s] [ 66%] Built target mmwave
[59.314s] [ 75%] [32mBuilding CXX object CMakeFiles/mmWaveQuickConfig.dir/src/mmWaveQuickConfig.cpp.o[0m
[59.315s] [ 83%] [32mBuilding CXX object CMakeFiles/ti_mmwave_ros2_pkg.dir/src/mmWaveLoader.cpp.o[0m
[65.989s] In file included from [01m[K/opt/ros/galactic/install/include/rclcpp/client.hpp:40[m[K,
[65.989s]                  from [01m[K/opt/ros/galactic/install/include/rclcpp/callback_group.hpp:23[m[K,
[65.989s]                  from [01m[K/opt/ros/galactic/install/include/rclcpp/any_executable.hpp:20[m[K,
[65.989s]                  from [01m[K/opt/ros/galactic/install/include/rclcpp/memory_strategy.hpp:25[m[K,
[65.990s]                  from [01m[K/opt/ros/galactic/install/include/rclcpp/memory_strategies.hpp:18[m[K,
[65.990s]                  from [01m[K/opt/ros/galactic/install/include/rclcpp/executor_options.hpp:20[m[K,
[65.990s]                  from [01m[K/opt/ros/galactic/install/include/rclcpp/executor.hpp:36[m[K,
[65.990s]                  from [01m[K/opt/ros/galactic/install/include/rclcpp/executors/multi_threaded_executor.hpp:26[m[K,
[65.991s]                  from [01m[K/opt/ros/galactic/install/include/rclcpp/executors.hpp:21[m[K,
[65.991s]                  from [01m[K/opt/ros/galactic/install/include/rclcpp/rclcpp.hpp:156[m[K,
[65.991s]                  from [01m[K/ws/src/mmwave_ti_ros/ti_mmwave_ros2_pkg/src/mmWaveQuickConfig.cpp:40[m[K:
[65.991s] [01m[K/ws/src/mmwave_ti_ros/ti_mmwave_ros2_pkg/src/mmWaveQuickConfig.cpp:[m[K In function ‘[01m[Kint main(int, char**)[m[K’:
[65.991s] [01m[K/ws/src/mmwave_ti_ros/ti_mmwave_ros2_pkg/src/mmWaveQuickConfig.cpp:145:26:[m[K [01;35m[Kwarning: [m[Kformat ‘[01m[K%s[m[K’ expects argument of type ‘[01m[Kchar*[m[K’, but argument 5 has type ‘[01m[Kti_mmwave_ros2_interfaces::srv::MMWaveCLI_Response_<std::allocator<void> >::_resp_type[m[K’ {aka ‘[01m[Kstd::__cxx11::basic_string<char>[m[K’} [[01;35m[K-Wformat=[m[K]
[65.992s]   145 |                          [01;35m[K"mmWaveQuickConfig: Response: '%s'"[m[K, result->resp);
[65.992s]       |                          [01;35m[K^~~~~~~~~~~~~~~~~~~~~~~~~~~~~~~~~~~[m[K
[65.992s] [01m[K/ws/src/mmwave_ti_ros/ti_mmwave_ros2_pkg/src/mmWaveQuickConfig.cpp:145:58:[m[K [01;36m[Knote: [m[Kformat string is defined here
[65.992s]   145 |                          "mmWaveQuickConfig: Response: '[01;36m[K%s[m[K'", result->resp);
[65.992s]       |                                                         [01;36m[K~^[m[K
[65.993s]       |                                                          [01;36m[K|[m[K
[65.993s]       |                                                          [01;36m[Kchar*[m[K
[74.439s] [ 91%] [32m[1mLinking CXX executable mmWaveQuickConfig[0m
[75.421s] [ 91%] Built target mmWaveQuickConfig
[84.999s] [100%] [32m[1mLinking CXX executable ti_mmwave_ros2_pkg[0m
[85.805s] [100%] Built target ti_mmwave_ros2_pkg
[85.834s] Invoked command in '/ws/build/ti_mmwave_ros2_pkg' returned '0': AMENT_PREFIX_PATH=/ws/install/ti_mmwave_ros2_interfaces:${AMENT_PREFIX_PATH} CMAKE_PREFIX_PATH=/ws/install/ti_mmwave_ros2_interfaces:${CMAKE_PREFIX_PATH} LD_LIBRARY_PATH=/ws/install/ti_mmwave_ros2_interfaces/lib:/ws/src/install/ti_mmwave_ros2_pkg/lib:/ws/src/install/ti_mmwave_ros2_interfaces/lib:/ws/src/install/ti_mmwave_ros2_examples/lib:/ws/src/install/serial/lib:/opt/ros/galactic/install/opt/yaml_cpp_vendor/lib:/opt/ros/galactic/install/opt/rviz_ogre_vendor/lib:/opt/ros/galactic/install/lib:/usr/local/cuda/lib64 PYTHONPATH=/ws/install/ti_mmwave_ros2_interfaces/lib/python3.8/site-packages:${PYTHONPATH} /usr/local/bin/cmake --build /ws/build/ti_mmwave_ros2_pkg -- -j4 -l4
[86.052s] Invoking command in '/ws/build/ti_mmwave_ros2_pkg': AMENT_PREFIX_PATH=/ws/install/ti_mmwave_ros2_interfaces:${AMENT_PREFIX_PATH} CMAKE_PREFIX_PATH=/ws/install/ti_mmwave_ros2_interfaces:${CMAKE_PREFIX_PATH} LD_LIBRARY_PATH=/ws/install/ti_mmwave_ros2_interfaces/lib:/ws/src/install/ti_mmwave_ros2_pkg/lib:/ws/src/install/ti_mmwave_ros2_interfaces/lib:/ws/src/install/ti_mmwave_ros2_examples/lib:/ws/src/install/serial/lib:/opt/ros/galactic/install/opt/yaml_cpp_vendor/lib:/opt/ros/galactic/install/opt/rviz_ogre_vendor/lib:/opt/ros/galactic/install/lib:/usr/local/cuda/lib64 PYTHONPATH=/ws/install/ti_mmwave_ros2_interfaces/lib/python3.8/site-packages:${PYTHONPATH} /usr/local/bin/cmake --install /ws/build/ti_mmwave_ros2_pkg
[86.149s] -- Install configuration: ""
[86.150s] -- Execute custom install script
[86.151s] -- Symlinking: /ws/install/ti_mmwave_ros2_pkg/lib/libmmwave.so
[86.162s] -- Symlinking: /ws/install/ti_mmwave_ros2_pkg/share/ti_mmwave_ros2_pkg/launch/eloquent_composition.launch.py
[86.170s] -- Symlinking: /ws/install/ti_mmwave_ros2_pkg/share/ti_mmwave_ros2_pkg/launch/eloquent_multi0_composition.launch.py
[86.178s] -- Symlinking: /ws/install/ti_mmwave_ros2_pkg/share/ti_mmwave_ros2_pkg/launch/eloquent_multi1_composition.launch.py
[86.186s] -- Symlinking: /ws/install/ti_mmwave_ros2_pkg/share/ti_mmwave_ros2_pkg/launch/eloquent_multi_only_rviz.py
[86.194s] -- Symlinking: /ws/install/ti_mmwave_ros2_pkg/share/ti_mmwave_ros2_pkg/launch/eloquent_only_config.launch.py
[86.203s] -- Symlinking: /ws/install/ti_mmwave_ros2_pkg/share/ti_mmwave_ros2_pkg/rviz/mmwave_3d_view.rviz
[86.211s] -- Symlinking: /ws/install/ti_mmwave_ros2_pkg/share/ti_mmwave_ros2_pkg/rviz/mmwave_3d_view_multi.rviz
[86.226s] -- Symlinking: /ws/install/ti_mmwave_ros2_pkg/share/ti_mmwave_ros2_pkg/cfg/1443_2d.cfg
[86.233s] -- Symlinking: /ws/install/ti_mmwave_ros2_pkg/share/ti_mmwave_ros2_pkg/cfg/1443_3d.cfg
[86.242s] -- Symlinking: /ws/install/ti_mmwave_ros2_pkg/share/ti_mmwave_ros2_pkg/cfg/1642_2d.cfg
[86.251s] -- Symlinking: /ws/install/ti_mmwave_ros2_pkg/share/ti_mmwave_ros2_pkg/cfg/1843_2d.cfg
[86.260s] -- Symlinking: /ws/install/ti_mmwave_ros2_pkg/share/ti_mmwave_ros2_pkg/cfg/1843_3d.cfg
[86.267s] -- Symlinking: /ws/install/ti_mmwave_ros2_pkg/share/ti_mmwave_ros2_pkg/cfg/1843_3d_hw_trig.cfg
[86.276s] -- Symlinking: /ws/install/ti_mmwave_ros2_pkg/share/ti_mmwave_ros2_pkg/cfg/6843AOP_2d.cfg
[86.285s] -- Symlinking: /ws/install/ti_mmwave_ros2_pkg/share/ti_mmwave_ros2_pkg/cfg/6843AOP_3d.cfg
[86.293s] -- Symlinking: /ws/install/ti_mmwave_ros2_pkg/share/ti_mmwave_ros2_pkg/cfg/6843ISK_3d.cfg
[86.301s] -- Symlinking: /ws/install/ti_mmwave_ros2_pkg/share/ti_mmwave_ros2_pkg/cfg/6843ISK_3d_editted.cfg
[86.310s] -- Symlinking: /ws/install/ti_mmwave_ros2_pkg/share/ti_mmwave_ros2_pkg/cfg/6843_2d.cfg
[86.320s] -- Symlinking: /ws/install/ti_mmwave_ros2_pkg/share/ti_mmwave_ros2_pkg/cfg/6843_3d.cfg
[86.330s] -- Symlinking: /ws/install/ti_mmwave_ros2_pkg/share/ti_mmwave_ros2_pkg/cfg/logitech_1080.ini
[86.340s] -- Symlinking: /ws/install/ti_mmwave_ros2_pkg/share/ti_mmwave_ros2_pkg/cfg/logitech_1080.yaml
[86.349s] -- Symlinking: /ws/install/ti_mmwave_ros2_pkg/lib/ti_mmwave_ros2_pkg/ti_mmwave_ros2_pkg
[86.357s] -- Symlinking: /ws/install/ti_mmwave_ros2_pkg/lib/ti_mmwave_ros2_pkg/mmWaveQuickConfig
[86.364s] -- Symlinking: /ws/install/ti_mmwave_ros2_pkg/lib/ti_mmwave_ros2_pkg/mmwave_comm_srv_node
[86.374s] -- Symlinking: /ws/install/ti_mmwave_ros2_pkg/share/ament_index/resource_index/package_run_dependencies/ti_mmwave_ros2_pkg
[86.383s] -- Symlinking: /ws/install/ti_mmwave_ros2_pkg/share/ament_index/resource_index/parent_prefix_path/ti_mmwave_ros2_pkg
[86.391s] -- Symlinking: /ws/install/ti_mmwave_ros2_pkg/share/ti_mmwave_ros2_pkg/environment/ament_prefix_path.sh
[86.400s] -- Symlinking: /ws/install/ti_mmwave_ros2_pkg/share/ti_mmwave_ros2_pkg/environment/ament_prefix_path.dsv
[86.409s] -- Symlinking: /ws/install/ti_mmwave_ros2_pkg/share/ti_mmwave_ros2_pkg/environment/path.sh
[86.418s] -- Symlinking: /ws/install/ti_mmwave_ros2_pkg/share/ti_mmwave_ros2_pkg/environment/path.dsv
[86.429s] -- Symlinking: /ws/install/ti_mmwave_ros2_pkg/share/ti_mmwave_ros2_pkg/local_setup.bash
[86.439s] -- Symlinking: /ws/install/ti_mmwave_ros2_pkg/share/ti_mmwave_ros2_pkg/local_setup.sh
[86.448s] -- Symlinking: /ws/install/ti_mmwave_ros2_pkg/share/ti_mmwave_ros2_pkg/local_setup.zsh
[86.456s] -- Symlinking: /ws/install/ti_mmwave_ros2_pkg/share/ti_mmwave_ros2_pkg/local_setup.dsv
[86.464s] -- Symlinking: /ws/install/ti_mmwave_ros2_pkg/share/ti_mmwave_ros2_pkg/package.dsv
[86.473s] -- Symlinking: /ws/install/ti_mmwave_ros2_pkg/share/ament_index/resource_index/packages/ti_mmwave_ros2_pkg
[86.481s] -- Symlinking: /ws/install/ti_mmwave_ros2_pkg/share/ament_index/resource_index/rclcpp_components/ti_mmwave_ros2_pkg
[86.490s] -- Symlinking: /ws/install/ti_mmwave_ros2_pkg/share/ti_mmwave_ros2_pkg/cmake/ti_mmwave_ros2_pkgConfig.cmake
[86.498s] -- Symlinking: /ws/install/ti_mmwave_ros2_pkg/share/ti_mmwave_ros2_pkg/cmake/ti_mmwave_ros2_pkgConfig-version.cmake
[86.507s] -- Symlinking: /ws/install/ti_mmwave_ros2_pkg/share/ti_mmwave_ros2_pkg/package.xml
[86.537s] Invoked command in '/ws/build/ti_mmwave_ros2_pkg' returned '0': AMENT_PREFIX_PATH=/ws/install/ti_mmwave_ros2_interfaces:${AMENT_PREFIX_PATH} CMAKE_PREFIX_PATH=/ws/install/ti_mmwave_ros2_interfaces:${CMAKE_PREFIX_PATH} LD_LIBRARY_PATH=/ws/install/ti_mmwave_ros2_interfaces/lib:/ws/src/install/ti_mmwave_ros2_pkg/lib:/ws/src/install/ti_mmwave_ros2_interfaces/lib:/ws/src/install/ti_mmwave_ros2_examples/lib:/ws/src/install/serial/lib:/opt/ros/galactic/install/opt/yaml_cpp_vendor/lib:/opt/ros/galactic/install/opt/rviz_ogre_vendor/lib:/opt/ros/galactic/install/lib:/usr/local/cuda/lib64 PYTHONPATH=/ws/install/ti_mmwave_ros2_interfaces/lib/python3.8/site-packages:${PYTHONPATH} /usr/local/bin/cmake --install /ws/build/ti_mmwave_ros2_pkg
