-- Found ament_cmake: 1.1.6 (/opt/ros/galactic/install/share/ament_cmake/cmake)
[33mCMake Warning (dev) at /opt/ros/galactic/install/share/ament_cmake_core/cmake/core/python.cmake:22 (find_package):
  Policy CMP0148 is not set: The FindPythonInterp and FindPythonLibs modules
  are removed.  Run "cmake --help-policy CMP0148" for policy details.  Use
  the cmake_policy command to set the policy and suppress this warning.

Call Stack (most recent call first):
  /opt/ros/galactic/install/share/ament_cmake_core/cmake/core/all.cmake:53 (include)
  /opt/ros/galactic/install/share/ament_cmake_core/cmake/ament_cmake_core-extras.cmake:17 (include)
  /opt/ros/galactic/install/share/ament_cmake_core/cmake/ament_cmake_coreConfig.cmake:41 (include)
  /opt/ros/galactic/install/share/ament_cmake/cmake/ament_cmake_export_dependencies-extras.cmake:15 (find_package)
  /opt/ros/galactic/install/share/ament_cmake/cmake/ament_cmakeConfig.cmake:41 (include)
  CMakeLists.txt:6 (find_package)
This warning is for project developers.  Use -Wno-dev to suppress it.
[0m
-- Using PYTHON_EXECUTABLE: /usr/bin/python3
-- Override CMake install command with custom implementation using symlinks instead of copying resources
-- Configuring done (0.4s)
-- Generating done (0.0s)
-- Build files have been written to: /ws/src/build/serial
[100%] Built target serial
-- Install configuration: ""
-- Execute custom install script
-- Up-to-date symlink: /ws/src/install/serial/share/serial/environment/library_path.sh
-- Up-to-date symlink: /ws/src/install/serial/share/serial/environment/library_path.dsv
-- Up-to-date symlink: /ws/src/install/serial/lib/libserial.a
-- Up-to-date symlink: /ws/src/install/serial/include/serial/serial.h
-- Up-to-date symlink: /ws/src/install/serial/include/serial/v8stdint.h
-- Up-to-date symlink: /ws/src/install/serial/share/ament_index/resource_index/package_run_dependencies/serial
-- Up-to-date symlink: /ws/src/install/serial/share/ament_index/resource_index/parent_prefix_path/serial
-- Up-to-date symlink: /ws/src/install/serial/share/serial/environment/ament_prefix_path.sh
-- Up-to-date symlink: /ws/src/install/serial/share/serial/environment/ament_prefix_path.dsv
-- Up-to-date symlink: /ws/src/install/serial/share/serial/environment/path.sh
-- Up-to-date symlink: /ws/src/install/serial/share/serial/environment/path.dsv
-- Up-to-date symlink: /ws/src/install/serial/share/serial/local_setup.bash
-- Up-to-date symlink: /ws/src/install/serial/share/serial/local_setup.sh
-- Up-to-date symlink: /ws/src/install/serial/share/serial/local_setup.zsh
-- Up-to-date symlink: /ws/src/install/serial/share/serial/local_setup.dsv
-- Symlinking: /ws/src/install/serial/share/serial/package.dsv
-- Up-to-date symlink: /ws/src/install/serial/share/ament_index/resource_index/packages/serial
-- Up-to-date symlink: /ws/src/install/serial/share/serial/cmake/ament_cmake_export_include_directories-extras.cmake
-- Up-to-date symlink: /ws/src/install/serial/share/serial/cmake/ament_cmake_export_libraries-extras.cmake
-- Up-to-date symlink: /ws/src/install/serial/share/serial/cmake/serialConfig.cmake
-- Up-to-date symlink: /ws/src/install/serial/share/serial/cmake/serialConfig-version.cmake
-- Up-to-date symlink: /ws/src/install/serial/share/serial/package.xml
