[0.053s] Invoking command in '/ws/src/build/ti_mmwave_ros2_pkg': CMAKE_PREFIX_PATH=/ws/src/install/ti_mmwave_ros2_interfaces:/ws/src/install/ti_mmwave_ros2_pkg:/ws/src/install/ti_mmwave_ros2_examples:/ws/src/install/serial:/opt/ros/galactic/install LD_LIBRARY_PATH=/ws/src/install/ti_mmwave_ros2_interfaces/lib:/ws/src/install/ti_mmwave_ros2_pkg/lib:/ws/src/install/ti_mmwave_ros2_examples/lib:/ws/src/install/serial/lib:/opt/ros/galactic/install/opt/yaml_cpp_vendor/lib:/opt/ros/galactic/install/opt/rviz_ogre_vendor/lib:/opt/ros/galactic/install/lib:/usr/local/cuda/lib64 /usr/local/bin/cmake --build /ws/src/build/ti_mmwave_ros2_pkg -- -j6 -l6
[0.196s] [ 16%] Built target mmwave_comm_srv_node
[0.247s] [ 66%] Built target mmwave
[0.285s] [ 83%] Built target mmWaveQuickConfig
[0.312s] [100%] Built target ti_mmwave_ros2_pkg
[0.338s] Invoked command in '/ws/src/build/ti_mmwave_ros2_pkg' returned '0': CMAKE_PREFIX_PATH=/ws/src/install/ti_mmwave_ros2_interfaces:/ws/src/install/ti_mmwave_ros2_pkg:/ws/src/install/ti_mmwave_ros2_examples:/ws/src/install/serial:/opt/ros/galactic/install LD_LIBRARY_PATH=/ws/src/install/ti_mmwave_ros2_interfaces/lib:/ws/src/install/ti_mmwave_ros2_pkg/lib:/ws/src/install/ti_mmwave_ros2_examples/lib:/ws/src/install/serial/lib:/opt/ros/galactic/install/opt/yaml_cpp_vendor/lib:/opt/ros/galactic/install/opt/rviz_ogre_vendor/lib:/opt/ros/galactic/install/lib:/usr/local/cuda/lib64 /usr/local/bin/cmake --build /ws/src/build/ti_mmwave_ros2_pkg -- -j6 -l6
[0.494s] Invoking command in '/ws/src/build/ti_mmwave_ros2_pkg': CMAKE_PREFIX_PATH=/ws/src/install/ti_mmwave_ros2_interfaces:/ws/src/install/ti_mmwave_ros2_pkg:/ws/src/install/ti_mmwave_ros2_examples:/ws/src/install/serial:/opt/ros/galactic/install LD_LIBRARY_PATH=/ws/src/install/ti_mmwave_ros2_interfaces/lib:/ws/src/install/ti_mmwave_ros2_pkg/lib:/ws/src/install/ti_mmwave_ros2_examples/lib:/ws/src/install/serial/lib:/opt/ros/galactic/install/opt/yaml_cpp_vendor/lib:/opt/ros/galactic/install/opt/rviz_ogre_vendor/lib:/opt/ros/galactic/install/lib:/usr/local/cuda/lib64 /usr/local/bin/cmake --install /ws/src/build/ti_mmwave_ros2_pkg
[0.568s] -- Install configuration: ""
[0.568s] -- Execute custom install script
[0.569s] -- Up-to-date symlink: /ws/src/install/ti_mmwave_ros2_pkg/lib/libmmwave.so
[0.570s] -- Up-to-date symlink: /ws/src/install/ti_mmwave_ros2_pkg/share/ti_mmwave_ros2_pkg/launch/eloquent_composition.launch.py
[0.570s] -- Up-to-date symlink: /ws/src/install/ti_mmwave_ros2_pkg/share/ti_mmwave_ros2_pkg/launch/eloquent_multi0_composition.launch.py
[0.570s] -- Up-to-date symlink: /ws/src/install/ti_mmwave_ros2_pkg/share/ti_mmwave_ros2_pkg/launch/eloquent_multi1_composition.launch.py
[0.571s] -- Up-to-date symlink: /ws/src/install/ti_mmwave_ros2_pkg/share/ti_mmwave_ros2_pkg/launch/eloquent_multi_only_rviz.py
[0.571s] -- Up-to-date symlink: /ws/src/install/ti_mmwave_ros2_pkg/share/ti_mmwave_ros2_pkg/launch/eloquent_only_config.launch.py
[0.572s] -- Up-to-date symlink: /ws/src/install/ti_mmwave_ros2_pkg/share/ti_mmwave_ros2_pkg/rviz/mmwave_3d_view.rviz
[0.573s] -- Up-to-date symlink: /ws/src/install/ti_mmwave_ros2_pkg/share/ti_mmwave_ros2_pkg/rviz/mmwave_3d_view_multi.rviz
[0.573s] -- Up-to-date symlink: /ws/src/install/ti_mmwave_ros2_pkg/share/ti_mmwave_ros2_pkg/cfg/1443_2d.cfg
[0.573s] -- Up-to-date symlink: /ws/src/install/ti_mmwave_ros2_pkg/share/ti_mmwave_ros2_pkg/cfg/1443_3d.cfg
[0.574s] -- Up-to-date symlink: /ws/src/install/ti_mmwave_ros2_pkg/share/ti_mmwave_ros2_pkg/cfg/1642_2d.cfg
[0.574s] -- Up-to-date symlink: /ws/src/install/ti_mmwave_ros2_pkg/share/ti_mmwave_ros2_pkg/cfg/1843_2d.cfg
[0.574s] -- Up-to-date symlink: /ws/src/install/ti_mmwave_ros2_pkg/share/ti_mmwave_ros2_pkg/cfg/1843_3d.cfg
[0.574s] -- Up-to-date symlink: /ws/src/install/ti_mmwave_ros2_pkg/share/ti_mmwave_ros2_pkg/cfg/1843_3d_hw_trig.cfg
[0.575s] -- Up-to-date symlink: /ws/src/install/ti_mmwave_ros2_pkg/share/ti_mmwave_ros2_pkg/cfg/6843AOP_2d.cfg
[0.575s] -- Up-to-date symlink: /ws/src/install/ti_mmwave_ros2_pkg/share/ti_mmwave_ros2_pkg/cfg/6843AOP_3d.cfg
[0.575s] -- Up-to-date symlink: /ws/src/install/ti_mmwave_ros2_pkg/share/ti_mmwave_ros2_pkg/cfg/6843ISK_3d.cfg
[0.576s] -- Up-to-date symlink: /ws/src/install/ti_mmwave_ros2_pkg/share/ti_mmwave_ros2_pkg/cfg/6843ISK_3d_editted.cfg
[0.576s] -- Up-to-date symlink: /ws/src/install/ti_mmwave_ros2_pkg/share/ti_mmwave_ros2_pkg/cfg/6843_2d.cfg
[0.576s] -- Up-to-date symlink: /ws/src/install/ti_mmwave_ros2_pkg/share/ti_mmwave_ros2_pkg/cfg/6843_3d.cfg
[0.576s] -- Up-to-date symlink: /ws/src/install/ti_mmwave_ros2_pkg/share/ti_mmwave_ros2_pkg/cfg/logitech_1080.ini
[0.577s] -- Up-to-date symlink: /ws/src/install/ti_mmwave_ros2_pkg/share/ti_mmwave_ros2_pkg/cfg/logitech_1080.yaml
[0.577s] -- Up-to-date symlink: /ws/src/install/ti_mmwave_ros2_pkg/lib/ti_mmwave_ros2_pkg/ti_mmwave_ros2_pkg
[0.578s] -- Up-to-date symlink: /ws/src/install/ti_mmwave_ros2_pkg/lib/ti_mmwave_ros2_pkg/mmWaveQuickConfig
[0.578s] -- Up-to-date symlink: /ws/src/install/ti_mmwave_ros2_pkg/lib/ti_mmwave_ros2_pkg/mmwave_comm_srv_node
[0.578s] -- Up-to-date symlink: /ws/src/install/ti_mmwave_ros2_pkg/share/ament_index/resource_index/package_run_dependencies/ti_mmwave_ros2_pkg
[0.579s] -- Up-to-date symlink: /ws/src/install/ti_mmwave_ros2_pkg/share/ament_index/resource_index/parent_prefix_path/ti_mmwave_ros2_pkg
[0.579s] -- Up-to-date symlink: /ws/src/install/ti_mmwave_ros2_pkg/share/ti_mmwave_ros2_pkg/environment/ament_prefix_path.sh
[0.580s] -- Up-to-date symlink: /ws/src/install/ti_mmwave_ros2_pkg/share/ti_mmwave_ros2_pkg/environment/ament_prefix_path.dsv
[0.581s] -- Up-to-date symlink: /ws/src/install/ti_mmwave_ros2_pkg/share/ti_mmwave_ros2_pkg/environment/path.sh
[0.582s] -- Up-to-date symlink: /ws/src/install/ti_mmwave_ros2_pkg/share/ti_mmwave_ros2_pkg/environment/path.dsv
[0.582s] -- Up-to-date symlink: /ws/src/install/ti_mmwave_ros2_pkg/share/ti_mmwave_ros2_pkg/local_setup.bash
[0.582s] -- Up-to-date symlink: /ws/src/install/ti_mmwave_ros2_pkg/share/ti_mmwave_ros2_pkg/local_setup.sh
[0.582s] -- Up-to-date symlink: /ws/src/install/ti_mmwave_ros2_pkg/share/ti_mmwave_ros2_pkg/local_setup.zsh
[0.583s] -- Up-to-date symlink: /ws/src/install/ti_mmwave_ros2_pkg/share/ti_mmwave_ros2_pkg/local_setup.dsv
[0.583s] -- Symlinking: /ws/src/install/ti_mmwave_ros2_pkg/share/ti_mmwave_ros2_pkg/package.dsv
[0.591s] -- Up-to-date symlink: /ws/src/install/ti_mmwave_ros2_pkg/share/ament_index/resource_index/packages/ti_mmwave_ros2_pkg
[0.591s] -- Up-to-date symlink: /ws/src/install/ti_mmwave_ros2_pkg/share/ament_index/resource_index/rclcpp_components/ti_mmwave_ros2_pkg
[0.591s] -- Up-to-date symlink: /ws/src/install/ti_mmwave_ros2_pkg/share/ti_mmwave_ros2_pkg/cmake/ti_mmwave_ros2_pkgConfig.cmake
[0.592s] -- Up-to-date symlink: /ws/src/install/ti_mmwave_ros2_pkg/share/ti_mmwave_ros2_pkg/cmake/ti_mmwave_ros2_pkgConfig-version.cmake
[0.592s] -- Up-to-date symlink: /ws/src/install/ti_mmwave_ros2_pkg/share/ti_mmwave_ros2_pkg/package.xml
[0.617s] Invoked command in '/ws/src/build/ti_mmwave_ros2_pkg' returned '0': CMAKE_PREFIX_PATH=/ws/src/install/ti_mmwave_ros2_interfaces:/ws/src/install/ti_mmwave_ros2_pkg:/ws/src/install/ti_mmwave_ros2_examples:/ws/src/install/serial:/opt/ros/galactic/install LD_LIBRARY_PATH=/ws/src/install/ti_mmwave_ros2_interfaces/lib:/ws/src/install/ti_mmwave_ros2_pkg/lib:/ws/src/install/ti_mmwave_ros2_examples/lib:/ws/src/install/serial/lib:/opt/ros/galactic/install/opt/yaml_cpp_vendor/lib:/opt/ros/galactic/install/opt/rviz_ogre_vendor/lib:/opt/ros/galactic/install/lib:/usr/local/cuda/lib64 /usr/local/bin/cmake --install /ws/src/build/ti_mmwave_ros2_pkg
